[36mInstall the project...[0m
-- Install configuration: "Release"
-- Installing: /opt/ros/kinetic/_setup_util.py
-- Installing: /opt/ros/kinetic/env.sh
-- Installing: /opt/ros/kinetic/setup.bash
-- Installing: /opt/ros/kinetic/setup.sh
-- Installing: /opt/ros/kinetic/setup.zsh
-- Installing: /opt/ros/kinetic/.rosinstall
+ cd /Users/jaymingwong/Documents/code/ros-install-osx/kinetic_desktop_full_ws/src/bond_core/bondpy
+ mkdir -p /opt/ros/kinetic/lib/python2.7/site-packages
+ /usr/bin/env PYTHONPATH=/opt/ros/kinetic/lib/python2.7/site-packages:/Users/jaymingwong/Documents/code/ros-install-osx/kinetic_desktop_full_ws/build/bondpy/lib/python2.7/site-packages:/opt/ros/kinetic/lib/python2.7/site-packages:/usr/local/lib/python2.7/site-packages/:/Users/jaymingwong/Documents/code/drake/build/lib/python2.7/site-packages/:/Users/jaymingwong/Documents/code/drake/build/lib/python2.7/dist-packages/:/Users/jaymingwong/Documents/code/wizard/externals/devina/devina/include/devina/lcm CATKIN_BINARY_DIR=/Users/jaymingwong/Documents/code/ros-install-osx/kinetic_desktop_full_ws/build/bondpy /usr/local/bin/python2 /Users/jaymingwong/Documents/code/ros-install-osx/kinetic_desktop_full_ws/src/bond_core/bondpy/setup.py build --build-base /Users/jaymingwong/Documents/code/ros-install-osx/kinetic_desktop_full_ws/build/bondpy install --prefix=/opt/ros/kinetic --install-scripts=/opt/ros/kinetic/bin
running build
running build_py
creating /Users/jaymingwong/Documents/code/ros-install-osx/kinetic_desktop_full_ws/build/bondpy/lib
creating /Users/jaymingwong/Documents/code/ros-install-osx/kinetic_desktop_full_ws/build/bondpy/lib/bondpy
copying python/bondpy/__init__.py -> /Users/jaymingwong/Documents/code/ros-install-osx/kinetic_desktop_full_ws/build/bondpy/lib/bondpy
copying python/bondpy/bondpy.py -> /Users/jaymingwong/Documents/code/ros-install-osx/kinetic_desktop_full_ws/build/bondpy/lib/bondpy
copying python/bondpy/BondSM_sm.py -> /Users/jaymingwong/Documents/code/ros-install-osx/kinetic_desktop_full_ws/build/bondpy/lib/bondpy
running install
running install_lib
creating /opt/ros/kinetic/lib/python2.7/site-packages/bondpy
copying /Users/jaymingwong/Documents/code/ros-install-osx/kinetic_desktop_full_ws/build/bondpy/lib/bondpy/__init__.py -> /opt/ros/kinetic/lib/python2.7/site-packages/bondpy
copying /Users/jaymingwong/Documents/code/ros-install-osx/kinetic_desktop_full_ws/build/bondpy/lib/bondpy/bondpy.py -> /opt/ros/kinetic/lib/python2.7/site-packages/bondpy
copying /Users/jaymingwong/Documents/code/ros-install-osx/kinetic_desktop_full_ws/build/bondpy/lib/bondpy/BondSM_sm.py -> /opt/ros/kinetic/lib/python2.7/site-packages/bondpy
byte-compiling /opt/ros/kinetic/lib/python2.7/site-packages/bondpy/__init__.py to __init__.pyc
byte-compiling /opt/ros/kinetic/lib/python2.7/site-packages/bondpy/bondpy.py to bondpy.pyc
byte-compiling /opt/ros/kinetic/lib/python2.7/site-packages/bondpy/BondSM_sm.py to BondSM_sm.pyc
running install_egg_info
Writing /opt/ros/kinetic/lib/python2.7/site-packages/bondpy-1.8.2-py2.7.egg-info
-- Installing: /opt/ros/kinetic/lib/pkgconfig/bondpy.pc
-- Installing: /opt/ros/kinetic/share/bondpy/cmake/bondpyConfig.cmake
-- Installing: /opt/ros/kinetic/share/bondpy/cmake/bondpyConfig-version.cmake
-- Installing: /opt/ros/kinetic/share/bondpy/package.xml
