[ 60%] Built target roslz4
[100%] Built target roslz4_py
[36mInstall the project...[0m
-- Install configuration: "Release"
-- Installing: /opt/ros/kinetic/_setup_util.py
-- Installing: /opt/ros/kinetic/env.sh
-- Installing: /opt/ros/kinetic/setup.bash
-- Installing: /opt/ros/kinetic/setup.sh
-- Installing: /opt/ros/kinetic/setup.zsh
-- Installing: /opt/ros/kinetic/.rosinstall
+ cd /Users/jaymingwong/Documents/code/ros-install-osx/kinetic_desktop_full_ws/src/ros_comm/roslz4
+ mkdir -p /opt/ros/kinetic/lib/python2.7/site-packages
+ /usr/bin/env PYTHONPATH=/opt/ros/kinetic/lib/python2.7/site-packages:/Users/jaymingwong/Documents/code/ros-install-osx/kinetic_desktop_full_ws/build/roslz4/lib/python2.7/site-packages:/opt/ros/kinetic/lib/python2.7/site-packages:/usr/local/lib/python2.7/site-packages/:/Users/jaymingwong/Documents/code/drake/build/lib/python2.7/site-packages/:/Users/jaymingwong/Documents/code/drake/build/lib/python2.7/dist-packages/:/Users/jaymingwong/Documents/code/wizard/externals/devina/devina/include/devina/lcm CATKIN_BINARY_DIR=/Users/jaymingwong/Documents/code/ros-install-osx/kinetic_desktop_full_ws/build/roslz4 /usr/local/bin/python2 /Users/jaymingwong/Documents/code/ros-install-osx/kinetic_desktop_full_ws/src/ros_comm/roslz4/setup.py build --build-base /Users/jaymingwong/Documents/code/ros-install-osx/kinetic_desktop_full_ws/build/roslz4 install --prefix=/opt/ros/kinetic --install-scripts=/opt/ros/kinetic/bin
running build
running build_py
running install
running install_lib
running install_egg_info
Removing /opt/ros/kinetic/lib/python2.7/site-packages/roslz4-1.12.14-py2.7.egg-info
Writing /opt/ros/kinetic/lib/python2.7/site-packages/roslz4-1.12.14-py2.7.egg-info
-- Up-to-date: /opt/ros/kinetic/lib/pkgconfig/roslz4.pc
-- Up-to-date: /opt/ros/kinetic/share/roslz4/cmake/roslz4Config.cmake
-- Up-to-date: /opt/ros/kinetic/share/roslz4/cmake/roslz4Config-version.cmake
-- Up-to-date: /opt/ros/kinetic/share/roslz4/package.xml
-- Up-to-date: /opt/ros/kinetic/lib/libroslz4.dylib
error: /Applications/Xcode.app/Contents/Developer/Toolchains/XcodeDefault.xctoolchain/usr/bin/install_name_tool: for: /opt/ros/kinetic/lib/libroslz4.dylib (for architecture x86_64) option "-add_rpath /opt/ros/kinetic/lib" would duplicate path, file already has LC_RPATH for: /opt/ros/kinetic/lib
-- Up-to-date: /opt/ros/kinetic/lib/python2.7/site-packages/roslz4/_roslz4.so
error: /Applications/Xcode.app/Contents/Developer/Toolchains/XcodeDefault.xctoolchain/usr/bin/install_name_tool: for: /opt/ros/kinetic/lib/python2.7/site-packages/roslz4/_roslz4.so (for architecture x86_64) option "-add_rpath /opt/ros/kinetic/lib" would duplicate path, file already has LC_RPATH for: /opt/ros/kinetic/lib
-- Up-to-date: /opt/ros/kinetic/include/roslz4
-- Up-to-date: /opt/ros/kinetic/include/roslz4/lz4s.h
