[36mInstall the project...[0m
-- Install configuration: "Release"
-- Installing: /opt/ros/kinetic/_setup_util.py
-- Installing: /opt/ros/kinetic/env.sh
-- Installing: /opt/ros/kinetic/setup.bash
-- Installing: /opt/ros/kinetic/setup.sh
-- Installing: /opt/ros/kinetic/setup.zsh
-- Installing: /opt/ros/kinetic/.rosinstall
-- Installing: /opt/ros/kinetic/lib/pkgconfig/rqt_gui.pc
-- Installing: /opt/ros/kinetic/share/rqt_gui/cmake/rqt_guiConfig.cmake
-- Installing: /opt/ros/kinetic/share/rqt_gui/cmake/rqt_guiConfig-version.cmake
-- Installing: /opt/ros/kinetic/share/rqt_gui/package.xml
+ cd /Users/jaymingwong/Documents/code/ros-install-osx/kinetic_desktop_full_ws/src/rqt/rqt_gui
+ mkdir -p /opt/ros/kinetic/lib/python2.7/site-packages
+ /usr/bin/env PYTHONPATH=/opt/ros/kinetic/lib/python2.7/site-packages:/Users/jaymingwong/Documents/code/ros-install-osx/kinetic_desktop_full_ws/build/rqt_gui/lib/python2.7/site-packages:/opt/ros/kinetic/lib/python2.7/site-packages:/usr/local/lib/python2.7/site-packages/:/Users/jaymingwong/Documents/code/drake/build/lib/python2.7/site-packages/:/Users/jaymingwong/Documents/code/drake/build/lib/python2.7/dist-packages/:/Users/jaymingwong/Documents/code/wizard/externals/devina/devina/include/devina/lcm CATKIN_BINARY_DIR=/Users/jaymingwong/Documents/code/ros-install-osx/kinetic_desktop_full_ws/build/rqt_gui /usr/local/bin/python2 /Users/jaymingwong/Documents/code/ros-install-osx/kinetic_desktop_full_ws/src/rqt/rqt_gui/setup.py build --build-base /Users/jaymingwong/Documents/code/ros-install-osx/kinetic_desktop_full_ws/build/rqt_gui install --prefix=/opt/ros/kinetic --install-scripts=/opt/ros/kinetic/bin
running build
running build_py
creating /Users/jaymingwong/Documents/code/ros-install-osx/kinetic_desktop_full_ws/build/rqt_gui/lib
creating /Users/jaymingwong/Documents/code/ros-install-osx/kinetic_desktop_full_ws/build/rqt_gui/lib/rqt_gui
copying src/rqt_gui/__init__.py -> /Users/jaymingwong/Documents/code/ros-install-osx/kinetic_desktop_full_ws/build/rqt_gui/lib/rqt_gui
copying src/rqt_gui/main.py -> /Users/jaymingwong/Documents/code/ros-install-osx/kinetic_desktop_full_ws/build/rqt_gui/lib/rqt_gui
copying src/rqt_gui/ros_plugin_provider.py -> /Users/jaymingwong/Documents/code/ros-install-osx/kinetic_desktop_full_ws/build/rqt_gui/lib/rqt_gui
copying src/rqt_gui/rospkg_plugin_provider.py -> /Users/jaymingwong/Documents/code/ros-install-osx/kinetic_desktop_full_ws/build/rqt_gui/lib/rqt_gui
running build_scripts
creating /Users/jaymingwong/Documents/code/ros-install-osx/kinetic_desktop_full_ws/build/rqt_gui/scripts-2.7
copying and adjusting bin/rqt -> /Users/jaymingwong/Documents/code/ros-install-osx/kinetic_desktop_full_ws/build/rqt_gui/scripts-2.7
changing mode of /Users/jaymingwong/Documents/code/ros-install-osx/kinetic_desktop_full_ws/build/rqt_gui/scripts-2.7/rqt from 644 to 755
running install
running install_lib
creating /opt/ros/kinetic/lib/python2.7/site-packages/rqt_gui
copying /Users/jaymingwong/Documents/code/ros-install-osx/kinetic_desktop_full_ws/build/rqt_gui/lib/rqt_gui/__init__.py -> /opt/ros/kinetic/lib/python2.7/site-packages/rqt_gui
copying /Users/jaymingwong/Documents/code/ros-install-osx/kinetic_desktop_full_ws/build/rqt_gui/lib/rqt_gui/main.py -> /opt/ros/kinetic/lib/python2.7/site-packages/rqt_gui
copying /Users/jaymingwong/Documents/code/ros-install-osx/kinetic_desktop_full_ws/build/rqt_gui/lib/rqt_gui/ros_plugin_provider.py -> /opt/ros/kinetic/lib/python2.7/site-packages/rqt_gui
copying /Users/jaymingwong/Documents/code/ros-install-osx/kinetic_desktop_full_ws/build/rqt_gui/lib/rqt_gui/rospkg_plugin_provider.py -> /opt/ros/kinetic/lib/python2.7/site-packages/rqt_gui
byte-compiling /opt/ros/kinetic/lib/python2.7/site-packages/rqt_gui/__init__.py to __init__.pyc
byte-compiling /opt/ros/kinetic/lib/python2.7/site-packages/rqt_gui/main.py to main.pyc
byte-compiling /opt/ros/kinetic/lib/python2.7/site-packages/rqt_gui/ros_plugin_provider.py to ros_plugin_provider.pyc
byte-compiling /opt/ros/kinetic/lib/python2.7/site-packages/rqt_gui/rospkg_plugin_provider.py to rospkg_plugin_provider.pyc
running install_scripts
copying /Users/jaymingwong/Documents/code/ros-install-osx/kinetic_desktop_full_ws/build/rqt_gui/scripts-2.7/rqt -> /opt/ros/kinetic/bin
changing mode of /opt/ros/kinetic/bin/rqt to 755
running install_egg_info
Writing /opt/ros/kinetic/lib/python2.7/site-packages/rqt_gui-0.5.0-py2.7.egg-info
-- Installing: /opt/ros/kinetic/lib/rqt_gui/rqt_gui
-- Installing: /opt/ros/kinetic/share/rqt_gui/resource/rqt.png
