[  0%] Built target roscpp_generate_messages_eus
[  0%] Built target sensor_msgs_generate_messages_eus
[  0%] Built target roscpp_generate_messages_cpp
[  0%] Built target geometry_msgs_generate_messages_py
[  0%] Built target roscpp_generate_messages_lisp
[  0%] Built target geometry_msgs_generate_messages_cpp
[  0%] Built target std_msgs_generate_messages_nodejs
[  0%] Built target sensor_msgs_generate_messages_nodejs
[  0%] Built target sensor_msgs_generate_messages_lisp
[  0%] Built target roscpp_generate_messages_py
[  0%] Built target _polled_camera_generate_messages_check_deps_GetPolledImage
[  0%] Built target sensor_msgs_generate_messages_py
[  0%] Built target std_msgs_generate_messages_py
[  0%] Built target std_msgs_generate_messages_lisp
[  0%] Built target std_msgs_generate_messages_cpp
[  0%] Built target sensor_msgs_generate_messages_cpp
[  0%] Built target std_msgs_generate_messages_eus
[  0%] Built target geometry_msgs_generate_messages_nodejs
[  0%] Built target geometry_msgs_generate_messages_lisp
[  0%] Built target geometry_msgs_generate_messages_eus
[  0%] Built target rosgraph_msgs_generate_messages_cpp
[  0%] Built target rosgraph_msgs_generate_messages_py
[  0%] Built target rosgraph_msgs_generate_messages_nodejs
[  0%] Built target rosgraph_msgs_generate_messages_lisp
[  0%] Built target rosgraph_msgs_generate_messages_eus
[  0%] Built target roscpp_generate_messages_nodejs
[  9%] Built target polled_camera_generate_messages_nodejs
[ 27%] Built target polled_camera_generate_messages_py
[ 36%] Built target polled_camera_generate_messages_lisp
[ 45%] Built target polled_camera_generate_messages_cpp
[ 63%] Built target polled_camera_generate_messages_eus
[ 63%] Built target polled_camera_generate_messages
[ 72%] [32m[1mLinking CXX shared library /Users/jaymingwong/Documents/code/ros-install-osx/kinetic_desktop_full_ws/devel/.private/polled_camera/lib/libpolled_camera.dylib[0m
[ 81%] Built target polled_camera
[ 90%] [32m[1mLinking CXX executable /Users/jaymingwong/Documents/code/ros-install-osx/kinetic_desktop_full_ws/devel/.private/polled_camera/lib/polled_camera/poller[0m
[100%] Built target poller
