[36mInstall the project...[0m
-- Install configuration: "Release"
-- Installing: /opt/ros/kinetic/_setup_util.py
-- Installing: /opt/ros/kinetic/env.sh
-- Installing: /opt/ros/kinetic/setup.bash
-- Installing: /opt/ros/kinetic/setup.sh
-- Installing: /opt/ros/kinetic/setup.zsh
-- Installing: /opt/ros/kinetic/.rosinstall
-- Installing: /opt/ros/kinetic/lib/pkgconfig/rqt_robot_steering.pc
-- Installing: /opt/ros/kinetic/share/rqt_robot_steering/cmake/rqt_robot_steeringConfig.cmake
-- Installing: /opt/ros/kinetic/share/rqt_robot_steering/cmake/rqt_robot_steeringConfig-version.cmake
-- Installing: /opt/ros/kinetic/share/rqt_robot_steering/package.xml
+ cd /Users/jaymingwong/Documents/code/ros-install-osx/kinetic_desktop_full_ws/src/rqt_robot_steering
+ mkdir -p /opt/ros/kinetic/lib/python2.7/site-packages
+ /usr/bin/env PYTHONPATH=/opt/ros/kinetic/lib/python2.7/site-packages:/Users/jaymingwong/Documents/code/ros-install-osx/kinetic_desktop_full_ws/build/rqt_robot_steering/lib/python2.7/site-packages:/opt/ros/kinetic/lib/python2.7/site-packages:/usr/local/lib/python2.7/site-packages/:/Users/jaymingwong/Documents/code/drake/build/lib/python2.7/site-packages/:/Users/jaymingwong/Documents/code/drake/build/lib/python2.7/dist-packages/:/Users/jaymingwong/Documents/code/wizard/externals/devina/devina/include/devina/lcm CATKIN_BINARY_DIR=/Users/jaymingwong/Documents/code/ros-install-osx/kinetic_desktop_full_ws/build/rqt_robot_steering /usr/local/bin/python2 /Users/jaymingwong/Documents/code/ros-install-osx/kinetic_desktop_full_ws/src/rqt_robot_steering/setup.py build --build-base /Users/jaymingwong/Documents/code/ros-install-osx/kinetic_desktop_full_ws/build/rqt_robot_steering install --prefix=/opt/ros/kinetic --install-scripts=/opt/ros/kinetic/bin
running build
running build_py
creating /Users/jaymingwong/Documents/code/ros-install-osx/kinetic_desktop_full_ws/build/rqt_robot_steering/lib
creating /Users/jaymingwong/Documents/code/ros-install-osx/kinetic_desktop_full_ws/build/rqt_robot_steering/lib/rqt_robot_steering
copying src/rqt_robot_steering/__init__.py -> /Users/jaymingwong/Documents/code/ros-install-osx/kinetic_desktop_full_ws/build/rqt_robot_steering/lib/rqt_robot_steering
copying src/rqt_robot_steering/robot_steering.py -> /Users/jaymingwong/Documents/code/ros-install-osx/kinetic_desktop_full_ws/build/rqt_robot_steering/lib/rqt_robot_steering
running install
running install_lib
creating /opt/ros/kinetic/lib/python2.7/site-packages/rqt_robot_steering
copying /Users/jaymingwong/Documents/code/ros-install-osx/kinetic_desktop_full_ws/build/rqt_robot_steering/lib/rqt_robot_steering/__init__.py -> /opt/ros/kinetic/lib/python2.7/site-packages/rqt_robot_steering
copying /Users/jaymingwong/Documents/code/ros-install-osx/kinetic_desktop_full_ws/build/rqt_robot_steering/lib/rqt_robot_steering/robot_steering.py -> /opt/ros/kinetic/lib/python2.7/site-packages/rqt_robot_steering
byte-compiling /opt/ros/kinetic/lib/python2.7/site-packages/rqt_robot_steering/__init__.py to __init__.pyc
byte-compiling /opt/ros/kinetic/lib/python2.7/site-packages/rqt_robot_steering/robot_steering.py to robot_steering.pyc
running install_egg_info
Writing /opt/ros/kinetic/lib/python2.7/site-packages/rqt_robot_steering-0.5.9-py2.7.egg-info
-- Installing: /opt/ros/kinetic/share/rqt_robot_steering/plugin.xml
-- Installing: /opt/ros/kinetic/share/rqt_robot_steering/resource
-- Installing: /opt/ros/kinetic/share/rqt_robot_steering/resource/RobotSteering.ui
-- Installing: /opt/ros/kinetic/lib/rqt_robot_steering/rqt_robot_steering
