[36mInstall the project...[0m
-- Install configuration: "Release"
-- Installing: /opt/ros/kinetic/_setup_util.py
-- Installing: /opt/ros/kinetic/env.sh
-- Installing: /opt/ros/kinetic/setup.bash
-- Installing: /opt/ros/kinetic/setup.sh
-- Installing: /opt/ros/kinetic/setup.zsh
-- Installing: /opt/ros/kinetic/.rosinstall
-- Up-to-date: /opt/ros/kinetic/lib/pkgconfig/camera_calibration.pc
-- Up-to-date: /opt/ros/kinetic/share/camera_calibration/cmake/camera_calibrationConfig.cmake
-- Up-to-date: /opt/ros/kinetic/share/camera_calibration/cmake/camera_calibrationConfig-version.cmake
-- Up-to-date: /opt/ros/kinetic/share/camera_calibration/package.xml
+ cd /Users/jaymingwong/Documents/code/ros-install-osx/kinetic_desktop_full_ws/src/image_pipeline/camera_calibration
+ mkdir -p /opt/ros/kinetic/lib/python2.7/site-packages
+ /usr/bin/env PYTHONPATH=/opt/ros/kinetic/lib/python2.7/site-packages:/Users/jaymingwong/Documents/code/ros-install-osx/kinetic_desktop_full_ws/build/camera_calibration/lib/python2.7/site-packages:/opt/ros/kinetic/lib/python2.7/site-packages:/usr/local/lib/python2.7/site-packages/:/Users/jaymingwong/Documents/code/drake/build/lib/python2.7/site-packages/:/Users/jaymingwong/Documents/code/drake/build/lib/python2.7/dist-packages/:/Users/jaymingwong/Documents/code/wizard/externals/devina/devina/include/devina/lcm CATKIN_BINARY_DIR=/Users/jaymingwong/Documents/code/ros-install-osx/kinetic_desktop_full_ws/build/camera_calibration /usr/local/bin/python2 /Users/jaymingwong/Documents/code/ros-install-osx/kinetic_desktop_full_ws/src/image_pipeline/camera_calibration/setup.py build --build-base /Users/jaymingwong/Documents/code/ros-install-osx/kinetic_desktop_full_ws/build/camera_calibration install --prefix=/opt/ros/kinetic --install-scripts=/opt/ros/kinetic/bin
running build
running build_py
running install
running install_lib
running install_egg_info
Removing /opt/ros/kinetic/lib/python2.7/site-packages/camera_calibration-1.12.23-py2.7.egg-info
Writing /opt/ros/kinetic/lib/python2.7/site-packages/camera_calibration-1.12.23-py2.7.egg-info
-- Up-to-date: /opt/ros/kinetic/lib/camera_calibration/cameracalibrator.py
-- Up-to-date: /opt/ros/kinetic/lib/camera_calibration/cameracheck.py
-- Up-to-date: /opt/ros/kinetic/lib/camera_calibration/tarfile_calibration.py
