[36mInstall the project...[0m
-- Install configuration: "Release"
-- Installing: /opt/ros/kinetic/_setup_util.py
-- Installing: /opt/ros/kinetic/env.sh
-- Installing: /opt/ros/kinetic/setup.bash
-- Installing: /opt/ros/kinetic/setup.sh
-- Installing: /opt/ros/kinetic/setup.zsh
-- Installing: /opt/ros/kinetic/.rosinstall
-- Installing: /opt/ros/kinetic/lib/pkgconfig/rqt_topic.pc
-- Installing: /opt/ros/kinetic/share/rqt_topic/cmake/rqt_topicConfig.cmake
-- Installing: /opt/ros/kinetic/share/rqt_topic/cmake/rqt_topicConfig-version.cmake
-- Installing: /opt/ros/kinetic/share/rqt_topic/package.xml
+ cd /Users/jaymingwong/Documents/code/ros-install-osx/kinetic_desktop_full_ws/src/rqt_topic
+ mkdir -p /opt/ros/kinetic/lib/python2.7/site-packages
+ /usr/bin/env PYTHONPATH=/opt/ros/kinetic/lib/python2.7/site-packages:/Users/jaymingwong/Documents/code/ros-install-osx/kinetic_desktop_full_ws/build/rqt_topic/lib/python2.7/site-packages:/opt/ros/kinetic/lib/python2.7/site-packages:/usr/local/lib/python2.7/site-packages/:/Users/jaymingwong/Documents/code/drake/build/lib/python2.7/site-packages/:/Users/jaymingwong/Documents/code/drake/build/lib/python2.7/dist-packages/:/Users/jaymingwong/Documents/code/wizard/externals/devina/devina/include/devina/lcm CATKIN_BINARY_DIR=/Users/jaymingwong/Documents/code/ros-install-osx/kinetic_desktop_full_ws/build/rqt_topic /usr/local/bin/python2 /Users/jaymingwong/Documents/code/ros-install-osx/kinetic_desktop_full_ws/src/rqt_topic/setup.py build --build-base /Users/jaymingwong/Documents/code/ros-install-osx/kinetic_desktop_full_ws/build/rqt_topic install --prefix=/opt/ros/kinetic --install-scripts=/opt/ros/kinetic/bin
running build
running build_py
creating /Users/jaymingwong/Documents/code/ros-install-osx/kinetic_desktop_full_ws/build/rqt_topic/lib
creating /Users/jaymingwong/Documents/code/ros-install-osx/kinetic_desktop_full_ws/build/rqt_topic/lib/rqt_topic
copying src/rqt_topic/__init__.py -> /Users/jaymingwong/Documents/code/ros-install-osx/kinetic_desktop_full_ws/build/rqt_topic/lib/rqt_topic
copying src/rqt_topic/topic.py -> /Users/jaymingwong/Documents/code/ros-install-osx/kinetic_desktop_full_ws/build/rqt_topic/lib/rqt_topic
copying src/rqt_topic/topic_info.py -> /Users/jaymingwong/Documents/code/ros-install-osx/kinetic_desktop_full_ws/build/rqt_topic/lib/rqt_topic
copying src/rqt_topic/topic_widget.py -> /Users/jaymingwong/Documents/code/ros-install-osx/kinetic_desktop_full_ws/build/rqt_topic/lib/rqt_topic
running install
running install_lib
creating /opt/ros/kinetic/lib/python2.7/site-packages/rqt_topic
copying /Users/jaymingwong/Documents/code/ros-install-osx/kinetic_desktop_full_ws/build/rqt_topic/lib/rqt_topic/__init__.py -> /opt/ros/kinetic/lib/python2.7/site-packages/rqt_topic
copying /Users/jaymingwong/Documents/code/ros-install-osx/kinetic_desktop_full_ws/build/rqt_topic/lib/rqt_topic/topic.py -> /opt/ros/kinetic/lib/python2.7/site-packages/rqt_topic
copying /Users/jaymingwong/Documents/code/ros-install-osx/kinetic_desktop_full_ws/build/rqt_topic/lib/rqt_topic/topic_info.py -> /opt/ros/kinetic/lib/python2.7/site-packages/rqt_topic
copying /Users/jaymingwong/Documents/code/ros-install-osx/kinetic_desktop_full_ws/build/rqt_topic/lib/rqt_topic/topic_widget.py -> /opt/ros/kinetic/lib/python2.7/site-packages/rqt_topic
byte-compiling /opt/ros/kinetic/lib/python2.7/site-packages/rqt_topic/__init__.py to __init__.pyc
byte-compiling /opt/ros/kinetic/lib/python2.7/site-packages/rqt_topic/topic.py to topic.pyc
byte-compiling /opt/ros/kinetic/lib/python2.7/site-packages/rqt_topic/topic_info.py to topic_info.pyc
byte-compiling /opt/ros/kinetic/lib/python2.7/site-packages/rqt_topic/topic_widget.py to topic_widget.pyc
running install_egg_info
Writing /opt/ros/kinetic/lib/python2.7/site-packages/rqt_topic-0.4.10-py2.7.egg-info
-- Installing: /opt/ros/kinetic/share/rqt_topic/plugin.xml
-- Installing: /opt/ros/kinetic/share/rqt_topic/resource
-- Installing: /opt/ros/kinetic/share/rqt_topic/resource/TopicWidget.ui
-- Installing: /opt/ros/kinetic/lib/rqt_topic/rqt_topic
