[  0%] Built target _actionlib_tutorials_generate_messages_check_deps_AveragingActionFeedback
[  0%] Built target _actionlib_tutorials_generate_messages_check_deps_FibonacciFeedback
[  0%] Built target _actionlib_tutorials_generate_messages_check_deps_FibonacciResult
[  0%] Built target _actionlib_tutorials_generate_messages_check_deps_AveragingGoal
[  0%] Built target _actionlib_tutorials_generate_messages_check_deps_AveragingActionResult
[  0%] Built target _actionlib_tutorials_generate_messages_check_deps_AveragingAction
[  0%] Built target _actionlib_tutorials_generate_messages_check_deps_FibonacciActionGoal
[  0%] Built target _actionlib_tutorials_generate_messages_check_deps_AveragingActionGoal
[  0%] Built target _actionlib_tutorials_generate_messages_check_deps_FibonacciGoal
[  0%] Built target _actionlib_tutorials_generate_messages_check_deps_AveragingResult
[  0%] Built target _actionlib_tutorials_generate_messages_check_deps_FibonacciActionResult
[  0%] Built target _actionlib_tutorials_generate_messages_check_deps_FibonacciAction
[  0%] Built target std_msgs_generate_messages_py
[  0%] Built target _actionlib_tutorials_generate_messages_check_deps_FibonacciActionFeedback
[  0%] Built target actionlib_msgs_generate_messages_py
[  0%] Built target std_msgs_generate_messages_nodejs
[  0%] Built target actionlib_msgs_generate_messages_nodejs
[  0%] Built target std_msgs_generate_messages_lisp
[  0%] Built target _actionlib_tutorials_generate_messages_check_deps_AveragingFeedback
[  0%] Built target actionlib_msgs_generate_messages_lisp
[  0%] Built target actionlib_msgs_generate_messages_eus
[  0%] Built target std_msgs_generate_messages_eus
[  0%] Built target rosgraph_msgs_generate_messages_py
[  0%] Built target rosgraph_msgs_generate_messages_nodejs
[  0%] Built target actionlib_generate_messages_py
[  0%] Built target actionlib_msgs_generate_messages_cpp
[  0%] Built target std_msgs_generate_messages_cpp
[  0%] Built target rosgraph_msgs_generate_messages_eus
[  0%] Built target roscpp_generate_messages_py
[  0%] Built target roscpp_generate_messages_nodejs
[  0%] Built target roscpp_generate_messages_lisp
[  0%] Built target actionlib_generate_messages_lisp
[  0%] Built target roscpp_generate_messages_eus
[  0%] Built target roscpp_generate_messages_cpp
[  0%] Built target _catkin_empty_exported_target
[  0%] Built target actionlib_generate_messages_nodejs
[  0%] Built target actionlib_generate_messages_cpp
[  0%] Built target rosgraph_msgs_generate_messages_cpp
[  0%] Built target actionlib_generate_messages_eus
[  0%] Built target rosgraph_msgs_generate_messages_lisp
[ 17%] Built target actionlib_tutorials_generate_messages_py
[ 34%] Built target actionlib_tutorials_generate_messages_nodejs
[ 51%] Built target actionlib_tutorials_generate_messages_lisp
[ 69%] Built target actionlib_tutorials_generate_messages_eus
[ 85%] Built target actionlib_tutorials_generate_messages_cpp
[ 86%] [32m[1mLinking CXX executable /Users/jaymingwong/Documents/code/ros-install-osx/kinetic_desktop_full_ws/devel/.private/actionlib_tutorials/lib/actionlib_tutorials/fibonacci_client[0m
[ 88%] [32m[1mLinking CXX executable /Users/jaymingwong/Documents/code/ros-install-osx/kinetic_desktop_full_ws/devel/.private/actionlib_tutorials/lib/actionlib_tutorials/fibonacci_class_client[0m
[ 90%] Built target fibonacci_client
[ 90%] Built target fibonacci_class_client
[ 92%] [32m[1mLinking CXX executable /Users/jaymingwong/Documents/code/ros-install-osx/kinetic_desktop_full_ws/devel/.private/actionlib_tutorials/lib/actionlib_tutorials/fibonacci_callback_client[0m
[ 92%] [32m[1mLinking CXX executable /Users/jaymingwong/Documents/code/ros-install-osx/kinetic_desktop_full_ws/devel/.private/actionlib_tutorials/lib/actionlib_tutorials/averaging_server[0m
[ 94%] Built target averaging_server
[ 95%] Built target fibonacci_callback_client
[ 95%] Built target actionlib_tutorials_generate_messages
[ 96%] [32m[1mLinking CXX executable /Users/jaymingwong/Documents/code/ros-install-osx/kinetic_desktop_full_ws/devel/.private/actionlib_tutorials/lib/actionlib_tutorials/fibonacci_server[0m
[ 97%] [32m[1mLinking CXX executable /Users/jaymingwong/Documents/code/ros-install-osx/kinetic_desktop_full_ws/devel/.private/actionlib_tutorials/lib/actionlib_tutorials/averaging_client[0m
[ 98%] Built target fibonacci_server
[100%] Built target averaging_client
