Linked: (/Users/jaymingwong/Documents/code/ros-install-osx/kinetic_desktop_full_ws/devel/.private/diagnostic_msgs/include/diagnostic_msgs/AddDiagnostics.h, /Users/jaymingwong/Documents/code/ros-install-osx/kinetic_desktop_full_ws/devel/include/diagnostic_msgs/AddDiagnostics.h)
Linked: (/Users/jaymingwong/Documents/code/ros-install-osx/kinetic_desktop_full_ws/devel/.private/diagnostic_msgs/include/diagnostic_msgs/AddDiagnosticsRequest.h, /Users/jaymingwong/Documents/code/ros-install-osx/kinetic_desktop_full_ws/devel/include/diagnostic_msgs/AddDiagnosticsRequest.h)
Linked: (/Users/jaymingwong/Documents/code/ros-install-osx/kinetic_desktop_full_ws/devel/.private/diagnostic_msgs/include/diagnostic_msgs/AddDiagnosticsResponse.h, /Users/jaymingwong/Documents/code/ros-install-osx/kinetic_desktop_full_ws/devel/include/diagnostic_msgs/AddDiagnosticsResponse.h)
Linked: (/Users/jaymingwong/Documents/code/ros-install-osx/kinetic_desktop_full_ws/devel/.private/diagnostic_msgs/include/diagnostic_msgs/DiagnosticArray.h, /Users/jaymingwong/Documents/code/ros-install-osx/kinetic_desktop_full_ws/devel/include/diagnostic_msgs/DiagnosticArray.h)
Linked: (/Users/jaymingwong/Documents/code/ros-install-osx/kinetic_desktop_full_ws/devel/.private/diagnostic_msgs/include/diagnostic_msgs/DiagnosticStatus.h, /Users/jaymingwong/Documents/code/ros-install-osx/kinetic_desktop_full_ws/devel/include/diagnostic_msgs/DiagnosticStatus.h)
Linked: (/Users/jaymingwong/Documents/code/ros-install-osx/kinetic_desktop_full_ws/devel/.private/diagnostic_msgs/include/diagnostic_msgs/KeyValue.h, /Users/jaymingwong/Documents/code/ros-install-osx/kinetic_desktop_full_ws/devel/include/diagnostic_msgs/KeyValue.h)
Linked: (/Users/jaymingwong/Documents/code/ros-install-osx/kinetic_desktop_full_ws/devel/.private/diagnostic_msgs/include/diagnostic_msgs/SelfTest.h, /Users/jaymingwong/Documents/code/ros-install-osx/kinetic_desktop_full_ws/devel/include/diagnostic_msgs/SelfTest.h)
Linked: (/Users/jaymingwong/Documents/code/ros-install-osx/kinetic_desktop_full_ws/devel/.private/diagnostic_msgs/include/diagnostic_msgs/SelfTestRequest.h, /Users/jaymingwong/Documents/code/ros-install-osx/kinetic_desktop_full_ws/devel/include/diagnostic_msgs/SelfTestRequest.h)
Linked: (/Users/jaymingwong/Documents/code/ros-install-osx/kinetic_desktop_full_ws/devel/.private/diagnostic_msgs/include/diagnostic_msgs/SelfTestResponse.h, /Users/jaymingwong/Documents/code/ros-install-osx/kinetic_desktop_full_ws/devel/include/diagnostic_msgs/SelfTestResponse.h)
Linked: (/Users/jaymingwong/Documents/code/ros-install-osx/kinetic_desktop_full_ws/devel/.private/diagnostic_msgs/lib/pkgconfig/diagnostic_msgs.pc, /Users/jaymingwong/Documents/code/ros-install-osx/kinetic_desktop_full_ws/devel/lib/pkgconfig/diagnostic_msgs.pc)
Linked: (/Users/jaymingwong/Documents/code/ros-install-osx/kinetic_desktop_full_ws/devel/.private/diagnostic_msgs/lib/python2.7/site-packages/diagnostic_msgs/__init__.py, /Users/jaymingwong/Documents/code/ros-install-osx/kinetic_desktop_full_ws/devel/lib/python2.7/site-packages/diagnostic_msgs/__init__.py)
Symlinking /Users/jaymingwong/Documents/code/ros-install-osx/kinetic_desktop_full_ws/devel/lib/python2.7/site-packages/diagnostic_msgs/__init__.pyc
Linked: (/Users/jaymingwong/Documents/code/ros-install-osx/kinetic_desktop_full_ws/devel/.private/diagnostic_msgs/lib/python2.7/site-packages/diagnostic_msgs/msg/__init__.py, /Users/jaymingwong/Documents/code/ros-install-osx/kinetic_desktop_full_ws/devel/lib/python2.7/site-packages/diagnostic_msgs/msg/__init__.py)
Symlinking /Users/jaymingwong/Documents/code/ros-install-osx/kinetic_desktop_full_ws/devel/lib/python2.7/site-packages/diagnostic_msgs/msg/__init__.pyc
Linked: (/Users/jaymingwong/Documents/code/ros-install-osx/kinetic_desktop_full_ws/devel/.private/diagnostic_msgs/lib/python2.7/site-packages/diagnostic_msgs/msg/_DiagnosticArray.py, /Users/jaymingwong/Documents/code/ros-install-osx/kinetic_desktop_full_ws/devel/lib/python2.7/site-packages/diagnostic_msgs/msg/_DiagnosticArray.py)
Symlinking /Users/jaymingwong/Documents/code/ros-install-osx/kinetic_desktop_full_ws/devel/lib/python2.7/site-packages/diagnostic_msgs/msg/_DiagnosticArray.pyc
Linked: (/Users/jaymingwong/Documents/code/ros-install-osx/kinetic_desktop_full_ws/devel/.private/diagnostic_msgs/lib/python2.7/site-packages/diagnostic_msgs/msg/_DiagnosticStatus.py, /Users/jaymingwong/Documents/code/ros-install-osx/kinetic_desktop_full_ws/devel/lib/python2.7/site-packages/diagnostic_msgs/msg/_DiagnosticStatus.py)
Symlinking /Users/jaymingwong/Documents/code/ros-install-osx/kinetic_desktop_full_ws/devel/lib/python2.7/site-packages/diagnostic_msgs/msg/_DiagnosticStatus.pyc
Linked: (/Users/jaymingwong/Documents/code/ros-install-osx/kinetic_desktop_full_ws/devel/.private/diagnostic_msgs/lib/python2.7/site-packages/diagnostic_msgs/msg/_KeyValue.py, /Users/jaymingwong/Documents/code/ros-install-osx/kinetic_desktop_full_ws/devel/lib/python2.7/site-packages/diagnostic_msgs/msg/_KeyValue.py)
Symlinking /Users/jaymingwong/Documents/code/ros-install-osx/kinetic_desktop_full_ws/devel/lib/python2.7/site-packages/diagnostic_msgs/msg/_KeyValue.pyc
Linked: (/Users/jaymingwong/Documents/code/ros-install-osx/kinetic_desktop_full_ws/devel/.private/diagnostic_msgs/lib/python2.7/site-packages/diagnostic_msgs/srv/__init__.py, /Users/jaymingwong/Documents/code/ros-install-osx/kinetic_desktop_full_ws/devel/lib/python2.7/site-packages/diagnostic_msgs/srv/__init__.py)
Symlinking /Users/jaymingwong/Documents/code/ros-install-osx/kinetic_desktop_full_ws/devel/lib/python2.7/site-packages/diagnostic_msgs/srv/__init__.pyc
Linked: (/Users/jaymingwong/Documents/code/ros-install-osx/kinetic_desktop_full_ws/devel/.private/diagnostic_msgs/lib/python2.7/site-packages/diagnostic_msgs/srv/_AddDiagnostics.py, /Users/jaymingwong/Documents/code/ros-install-osx/kinetic_desktop_full_ws/devel/lib/python2.7/site-packages/diagnostic_msgs/srv/_AddDiagnostics.py)
Symlinking /Users/jaymingwong/Documents/code/ros-install-osx/kinetic_desktop_full_ws/devel/lib/python2.7/site-packages/diagnostic_msgs/srv/_AddDiagnostics.pyc
Linked: (/Users/jaymingwong/Documents/code/ros-install-osx/kinetic_desktop_full_ws/devel/.private/diagnostic_msgs/lib/python2.7/site-packages/diagnostic_msgs/srv/_SelfTest.py, /Users/jaymingwong/Documents/code/ros-install-osx/kinetic_desktop_full_ws/devel/lib/python2.7/site-packages/diagnostic_msgs/srv/_SelfTest.py)
Symlinking /Users/jaymingwong/Documents/code/ros-install-osx/kinetic_desktop_full_ws/devel/lib/python2.7/site-packages/diagnostic_msgs/srv/_SelfTest.pyc
Linked: (/Users/jaymingwong/Documents/code/ros-install-osx/kinetic_desktop_full_ws/devel/.private/diagnostic_msgs/share/common-lisp/ros/diagnostic_msgs/msg/_package.lisp, /Users/jaymingwong/Documents/code/ros-install-osx/kinetic_desktop_full_ws/devel/share/common-lisp/ros/diagnostic_msgs/msg/_package.lisp)
Linked: (/Users/jaymingwong/Documents/code/ros-install-osx/kinetic_desktop_full_ws/devel/.private/diagnostic_msgs/share/common-lisp/ros/diagnostic_msgs/msg/_package_DiagnosticArray.lisp, /Users/jaymingwong/Documents/code/ros-install-osx/kinetic_desktop_full_ws/devel/share/common-lisp/ros/diagnostic_msgs/msg/_package_DiagnosticArray.lisp)
Linked: (/Users/jaymingwong/Documents/code/ros-install-osx/kinetic_desktop_full_ws/devel/.private/diagnostic_msgs/share/common-lisp/ros/diagnostic_msgs/msg/_package_DiagnosticStatus.lisp, /Users/jaymingwong/Documents/code/ros-install-osx/kinetic_desktop_full_ws/devel/share/common-lisp/ros/diagnostic_msgs/msg/_package_DiagnosticStatus.lisp)
Linked: (/Users/jaymingwong/Documents/code/ros-install-osx/kinetic_desktop_full_ws/devel/.private/diagnostic_msgs/share/common-lisp/ros/diagnostic_msgs/msg/_package_KeyValue.lisp, /Users/jaymingwong/Documents/code/ros-install-osx/kinetic_desktop_full_ws/devel/share/common-lisp/ros/diagnostic_msgs/msg/_package_KeyValue.lisp)
Linked: (/Users/jaymingwong/Documents/code/ros-install-osx/kinetic_desktop_full_ws/devel/.private/diagnostic_msgs/share/common-lisp/ros/diagnostic_msgs/msg/diagnostic_msgs-msg.asd, /Users/jaymingwong/Documents/code/ros-install-osx/kinetic_desktop_full_ws/devel/share/common-lisp/ros/diagnostic_msgs/msg/diagnostic_msgs-msg.asd)
Linked: (/Users/jaymingwong/Documents/code/ros-install-osx/kinetic_desktop_full_ws/devel/.private/diagnostic_msgs/share/common-lisp/ros/diagnostic_msgs/msg/DiagnosticArray.lisp, /Users/jaymingwong/Documents/code/ros-install-osx/kinetic_desktop_full_ws/devel/share/common-lisp/ros/diagnostic_msgs/msg/DiagnosticArray.lisp)
Linked: (/Users/jaymingwong/Documents/code/ros-install-osx/kinetic_desktop_full_ws/devel/.private/diagnostic_msgs/share/common-lisp/ros/diagnostic_msgs/msg/DiagnosticStatus.lisp, /Users/jaymingwong/Documents/code/ros-install-osx/kinetic_desktop_full_ws/devel/share/common-lisp/ros/diagnostic_msgs/msg/DiagnosticStatus.lisp)
Linked: (/Users/jaymingwong/Documents/code/ros-install-osx/kinetic_desktop_full_ws/devel/.private/diagnostic_msgs/share/common-lisp/ros/diagnostic_msgs/msg/KeyValue.lisp, /Users/jaymingwong/Documents/code/ros-install-osx/kinetic_desktop_full_ws/devel/share/common-lisp/ros/diagnostic_msgs/msg/KeyValue.lisp)
Linked: (/Users/jaymingwong/Documents/code/ros-install-osx/kinetic_desktop_full_ws/devel/.private/diagnostic_msgs/share/common-lisp/ros/diagnostic_msgs/srv/_package.lisp, /Users/jaymingwong/Documents/code/ros-install-osx/kinetic_desktop_full_ws/devel/share/common-lisp/ros/diagnostic_msgs/srv/_package.lisp)
Linked: (/Users/jaymingwong/Documents/code/ros-install-osx/kinetic_desktop_full_ws/devel/.private/diagnostic_msgs/share/common-lisp/ros/diagnostic_msgs/srv/_package_AddDiagnostics.lisp, /Users/jaymingwong/Documents/code/ros-install-osx/kinetic_desktop_full_ws/devel/share/common-lisp/ros/diagnostic_msgs/srv/_package_AddDiagnostics.lisp)
Linked: (/Users/jaymingwong/Documents/code/ros-install-osx/kinetic_desktop_full_ws/devel/.private/diagnostic_msgs/share/common-lisp/ros/diagnostic_msgs/srv/_package_SelfTest.lisp, /Users/jaymingwong/Documents/code/ros-install-osx/kinetic_desktop_full_ws/devel/share/common-lisp/ros/diagnostic_msgs/srv/_package_SelfTest.lisp)
Linked: (/Users/jaymingwong/Documents/code/ros-install-osx/kinetic_desktop_full_ws/devel/.private/diagnostic_msgs/share/common-lisp/ros/diagnostic_msgs/srv/AddDiagnostics.lisp, /Users/jaymingwong/Documents/code/ros-install-osx/kinetic_desktop_full_ws/devel/share/common-lisp/ros/diagnostic_msgs/srv/AddDiagnostics.lisp)
Linked: (/Users/jaymingwong/Documents/code/ros-install-osx/kinetic_desktop_full_ws/devel/.private/diagnostic_msgs/share/common-lisp/ros/diagnostic_msgs/srv/diagnostic_msgs-srv.asd, /Users/jaymingwong/Documents/code/ros-install-osx/kinetic_desktop_full_ws/devel/share/common-lisp/ros/diagnostic_msgs/srv/diagnostic_msgs-srv.asd)
Linked: (/Users/jaymingwong/Documents/code/ros-install-osx/kinetic_desktop_full_ws/devel/.private/diagnostic_msgs/share/common-lisp/ros/diagnostic_msgs/srv/SelfTest.lisp, /Users/jaymingwong/Documents/code/ros-install-osx/kinetic_desktop_full_ws/devel/share/common-lisp/ros/diagnostic_msgs/srv/SelfTest.lisp)
Linked: (/Users/jaymingwong/Documents/code/ros-install-osx/kinetic_desktop_full_ws/devel/.private/diagnostic_msgs/share/diagnostic_msgs/cmake/diagnostic_msgs-msg-extras.cmake, /Users/jaymingwong/Documents/code/ros-install-osx/kinetic_desktop_full_ws/devel/share/diagnostic_msgs/cmake/diagnostic_msgs-msg-extras.cmake)
Linked: (/Users/jaymingwong/Documents/code/ros-install-osx/kinetic_desktop_full_ws/devel/.private/diagnostic_msgs/share/diagnostic_msgs/cmake/diagnostic_msgs-msg-paths.cmake, /Users/jaymingwong/Documents/code/ros-install-osx/kinetic_desktop_full_ws/devel/share/diagnostic_msgs/cmake/diagnostic_msgs-msg-paths.cmake)
Linked: (/Users/jaymingwong/Documents/code/ros-install-osx/kinetic_desktop_full_ws/devel/.private/diagnostic_msgs/share/diagnostic_msgs/cmake/diagnostic_msgsConfig-version.cmake, /Users/jaymingwong/Documents/code/ros-install-osx/kinetic_desktop_full_ws/devel/share/diagnostic_msgs/cmake/diagnostic_msgsConfig-version.cmake)
Linked: (/Users/jaymingwong/Documents/code/ros-install-osx/kinetic_desktop_full_ws/devel/.private/diagnostic_msgs/share/diagnostic_msgs/cmake/diagnostic_msgsConfig.cmake, /Users/jaymingwong/Documents/code/ros-install-osx/kinetic_desktop_full_ws/devel/share/diagnostic_msgs/cmake/diagnostic_msgsConfig.cmake)
Linked: (/Users/jaymingwong/Documents/code/ros-install-osx/kinetic_desktop_full_ws/devel/.private/diagnostic_msgs/share/gennodejs/ros/diagnostic_msgs/_index.js, /Users/jaymingwong/Documents/code/ros-install-osx/kinetic_desktop_full_ws/devel/share/gennodejs/ros/diagnostic_msgs/_index.js)
Linked: (/Users/jaymingwong/Documents/code/ros-install-osx/kinetic_desktop_full_ws/devel/.private/diagnostic_msgs/share/gennodejs/ros/diagnostic_msgs/msg/_index.js, /Users/jaymingwong/Documents/code/ros-install-osx/kinetic_desktop_full_ws/devel/share/gennodejs/ros/diagnostic_msgs/msg/_index.js)
Linked: (/Users/jaymingwong/Documents/code/ros-install-osx/kinetic_desktop_full_ws/devel/.private/diagnostic_msgs/share/gennodejs/ros/diagnostic_msgs/msg/DiagnosticArray.js, /Users/jaymingwong/Documents/code/ros-install-osx/kinetic_desktop_full_ws/devel/share/gennodejs/ros/diagnostic_msgs/msg/DiagnosticArray.js)
Linked: (/Users/jaymingwong/Documents/code/ros-install-osx/kinetic_desktop_full_ws/devel/.private/diagnostic_msgs/share/gennodejs/ros/diagnostic_msgs/msg/DiagnosticStatus.js, /Users/jaymingwong/Documents/code/ros-install-osx/kinetic_desktop_full_ws/devel/share/gennodejs/ros/diagnostic_msgs/msg/DiagnosticStatus.js)
Linked: (/Users/jaymingwong/Documents/code/ros-install-osx/kinetic_desktop_full_ws/devel/.private/diagnostic_msgs/share/gennodejs/ros/diagnostic_msgs/msg/KeyValue.js, /Users/jaymingwong/Documents/code/ros-install-osx/kinetic_desktop_full_ws/devel/share/gennodejs/ros/diagnostic_msgs/msg/KeyValue.js)
Linked: (/Users/jaymingwong/Documents/code/ros-install-osx/kinetic_desktop_full_ws/devel/.private/diagnostic_msgs/share/gennodejs/ros/diagnostic_msgs/srv/_index.js, /Users/jaymingwong/Documents/code/ros-install-osx/kinetic_desktop_full_ws/devel/share/gennodejs/ros/diagnostic_msgs/srv/_index.js)
Linked: (/Users/jaymingwong/Documents/code/ros-install-osx/kinetic_desktop_full_ws/devel/.private/diagnostic_msgs/share/gennodejs/ros/diagnostic_msgs/srv/AddDiagnostics.js, /Users/jaymingwong/Documents/code/ros-install-osx/kinetic_desktop_full_ws/devel/share/gennodejs/ros/diagnostic_msgs/srv/AddDiagnostics.js)
Linked: (/Users/jaymingwong/Documents/code/ros-install-osx/kinetic_desktop_full_ws/devel/.private/diagnostic_msgs/share/gennodejs/ros/diagnostic_msgs/srv/SelfTest.js, /Users/jaymingwong/Documents/code/ros-install-osx/kinetic_desktop_full_ws/devel/share/gennodejs/ros/diagnostic_msgs/srv/SelfTest.js)
Linked: (/Users/jaymingwong/Documents/code/ros-install-osx/kinetic_desktop_full_ws/devel/.private/diagnostic_msgs/share/roseus/ros/diagnostic_msgs/manifest.l, /Users/jaymingwong/Documents/code/ros-install-osx/kinetic_desktop_full_ws/devel/share/roseus/ros/diagnostic_msgs/manifest.l)
Linked: (/Users/jaymingwong/Documents/code/ros-install-osx/kinetic_desktop_full_ws/devel/.private/diagnostic_msgs/share/roseus/ros/diagnostic_msgs/msg/DiagnosticArray.l, /Users/jaymingwong/Documents/code/ros-install-osx/kinetic_desktop_full_ws/devel/share/roseus/ros/diagnostic_msgs/msg/DiagnosticArray.l)
Linked: (/Users/jaymingwong/Documents/code/ros-install-osx/kinetic_desktop_full_ws/devel/.private/diagnostic_msgs/share/roseus/ros/diagnostic_msgs/msg/DiagnosticStatus.l, /Users/jaymingwong/Documents/code/ros-install-osx/kinetic_desktop_full_ws/devel/share/roseus/ros/diagnostic_msgs/msg/DiagnosticStatus.l)
Linked: (/Users/jaymingwong/Documents/code/ros-install-osx/kinetic_desktop_full_ws/devel/.private/diagnostic_msgs/share/roseus/ros/diagnostic_msgs/msg/KeyValue.l, /Users/jaymingwong/Documents/code/ros-install-osx/kinetic_desktop_full_ws/devel/share/roseus/ros/diagnostic_msgs/msg/KeyValue.l)
Linked: (/Users/jaymingwong/Documents/code/ros-install-osx/kinetic_desktop_full_ws/devel/.private/diagnostic_msgs/share/roseus/ros/diagnostic_msgs/srv/AddDiagnostics.l, /Users/jaymingwong/Documents/code/ros-install-osx/kinetic_desktop_full_ws/devel/share/roseus/ros/diagnostic_msgs/srv/AddDiagnostics.l)
Linked: (/Users/jaymingwong/Documents/code/ros-install-osx/kinetic_desktop_full_ws/devel/.private/diagnostic_msgs/share/roseus/ros/diagnostic_msgs/srv/SelfTest.l, /Users/jaymingwong/Documents/code/ros-install-osx/kinetic_desktop_full_ws/devel/share/roseus/ros/diagnostic_msgs/srv/SelfTest.l)
