[36mInstall the project...[0m
-- Install configuration: "Release"
-- Installing: /opt/ros/kinetic/_setup_util.py
-- Installing: /opt/ros/kinetic/env.sh
-- Installing: /opt/ros/kinetic/setup.bash
-- Installing: /opt/ros/kinetic/setup.sh
-- Installing: /opt/ros/kinetic/setup.zsh
-- Installing: /opt/ros/kinetic/.rosinstall
-- Installing: /opt/ros/kinetic/lib/pkgconfig/gennodejs.pc
-- Installing: /opt/ros/kinetic/share/gennodejs/cmake/gennodejs-extras.cmake
-- Installing: /opt/ros/kinetic/share/gennodejs/cmake/gennodejsConfig.cmake
-- Installing: /opt/ros/kinetic/share/gennodejs/cmake/gennodejsConfig-version.cmake
-- Installing: /opt/ros/kinetic/share/gennodejs/package.xml
-- Installing: /opt/ros/kinetic/etc/ros/genmsg/gennodejs
+ cd /Users/jaymingwong/Documents/code/ros-install-osx/kinetic_desktop_full_ws/src/gennodejs
+ mkdir -p /opt/ros/kinetic/lib/python2.7/site-packages
+ /usr/bin/env PYTHONPATH=/opt/ros/kinetic/lib/python2.7/site-packages:/Users/jaymingwong/Documents/code/ros-install-osx/kinetic_desktop_full_ws/build/gennodejs/lib/python2.7/site-packages:/opt/ros/kinetic/lib/python2.7/site-packages:/usr/local/lib/python2.7/site-packages/:/Users/jaymingwong/Documents/code/drake/build/lib/python2.7/site-packages/:/Users/jaymingwong/Documents/code/drake/build/lib/python2.7/dist-packages/:/Users/jaymingwong/Documents/code/wizard/externals/devina/devina/include/devina/lcm CATKIN_BINARY_DIR=/Users/jaymingwong/Documents/code/ros-install-osx/kinetic_desktop_full_ws/build/gennodejs /usr/local/bin/python2 /Users/jaymingwong/Documents/code/ros-install-osx/kinetic_desktop_full_ws/src/gennodejs/setup.py build --build-base /Users/jaymingwong/Documents/code/ros-install-osx/kinetic_desktop_full_ws/build/gennodejs install --prefix=/opt/ros/kinetic --install-scripts=/opt/ros/kinetic/bin
running build
running build_py
creating /Users/jaymingwong/Documents/code/ros-install-osx/kinetic_desktop_full_ws/build/gennodejs/lib
creating /Users/jaymingwong/Documents/code/ros-install-osx/kinetic_desktop_full_ws/build/gennodejs/lib/gennodejs
copying src/gennodejs/__init__.py -> /Users/jaymingwong/Documents/code/ros-install-osx/kinetic_desktop_full_ws/build/gennodejs/lib/gennodejs
copying src/gennodejs/generate.py -> /Users/jaymingwong/Documents/code/ros-install-osx/kinetic_desktop_full_ws/build/gennodejs/lib/gennodejs
copying src/gennodejs/gennodejs_main.py -> /Users/jaymingwong/Documents/code/ros-install-osx/kinetic_desktop_full_ws/build/gennodejs/lib/gennodejs
running install
running install_lib
creating /opt/ros/kinetic/lib/python2.7/site-packages/gennodejs
copying /Users/jaymingwong/Documents/code/ros-install-osx/kinetic_desktop_full_ws/build/gennodejs/lib/gennodejs/__init__.py -> /opt/ros/kinetic/lib/python2.7/site-packages/gennodejs
copying /Users/jaymingwong/Documents/code/ros-install-osx/kinetic_desktop_full_ws/build/gennodejs/lib/gennodejs/generate.py -> /opt/ros/kinetic/lib/python2.7/site-packages/gennodejs
copying /Users/jaymingwong/Documents/code/ros-install-osx/kinetic_desktop_full_ws/build/gennodejs/lib/gennodejs/gennodejs_main.py -> /opt/ros/kinetic/lib/python2.7/site-packages/gennodejs
byte-compiling /opt/ros/kinetic/lib/python2.7/site-packages/gennodejs/__init__.py to __init__.pyc
byte-compiling /opt/ros/kinetic/lib/python2.7/site-packages/gennodejs/generate.py to generate.pyc
byte-compiling /opt/ros/kinetic/lib/python2.7/site-packages/gennodejs/gennodejs_main.py to gennodejs_main.pyc
running install_egg_info
Writing /opt/ros/kinetic/lib/python2.7/site-packages/gennodejs-2.0.1-py2.7.egg-info
-- Installing: /opt/ros/kinetic/lib/gennodejs/gen_nodejs.py
