[100%] Built target resource_retriever
[36mInstall the project...[0m
-- Install configuration: "Release"
-- Installing: /opt/ros/kinetic/_setup_util.py
-- Installing: /opt/ros/kinetic/env.sh
-- Installing: /opt/ros/kinetic/setup.bash
-- Installing: /opt/ros/kinetic/setup.sh
-- Installing: /opt/ros/kinetic/setup.zsh
-- Installing: /opt/ros/kinetic/.rosinstall
+ cd /Users/jaymingwong/Documents/code/ros-install-osx/kinetic_desktop_full_ws/src/resource_retriever
+ mkdir -p /opt/ros/kinetic/lib/python2.7/site-packages
+ /usr/bin/env PYTHONPATH=/opt/ros/kinetic/lib/python2.7/site-packages:/Users/jaymingwong/Documents/code/ros-install-osx/kinetic_desktop_full_ws/build/resource_retriever/lib/python2.7/site-packages:/opt/ros/kinetic/lib/python2.7/site-packages:/usr/local/lib/python2.7/site-packages/:/Users/jaymingwong/Documents/code/wizard/externals/drake/build/lib/python2.7/site-packages/:/Users/jaymingwong/Documents/code/wizard/externals/drake/build/lib/python2.7/dist-packages/:/Users/jaymingwong/Documents/code/wizard/externals/devina/devina/include/devina/lcm CATKIN_BINARY_DIR=/Users/jaymingwong/Documents/code/ros-install-osx/kinetic_desktop_full_ws/build/resource_retriever /usr/local/bin/python2 /Users/jaymingwong/Documents/code/ros-install-osx/kinetic_desktop_full_ws/src/resource_retriever/setup.py build --build-base /Users/jaymingwong/Documents/code/ros-install-osx/kinetic_desktop_full_ws/build/resource_retriever install --prefix=/opt/ros/kinetic --install-scripts=/opt/ros/kinetic/bin
running build
running build_py
running install
running install_lib
running install_egg_info
Removing /opt/ros/kinetic/lib/python2.7/site-packages/resource_retriever-1.12.4-py2.7.egg-info
Writing /opt/ros/kinetic/lib/python2.7/site-packages/resource_retriever-1.12.4-py2.7.egg-info
-- Up-to-date: /opt/ros/kinetic/lib/pkgconfig/resource_retriever.pc
-- Up-to-date: /opt/ros/kinetic/share/resource_retriever/cmake/resource_retrieverConfig.cmake
-- Up-to-date: /opt/ros/kinetic/share/resource_retriever/cmake/resource_retrieverConfig-version.cmake
-- Up-to-date: /opt/ros/kinetic/share/resource_retriever/package.xml
-- Installing: /opt/ros/kinetic/lib/libresource_retriever.dylib
-- Up-to-date: /opt/ros/kinetic/include/resource_retriever
-- Up-to-date: /opt/ros/kinetic/include/resource_retriever/retriever.h
