[  0%] Built target std_msgs_generate_messages_nodejs
[  0%] Built target rosgraph_msgs_generate_messages_py
[  0%] Built target rosgraph_msgs_generate_messages_nodejs
[  0%] Built target rosgraph_msgs_generate_messages_cpp
[  0%] Built target roscpp_generate_messages_nodejs
[  0%] Built target roscpp_generate_messages_eus
[  0%] Built target std_msgs_generate_messages_cpp
[  0%] Built target rosgraph_msgs_generate_messages_lisp
[  0%] Built target rosgraph_msgs_generate_messages_eus
[  0%] Built target std_msgs_generate_messages_lisp
[  0%] Built target std_msgs_generate_messages_py
[  0%] Built target std_msgs_generate_messages_eus
[  0%] Built target bond_generate_messages_nodejs
[  0%] Built target bond_generate_messages_py
[  0%] Built target bond_generate_messages_lisp
[  0%] Built target roscpp_generate_messages_py
[  0%] Built target roscpp_generate_messages_cpp
[  0%] Built target bond_generate_messages_eus
[  0%] Built target bond_generate_messages_cpp
[  0%] Built target roscpp_generate_messages_lisp
[ 25%] [32m[1mLinking CXX shared library /Users/jaymingwong/Documents/code/ros-install-osx/kinetic_desktop_full_ws/devel/.private/bondcpp/lib/libbondcpp.dylib[0m
[100%] Built target bondcpp
