Not searching for unused variables given on the command line.
[36m--[0m The C compiler identification is AppleClang 9.0.0.9000038
[36m--[0m The CXX compiler identification is AppleClang 9.0.0.9000038
[36m--[0m Check for working C compiler: /Applications/Xcode.app/Contents/Developer/Toolchains/XcodeDefault.xctoolchain/usr/bin/clang
[36m--[0m Check for working C compiler: /Applications/Xcode.app/Contents/Developer/Toolchains/XcodeDefault.xctoolchain/usr/bin/clang -- works
[36m--[0m Detecting C compiler ABI info
[36m--[0m Detecting C compiler ABI info - done
[36m--[0m Detecting C compile features
[36m--[0m Detecting C compile features - done
[36m--[0m Check for working CXX compiler: /Applications/Xcode.app/Contents/Developer/Toolchains/XcodeDefault.xctoolchain/usr/bin/clang++
[36m--[0m Check for working CXX compiler: /Applications/Xcode.app/Contents/Developer/Toolchains/XcodeDefault.xctoolchain/usr/bin/clang++ -- works
[36m--[0m Detecting CXX compiler ABI info
[36m--[0m Detecting CXX compiler ABI info - done
[36m--[0m Detecting CXX compile features
[36m--[0m Detecting CXX compile features - done
[36m--[0m Found PythonInterp: /usr/local/bin/python2 (found version "2.7.15")
[36m--[0m Found PythonLibs: /usr/local/Cellar/python@@2/2.7.15_1/Frameworks/Python.framework/Versions/2.7/lib/libpython2.7.dylib (found suitable version "2.7.15", minimum required is "2.7")
[36m--[0m Found SIP version: 4.19.8
[36m--[0m Configuring done
[36m--[0m Generating done
[36m--[0m Build files have been written to: /Users/jaymingwong/Documents/code/ros-install-osx/kinetic_desktop_full_ws/build/python_orocos_kdl
