[  0%] Built target tf2_msgs_generate_messages_cpp
[  0%] Built target roscpp_generate_messages_nodejs
[  0%] Built target geometry_msgs_generate_messages_nodejs
[  0%] Built target sensor_msgs_generate_messages_nodejs
[  0%] Built target _tf_generate_messages_check_deps_tfMessage
[  0%] Built target _tf_generate_messages_check_deps_FrameGraph
[  0%] Built target std_msgs_generate_messages_nodejs
[  0%] Built target geometry_msgs_generate_messages_py
[  0%] Built target sensor_msgs_generate_messages_py
[  0%] Built target std_msgs_generate_messages_py
[  0%] Built target sensor_msgs_generate_messages_cpp
[  0%] Built target rosgraph_msgs_generate_messages_nodejs
[  0%] Built target rosgraph_msgs_generate_messages_lisp
[  0%] Built target actionlib_msgs_generate_messages_cpp
[  0%] Built target geometry_msgs_generate_messages_cpp
[  0%] Built target std_msgs_generate_messages_cpp
[  0%] Built target tf2_msgs_generate_messages_lisp
[  0%] Built target tf2_msgs_generate_messages_py
[  0%] Built target tf2_msgs_generate_messages_eus
[  0%] Built target roscpp_generate_messages_lisp
[  0%] Built target actionlib_msgs_generate_messages_nodejs
[  0%] Built target actionlib_msgs_generate_messages_lisp
[  0%] Built target actionlib_generate_messages_py
[  0%] Built target geometry_msgs_generate_messages_eus
[  0%] Built target geometry_msgs_generate_messages_lisp
[  0%] Built target actionlib_msgs_generate_messages_py
[  0%] Built target actionlib_generate_messages_lisp
[  0%] Built target roscpp_generate_messages_eus
[  0%] Built target sensor_msgs_generate_messages_eus
[  0%] Built target actionlib_generate_messages_cpp
[  0%] Built target actionlib_generate_messages_nodejs
[  0%] Built target sensor_msgs_generate_messages_lisp
[  0%] Built target roscpp_generate_messages_py
[  0%] Built target rosgraph_msgs_generate_messages_py
[  0%] Built target roscpp_generate_messages_cpp
[  0%] Built target std_msgs_generate_messages_eus
[  0%] Built target std_msgs_generate_messages_lisp
[  0%] Built target rosgraph_msgs_generate_messages_cpp
[  0%] Built target actionlib_msgs_generate_messages_eus
[  0%] Built target rosgraph_msgs_generate_messages_eus
[  0%] Built target tf2_msgs_generate_messages_nodejs
[  0%] Built target actionlib_generate_messages_eus
[  5%] Built target tf_generate_messages_nodejs
[ 17%] Built target tf_generate_messages_py
[ 23%] Built target tf_generate_messages_cpp
[ 32%] Built target tf_generate_messages_eus
[ 38%] Built target tf_generate_messages_lisp
[ 38%] Built target tf_generate_messages
[ 41%] [32m[1mLinking CXX shared library /Users/jaymingwong/Documents/code/ros-install-osx/kinetic_desktop_full_ws/devel/.private/tf/lib/libtf.dylib[0m
[ 52%] Built target tf
[ 55%] [32m[1mLinking CXX executable /Users/jaymingwong/Documents/code/ros-install-osx/kinetic_desktop_full_ws/devel/.private/tf/lib/tf/testBroadcaster[0m
[ 58%] Built target testBroadcaster
[ 61%] [32m[1mLinking CXX executable /Users/jaymingwong/Documents/code/ros-install-osx/kinetic_desktop_full_ws/devel/.private/tf/lib/tf/testListener[0m
[ 64%] [32m[1mLinking CXX executable /Users/jaymingwong/Documents/code/ros-install-osx/kinetic_desktop_full_ws/devel/.private/tf/lib/tf/tf_monitor[0m
[ 67%] Built target testListener
[ 70%] Built target tf_monitor
[ 73%] [32m[1mLinking CXX executable /Users/jaymingwong/Documents/code/ros-install-osx/kinetic_desktop_full_ws/devel/.private/tf/lib/tf/transform_listener_unittest[0m
[ 76%] [32m[1mLinking CXX executable /Users/jaymingwong/Documents/code/ros-install-osx/kinetic_desktop_full_ws/devel/.private/tf/lib/tf/tf_echo[0m
[ 79%] Built target transform_listener_unittest
[ 82%] Built target tf_echo
[ 85%] [32m[1mLinking CXX executable /Users/jaymingwong/Documents/code/ros-install-osx/kinetic_desktop_full_ws/devel/.private/tf/lib/tf/tf_empty_listener[0m
[ 88%] [32m[1mLinking CXX executable /Users/jaymingwong/Documents/code/ros-install-osx/kinetic_desktop_full_ws/devel/.private/tf/lib/tf/tf_change_notifier[0m
[ 91%] Built target tf_empty_listener
[ 94%] Built target tf_change_notifier
[ 97%] [32m[1mLinking CXX executable /Users/jaymingwong/Documents/code/ros-install-osx/kinetic_desktop_full_ws/devel/.private/tf/lib/tf/static_transform_publisher[0m
[100%] Built target static_transform_publisher
