[35m[1mScanning dependencies of target tf2_msgs_generate_messages_cpp[0m
[  0%] Built target tf2_msgs_generate_messages_cpp
[35m[1mScanning dependencies of target roscpp_generate_messages_nodejs[0m
[  0%] Built target roscpp_generate_messages_nodejs
[35m[1mScanning dependencies of target geometry_msgs_generate_messages_nodejs[0m
[  0%] Built target geometry_msgs_generate_messages_nodejs
[35m[1mScanning dependencies of target sensor_msgs_generate_messages_nodejs[0m
[  0%] Built target sensor_msgs_generate_messages_nodejs
[35m[1mScanning dependencies of target _tf_generate_messages_check_deps_tfMessage[0m
[  0%] Built target _tf_generate_messages_check_deps_tfMessage
[35m[1mScanning dependencies of target _tf_generate_messages_check_deps_FrameGraph[0m
[  0%] Built target _tf_generate_messages_check_deps_FrameGraph
[35m[1mScanning dependencies of target std_msgs_generate_messages_nodejs[0m
[  0%] Built target std_msgs_generate_messages_nodejs
[35m[1mScanning dependencies of target geometry_msgs_generate_messages_py[0m
[  0%] Built target geometry_msgs_generate_messages_py
[35m[1mScanning dependencies of target sensor_msgs_generate_messages_py[0m
[  0%] Built target sensor_msgs_generate_messages_py
[35m[1mScanning dependencies of target std_msgs_generate_messages_py[0m
[  0%] Built target std_msgs_generate_messages_py
[35m[1mScanning dependencies of target sensor_msgs_generate_messages_cpp[0m
[  0%] Built target sensor_msgs_generate_messages_cpp
[35m[1mScanning dependencies of target rosgraph_msgs_generate_messages_nodejs[0m
[  0%] Built target rosgraph_msgs_generate_messages_nodejs
[35m[1mScanning dependencies of target rosgraph_msgs_generate_messages_lisp[0m
[  0%] Built target rosgraph_msgs_generate_messages_lisp
[35m[1mScanning dependencies of target actionlib_msgs_generate_messages_cpp[0m
[  0%] Built target actionlib_msgs_generate_messages_cpp
[35m[1mScanning dependencies of target geometry_msgs_generate_messages_cpp[0m
[  0%] Built target geometry_msgs_generate_messages_cpp
[35m[1mScanning dependencies of target std_msgs_generate_messages_cpp[0m
[  0%] Built target std_msgs_generate_messages_cpp
[35m[1mScanning dependencies of target tf2_msgs_generate_messages_py[0m
[  0%] Built target tf2_msgs_generate_messages_py
[35m[1mScanning dependencies of target tf2_msgs_generate_messages_lisp[0m
[  0%] Built target tf2_msgs_generate_messages_lisp
[35m[1mScanning dependencies of target tf2_msgs_generate_messages_eus[0m
[  0%] Built target tf2_msgs_generate_messages_eus
[35m[1mScanning dependencies of target roscpp_generate_messages_lisp[0m
[  0%] Built target roscpp_generate_messages_lisp
[35m[1mScanning dependencies of target actionlib_msgs_generate_messages_nodejs[0m
[  0%] Built target actionlib_msgs_generate_messages_nodejs
[35m[1mScanning dependencies of target actionlib_msgs_generate_messages_lisp[0m
[  0%] Built target actionlib_msgs_generate_messages_lisp
[35m[1mScanning dependencies of target geometry_msgs_generate_messages_eus[0m
[  0%] Built target geometry_msgs_generate_messages_eus
[35m[1mScanning dependencies of target actionlib_generate_messages_py[0m
[  0%] Built target actionlib_generate_messages_py
[35m[1mScanning dependencies of target geometry_msgs_generate_messages_lisp[0m
[  0%] Built target geometry_msgs_generate_messages_lisp
[35m[1mScanning dependencies of target actionlib_msgs_generate_messages_py[0m
[  0%] Built target actionlib_msgs_generate_messages_py
[35m[1mScanning dependencies of target roscpp_generate_messages_eus[0m
[  0%] Built target roscpp_generate_messages_eus
[35m[1mScanning dependencies of target actionlib_generate_messages_lisp[0m
[  0%] Built target actionlib_generate_messages_lisp
[35m[1mScanning dependencies of target sensor_msgs_generate_messages_eus[0m
[  0%] Built target sensor_msgs_generate_messages_eus
[35m[1mScanning dependencies of target actionlib_generate_messages_cpp[0m
[  0%] Built target actionlib_generate_messages_cpp
[35m[1mScanning dependencies of target actionlib_generate_messages_nodejs[0m
[  0%] Built target actionlib_generate_messages_nodejs
[35m[1mScanning dependencies of target sensor_msgs_generate_messages_lisp[0m
[  0%] Built target sensor_msgs_generate_messages_lisp
[35m[1mScanning dependencies of target rosgraph_msgs_generate_messages_py[0m
[  0%] Built target rosgraph_msgs_generate_messages_py
[35m[1mScanning dependencies of target roscpp_generate_messages_py[0m
[  0%] Built target roscpp_generate_messages_py
[35m[1mScanning dependencies of target roscpp_generate_messages_cpp[0m
[  0%] Built target roscpp_generate_messages_cpp
[35m[1mScanning dependencies of target std_msgs_generate_messages_eus[0m
[  0%] Built target std_msgs_generate_messages_eus
[35m[1mScanning dependencies of target std_msgs_generate_messages_lisp[0m
[  0%] Built target std_msgs_generate_messages_lisp
[35m[1mScanning dependencies of target rosgraph_msgs_generate_messages_cpp[0m
[  0%] Built target rosgraph_msgs_generate_messages_cpp
[35m[1mScanning dependencies of target rosgraph_msgs_generate_messages_eus[0m
[  0%] Built target rosgraph_msgs_generate_messages_eus
[35m[1mScanning dependencies of target actionlib_msgs_generate_messages_eus[0m
[  0%] Built target actionlib_msgs_generate_messages_eus
[35m[1mScanning dependencies of target tf2_msgs_generate_messages_nodejs[0m
[  0%] Built target tf2_msgs_generate_messages_nodejs
[35m[1mScanning dependencies of target actionlib_generate_messages_eus[0m
[  0%] Built target actionlib_generate_messages_eus
[35m[1mScanning dependencies of target tf_generate_messages_nodejs[0m
[  2%] [34m[1mGenerating Javascript code from tf/tfMessage.msg[0m
[  5%] [34m[1mGenerating Javascript code from tf/FrameGraph.srv[0m
[  5%] Built target tf_generate_messages_nodejs
[35m[1mScanning dependencies of target tf_generate_messages_py[0m
[  8%] [34m[1mGenerating Python from MSG tf/tfMessage[0m
[ 11%] [34m[1mGenerating Python code from SRV tf/FrameGraph[0m
[ 14%] [34m[1mGenerating Python msg __init__.py for tf[0m
[ 17%] [34m[1mGenerating Python srv __init__.py for tf[0m
[ 17%] Built target tf_generate_messages_py
[35m[1mScanning dependencies of target tf_generate_messages_cpp[0m
[ 20%] [34m[1mGenerating C++ code from tf/tfMessage.msg[0m
[ 23%] [34m[1mGenerating C++ code from tf/FrameGraph.srv[0m
[ 23%] Built target tf_generate_messages_cpp
[35m[1mScanning dependencies of target tf_generate_messages_eus[0m
[ 26%] [34m[1mGenerating EusLisp code from tf/tfMessage.msg[0m
[ 29%] [34m[1mGenerating EusLisp code from tf/FrameGraph.srv[0m
[ 32%] [34m[1mGenerating EusLisp manifest code for tf[0m
[ 32%] Built target tf_generate_messages_eus
[35m[1mScanning dependencies of target tf_generate_messages_lisp[0m
[ 35%] [34m[1mGenerating Lisp code from tf/tfMessage.msg[0m
[ 38%] [34m[1mGenerating Lisp code from tf/FrameGraph.srv[0m
[ 38%] Built target tf_generate_messages_lisp
[35m[1mScanning dependencies of target tf[0m
[ 41%] [32mBuilding CXX object CMakeFiles/tf.dir/src/cache.cpp.o[0m
[35m[1mScanning dependencies of target tf_generate_messages[0m
[ 41%] Built target tf_generate_messages
[ 44%] [32mBuilding CXX object CMakeFiles/tf.dir/src/tf.cpp.o[0m
[ 47%] [32mBuilding CXX object CMakeFiles/tf.dir/src/transform_broadcaster.cpp.o[0m
[ 50%] [32mBuilding CXX object CMakeFiles/tf.dir/src/transform_listener.cpp.o[0m
[ 52%] [32m[1mLinking CXX shared library /Users/jaymingwong/Documents/code/ros-install-osx/kinetic_desktop_full_ws/devel/.private/tf/lib/libtf.dylib[0m
[ 52%] Built target tf
[35m[1mScanning dependencies of target testBroadcaster[0m
[ 55%] [32mBuilding CXX object CMakeFiles/testBroadcaster.dir/test/testBroadcaster.cpp.o[0m
[35m[1mScanning dependencies of target testListener[0m
[ 58%] [32mBuilding CXX object CMakeFiles/testListener.dir/test/testListener.cpp.o[0m
[35m[1mScanning dependencies of target tf_monitor[0m
[ 61%] [32m[1mLinking CXX executable /Users/jaymingwong/Documents/code/ros-install-osx/kinetic_desktop_full_ws/devel/.private/tf/lib/tf/testBroadcaster[0m
[ 61%] Built target testBroadcaster
[35m[1mScanning dependencies of target transform_listener_unittest[0m
[ 64%] [32mBuilding CXX object CMakeFiles/tf_monitor.dir/src/tf_monitor.cpp.o[0m
[ 67%] [32mBuilding CXX object CMakeFiles/transform_listener_unittest.dir/test/transform_listener_unittest.cpp.o[0m
[35m[1mScanning dependencies of target tf_echo[0m
[35m[1mScanning dependencies of target tf_empty_listener[0m
[ 70%] [32mBuilding CXX object CMakeFiles/tf_echo.dir/src/tf_echo.cpp.o[0m
[ 73%] [32mBuilding CXX object CMakeFiles/tf_empty_listener.dir/src/empty_listener.cpp.o[0m
[35m[1mScanning dependencies of target tf_change_notifier[0m
[ 76%] [32mBuilding CXX object CMakeFiles/tf_change_notifier.dir/src/change_notifier.cpp.o[0m
[35m[1mScanning dependencies of target static_transform_publisher[0m
[ 79%] [32m[1mLinking CXX executable /Users/jaymingwong/Documents/code/ros-install-osx/kinetic_desktop_full_ws/devel/.private/tf/lib/tf/testListener[0m
[ 79%] Built target testListener
[ 82%] [32mBuilding CXX object CMakeFiles/static_transform_publisher.dir/src/static_transform_publisher.cpp.o[0m
[ 85%] [32m[1mLinking CXX executable /Users/jaymingwong/Documents/code/ros-install-osx/kinetic_desktop_full_ws/devel/.private/tf/lib/tf/transform_listener_unittest[0m
[ 85%] Built target transform_listener_unittest
[ 88%] [32m[1mLinking CXX executable /Users/jaymingwong/Documents/code/ros-install-osx/kinetic_desktop_full_ws/devel/.private/tf/lib/tf/tf_echo[0m
[ 88%] Built target tf_echo
[ 91%] [32m[1mLinking CXX executable /Users/jaymingwong/Documents/code/ros-install-osx/kinetic_desktop_full_ws/devel/.private/tf/lib/tf/tf_monitor[0m
[ 91%] Built target tf_monitor
[ 94%] [32m[1mLinking CXX executable /Users/jaymingwong/Documents/code/ros-install-osx/kinetic_desktop_full_ws/devel/.private/tf/lib/tf/tf_empty_listener[0m
[ 94%] Built target tf_empty_listener
[ 97%] [32m[1mLinking CXX executable /Users/jaymingwong/Documents/code/ros-install-osx/kinetic_desktop_full_ws/devel/.private/tf/lib/tf/static_transform_publisher[0m
[ 97%] Built target static_transform_publisher
[100%] [32m[1mLinking CXX executable /Users/jaymingwong/Documents/code/ros-install-osx/kinetic_desktop_full_ws/devel/.private/tf/lib/tf/tf_change_notifier[0m
[100%] Built target tf_change_notifier
