[35m[1mScanning dependencies of target _pcl_msgs_generate_messages_check_deps_PointIndices[0m
[  0%] Built target _pcl_msgs_generate_messages_check_deps_PointIndices
[35m[1mScanning dependencies of target _pcl_msgs_generate_messages_check_deps_PolygonMesh[0m
[  0%] Built target _pcl_msgs_generate_messages_check_deps_PolygonMesh
[35m[1mScanning dependencies of target _pcl_msgs_generate_messages_check_deps_Vertices[0m
[  0%] Built target _pcl_msgs_generate_messages_check_deps_Vertices
[35m[1mScanning dependencies of target _pcl_msgs_generate_messages_check_deps_ModelCoefficients[0m
[  0%] Built target _pcl_msgs_generate_messages_check_deps_ModelCoefficients
[35m[1mScanning dependencies of target sensor_msgs_generate_messages_cpp[0m
[  0%] Built target sensor_msgs_generate_messages_cpp
[35m[1mScanning dependencies of target std_msgs_generate_messages_cpp[0m
[  0%] Built target std_msgs_generate_messages_cpp
[35m[1mScanning dependencies of target sensor_msgs_generate_messages_nodejs[0m
[  0%] Built target sensor_msgs_generate_messages_nodejs
[35m[1mScanning dependencies of target std_msgs_generate_messages_nodejs[0m
[  0%] Built target std_msgs_generate_messages_nodejs
[35m[1mScanning dependencies of target std_msgs_generate_messages_lisp[0m
[  0%] Built target std_msgs_generate_messages_lisp
[35m[1mScanning dependencies of target sensor_msgs_generate_messages_lisp[0m
[  0%] Built target sensor_msgs_generate_messages_lisp
[35m[1mScanning dependencies of target std_msgs_generate_messages_py[0m
[  0%] Built target std_msgs_generate_messages_py
[35m[1mScanning dependencies of target sensor_msgs_generate_messages_py[0m
[  0%] Built target sensor_msgs_generate_messages_py
[35m[1mScanning dependencies of target std_msgs_generate_messages_eus[0m
[  0%] Built target std_msgs_generate_messages_eus
[35m[1mScanning dependencies of target sensor_msgs_generate_messages_eus[0m
[  0%] Built target sensor_msgs_generate_messages_eus
[35m[1mScanning dependencies of target pcl_msgs_generate_messages_cpp[0m
[  4%] [34m[1mGenerating C++ code from pcl_msgs/PolygonMesh.msg[0m
[  9%] [34m[1mGenerating C++ code from pcl_msgs/PointIndices.msg[0m
[ 13%] [34m[1mGenerating C++ code from pcl_msgs/ModelCoefficients.msg[0m
[ 18%] [34m[1mGenerating C++ code from pcl_msgs/Vertices.msg[0m
[ 18%] Built target pcl_msgs_generate_messages_cpp
[35m[1mScanning dependencies of target pcl_msgs_generate_messages_nodejs[0m
[ 22%] [34m[1mGenerating Javascript code from pcl_msgs/PolygonMesh.msg[0m
[ 27%] [34m[1mGenerating Javascript code from pcl_msgs/PointIndices.msg[0m
[ 31%] [34m[1mGenerating Javascript code from pcl_msgs/ModelCoefficients.msg[0m
[ 36%] [34m[1mGenerating Javascript code from pcl_msgs/Vertices.msg[0m
[ 36%] Built target pcl_msgs_generate_messages_nodejs
[35m[1mScanning dependencies of target pcl_msgs_generate_messages_lisp[0m
[ 40%] [34m[1mGenerating Lisp code from pcl_msgs/PolygonMesh.msg[0m
[ 45%] [34m[1mGenerating Lisp code from pcl_msgs/PointIndices.msg[0m
[ 50%] [34m[1mGenerating Lisp code from pcl_msgs/ModelCoefficients.msg[0m
[ 54%] [34m[1mGenerating Lisp code from pcl_msgs/Vertices.msg[0m
[ 54%] Built target pcl_msgs_generate_messages_lisp
[35m[1mScanning dependencies of target pcl_msgs_generate_messages_py[0m
[ 59%] [34m[1mGenerating Python from MSG pcl_msgs/PolygonMesh[0m
[ 63%] [34m[1mGenerating Python from MSG pcl_msgs/PointIndices[0m
[ 68%] [34m[1mGenerating Python from MSG pcl_msgs/ModelCoefficients[0m
[ 72%] [34m[1mGenerating Python from MSG pcl_msgs/Vertices[0m
[ 77%] [34m[1mGenerating Python msg __init__.py for pcl_msgs[0m
[ 77%] Built target pcl_msgs_generate_messages_py
[35m[1mScanning dependencies of target pcl_msgs_generate_messages_eus[0m
[ 81%] [34m[1mGenerating EusLisp code from pcl_msgs/PolygonMesh.msg[0m
[ 86%] [34m[1mGenerating EusLisp code from pcl_msgs/PointIndices.msg[0m
[ 90%] [34m[1mGenerating EusLisp code from pcl_msgs/ModelCoefficients.msg[0m
[ 95%] [34m[1mGenerating EusLisp code from pcl_msgs/Vertices.msg[0m
[100%] [34m[1mGenerating EusLisp manifest code for pcl_msgs[0m
[100%] Built target pcl_msgs_generate_messages_eus
[35m[1mScanning dependencies of target pcl_msgs_generate_messages[0m
[100%] Built target pcl_msgs_generate_messages
