Linked: (/Users/jaymingwong/Documents/code/ros-install-osx/kinetic_desktop_full_ws/devel/.private/turtle_actionlib/include/turtle_actionlib/ShapeAction.h, /Users/jaymingwong/Documents/code/ros-install-osx/kinetic_desktop_full_ws/devel/include/turtle_actionlib/ShapeAction.h)
Linked: (/Users/jaymingwong/Documents/code/ros-install-osx/kinetic_desktop_full_ws/devel/.private/turtle_actionlib/include/turtle_actionlib/ShapeActionFeedback.h, /Users/jaymingwong/Documents/code/ros-install-osx/kinetic_desktop_full_ws/devel/include/turtle_actionlib/ShapeActionFeedback.h)
Linked: (/Users/jaymingwong/Documents/code/ros-install-osx/kinetic_desktop_full_ws/devel/.private/turtle_actionlib/include/turtle_actionlib/ShapeActionGoal.h, /Users/jaymingwong/Documents/code/ros-install-osx/kinetic_desktop_full_ws/devel/include/turtle_actionlib/ShapeActionGoal.h)
Linked: (/Users/jaymingwong/Documents/code/ros-install-osx/kinetic_desktop_full_ws/devel/.private/turtle_actionlib/include/turtle_actionlib/ShapeActionResult.h, /Users/jaymingwong/Documents/code/ros-install-osx/kinetic_desktop_full_ws/devel/include/turtle_actionlib/ShapeActionResult.h)
Linked: (/Users/jaymingwong/Documents/code/ros-install-osx/kinetic_desktop_full_ws/devel/.private/turtle_actionlib/include/turtle_actionlib/ShapeFeedback.h, /Users/jaymingwong/Documents/code/ros-install-osx/kinetic_desktop_full_ws/devel/include/turtle_actionlib/ShapeFeedback.h)
Linked: (/Users/jaymingwong/Documents/code/ros-install-osx/kinetic_desktop_full_ws/devel/.private/turtle_actionlib/include/turtle_actionlib/ShapeGoal.h, /Users/jaymingwong/Documents/code/ros-install-osx/kinetic_desktop_full_ws/devel/include/turtle_actionlib/ShapeGoal.h)
Linked: (/Users/jaymingwong/Documents/code/ros-install-osx/kinetic_desktop_full_ws/devel/.private/turtle_actionlib/include/turtle_actionlib/ShapeResult.h, /Users/jaymingwong/Documents/code/ros-install-osx/kinetic_desktop_full_ws/devel/include/turtle_actionlib/ShapeResult.h)
Linked: (/Users/jaymingwong/Documents/code/ros-install-osx/kinetic_desktop_full_ws/devel/.private/turtle_actionlib/include/turtle_actionlib/Velocity.h, /Users/jaymingwong/Documents/code/ros-install-osx/kinetic_desktop_full_ws/devel/include/turtle_actionlib/Velocity.h)
Linked: (/Users/jaymingwong/Documents/code/ros-install-osx/kinetic_desktop_full_ws/devel/.private/turtle_actionlib/lib/pkgconfig/turtle_actionlib.pc, /Users/jaymingwong/Documents/code/ros-install-osx/kinetic_desktop_full_ws/devel/lib/pkgconfig/turtle_actionlib.pc)
Linked: (/Users/jaymingwong/Documents/code/ros-install-osx/kinetic_desktop_full_ws/devel/.private/turtle_actionlib/lib/python2.7/site-packages/turtle_actionlib/__init__.py, /Users/jaymingwong/Documents/code/ros-install-osx/kinetic_desktop_full_ws/devel/lib/python2.7/site-packages/turtle_actionlib/__init__.py)
Symlinking /Users/jaymingwong/Documents/code/ros-install-osx/kinetic_desktop_full_ws/devel/lib/python2.7/site-packages/turtle_actionlib/__init__.pyc
Linked: (/Users/jaymingwong/Documents/code/ros-install-osx/kinetic_desktop_full_ws/devel/.private/turtle_actionlib/lib/python2.7/site-packages/turtle_actionlib/msg/__init__.py, /Users/jaymingwong/Documents/code/ros-install-osx/kinetic_desktop_full_ws/devel/lib/python2.7/site-packages/turtle_actionlib/msg/__init__.py)
Symlinking /Users/jaymingwong/Documents/code/ros-install-osx/kinetic_desktop_full_ws/devel/lib/python2.7/site-packages/turtle_actionlib/msg/__init__.pyc
Linked: (/Users/jaymingwong/Documents/code/ros-install-osx/kinetic_desktop_full_ws/devel/.private/turtle_actionlib/lib/python2.7/site-packages/turtle_actionlib/msg/_ShapeAction.py, /Users/jaymingwong/Documents/code/ros-install-osx/kinetic_desktop_full_ws/devel/lib/python2.7/site-packages/turtle_actionlib/msg/_ShapeAction.py)
Symlinking /Users/jaymingwong/Documents/code/ros-install-osx/kinetic_desktop_full_ws/devel/lib/python2.7/site-packages/turtle_actionlib/msg/_ShapeAction.pyc
Linked: (/Users/jaymingwong/Documents/code/ros-install-osx/kinetic_desktop_full_ws/devel/.private/turtle_actionlib/lib/python2.7/site-packages/turtle_actionlib/msg/_ShapeActionFeedback.py, /Users/jaymingwong/Documents/code/ros-install-osx/kinetic_desktop_full_ws/devel/lib/python2.7/site-packages/turtle_actionlib/msg/_ShapeActionFeedback.py)
Symlinking /Users/jaymingwong/Documents/code/ros-install-osx/kinetic_desktop_full_ws/devel/lib/python2.7/site-packages/turtle_actionlib/msg/_ShapeActionFeedback.pyc
Linked: (/Users/jaymingwong/Documents/code/ros-install-osx/kinetic_desktop_full_ws/devel/.private/turtle_actionlib/lib/python2.7/site-packages/turtle_actionlib/msg/_ShapeActionGoal.py, /Users/jaymingwong/Documents/code/ros-install-osx/kinetic_desktop_full_ws/devel/lib/python2.7/site-packages/turtle_actionlib/msg/_ShapeActionGoal.py)
Symlinking /Users/jaymingwong/Documents/code/ros-install-osx/kinetic_desktop_full_ws/devel/lib/python2.7/site-packages/turtle_actionlib/msg/_ShapeActionGoal.pyc
Linked: (/Users/jaymingwong/Documents/code/ros-install-osx/kinetic_desktop_full_ws/devel/.private/turtle_actionlib/lib/python2.7/site-packages/turtle_actionlib/msg/_ShapeActionResult.py, /Users/jaymingwong/Documents/code/ros-install-osx/kinetic_desktop_full_ws/devel/lib/python2.7/site-packages/turtle_actionlib/msg/_ShapeActionResult.py)
Symlinking /Users/jaymingwong/Documents/code/ros-install-osx/kinetic_desktop_full_ws/devel/lib/python2.7/site-packages/turtle_actionlib/msg/_ShapeActionResult.pyc
Linked: (/Users/jaymingwong/Documents/code/ros-install-osx/kinetic_desktop_full_ws/devel/.private/turtle_actionlib/lib/python2.7/site-packages/turtle_actionlib/msg/_ShapeFeedback.py, /Users/jaymingwong/Documents/code/ros-install-osx/kinetic_desktop_full_ws/devel/lib/python2.7/site-packages/turtle_actionlib/msg/_ShapeFeedback.py)
Symlinking /Users/jaymingwong/Documents/code/ros-install-osx/kinetic_desktop_full_ws/devel/lib/python2.7/site-packages/turtle_actionlib/msg/_ShapeFeedback.pyc
Linked: (/Users/jaymingwong/Documents/code/ros-install-osx/kinetic_desktop_full_ws/devel/.private/turtle_actionlib/lib/python2.7/site-packages/turtle_actionlib/msg/_ShapeGoal.py, /Users/jaymingwong/Documents/code/ros-install-osx/kinetic_desktop_full_ws/devel/lib/python2.7/site-packages/turtle_actionlib/msg/_ShapeGoal.py)
Symlinking /Users/jaymingwong/Documents/code/ros-install-osx/kinetic_desktop_full_ws/devel/lib/python2.7/site-packages/turtle_actionlib/msg/_ShapeGoal.pyc
Linked: (/Users/jaymingwong/Documents/code/ros-install-osx/kinetic_desktop_full_ws/devel/.private/turtle_actionlib/lib/python2.7/site-packages/turtle_actionlib/msg/_ShapeResult.py, /Users/jaymingwong/Documents/code/ros-install-osx/kinetic_desktop_full_ws/devel/lib/python2.7/site-packages/turtle_actionlib/msg/_ShapeResult.py)
Symlinking /Users/jaymingwong/Documents/code/ros-install-osx/kinetic_desktop_full_ws/devel/lib/python2.7/site-packages/turtle_actionlib/msg/_ShapeResult.pyc
Linked: (/Users/jaymingwong/Documents/code/ros-install-osx/kinetic_desktop_full_ws/devel/.private/turtle_actionlib/lib/python2.7/site-packages/turtle_actionlib/msg/_Velocity.py, /Users/jaymingwong/Documents/code/ros-install-osx/kinetic_desktop_full_ws/devel/lib/python2.7/site-packages/turtle_actionlib/msg/_Velocity.py)
Symlinking /Users/jaymingwong/Documents/code/ros-install-osx/kinetic_desktop_full_ws/devel/lib/python2.7/site-packages/turtle_actionlib/msg/_Velocity.pyc
Linked: (/Users/jaymingwong/Documents/code/ros-install-osx/kinetic_desktop_full_ws/devel/.private/turtle_actionlib/lib/turtle_actionlib/shape_client, /Users/jaymingwong/Documents/code/ros-install-osx/kinetic_desktop_full_ws/devel/lib/turtle_actionlib/shape_client)
Linked: (/Users/jaymingwong/Documents/code/ros-install-osx/kinetic_desktop_full_ws/devel/.private/turtle_actionlib/lib/turtle_actionlib/shape_server, /Users/jaymingwong/Documents/code/ros-install-osx/kinetic_desktop_full_ws/devel/lib/turtle_actionlib/shape_server)
Linked: (/Users/jaymingwong/Documents/code/ros-install-osx/kinetic_desktop_full_ws/devel/.private/turtle_actionlib/share/common-lisp/ros/turtle_actionlib/msg/_package.lisp, /Users/jaymingwong/Documents/code/ros-install-osx/kinetic_desktop_full_ws/devel/share/common-lisp/ros/turtle_actionlib/msg/_package.lisp)
Linked: (/Users/jaymingwong/Documents/code/ros-install-osx/kinetic_desktop_full_ws/devel/.private/turtle_actionlib/share/common-lisp/ros/turtle_actionlib/msg/_package_ShapeAction.lisp, /Users/jaymingwong/Documents/code/ros-install-osx/kinetic_desktop_full_ws/devel/share/common-lisp/ros/turtle_actionlib/msg/_package_ShapeAction.lisp)
Linked: (/Users/jaymingwong/Documents/code/ros-install-osx/kinetic_desktop_full_ws/devel/.private/turtle_actionlib/share/common-lisp/ros/turtle_actionlib/msg/_package_ShapeActionFeedback.lisp, /Users/jaymingwong/Documents/code/ros-install-osx/kinetic_desktop_full_ws/devel/share/common-lisp/ros/turtle_actionlib/msg/_package_ShapeActionFeedback.lisp)
Linked: (/Users/jaymingwong/Documents/code/ros-install-osx/kinetic_desktop_full_ws/devel/.private/turtle_actionlib/share/common-lisp/ros/turtle_actionlib/msg/_package_ShapeActionGoal.lisp, /Users/jaymingwong/Documents/code/ros-install-osx/kinetic_desktop_full_ws/devel/share/common-lisp/ros/turtle_actionlib/msg/_package_ShapeActionGoal.lisp)
Linked: (/Users/jaymingwong/Documents/code/ros-install-osx/kinetic_desktop_full_ws/devel/.private/turtle_actionlib/share/common-lisp/ros/turtle_actionlib/msg/_package_ShapeActionResult.lisp, /Users/jaymingwong/Documents/code/ros-install-osx/kinetic_desktop_full_ws/devel/share/common-lisp/ros/turtle_actionlib/msg/_package_ShapeActionResult.lisp)
Linked: (/Users/jaymingwong/Documents/code/ros-install-osx/kinetic_desktop_full_ws/devel/.private/turtle_actionlib/share/common-lisp/ros/turtle_actionlib/msg/_package_ShapeFeedback.lisp, /Users/jaymingwong/Documents/code/ros-install-osx/kinetic_desktop_full_ws/devel/share/common-lisp/ros/turtle_actionlib/msg/_package_ShapeFeedback.lisp)
Linked: (/Users/jaymingwong/Documents/code/ros-install-osx/kinetic_desktop_full_ws/devel/.private/turtle_actionlib/share/common-lisp/ros/turtle_actionlib/msg/_package_ShapeGoal.lisp, /Users/jaymingwong/Documents/code/ros-install-osx/kinetic_desktop_full_ws/devel/share/common-lisp/ros/turtle_actionlib/msg/_package_ShapeGoal.lisp)
Linked: (/Users/jaymingwong/Documents/code/ros-install-osx/kinetic_desktop_full_ws/devel/.private/turtle_actionlib/share/common-lisp/ros/turtle_actionlib/msg/_package_ShapeResult.lisp, /Users/jaymingwong/Documents/code/ros-install-osx/kinetic_desktop_full_ws/devel/share/common-lisp/ros/turtle_actionlib/msg/_package_ShapeResult.lisp)
Linked: (/Users/jaymingwong/Documents/code/ros-install-osx/kinetic_desktop_full_ws/devel/.private/turtle_actionlib/share/common-lisp/ros/turtle_actionlib/msg/_package_Velocity.lisp, /Users/jaymingwong/Documents/code/ros-install-osx/kinetic_desktop_full_ws/devel/share/common-lisp/ros/turtle_actionlib/msg/_package_Velocity.lisp)
Linked: (/Users/jaymingwong/Documents/code/ros-install-osx/kinetic_desktop_full_ws/devel/.private/turtle_actionlib/share/common-lisp/ros/turtle_actionlib/msg/ShapeAction.lisp, /Users/jaymingwong/Documents/code/ros-install-osx/kinetic_desktop_full_ws/devel/share/common-lisp/ros/turtle_actionlib/msg/ShapeAction.lisp)
Linked: (/Users/jaymingwong/Documents/code/ros-install-osx/kinetic_desktop_full_ws/devel/.private/turtle_actionlib/share/common-lisp/ros/turtle_actionlib/msg/ShapeActionFeedback.lisp, /Users/jaymingwong/Documents/code/ros-install-osx/kinetic_desktop_full_ws/devel/share/common-lisp/ros/turtle_actionlib/msg/ShapeActionFeedback.lisp)
Linked: (/Users/jaymingwong/Documents/code/ros-install-osx/kinetic_desktop_full_ws/devel/.private/turtle_actionlib/share/common-lisp/ros/turtle_actionlib/msg/ShapeActionGoal.lisp, /Users/jaymingwong/Documents/code/ros-install-osx/kinetic_desktop_full_ws/devel/share/common-lisp/ros/turtle_actionlib/msg/ShapeActionGoal.lisp)
Linked: (/Users/jaymingwong/Documents/code/ros-install-osx/kinetic_desktop_full_ws/devel/.private/turtle_actionlib/share/common-lisp/ros/turtle_actionlib/msg/ShapeActionResult.lisp, /Users/jaymingwong/Documents/code/ros-install-osx/kinetic_desktop_full_ws/devel/share/common-lisp/ros/turtle_actionlib/msg/ShapeActionResult.lisp)
Linked: (/Users/jaymingwong/Documents/code/ros-install-osx/kinetic_desktop_full_ws/devel/.private/turtle_actionlib/share/common-lisp/ros/turtle_actionlib/msg/ShapeFeedback.lisp, /Users/jaymingwong/Documents/code/ros-install-osx/kinetic_desktop_full_ws/devel/share/common-lisp/ros/turtle_actionlib/msg/ShapeFeedback.lisp)
Linked: (/Users/jaymingwong/Documents/code/ros-install-osx/kinetic_desktop_full_ws/devel/.private/turtle_actionlib/share/common-lisp/ros/turtle_actionlib/msg/ShapeGoal.lisp, /Users/jaymingwong/Documents/code/ros-install-osx/kinetic_desktop_full_ws/devel/share/common-lisp/ros/turtle_actionlib/msg/ShapeGoal.lisp)
Linked: (/Users/jaymingwong/Documents/code/ros-install-osx/kinetic_desktop_full_ws/devel/.private/turtle_actionlib/share/common-lisp/ros/turtle_actionlib/msg/ShapeResult.lisp, /Users/jaymingwong/Documents/code/ros-install-osx/kinetic_desktop_full_ws/devel/share/common-lisp/ros/turtle_actionlib/msg/ShapeResult.lisp)
Linked: (/Users/jaymingwong/Documents/code/ros-install-osx/kinetic_desktop_full_ws/devel/.private/turtle_actionlib/share/common-lisp/ros/turtle_actionlib/msg/turtle_actionlib-msg.asd, /Users/jaymingwong/Documents/code/ros-install-osx/kinetic_desktop_full_ws/devel/share/common-lisp/ros/turtle_actionlib/msg/turtle_actionlib-msg.asd)
Linked: (/Users/jaymingwong/Documents/code/ros-install-osx/kinetic_desktop_full_ws/devel/.private/turtle_actionlib/share/common-lisp/ros/turtle_actionlib/msg/Velocity.lisp, /Users/jaymingwong/Documents/code/ros-install-osx/kinetic_desktop_full_ws/devel/share/common-lisp/ros/turtle_actionlib/msg/Velocity.lisp)
Linked: (/Users/jaymingwong/Documents/code/ros-install-osx/kinetic_desktop_full_ws/devel/.private/turtle_actionlib/share/gennodejs/ros/turtle_actionlib/_index.js, /Users/jaymingwong/Documents/code/ros-install-osx/kinetic_desktop_full_ws/devel/share/gennodejs/ros/turtle_actionlib/_index.js)
Linked: (/Users/jaymingwong/Documents/code/ros-install-osx/kinetic_desktop_full_ws/devel/.private/turtle_actionlib/share/gennodejs/ros/turtle_actionlib/msg/_index.js, /Users/jaymingwong/Documents/code/ros-install-osx/kinetic_desktop_full_ws/devel/share/gennodejs/ros/turtle_actionlib/msg/_index.js)
Linked: (/Users/jaymingwong/Documents/code/ros-install-osx/kinetic_desktop_full_ws/devel/.private/turtle_actionlib/share/gennodejs/ros/turtle_actionlib/msg/ShapeAction.js, /Users/jaymingwong/Documents/code/ros-install-osx/kinetic_desktop_full_ws/devel/share/gennodejs/ros/turtle_actionlib/msg/ShapeAction.js)
Linked: (/Users/jaymingwong/Documents/code/ros-install-osx/kinetic_desktop_full_ws/devel/.private/turtle_actionlib/share/gennodejs/ros/turtle_actionlib/msg/ShapeActionFeedback.js, /Users/jaymingwong/Documents/code/ros-install-osx/kinetic_desktop_full_ws/devel/share/gennodejs/ros/turtle_actionlib/msg/ShapeActionFeedback.js)
Linked: (/Users/jaymingwong/Documents/code/ros-install-osx/kinetic_desktop_full_ws/devel/.private/turtle_actionlib/share/gennodejs/ros/turtle_actionlib/msg/ShapeActionGoal.js, /Users/jaymingwong/Documents/code/ros-install-osx/kinetic_desktop_full_ws/devel/share/gennodejs/ros/turtle_actionlib/msg/ShapeActionGoal.js)
Linked: (/Users/jaymingwong/Documents/code/ros-install-osx/kinetic_desktop_full_ws/devel/.private/turtle_actionlib/share/gennodejs/ros/turtle_actionlib/msg/ShapeActionResult.js, /Users/jaymingwong/Documents/code/ros-install-osx/kinetic_desktop_full_ws/devel/share/gennodejs/ros/turtle_actionlib/msg/ShapeActionResult.js)
Linked: (/Users/jaymingwong/Documents/code/ros-install-osx/kinetic_desktop_full_ws/devel/.private/turtle_actionlib/share/gennodejs/ros/turtle_actionlib/msg/ShapeFeedback.js, /Users/jaymingwong/Documents/code/ros-install-osx/kinetic_desktop_full_ws/devel/share/gennodejs/ros/turtle_actionlib/msg/ShapeFeedback.js)
Linked: (/Users/jaymingwong/Documents/code/ros-install-osx/kinetic_desktop_full_ws/devel/.private/turtle_actionlib/share/gennodejs/ros/turtle_actionlib/msg/ShapeGoal.js, /Users/jaymingwong/Documents/code/ros-install-osx/kinetic_desktop_full_ws/devel/share/gennodejs/ros/turtle_actionlib/msg/ShapeGoal.js)
Linked: (/Users/jaymingwong/Documents/code/ros-install-osx/kinetic_desktop_full_ws/devel/.private/turtle_actionlib/share/gennodejs/ros/turtle_actionlib/msg/ShapeResult.js, /Users/jaymingwong/Documents/code/ros-install-osx/kinetic_desktop_full_ws/devel/share/gennodejs/ros/turtle_actionlib/msg/ShapeResult.js)
Linked: (/Users/jaymingwong/Documents/code/ros-install-osx/kinetic_desktop_full_ws/devel/.private/turtle_actionlib/share/gennodejs/ros/turtle_actionlib/msg/Velocity.js, /Users/jaymingwong/Documents/code/ros-install-osx/kinetic_desktop_full_ws/devel/share/gennodejs/ros/turtle_actionlib/msg/Velocity.js)
Linked: (/Users/jaymingwong/Documents/code/ros-install-osx/kinetic_desktop_full_ws/devel/.private/turtle_actionlib/share/roseus/ros/turtle_actionlib/manifest.l, /Users/jaymingwong/Documents/code/ros-install-osx/kinetic_desktop_full_ws/devel/share/roseus/ros/turtle_actionlib/manifest.l)
Linked: (/Users/jaymingwong/Documents/code/ros-install-osx/kinetic_desktop_full_ws/devel/.private/turtle_actionlib/share/roseus/ros/turtle_actionlib/msg/ShapeAction.l, /Users/jaymingwong/Documents/code/ros-install-osx/kinetic_desktop_full_ws/devel/share/roseus/ros/turtle_actionlib/msg/ShapeAction.l)
Linked: (/Users/jaymingwong/Documents/code/ros-install-osx/kinetic_desktop_full_ws/devel/.private/turtle_actionlib/share/roseus/ros/turtle_actionlib/msg/ShapeActionFeedback.l, /Users/jaymingwong/Documents/code/ros-install-osx/kinetic_desktop_full_ws/devel/share/roseus/ros/turtle_actionlib/msg/ShapeActionFeedback.l)
Linked: (/Users/jaymingwong/Documents/code/ros-install-osx/kinetic_desktop_full_ws/devel/.private/turtle_actionlib/share/roseus/ros/turtle_actionlib/msg/ShapeActionGoal.l, /Users/jaymingwong/Documents/code/ros-install-osx/kinetic_desktop_full_ws/devel/share/roseus/ros/turtle_actionlib/msg/ShapeActionGoal.l)
Linked: (/Users/jaymingwong/Documents/code/ros-install-osx/kinetic_desktop_full_ws/devel/.private/turtle_actionlib/share/roseus/ros/turtle_actionlib/msg/ShapeActionResult.l, /Users/jaymingwong/Documents/code/ros-install-osx/kinetic_desktop_full_ws/devel/share/roseus/ros/turtle_actionlib/msg/ShapeActionResult.l)
Linked: (/Users/jaymingwong/Documents/code/ros-install-osx/kinetic_desktop_full_ws/devel/.private/turtle_actionlib/share/roseus/ros/turtle_actionlib/msg/ShapeFeedback.l, /Users/jaymingwong/Documents/code/ros-install-osx/kinetic_desktop_full_ws/devel/share/roseus/ros/turtle_actionlib/msg/ShapeFeedback.l)
Linked: (/Users/jaymingwong/Documents/code/ros-install-osx/kinetic_desktop_full_ws/devel/.private/turtle_actionlib/share/roseus/ros/turtle_actionlib/msg/ShapeGoal.l, /Users/jaymingwong/Documents/code/ros-install-osx/kinetic_desktop_full_ws/devel/share/roseus/ros/turtle_actionlib/msg/ShapeGoal.l)
Linked: (/Users/jaymingwong/Documents/code/ros-install-osx/kinetic_desktop_full_ws/devel/.private/turtle_actionlib/share/roseus/ros/turtle_actionlib/msg/ShapeResult.l, /Users/jaymingwong/Documents/code/ros-install-osx/kinetic_desktop_full_ws/devel/share/roseus/ros/turtle_actionlib/msg/ShapeResult.l)
Linked: (/Users/jaymingwong/Documents/code/ros-install-osx/kinetic_desktop_full_ws/devel/.private/turtle_actionlib/share/roseus/ros/turtle_actionlib/msg/Velocity.l, /Users/jaymingwong/Documents/code/ros-install-osx/kinetic_desktop_full_ws/devel/share/roseus/ros/turtle_actionlib/msg/Velocity.l)
Linked: (/Users/jaymingwong/Documents/code/ros-install-osx/kinetic_desktop_full_ws/devel/.private/turtle_actionlib/share/turtle_actionlib/cmake/turtle_actionlib-msg-extras.cmake, /Users/jaymingwong/Documents/code/ros-install-osx/kinetic_desktop_full_ws/devel/share/turtle_actionlib/cmake/turtle_actionlib-msg-extras.cmake)
Linked: (/Users/jaymingwong/Documents/code/ros-install-osx/kinetic_desktop_full_ws/devel/.private/turtle_actionlib/share/turtle_actionlib/cmake/turtle_actionlib-msg-paths.cmake, /Users/jaymingwong/Documents/code/ros-install-osx/kinetic_desktop_full_ws/devel/share/turtle_actionlib/cmake/turtle_actionlib-msg-paths.cmake)
Linked: (/Users/jaymingwong/Documents/code/ros-install-osx/kinetic_desktop_full_ws/devel/.private/turtle_actionlib/share/turtle_actionlib/cmake/turtle_actionlibConfig-version.cmake, /Users/jaymingwong/Documents/code/ros-install-osx/kinetic_desktop_full_ws/devel/share/turtle_actionlib/cmake/turtle_actionlibConfig-version.cmake)
Linked: (/Users/jaymingwong/Documents/code/ros-install-osx/kinetic_desktop_full_ws/devel/.private/turtle_actionlib/share/turtle_actionlib/cmake/turtle_actionlibConfig.cmake, /Users/jaymingwong/Documents/code/ros-install-osx/kinetic_desktop_full_ws/devel/share/turtle_actionlib/cmake/turtle_actionlibConfig.cmake)
Linked: (/Users/jaymingwong/Documents/code/ros-install-osx/kinetic_desktop_full_ws/devel/.private/turtle_actionlib/share/turtle_actionlib/msg/ShapeAction.msg, /Users/jaymingwong/Documents/code/ros-install-osx/kinetic_desktop_full_ws/devel/share/turtle_actionlib/msg/ShapeAction.msg)
Linked: (/Users/jaymingwong/Documents/code/ros-install-osx/kinetic_desktop_full_ws/devel/.private/turtle_actionlib/share/turtle_actionlib/msg/ShapeActionFeedback.msg, /Users/jaymingwong/Documents/code/ros-install-osx/kinetic_desktop_full_ws/devel/share/turtle_actionlib/msg/ShapeActionFeedback.msg)
Linked: (/Users/jaymingwong/Documents/code/ros-install-osx/kinetic_desktop_full_ws/devel/.private/turtle_actionlib/share/turtle_actionlib/msg/ShapeActionGoal.msg, /Users/jaymingwong/Documents/code/ros-install-osx/kinetic_desktop_full_ws/devel/share/turtle_actionlib/msg/ShapeActionGoal.msg)
Linked: (/Users/jaymingwong/Documents/code/ros-install-osx/kinetic_desktop_full_ws/devel/.private/turtle_actionlib/share/turtle_actionlib/msg/ShapeActionResult.msg, /Users/jaymingwong/Documents/code/ros-install-osx/kinetic_desktop_full_ws/devel/share/turtle_actionlib/msg/ShapeActionResult.msg)
Linked: (/Users/jaymingwong/Documents/code/ros-install-osx/kinetic_desktop_full_ws/devel/.private/turtle_actionlib/share/turtle_actionlib/msg/ShapeFeedback.msg, /Users/jaymingwong/Documents/code/ros-install-osx/kinetic_desktop_full_ws/devel/share/turtle_actionlib/msg/ShapeFeedback.msg)
Linked: (/Users/jaymingwong/Documents/code/ros-install-osx/kinetic_desktop_full_ws/devel/.private/turtle_actionlib/share/turtle_actionlib/msg/ShapeGoal.msg, /Users/jaymingwong/Documents/code/ros-install-osx/kinetic_desktop_full_ws/devel/share/turtle_actionlib/msg/ShapeGoal.msg)
Linked: (/Users/jaymingwong/Documents/code/ros-install-osx/kinetic_desktop_full_ws/devel/.private/turtle_actionlib/share/turtle_actionlib/msg/ShapeResult.msg, /Users/jaymingwong/Documents/code/ros-install-osx/kinetic_desktop_full_ws/devel/share/turtle_actionlib/msg/ShapeResult.msg)
