[  0%] Built target rosgraph_msgs_generate_messages_lisp
[  0%] Built target _turtle_actionlib_generate_messages_check_deps_Velocity
[  0%] Built target _turtle_actionlib_generate_messages_check_deps_ShapeActionResult
[  0%] Built target _turtle_actionlib_generate_messages_check_deps_ShapeGoal
[  0%] Built target _turtle_actionlib_generate_messages_check_deps_ShapeActionGoal
[  0%] Built target _turtle_actionlib_generate_messages_check_deps_ShapeFeedback
[  0%] Built target _turtle_actionlib_generate_messages_check_deps_ShapeResult
[  0%] Built target _turtle_actionlib_generate_messages_check_deps_ShapeActionFeedback
[  0%] Built target _turtle_actionlib_generate_messages_check_deps_ShapeAction
[  0%] Built target std_msgs_generate_messages_eus
[  0%] Built target actionlib_msgs_generate_messages_eus
[  0%] Built target actionlib_msgs_generate_messages_nodejs
[  0%] Built target std_msgs_generate_messages_nodejs
[  0%] Built target std_msgs_generate_messages_cpp
[  0%] Built target actionlib_msgs_generate_messages_cpp
[  0%] Built target actionlib_msgs_generate_messages_lisp
[  0%] Built target std_srvs_generate_messages_lisp
[  0%] Built target roscpp_generate_messages_py
[  0%] Built target std_srvs_generate_messages_eus
[  0%] Built target std_srvs_generate_messages_py
[  0%] Built target std_srvs_generate_messages_cpp
[  0%] Built target geometry_msgs_generate_messages_nodejs
[  0%] Built target actionlib_msgs_generate_messages_py
[  0%] Built target geometry_msgs_generate_messages_lisp
[  0%] Built target turtlesim_generate_messages_eus
[  0%] Built target turtlesim_generate_messages_cpp
[  0%] Built target rosgraph_msgs_generate_messages_py
[  0%] Built target rosgraph_msgs_generate_messages_nodejs
[  0%] Built target turtlesim_generate_messages_py
[  0%] Built target rosgraph_msgs_generate_messages_eus
[  0%] Built target roscpp_generate_messages_nodejs
[  0%] Built target geometry_msgs_generate_messages_cpp
[  0%] Built target roscpp_generate_messages_lisp
[  0%] Built target actionlib_generate_messages_lisp
[  0%] Built target roscpp_generate_messages_eus
[  0%] Built target std_msgs_generate_messages_py
[  0%] Built target roscpp_generate_messages_cpp
[  0%] Built target _catkin_empty_exported_target
[  0%] Built target std_msgs_generate_messages_lisp
[  0%] Built target actionlib_generate_messages_nodejs
[ 17%] Built target turtle_actionlib_generate_messages_lisp
[ 17%] Built target turtlesim_generate_messages_lisp
[ 17%] Built target actionlib_generate_messages_cpp
[ 17%] Built target geometry_msgs_generate_messages_eus
[ 17%] Built target actionlib_generate_messages_py
[ 17%] Built target std_srvs_generate_messages_nodejs
[ 17%] Built target turtlesim_generate_messages_nodejs
[ 17%] Built target rosgraph_msgs_generate_messages_cpp
[ 17%] Built target actionlib_generate_messages_eus
[ 17%] Built target geometry_msgs_generate_messages_py
[ 36%] Built target turtle_actionlib_generate_messages_eus
[ 54%] Built target turtle_actionlib_generate_messages_nodejs
[ 71%] Built target turtle_actionlib_generate_messages_cpp
[ 91%] Built target turtle_actionlib_generate_messages_py
[ 93%] [32m[1mLinking CXX executable /Users/jaymingwong/Documents/code/ros-install-osx/kinetic_desktop_full_ws/devel/.private/turtle_actionlib/lib/turtle_actionlib/shape_client[0m
[ 95%] Built target shape_client
[ 97%] [32m[1mLinking CXX executable /Users/jaymingwong/Documents/code/ros-install-osx/kinetic_desktop_full_ws/devel/.private/turtle_actionlib/lib/turtle_actionlib/shape_server[0m
[100%] Built target shape_server
[100%] Built target turtle_actionlib_generate_messages
