[35m[1mScanning dependencies of target rosgraph_msgs_generate_messages_lisp[0m
[  0%] Built target rosgraph_msgs_generate_messages_lisp
[35m[1mScanning dependencies of target _turtle_actionlib_generate_messages_check_deps_Velocity[0m
[  0%] Built target _turtle_actionlib_generate_messages_check_deps_Velocity
[35m[1mScanning dependencies of target _turtle_actionlib_generate_messages_check_deps_ShapeActionResult[0m
[  0%] Built target _turtle_actionlib_generate_messages_check_deps_ShapeActionResult
[35m[1mScanning dependencies of target _turtle_actionlib_generate_messages_check_deps_ShapeGoal[0m
[  0%] Built target _turtle_actionlib_generate_messages_check_deps_ShapeGoal
[35m[1mScanning dependencies of target _turtle_actionlib_generate_messages_check_deps_ShapeActionGoal[0m
[  0%] Built target _turtle_actionlib_generate_messages_check_deps_ShapeActionGoal
[35m[1mScanning dependencies of target _turtle_actionlib_generate_messages_check_deps_ShapeFeedback[0m
[  0%] Built target _turtle_actionlib_generate_messages_check_deps_ShapeFeedback
[35m[1mScanning dependencies of target _turtle_actionlib_generate_messages_check_deps_ShapeResult[0m
[  0%] Built target _turtle_actionlib_generate_messages_check_deps_ShapeResult
[35m[1mScanning dependencies of target _turtle_actionlib_generate_messages_check_deps_ShapeActionFeedback[0m
[  0%] Built target _turtle_actionlib_generate_messages_check_deps_ShapeActionFeedback
[35m[1mScanning dependencies of target _turtle_actionlib_generate_messages_check_deps_ShapeAction[0m
[  0%] Built target _turtle_actionlib_generate_messages_check_deps_ShapeAction
[35m[1mScanning dependencies of target std_msgs_generate_messages_eus[0m
[  0%] Built target std_msgs_generate_messages_eus
[35m[1mScanning dependencies of target actionlib_msgs_generate_messages_eus[0m
[  0%] Built target actionlib_msgs_generate_messages_eus
[35m[1mScanning dependencies of target actionlib_msgs_generate_messages_nodejs[0m
[  0%] Built target actionlib_msgs_generate_messages_nodejs
[35m[1mScanning dependencies of target std_msgs_generate_messages_nodejs[0m
[  0%] Built target std_msgs_generate_messages_nodejs
[35m[1mScanning dependencies of target std_msgs_generate_messages_cpp[0m
[  0%] Built target std_msgs_generate_messages_cpp
[35m[1mScanning dependencies of target actionlib_msgs_generate_messages_cpp[0m
[  0%] Built target actionlib_msgs_generate_messages_cpp
[35m[1mScanning dependencies of target actionlib_msgs_generate_messages_lisp[0m
[  0%] Built target actionlib_msgs_generate_messages_lisp
[35m[1mScanning dependencies of target std_srvs_generate_messages_lisp[0m
[  0%] Built target std_srvs_generate_messages_lisp
[35m[1mScanning dependencies of target roscpp_generate_messages_py[0m
[  0%] Built target roscpp_generate_messages_py
[35m[1mScanning dependencies of target std_srvs_generate_messages_eus[0m
[  0%] Built target std_srvs_generate_messages_eus
[35m[1mScanning dependencies of target std_srvs_generate_messages_py[0m
[  0%] Built target std_srvs_generate_messages_py
[35m[1mScanning dependencies of target std_srvs_generate_messages_cpp[0m
[  0%] Built target std_srvs_generate_messages_cpp
[35m[1mScanning dependencies of target geometry_msgs_generate_messages_nodejs[0m
[  0%] Built target geometry_msgs_generate_messages_nodejs
[35m[1mScanning dependencies of target actionlib_msgs_generate_messages_py[0m
[  0%] Built target actionlib_msgs_generate_messages_py
[35m[1mScanning dependencies of target geometry_msgs_generate_messages_lisp[0m
[  0%] Built target geometry_msgs_generate_messages_lisp
[35m[1mScanning dependencies of target turtlesim_generate_messages_eus[0m
[  0%] Built target turtlesim_generate_messages_eus
[35m[1mScanning dependencies of target turtlesim_generate_messages_cpp[0m
[  0%] Built target turtlesim_generate_messages_cpp
[35m[1mScanning dependencies of target rosgraph_msgs_generate_messages_py[0m
[  0%] Built target rosgraph_msgs_generate_messages_py
[35m[1mScanning dependencies of target rosgraph_msgs_generate_messages_nodejs[0m
[35m[1mScanning dependencies of target turtlesim_generate_messages_py[0m
[  0%] Built target rosgraph_msgs_generate_messages_nodejs
[  0%] Built target turtlesim_generate_messages_py
[35m[1mScanning dependencies of target rosgraph_msgs_generate_messages_eus[0m
[  0%] Built target rosgraph_msgs_generate_messages_eus
[35m[1mScanning dependencies of target roscpp_generate_messages_nodejs[0m
[35m[1mScanning dependencies of target geometry_msgs_generate_messages_cpp[0m
[  0%] Built target roscpp_generate_messages_nodejs
[  0%] Built target geometry_msgs_generate_messages_cpp
[35m[1mScanning dependencies of target roscpp_generate_messages_lisp[0m
[  0%] Built target roscpp_generate_messages_lisp
[35m[1mScanning dependencies of target actionlib_generate_messages_lisp[0m
[  0%] Built target actionlib_generate_messages_lisp
[35m[1mScanning dependencies of target roscpp_generate_messages_eus[0m
[35m[1mScanning dependencies of target std_msgs_generate_messages_py[0m
[  0%] Built target roscpp_generate_messages_eus
[  0%] Built target std_msgs_generate_messages_py
[35m[1mScanning dependencies of target roscpp_generate_messages_cpp[0m
[35m[1mScanning dependencies of target _catkin_empty_exported_target[0m
[  0%] Built target roscpp_generate_messages_cpp
[  0%] Built target _catkin_empty_exported_target
[35m[1mScanning dependencies of target std_msgs_generate_messages_lisp[0m
[  0%] Built target std_msgs_generate_messages_lisp
[35m[1mScanning dependencies of target actionlib_generate_messages_nodejs[0m
[35m[1mScanning dependencies of target turtlesim_generate_messages_lisp[0m
[  0%] Built target actionlib_generate_messages_nodejs
[  0%] Built target turtlesim_generate_messages_lisp
[35m[1mScanning dependencies of target actionlib_generate_messages_cpp[0m
[  0%] Built target actionlib_generate_messages_cpp
[35m[1mScanning dependencies of target geometry_msgs_generate_messages_eus[0m
[35m[1mScanning dependencies of target actionlib_generate_messages_py[0m
[  0%] Built target geometry_msgs_generate_messages_eus
[  0%] Built target actionlib_generate_messages_py
[35m[1mScanning dependencies of target std_srvs_generate_messages_nodejs[0m
[  0%] Built target std_srvs_generate_messages_nodejs
[35m[1mScanning dependencies of target turtlesim_generate_messages_nodejs[0m
[35m[1mScanning dependencies of target rosgraph_msgs_generate_messages_cpp[0m
[  0%] Built target turtlesim_generate_messages_nodejs
[  0%] Built target rosgraph_msgs_generate_messages_cpp
[35m[1mScanning dependencies of target actionlib_generate_messages_eus[0m
[  0%] Built target actionlib_generate_messages_eus
[35m[1mScanning dependencies of target geometry_msgs_generate_messages_py[0m
[35m[1mScanning dependencies of target turtle_actionlib_generate_messages_eus[0m
[  0%] Built target geometry_msgs_generate_messages_py
[  2%] [34m[1mGenerating EusLisp code from turtle_actionlib/ShapeAction.msg[0m
[35m[1mScanning dependencies of target turtle_actionlib_generate_messages_nodejs[0m
[  4%] [34m[1mGenerating Javascript code from turtle_actionlib/ShapeAction.msg[0m
[  6%] [34m[1mGenerating Javascript code from turtle_actionlib/ShapeActionFeedback.msg[0m
[  8%] [34m[1mGenerating EusLisp code from turtle_actionlib/ShapeActionFeedback.msg[0m
[ 10%] [34m[1mGenerating Javascript code from turtle_actionlib/ShapeResult.msg[0m
[ 13%] [34m[1mGenerating EusLisp code from turtle_actionlib/ShapeResult.msg[0m
[ 15%] [34m[1mGenerating Javascript code from turtle_actionlib/ShapeFeedback.msg[0m
[ 17%] [34m[1mGenerating Javascript code from turtle_actionlib/Velocity.msg[0m
[ 19%] [34m[1mGenerating EusLisp code from turtle_actionlib/ShapeFeedback.msg[0m
[ 21%] [34m[1mGenerating Javascript code from turtle_actionlib/ShapeGoal.msg[0m
[35m[1mScanning dependencies of target turtle_actionlib_generate_messages_cpp[0m
[ 23%] [34m[1mGenerating C++ code from turtle_actionlib/ShapeAction.msg[0m
[ 26%] [34m[1mGenerating EusLisp code from turtle_actionlib/Velocity.msg[0m
[ 28%] [34m[1mGenerating Javascript code from turtle_actionlib/ShapeActionGoal.msg[0m
[ 30%] [34m[1mGenerating Javascript code from turtle_actionlib/ShapeActionResult.msg[0m
[ 32%] [34m[1mGenerating EusLisp code from turtle_actionlib/ShapeGoal.msg[0m
[ 32%] Built target turtle_actionlib_generate_messages_nodejs
[ 34%] [34m[1mGenerating EusLisp code from turtle_actionlib/ShapeActionGoal.msg[0m
[ 36%] [34m[1mGenerating C++ code from turtle_actionlib/ShapeActionFeedback.msg[0m
[ 39%] [34m[1mGenerating EusLisp code from turtle_actionlib/ShapeActionResult.msg[0m
[ 41%] [34m[1mGenerating EusLisp manifest code for turtle_actionlib[0m
[ 43%] [34m[1mGenerating C++ code from turtle_actionlib/ShapeResult.msg[0m
[ 45%] [34m[1mGenerating C++ code from turtle_actionlib/ShapeFeedback.msg[0m
[ 47%] [34m[1mGenerating C++ code from turtle_actionlib/Velocity.msg[0m
[ 47%] Built target turtle_actionlib_generate_messages_eus
[ 50%] [34m[1mGenerating C++ code from turtle_actionlib/ShapeGoal.msg[0m
[ 52%] [34m[1mGenerating C++ code from turtle_actionlib/ShapeActionGoal.msg[0m
[35m[1mScanning dependencies of target turtle_actionlib_generate_messages_py[0m
[ 54%] [34m[1mGenerating Python from MSG turtle_actionlib/ShapeAction[0m
[ 56%] [34m[1mGenerating C++ code from turtle_actionlib/ShapeActionResult.msg[0m
[ 58%] [34m[1mGenerating Python from MSG turtle_actionlib/ShapeActionFeedback[0m
[ 60%] [34m[1mGenerating Python from MSG turtle_actionlib/ShapeResult[0m
[ 60%] Built target turtle_actionlib_generate_messages_cpp
[35m[1mScanning dependencies of target turtle_actionlib_generate_messages_lisp[0m
[ 63%] [34m[1mGenerating Lisp code from turtle_actionlib/ShapeAction.msg[0m
[ 65%] [34m[1mGenerating Lisp code from turtle_actionlib/ShapeActionFeedback.msg[0m
[ 67%] [34m[1mGenerating Python from MSG turtle_actionlib/ShapeFeedback[0m
[ 69%] [34m[1mGenerating Lisp code from turtle_actionlib/ShapeResult.msg[0m
[ 71%] [34m[1mGenerating Python from MSG turtle_actionlib/Velocity[0m
[ 73%] [34m[1mGenerating Lisp code from turtle_actionlib/ShapeFeedback.msg[0m
[ 78%] [34m[1mGenerating Lisp code from turtle_actionlib/Velocity.msg[0m
[ 78%] [34m[1mGenerating Python from MSG turtle_actionlib/ShapeGoal[0m
[ 80%] [34m[1mGenerating Lisp code from turtle_actionlib/ShapeGoal.msg[0m
[ 82%] [34m[1mGenerating Python from MSG turtle_actionlib/ShapeActionGoal[0m
[ 84%] [34m[1mGenerating Lisp code from turtle_actionlib/ShapeActionGoal.msg[0m
[ 86%] [34m[1mGenerating Python from MSG turtle_actionlib/ShapeActionResult[0m
[ 89%] [34m[1mGenerating Lisp code from turtle_actionlib/ShapeActionResult.msg[0m
[ 91%] [34m[1mGenerating Python msg __init__.py for turtle_actionlib[0m
[ 91%] Built target turtle_actionlib_generate_messages_lisp
[ 91%] Built target turtle_actionlib_generate_messages_py
[35m[1mScanning dependencies of target shape_client[0m
[ 93%] [32mBuilding CXX object CMakeFiles/shape_client.dir/src/shape_client.cpp.o[0m
[35m[1mScanning dependencies of target shape_server[0m
[ 95%] [32mBuilding CXX object CMakeFiles/shape_server.dir/src/shape_server.cpp.o[0m
[35m[1mScanning dependencies of target turtle_actionlib_generate_messages[0m
[ 95%] Built target turtle_actionlib_generate_messages
[ 97%] [32m[1mLinking CXX executable /Users/jaymingwong/Documents/code/ros-install-osx/kinetic_desktop_full_ws/devel/.private/turtle_actionlib/lib/turtle_actionlib/shape_client[0m
[ 97%] Built target shape_client
[100%] [32m[1mLinking CXX executable /Users/jaymingwong/Documents/code/ros-install-osx/kinetic_desktop_full_ws/devel/.private/turtle_actionlib/lib/turtle_actionlib/shape_server[0m
[100%] Built target shape_server
