[36mInstall the project...[0m
-- Install configuration: "Release"
-- Installing: /opt/ros/kinetic/_setup_util.py
-- Installing: /opt/ros/kinetic/env.sh
-- Installing: /opt/ros/kinetic/setup.bash
-- Installing: /opt/ros/kinetic/setup.sh
-- Installing: /opt/ros/kinetic/setup.zsh
-- Installing: /opt/ros/kinetic/.rosinstall
-- Installing: /opt/ros/kinetic/lib/pkgconfig/rqt_plot.pc
-- Installing: /opt/ros/kinetic/share/rqt_plot/cmake/rqt_plotConfig.cmake
-- Installing: /opt/ros/kinetic/share/rqt_plot/cmake/rqt_plotConfig-version.cmake
-- Installing: /opt/ros/kinetic/share/rqt_plot/package.xml
+ cd /Users/jaymingwong/Documents/code/ros-install-osx/kinetic_desktop_full_ws/src/rqt_plot
+ mkdir -p /opt/ros/kinetic/lib/python2.7/site-packages
+ /usr/bin/env PYTHONPATH=/opt/ros/kinetic/lib/python2.7/site-packages:/Users/jaymingwong/Documents/code/ros-install-osx/kinetic_desktop_full_ws/build/rqt_plot/lib/python2.7/site-packages:/opt/ros/kinetic/lib/python2.7/site-packages:/usr/local/lib/python2.7/site-packages/:/Users/jaymingwong/Documents/code/drake/build/lib/python2.7/site-packages/:/Users/jaymingwong/Documents/code/drake/build/lib/python2.7/dist-packages/:/Users/jaymingwong/Documents/code/wizard/externals/devina/devina/include/devina/lcm CATKIN_BINARY_DIR=/Users/jaymingwong/Documents/code/ros-install-osx/kinetic_desktop_full_ws/build/rqt_plot /usr/local/bin/python2 /Users/jaymingwong/Documents/code/ros-install-osx/kinetic_desktop_full_ws/src/rqt_plot/setup.py build --build-base /Users/jaymingwong/Documents/code/ros-install-osx/kinetic_desktop_full_ws/build/rqt_plot install --prefix=/opt/ros/kinetic --install-scripts=/opt/ros/kinetic/bin
running build
running build_py
creating /Users/jaymingwong/Documents/code/ros-install-osx/kinetic_desktop_full_ws/build/rqt_plot/lib
creating /Users/jaymingwong/Documents/code/ros-install-osx/kinetic_desktop_full_ws/build/rqt_plot/lib/rqt_plot
copying src/rqt_plot/__init__.py -> /Users/jaymingwong/Documents/code/ros-install-osx/kinetic_desktop_full_ws/build/rqt_plot/lib/rqt_plot
copying src/rqt_plot/plot.py -> /Users/jaymingwong/Documents/code/ros-install-osx/kinetic_desktop_full_ws/build/rqt_plot/lib/rqt_plot
copying src/rqt_plot/plot_widget.py -> /Users/jaymingwong/Documents/code/ros-install-osx/kinetic_desktop_full_ws/build/rqt_plot/lib/rqt_plot
copying src/rqt_plot/rosplot.py -> /Users/jaymingwong/Documents/code/ros-install-osx/kinetic_desktop_full_ws/build/rqt_plot/lib/rqt_plot
creating /Users/jaymingwong/Documents/code/ros-install-osx/kinetic_desktop_full_ws/build/rqt_plot/lib/rqt_plot/data_plot
copying src/rqt_plot/data_plot/__init__.py -> /Users/jaymingwong/Documents/code/ros-install-osx/kinetic_desktop_full_ws/build/rqt_plot/lib/rqt_plot/data_plot
copying src/rqt_plot/data_plot/mat_data_plot.py -> /Users/jaymingwong/Documents/code/ros-install-osx/kinetic_desktop_full_ws/build/rqt_plot/lib/rqt_plot/data_plot
copying src/rqt_plot/data_plot/pyqtgraph_data_plot.py -> /Users/jaymingwong/Documents/code/ros-install-osx/kinetic_desktop_full_ws/build/rqt_plot/lib/rqt_plot/data_plot
copying src/rqt_plot/data_plot/qwt_data_plot.py -> /Users/jaymingwong/Documents/code/ros-install-osx/kinetic_desktop_full_ws/build/rqt_plot/lib/rqt_plot/data_plot
running build_scripts
creating /Users/jaymingwong/Documents/code/ros-install-osx/kinetic_desktop_full_ws/build/rqt_plot/scripts-2.7
copying and adjusting scripts/rqt_plot -> /Users/jaymingwong/Documents/code/ros-install-osx/kinetic_desktop_full_ws/build/rqt_plot/scripts-2.7
changing mode of /Users/jaymingwong/Documents/code/ros-install-osx/kinetic_desktop_full_ws/build/rqt_plot/scripts-2.7/rqt_plot from 644 to 755
running install
running install_lib
creating /opt/ros/kinetic/lib/python2.7/site-packages/rqt_plot
copying /Users/jaymingwong/Documents/code/ros-install-osx/kinetic_desktop_full_ws/build/rqt_plot/lib/rqt_plot/__init__.py -> /opt/ros/kinetic/lib/python2.7/site-packages/rqt_plot
creating /opt/ros/kinetic/lib/python2.7/site-packages/rqt_plot/data_plot
copying /Users/jaymingwong/Documents/code/ros-install-osx/kinetic_desktop_full_ws/build/rqt_plot/lib/rqt_plot/data_plot/__init__.py -> /opt/ros/kinetic/lib/python2.7/site-packages/rqt_plot/data_plot
copying /Users/jaymingwong/Documents/code/ros-install-osx/kinetic_desktop_full_ws/build/rqt_plot/lib/rqt_plot/data_plot/mat_data_plot.py -> /opt/ros/kinetic/lib/python2.7/site-packages/rqt_plot/data_plot
copying /Users/jaymingwong/Documents/code/ros-install-osx/kinetic_desktop_full_ws/build/rqt_plot/lib/rqt_plot/data_plot/pyqtgraph_data_plot.py -> /opt/ros/kinetic/lib/python2.7/site-packages/rqt_plot/data_plot
copying /Users/jaymingwong/Documents/code/ros-install-osx/kinetic_desktop_full_ws/build/rqt_plot/lib/rqt_plot/data_plot/qwt_data_plot.py -> /opt/ros/kinetic/lib/python2.7/site-packages/rqt_plot/data_plot
copying /Users/jaymingwong/Documents/code/ros-install-osx/kinetic_desktop_full_ws/build/rqt_plot/lib/rqt_plot/plot.py -> /opt/ros/kinetic/lib/python2.7/site-packages/rqt_plot
copying /Users/jaymingwong/Documents/code/ros-install-osx/kinetic_desktop_full_ws/build/rqt_plot/lib/rqt_plot/plot_widget.py -> /opt/ros/kinetic/lib/python2.7/site-packages/rqt_plot
copying /Users/jaymingwong/Documents/code/ros-install-osx/kinetic_desktop_full_ws/build/rqt_plot/lib/rqt_plot/rosplot.py -> /opt/ros/kinetic/lib/python2.7/site-packages/rqt_plot
byte-compiling /opt/ros/kinetic/lib/python2.7/site-packages/rqt_plot/__init__.py to __init__.pyc
byte-compiling /opt/ros/kinetic/lib/python2.7/site-packages/rqt_plot/data_plot/__init__.py to __init__.pyc
byte-compiling /opt/ros/kinetic/lib/python2.7/site-packages/rqt_plot/data_plot/mat_data_plot.py to mat_data_plot.pyc
byte-compiling /opt/ros/kinetic/lib/python2.7/site-packages/rqt_plot/data_plot/pyqtgraph_data_plot.py to pyqtgraph_data_plot.pyc
byte-compiling /opt/ros/kinetic/lib/python2.7/site-packages/rqt_plot/data_plot/qwt_data_plot.py to qwt_data_plot.pyc
byte-compiling /opt/ros/kinetic/lib/python2.7/site-packages/rqt_plot/plot.py to plot.pyc
byte-compiling /opt/ros/kinetic/lib/python2.7/site-packages/rqt_plot/plot_widget.py to plot_widget.pyc
byte-compiling /opt/ros/kinetic/lib/python2.7/site-packages/rqt_plot/rosplot.py to rosplot.pyc
running install_scripts
copying /Users/jaymingwong/Documents/code/ros-install-osx/kinetic_desktop_full_ws/build/rqt_plot/scripts-2.7/rqt_plot -> /opt/ros/kinetic/bin
changing mode of /opt/ros/kinetic/bin/rqt_plot to 755
running install_egg_info
Writing /opt/ros/kinetic/lib/python2.7/site-packages/rqt_plot-0.4.8-py2.7.egg-info
-- Installing: /opt/ros/kinetic/share/rqt_plot/plugin.xml
-- Installing: /opt/ros/kinetic/share/rqt_plot/resource
-- Installing: /opt/ros/kinetic/share/rqt_plot/resource/plot.ui
-- Installing: /opt/ros/kinetic/lib/rqt_plot/rqt_plot
