[36mInstall the project...[0m
-- Install configuration: "Release"
-- Installing: /opt/ros/kinetic/_setup_util.py
-- Installing: /opt/ros/kinetic/env.sh
-- Installing: /opt/ros/kinetic/setup.bash
-- Installing: /opt/ros/kinetic/setup.sh
-- Installing: /opt/ros/kinetic/setup.zsh
-- Installing: /opt/ros/kinetic/.rosinstall
-- Installing: /opt/ros/kinetic/lib/pkgconfig/tf2_geometry_msgs.pc
-- Installing: /opt/ros/kinetic/share/tf2_geometry_msgs/cmake/tf2_geometry_msgsConfig.cmake
-- Installing: /opt/ros/kinetic/share/tf2_geometry_msgs/cmake/tf2_geometry_msgsConfig-version.cmake
-- Installing: /opt/ros/kinetic/share/tf2_geometry_msgs/package.xml
-- Installing: /opt/ros/kinetic/include/tf2_geometry_msgs
-- Installing: /opt/ros/kinetic/include/tf2_geometry_msgs/tf2_geometry_msgs.h
+ cd /Users/jaymingwong/Documents/code/ros-install-osx/kinetic_desktop_full_ws/src/geometry2/tf2_geometry_msgs
+ mkdir -p /opt/ros/kinetic/lib/python2.7/site-packages
+ /usr/bin/env PYTHONPATH=/opt/ros/kinetic/lib/python2.7/site-packages:/Users/jaymingwong/Documents/code/ros-install-osx/kinetic_desktop_full_ws/build/tf2_geometry_msgs/lib/python2.7/site-packages:/opt/ros/kinetic/lib/python2.7/site-packages:/usr/local/lib/python2.7/site-packages/:/Users/jaymingwong/Documents/code/drake/build/lib/python2.7/site-packages/:/Users/jaymingwong/Documents/code/drake/build/lib/python2.7/dist-packages/:/Users/jaymingwong/Documents/code/wizard/externals/devina/devina/include/devina/lcm CATKIN_BINARY_DIR=/Users/jaymingwong/Documents/code/ros-install-osx/kinetic_desktop_full_ws/build/tf2_geometry_msgs /usr/local/bin/python2 /Users/jaymingwong/Documents/code/ros-install-osx/kinetic_desktop_full_ws/src/geometry2/tf2_geometry_msgs/setup.py build --build-base /Users/jaymingwong/Documents/code/ros-install-osx/kinetic_desktop_full_ws/build/tf2_geometry_msgs install --prefix=/opt/ros/kinetic --install-scripts=/opt/ros/kinetic/bin
running build
running build_py
creating /Users/jaymingwong/Documents/code/ros-install-osx/kinetic_desktop_full_ws/build/tf2_geometry_msgs/lib
creating /Users/jaymingwong/Documents/code/ros-install-osx/kinetic_desktop_full_ws/build/tf2_geometry_msgs/lib/tf2_geometry_msgs
copying src/tf2_geometry_msgs/__init__.py -> /Users/jaymingwong/Documents/code/ros-install-osx/kinetic_desktop_full_ws/build/tf2_geometry_msgs/lib/tf2_geometry_msgs
copying src/tf2_geometry_msgs/tf2_geometry_msgs.py -> /Users/jaymingwong/Documents/code/ros-install-osx/kinetic_desktop_full_ws/build/tf2_geometry_msgs/lib/tf2_geometry_msgs
running install
running install_lib
creating /opt/ros/kinetic/lib/python2.7/site-packages/tf2_geometry_msgs
copying /Users/jaymingwong/Documents/code/ros-install-osx/kinetic_desktop_full_ws/build/tf2_geometry_msgs/lib/tf2_geometry_msgs/__init__.py -> /opt/ros/kinetic/lib/python2.7/site-packages/tf2_geometry_msgs
copying /Users/jaymingwong/Documents/code/ros-install-osx/kinetic_desktop_full_ws/build/tf2_geometry_msgs/lib/tf2_geometry_msgs/tf2_geometry_msgs.py -> /opt/ros/kinetic/lib/python2.7/site-packages/tf2_geometry_msgs
byte-compiling /opt/ros/kinetic/lib/python2.7/site-packages/tf2_geometry_msgs/__init__.py to __init__.pyc
byte-compiling /opt/ros/kinetic/lib/python2.7/site-packages/tf2_geometry_msgs/tf2_geometry_msgs.py to tf2_geometry_msgs.pyc
running install_egg_info
Writing /opt/ros/kinetic/lib/python2.7/site-packages/tf2_geometry_msgs-0.6.2-py2.7.egg-info
