[36mInstall the project...[0m
-- Install configuration: "Release"
-- Installing: /opt/ros/kinetic/_setup_util.py
-- Installing: /opt/ros/kinetic/env.sh
-- Installing: /opt/ros/kinetic/setup.bash
-- Installing: /opt/ros/kinetic/setup.sh
-- Installing: /opt/ros/kinetic/setup.zsh
-- Installing: /opt/ros/kinetic/.rosinstall
-- Up-to-date: /opt/ros/kinetic/lib/pkgconfig/qt_gui.pc
-- Up-to-date: /opt/ros/kinetic/share/qt_gui/cmake/qt_guiConfig.cmake
-- Up-to-date: /opt/ros/kinetic/share/qt_gui/cmake/qt_guiConfig-version.cmake
-- Up-to-date: /opt/ros/kinetic/share/qt_gui/package.xml
+ cd /Users/jaymingwong/Documents/code/ros-install-osx/kinetic_desktop_full_ws/src/qt_gui_core/qt_gui
+ mkdir -p /opt/ros/kinetic/lib/python2.7/site-packages
+ /usr/bin/env PYTHONPATH=/opt/ros/kinetic/lib/python2.7/site-packages:/Users/jaymingwong/Documents/code/ros-install-osx/kinetic_desktop_full_ws/build/qt_gui/lib/python2.7/site-packages:/opt/ros/kinetic/lib/python2.7/site-packages:/usr/local/lib/python2.7/site-packages/:/Users/jaymingwong/Documents/code/wizard/externals/drake/build/lib/python2.7/site-packages/:/Users/jaymingwong/Documents/code/wizard/externals/drake/build/lib/python2.7/dist-packages/:/Users/jaymingwong/Documents/code/wizard/externals/devina/devina/include/devina/lcm CATKIN_BINARY_DIR=/Users/jaymingwong/Documents/code/ros-install-osx/kinetic_desktop_full_ws/build/qt_gui /usr/local/bin/python2 /Users/jaymingwong/Documents/code/ros-install-osx/kinetic_desktop_full_ws/src/qt_gui_core/qt_gui/setup.py build --build-base /Users/jaymingwong/Documents/code/ros-install-osx/kinetic_desktop_full_ws/build/qt_gui install --prefix=/opt/ros/kinetic --install-scripts=/opt/ros/kinetic/bin
running build
running build_py
running install
running install_lib
running install_egg_info
Removing /opt/ros/kinetic/lib/python2.7/site-packages/qt_gui-0.3.11-py2.7.egg-info
Writing /opt/ros/kinetic/lib/python2.7/site-packages/qt_gui-0.3.11-py2.7.egg-info
-- Up-to-date: /opt/ros/kinetic/share/qt_gui/resource
-- Up-to-date: /opt/ros/kinetic/share/qt_gui/resource/dock_widget_title_bar.ui
-- Up-to-date: /opt/ros/kinetic/share/qt_gui/resource/perspective_create.ui
-- Up-to-date: /opt/ros/kinetic/share/qt_gui/resource/ros_org_vertical.png
