[36mInstall the project...[0m
-- Install configuration: "Release"
-- Installing: /opt/ros/kinetic/_setup_util.py
-- Installing: /opt/ros/kinetic/env.sh
-- Installing: /opt/ros/kinetic/setup.bash
-- Installing: /opt/ros/kinetic/setup.sh
-- Installing: /opt/ros/kinetic/setup.zsh
-- Installing: /opt/ros/kinetic/.rosinstall
-- Installing: /opt/ros/kinetic/lib/pkgconfig/rosunit.pc
-- Installing: /opt/ros/kinetic/share/rosunit/cmake/rosunit-extras.cmake
-- Installing: /opt/ros/kinetic/share/rosunit/cmake/rosunitConfig.cmake
-- Installing: /opt/ros/kinetic/share/rosunit/cmake/rosunitConfig-version.cmake
-- Installing: /opt/ros/kinetic/share/rosunit/package.xml
+ cd /Users/jaymingwong/Documents/code/ros-install-osx/kinetic_desktop_full_ws/src/ros/rosunit
+ mkdir -p /opt/ros/kinetic/lib/python2.7/site-packages
+ /usr/bin/env PYTHONPATH=/opt/ros/kinetic/lib/python2.7/site-packages:/Users/jaymingwong/Documents/code/ros-install-osx/kinetic_desktop_full_ws/build/rosunit/lib/python2.7/site-packages:/opt/ros/kinetic/lib/python2.7/site-packages:/usr/local/lib/python2.7/site-packages/:/Users/jaymingwong/Documents/code/drake/build/lib/python2.7/site-packages/:/Users/jaymingwong/Documents/code/drake/build/lib/python2.7/dist-packages/:/Users/jaymingwong/Documents/code/wizard/externals/devina/devina/include/devina/lcm CATKIN_BINARY_DIR=/Users/jaymingwong/Documents/code/ros-install-osx/kinetic_desktop_full_ws/build/rosunit /usr/local/bin/python2 /Users/jaymingwong/Documents/code/ros-install-osx/kinetic_desktop_full_ws/src/ros/rosunit/setup.py build --build-base /Users/jaymingwong/Documents/code/ros-install-osx/kinetic_desktop_full_ws/build/rosunit install --prefix=/opt/ros/kinetic --install-scripts=/opt/ros/kinetic/bin
running build
running build_py
creating /Users/jaymingwong/Documents/code/ros-install-osx/kinetic_desktop_full_ws/build/rosunit/lib
creating /Users/jaymingwong/Documents/code/ros-install-osx/kinetic_desktop_full_ws/build/rosunit/lib/rosunit
copying src/rosunit/__init__.py -> /Users/jaymingwong/Documents/code/ros-install-osx/kinetic_desktop_full_ws/build/rosunit/lib/rosunit
copying src/rosunit/baretest.py -> /Users/jaymingwong/Documents/code/ros-install-osx/kinetic_desktop_full_ws/build/rosunit/lib/rosunit
copying src/rosunit/core.py -> /Users/jaymingwong/Documents/code/ros-install-osx/kinetic_desktop_full_ws/build/rosunit/lib/rosunit
copying src/rosunit/junitxml.py -> /Users/jaymingwong/Documents/code/ros-install-osx/kinetic_desktop_full_ws/build/rosunit/lib/rosunit
copying src/rosunit/pmon.py -> /Users/jaymingwong/Documents/code/ros-install-osx/kinetic_desktop_full_ws/build/rosunit/lib/rosunit
copying src/rosunit/pyunit.py -> /Users/jaymingwong/Documents/code/ros-install-osx/kinetic_desktop_full_ws/build/rosunit/lib/rosunit
copying src/rosunit/rosunit_main.py -> /Users/jaymingwong/Documents/code/ros-install-osx/kinetic_desktop_full_ws/build/rosunit/lib/rosunit
copying src/rosunit/xmlrunner.py -> /Users/jaymingwong/Documents/code/ros-install-osx/kinetic_desktop_full_ws/build/rosunit/lib/rosunit
running build_scripts
creating /Users/jaymingwong/Documents/code/ros-install-osx/kinetic_desktop_full_ws/build/rosunit/scripts-2.7
copying and adjusting scripts/rosunit -> /Users/jaymingwong/Documents/code/ros-install-osx/kinetic_desktop_full_ws/build/rosunit/scripts-2.7
changing mode of /Users/jaymingwong/Documents/code/ros-install-osx/kinetic_desktop_full_ws/build/rosunit/scripts-2.7/rosunit from 644 to 755
running install
running install_lib
creating /opt/ros/kinetic/lib/python2.7/site-packages/rosunit
copying /Users/jaymingwong/Documents/code/ros-install-osx/kinetic_desktop_full_ws/build/rosunit/lib/rosunit/__init__.py -> /opt/ros/kinetic/lib/python2.7/site-packages/rosunit
copying /Users/jaymingwong/Documents/code/ros-install-osx/kinetic_desktop_full_ws/build/rosunit/lib/rosunit/baretest.py -> /opt/ros/kinetic/lib/python2.7/site-packages/rosunit
copying /Users/jaymingwong/Documents/code/ros-install-osx/kinetic_desktop_full_ws/build/rosunit/lib/rosunit/core.py -> /opt/ros/kinetic/lib/python2.7/site-packages/rosunit
copying /Users/jaymingwong/Documents/code/ros-install-osx/kinetic_desktop_full_ws/build/rosunit/lib/rosunit/junitxml.py -> /opt/ros/kinetic/lib/python2.7/site-packages/rosunit
copying /Users/jaymingwong/Documents/code/ros-install-osx/kinetic_desktop_full_ws/build/rosunit/lib/rosunit/pmon.py -> /opt/ros/kinetic/lib/python2.7/site-packages/rosunit
copying /Users/jaymingwong/Documents/code/ros-install-osx/kinetic_desktop_full_ws/build/rosunit/lib/rosunit/pyunit.py -> /opt/ros/kinetic/lib/python2.7/site-packages/rosunit
copying /Users/jaymingwong/Documents/code/ros-install-osx/kinetic_desktop_full_ws/build/rosunit/lib/rosunit/rosunit_main.py -> /opt/ros/kinetic/lib/python2.7/site-packages/rosunit
copying /Users/jaymingwong/Documents/code/ros-install-osx/kinetic_desktop_full_ws/build/rosunit/lib/rosunit/xmlrunner.py -> /opt/ros/kinetic/lib/python2.7/site-packages/rosunit
byte-compiling /opt/ros/kinetic/lib/python2.7/site-packages/rosunit/__init__.py to __init__.pyc
byte-compiling /opt/ros/kinetic/lib/python2.7/site-packages/rosunit/baretest.py to baretest.pyc
byte-compiling /opt/ros/kinetic/lib/python2.7/site-packages/rosunit/core.py to core.pyc
byte-compiling /opt/ros/kinetic/lib/python2.7/site-packages/rosunit/junitxml.py to junitxml.pyc
byte-compiling /opt/ros/kinetic/lib/python2.7/site-packages/rosunit/pmon.py to pmon.pyc
byte-compiling /opt/ros/kinetic/lib/python2.7/site-packages/rosunit/pyunit.py to pyunit.pyc
byte-compiling /opt/ros/kinetic/lib/python2.7/site-packages/rosunit/rosunit_main.py to rosunit_main.pyc
byte-compiling /opt/ros/kinetic/lib/python2.7/site-packages/rosunit/xmlrunner.py to xmlrunner.pyc
running install_scripts
copying /Users/jaymingwong/Documents/code/ros-install-osx/kinetic_desktop_full_ws/build/rosunit/scripts-2.7/rosunit -> /opt/ros/kinetic/bin
changing mode of /opt/ros/kinetic/bin/rosunit to 755
running install_egg_info
Writing /opt/ros/kinetic/lib/python2.7/site-packages/rosunit-1.14.4-py2.7.egg-info
-- Installing: /opt/ros/kinetic/share/rosunit/scripts/check_test_ran.py
-- Installing: /opt/ros/kinetic/share/rosunit/scripts/clean_junit_xml.py
-- Installing: /opt/ros/kinetic/share/rosunit/scripts/pycoverage_to_html.py
-- Installing: /opt/ros/kinetic/share/rosunit/scripts/summarize_results.py
-- Installing: /opt/ros/kinetic/share/rosunit/scripts/test_results_dir.py
