[36mInstall the project...[0m
-- Install configuration: "Release"
-- Installing: /opt/ros/kinetic/_setup_util.py
-- Installing: /opt/ros/kinetic/env.sh
-- Installing: /opt/ros/kinetic/setup.bash
-- Installing: /opt/ros/kinetic/setup.sh
-- Installing: /opt/ros/kinetic/setup.zsh
-- Installing: /opt/ros/kinetic/.rosinstall
-- Up-to-date: /opt/ros/kinetic/lib/pkgconfig/rosunit.pc
-- Up-to-date: /opt/ros/kinetic/share/rosunit/cmake/rosunit-extras.cmake
-- Up-to-date: /opt/ros/kinetic/share/rosunit/cmake/rosunitConfig.cmake
-- Up-to-date: /opt/ros/kinetic/share/rosunit/cmake/rosunitConfig-version.cmake
-- Up-to-date: /opt/ros/kinetic/share/rosunit/package.xml
+ cd /Users/jaymingwong/Documents/code/ros-install-osx/kinetic_desktop_full_ws/src/ros/rosunit
+ mkdir -p /opt/ros/kinetic/lib/python2.7/site-packages
+ /usr/bin/env PYTHONPATH=/opt/ros/kinetic/lib/python2.7/site-packages:/Users/jaymingwong/Documents/code/ros-install-osx/kinetic_desktop_full_ws/build/rosunit/lib/python2.7/site-packages:/opt/ros/kinetic/lib/python2.7/site-packages:/usr/local/lib/python2.7/site-packages/:/Users/jaymingwong/Documents/code/wizard/externals/drake/build/lib/python2.7/site-packages/:/Users/jaymingwong/Documents/code/wizard/externals/drake/build/lib/python2.7/dist-packages/:/Users/jaymingwong/Documents/code/wizard/externals/devina/devina/include/devina/lcm CATKIN_BINARY_DIR=/Users/jaymingwong/Documents/code/ros-install-osx/kinetic_desktop_full_ws/build/rosunit /usr/local/bin/python2 /Users/jaymingwong/Documents/code/ros-install-osx/kinetic_desktop_full_ws/src/ros/rosunit/setup.py build --build-base /Users/jaymingwong/Documents/code/ros-install-osx/kinetic_desktop_full_ws/build/rosunit install --prefix=/opt/ros/kinetic --install-scripts=/opt/ros/kinetic/bin
running build
running build_py
running build_scripts
running install
running install_lib
running install_scripts
changing mode of /opt/ros/kinetic/bin/rosunit to 755
running install_egg_info
Removing /opt/ros/kinetic/lib/python2.7/site-packages/rosunit-1.14.4-py2.7.egg-info
Writing /opt/ros/kinetic/lib/python2.7/site-packages/rosunit-1.14.4-py2.7.egg-info
-- Up-to-date: /opt/ros/kinetic/share/rosunit/scripts/check_test_ran.py
-- Up-to-date: /opt/ros/kinetic/share/rosunit/scripts/clean_junit_xml.py
-- Up-to-date: /opt/ros/kinetic/share/rosunit/scripts/pycoverage_to_html.py
-- Up-to-date: /opt/ros/kinetic/share/rosunit/scripts/summarize_results.py
-- Up-to-date: /opt/ros/kinetic/share/rosunit/scripts/test_results_dir.py
