[  0%] Built target geometry_msgs_generate_messages_cpp
[  0%] Built target _tf2_msgs_generate_messages_check_deps_FrameGraph
[  0%] Built target _tf2_msgs_generate_messages_check_deps_LookupTransformGoal
[  0%] Built target _tf2_msgs_generate_messages_check_deps_LookupTransformActionGoal
[  0%] Built target _tf2_msgs_generate_messages_check_deps_LookupTransformFeedback
[  0%] Built target _tf2_msgs_generate_messages_check_deps_LookupTransformAction
[  0%] Built target actionlib_msgs_generate_messages_cpp
[  0%] Built target _tf2_msgs_generate_messages_check_deps_LookupTransformActionResult
[  0%] Built target _tf2_msgs_generate_messages_check_deps_LookupTransformResult
[  0%] Built target _tf2_msgs_generate_messages_check_deps_TF2Error
[  0%] Built target _tf2_msgs_generate_messages_check_deps_TFMessage
[  0%] Built target _tf2_msgs_generate_messages_check_deps_LookupTransformActionFeedback
[  0%] Built target std_msgs_generate_messages_cpp
[ 18%] Built target tf2_msgs_generate_messages_cpp
[ 18%] Built target actionlib_msgs_generate_messages_py
[ 18%] Built target std_msgs_generate_messages_py
[ 18%] Built target geometry_msgs_generate_messages_py
[ 41%] Built target tf2_msgs_generate_messages_py
[ 41%] Built target actionlib_msgs_generate_messages_lisp
[ 41%] Built target geometry_msgs_generate_messages_lisp
[ 41%] Built target std_msgs_generate_messages_lisp
[ 60%] Built target tf2_msgs_generate_messages_lisp
[ 60%] Built target geometry_msgs_generate_messages_eus
[ 60%] Built target actionlib_msgs_generate_messages_eus
[ 60%] Built target std_msgs_generate_messages_eus
[ 81%] Built target tf2_msgs_generate_messages_eus
[ 81%] Built target std_msgs_generate_messages_nodejs
[ 81%] Built target actionlib_msgs_generate_messages_nodejs
[ 81%] Built target geometry_msgs_generate_messages_nodejs
[100%] Built target tf2_msgs_generate_messages_nodejs
[100%] Built target tf2_msgs_generate_messages
[36mInstall the project...[0m
-- Install configuration: "Release"
-- Installing: /opt/ros/kinetic/_setup_util.py
-- Installing: /opt/ros/kinetic/env.sh
-- Installing: /opt/ros/kinetic/setup.bash
-- Installing: /opt/ros/kinetic/setup.sh
-- Installing: /opt/ros/kinetic/setup.zsh
-- Installing: /opt/ros/kinetic/.rosinstall
-- Up-to-date: /opt/ros/kinetic/share/tf2_msgs/msg/TF2Error.msg
-- Up-to-date: /opt/ros/kinetic/share/tf2_msgs/msg/TFMessage.msg
-- Up-to-date: /opt/ros/kinetic/share/tf2_msgs/srv/FrameGraph.srv
-- Up-to-date: /opt/ros/kinetic/share/tf2_msgs/action/LookupTransform.action
-- Up-to-date: /opt/ros/kinetic/share/tf2_msgs/msg/LookupTransformAction.msg
-- Up-to-date: /opt/ros/kinetic/share/tf2_msgs/msg/LookupTransformActionGoal.msg
-- Up-to-date: /opt/ros/kinetic/share/tf2_msgs/msg/LookupTransformActionResult.msg
-- Up-to-date: /opt/ros/kinetic/share/tf2_msgs/msg/LookupTransformActionFeedback.msg
-- Up-to-date: /opt/ros/kinetic/share/tf2_msgs/msg/LookupTransformGoal.msg
-- Up-to-date: /opt/ros/kinetic/share/tf2_msgs/msg/LookupTransformResult.msg
-- Up-to-date: /opt/ros/kinetic/share/tf2_msgs/msg/LookupTransformFeedback.msg
-- Up-to-date: /opt/ros/kinetic/share/tf2_msgs/cmake/tf2_msgs-msg-paths.cmake
-- Up-to-date: /opt/ros/kinetic/include/tf2_msgs
-- Up-to-date: /opt/ros/kinetic/include/tf2_msgs/FrameGraph.h
-- Up-to-date: /opt/ros/kinetic/include/tf2_msgs/FrameGraphRequest.h
-- Up-to-date: /opt/ros/kinetic/include/tf2_msgs/FrameGraphResponse.h
-- Up-to-date: /opt/ros/kinetic/include/tf2_msgs/LookupTransformAction.h
-- Up-to-date: /opt/ros/kinetic/include/tf2_msgs/LookupTransformActionFeedback.h
-- Up-to-date: /opt/ros/kinetic/include/tf2_msgs/LookupTransformActionGoal.h
-- Up-to-date: /opt/ros/kinetic/include/tf2_msgs/LookupTransformActionResult.h
-- Up-to-date: /opt/ros/kinetic/include/tf2_msgs/LookupTransformFeedback.h
-- Up-to-date: /opt/ros/kinetic/include/tf2_msgs/LookupTransformGoal.h
-- Up-to-date: /opt/ros/kinetic/include/tf2_msgs/LookupTransformResult.h
-- Up-to-date: /opt/ros/kinetic/include/tf2_msgs/TF2Error.h
-- Up-to-date: /opt/ros/kinetic/include/tf2_msgs/TFMessage.h
-- Up-to-date: /opt/ros/kinetic/share/roseus/ros/tf2_msgs
-- Up-to-date: /opt/ros/kinetic/share/roseus/ros/tf2_msgs/manifest.l
-- Up-to-date: /opt/ros/kinetic/share/roseus/ros/tf2_msgs/msg
-- Up-to-date: /opt/ros/kinetic/share/roseus/ros/tf2_msgs/msg/LookupTransformAction.l
-- Up-to-date: /opt/ros/kinetic/share/roseus/ros/tf2_msgs/msg/LookupTransformActionFeedback.l
-- Up-to-date: /opt/ros/kinetic/share/roseus/ros/tf2_msgs/msg/LookupTransformActionGoal.l
-- Up-to-date: /opt/ros/kinetic/share/roseus/ros/tf2_msgs/msg/LookupTransformActionResult.l
-- Up-to-date: /opt/ros/kinetic/share/roseus/ros/tf2_msgs/msg/LookupTransformFeedback.l
-- Up-to-date: /opt/ros/kinetic/share/roseus/ros/tf2_msgs/msg/LookupTransformGoal.l
-- Up-to-date: /opt/ros/kinetic/share/roseus/ros/tf2_msgs/msg/LookupTransformResult.l
-- Up-to-date: /opt/ros/kinetic/share/roseus/ros/tf2_msgs/msg/TF2Error.l
-- Up-to-date: /opt/ros/kinetic/share/roseus/ros/tf2_msgs/msg/TFMessage.l
-- Up-to-date: /opt/ros/kinetic/share/roseus/ros/tf2_msgs/srv
-- Up-to-date: /opt/ros/kinetic/share/roseus/ros/tf2_msgs/srv/FrameGraph.l
-- Up-to-date: /opt/ros/kinetic/share/common-lisp/ros/tf2_msgs
-- Up-to-date: /opt/ros/kinetic/share/common-lisp/ros/tf2_msgs/msg
-- Up-to-date: /opt/ros/kinetic/share/common-lisp/ros/tf2_msgs/msg/_package.lisp
-- Up-to-date: /opt/ros/kinetic/share/common-lisp/ros/tf2_msgs/msg/_package_LookupTransformAction.lisp
-- Up-to-date: /opt/ros/kinetic/share/common-lisp/ros/tf2_msgs/msg/_package_LookupTransformActionFeedback.lisp
-- Up-to-date: /opt/ros/kinetic/share/common-lisp/ros/tf2_msgs/msg/_package_LookupTransformActionGoal.lisp
-- Up-to-date: /opt/ros/kinetic/share/common-lisp/ros/tf2_msgs/msg/_package_LookupTransformActionResult.lisp
-- Up-to-date: /opt/ros/kinetic/share/common-lisp/ros/tf2_msgs/msg/_package_LookupTransformFeedback.lisp
-- Up-to-date: /opt/ros/kinetic/share/common-lisp/ros/tf2_msgs/msg/_package_LookupTransformGoal.lisp
-- Up-to-date: /opt/ros/kinetic/share/common-lisp/ros/tf2_msgs/msg/_package_LookupTransformResult.lisp
-- Up-to-date: /opt/ros/kinetic/share/common-lisp/ros/tf2_msgs/msg/_package_TF2Error.lisp
-- Up-to-date: /opt/ros/kinetic/share/common-lisp/ros/tf2_msgs/msg/_package_TFMessage.lisp
-- Up-to-date: /opt/ros/kinetic/share/common-lisp/ros/tf2_msgs/msg/LookupTransformAction.lisp
-- Up-to-date: /opt/ros/kinetic/share/common-lisp/ros/tf2_msgs/msg/LookupTransformActionFeedback.lisp
-- Up-to-date: /opt/ros/kinetic/share/common-lisp/ros/tf2_msgs/msg/LookupTransformActionGoal.lisp
-- Up-to-date: /opt/ros/kinetic/share/common-lisp/ros/tf2_msgs/msg/LookupTransformActionResult.lisp
-- Up-to-date: /opt/ros/kinetic/share/common-lisp/ros/tf2_msgs/msg/LookupTransformFeedback.lisp
-- Up-to-date: /opt/ros/kinetic/share/common-lisp/ros/tf2_msgs/msg/LookupTransformGoal.lisp
-- Up-to-date: /opt/ros/kinetic/share/common-lisp/ros/tf2_msgs/msg/LookupTransformResult.lisp
-- Up-to-date: /opt/ros/kinetic/share/common-lisp/ros/tf2_msgs/msg/tf2_msgs-msg.asd
-- Up-to-date: /opt/ros/kinetic/share/common-lisp/ros/tf2_msgs/msg/TF2Error.lisp
-- Up-to-date: /opt/ros/kinetic/share/common-lisp/ros/tf2_msgs/msg/TFMessage.lisp
-- Up-to-date: /opt/ros/kinetic/share/common-lisp/ros/tf2_msgs/srv
-- Up-to-date: /opt/ros/kinetic/share/common-lisp/ros/tf2_msgs/srv/_package.lisp
-- Up-to-date: /opt/ros/kinetic/share/common-lisp/ros/tf2_msgs/srv/_package_FrameGraph.lisp
-- Up-to-date: /opt/ros/kinetic/share/common-lisp/ros/tf2_msgs/srv/FrameGraph.lisp
-- Up-to-date: /opt/ros/kinetic/share/common-lisp/ros/tf2_msgs/srv/tf2_msgs-srv.asd
-- Up-to-date: /opt/ros/kinetic/share/gennodejs/ros/tf2_msgs
-- Up-to-date: /opt/ros/kinetic/share/gennodejs/ros/tf2_msgs/_index.js
-- Up-to-date: /opt/ros/kinetic/share/gennodejs/ros/tf2_msgs/msg
-- Up-to-date: /opt/ros/kinetic/share/gennodejs/ros/tf2_msgs/msg/_index.js
-- Up-to-date: /opt/ros/kinetic/share/gennodejs/ros/tf2_msgs/msg/LookupTransformAction.js
-- Up-to-date: /opt/ros/kinetic/share/gennodejs/ros/tf2_msgs/msg/LookupTransformActionFeedback.js
-- Up-to-date: /opt/ros/kinetic/share/gennodejs/ros/tf2_msgs/msg/LookupTransformActionGoal.js
-- Up-to-date: /opt/ros/kinetic/share/gennodejs/ros/tf2_msgs/msg/LookupTransformActionResult.js
-- Up-to-date: /opt/ros/kinetic/share/gennodejs/ros/tf2_msgs/msg/LookupTransformFeedback.js
-- Up-to-date: /opt/ros/kinetic/share/gennodejs/ros/tf2_msgs/msg/LookupTransformGoal.js
-- Up-to-date: /opt/ros/kinetic/share/gennodejs/ros/tf2_msgs/msg/LookupTransformResult.js
-- Up-to-date: /opt/ros/kinetic/share/gennodejs/ros/tf2_msgs/msg/TF2Error.js
-- Up-to-date: /opt/ros/kinetic/share/gennodejs/ros/tf2_msgs/msg/TFMessage.js
-- Up-to-date: /opt/ros/kinetic/share/gennodejs/ros/tf2_msgs/srv
-- Up-to-date: /opt/ros/kinetic/share/gennodejs/ros/tf2_msgs/srv/_index.js
-- Up-to-date: /opt/ros/kinetic/share/gennodejs/ros/tf2_msgs/srv/FrameGraph.js
Listing /Users/jaymingwong/Documents/code/ros-install-osx/kinetic_desktop_full_ws/devel/.private/tf2_msgs/lib/python2.7/site-packages/tf2_msgs ...
Listing /Users/jaymingwong/Documents/code/ros-install-osx/kinetic_desktop_full_ws/devel/.private/tf2_msgs/lib/python2.7/site-packages/tf2_msgs/msg ...
Listing /Users/jaymingwong/Documents/code/ros-install-osx/kinetic_desktop_full_ws/devel/.private/tf2_msgs/lib/python2.7/site-packages/tf2_msgs/srv ...
-- Up-to-date: /opt/ros/kinetic/lib/python2.7/site-packages/tf2_msgs
-- Up-to-date: /opt/ros/kinetic/lib/python2.7/site-packages/tf2_msgs/__init__.py
-- Up-to-date: /opt/ros/kinetic/lib/python2.7/site-packages/tf2_msgs/__init__.pyc
-- Up-to-date: /opt/ros/kinetic/lib/python2.7/site-packages/tf2_msgs/msg
-- Up-to-date: /opt/ros/kinetic/lib/python2.7/site-packages/tf2_msgs/msg/__init__.py
-- Up-to-date: /opt/ros/kinetic/lib/python2.7/site-packages/tf2_msgs/msg/__init__.pyc
-- Up-to-date: /opt/ros/kinetic/lib/python2.7/site-packages/tf2_msgs/msg/_LookupTransformAction.py
-- Up-to-date: /opt/ros/kinetic/lib/python2.7/site-packages/tf2_msgs/msg/_LookupTransformAction.pyc
-- Up-to-date: /opt/ros/kinetic/lib/python2.7/site-packages/tf2_msgs/msg/_LookupTransformActionFeedback.py
-- Up-to-date: /opt/ros/kinetic/lib/python2.7/site-packages/tf2_msgs/msg/_LookupTransformActionFeedback.pyc
-- Up-to-date: /opt/ros/kinetic/lib/python2.7/site-packages/tf2_msgs/msg/_LookupTransformActionGoal.py
-- Up-to-date: /opt/ros/kinetic/lib/python2.7/site-packages/tf2_msgs/msg/_LookupTransformActionGoal.pyc
-- Up-to-date: /opt/ros/kinetic/lib/python2.7/site-packages/tf2_msgs/msg/_LookupTransformActionResult.py
-- Up-to-date: /opt/ros/kinetic/lib/python2.7/site-packages/tf2_msgs/msg/_LookupTransformActionResult.pyc
-- Up-to-date: /opt/ros/kinetic/lib/python2.7/site-packages/tf2_msgs/msg/_LookupTransformFeedback.py
-- Up-to-date: /opt/ros/kinetic/lib/python2.7/site-packages/tf2_msgs/msg/_LookupTransformFeedback.pyc
-- Up-to-date: /opt/ros/kinetic/lib/python2.7/site-packages/tf2_msgs/msg/_LookupTransformGoal.py
-- Up-to-date: /opt/ros/kinetic/lib/python2.7/site-packages/tf2_msgs/msg/_LookupTransformGoal.pyc
-- Up-to-date: /opt/ros/kinetic/lib/python2.7/site-packages/tf2_msgs/msg/_LookupTransformResult.py
-- Up-to-date: /opt/ros/kinetic/lib/python2.7/site-packages/tf2_msgs/msg/_LookupTransformResult.pyc
-- Up-to-date: /opt/ros/kinetic/lib/python2.7/site-packages/tf2_msgs/msg/_TF2Error.py
-- Up-to-date: /opt/ros/kinetic/lib/python2.7/site-packages/tf2_msgs/msg/_TF2Error.pyc
-- Up-to-date: /opt/ros/kinetic/lib/python2.7/site-packages/tf2_msgs/msg/_TFMessage.py
-- Up-to-date: /opt/ros/kinetic/lib/python2.7/site-packages/tf2_msgs/msg/_TFMessage.pyc
-- Up-to-date: /opt/ros/kinetic/lib/python2.7/site-packages/tf2_msgs/srv
-- Up-to-date: /opt/ros/kinetic/lib/python2.7/site-packages/tf2_msgs/srv/__init__.py
-- Up-to-date: /opt/ros/kinetic/lib/python2.7/site-packages/tf2_msgs/srv/__init__.pyc
-- Up-to-date: /opt/ros/kinetic/lib/python2.7/site-packages/tf2_msgs/srv/_FrameGraph.py
-- Up-to-date: /opt/ros/kinetic/lib/python2.7/site-packages/tf2_msgs/srv/_FrameGraph.pyc
-- Up-to-date: /opt/ros/kinetic/lib/pkgconfig/tf2_msgs.pc
-- Up-to-date: /opt/ros/kinetic/share/tf2_msgs/cmake/tf2_msgs-msg-extras.cmake
-- Up-to-date: /opt/ros/kinetic/share/tf2_msgs/cmake/tf2_msgsConfig.cmake
-- Up-to-date: /opt/ros/kinetic/share/tf2_msgs/cmake/tf2_msgsConfig-version.cmake
-- Up-to-date: /opt/ros/kinetic/share/tf2_msgs/package.xml
