[36mInstall the project...[0m
-- Install configuration: "Release"
-- Installing: /opt/ros/kinetic/_setup_util.py
-- Installing: /opt/ros/kinetic/env.sh
-- Installing: /opt/ros/kinetic/setup.bash
-- Installing: /opt/ros/kinetic/setup.sh
-- Installing: /opt/ros/kinetic/setup.zsh
-- Installing: /opt/ros/kinetic/.rosinstall
-- Installing: /opt/ros/kinetic/lib/pkgconfig/rosboost_cfg.pc
-- Installing: /opt/ros/kinetic/share/rosboost_cfg/cmake/rosboost_cfgConfig.cmake
-- Installing: /opt/ros/kinetic/share/rosboost_cfg/cmake/rosboost_cfgConfig-version.cmake
-- Installing: /opt/ros/kinetic/share/rosboost_cfg/package.xml
+ cd /Users/jaymingwong/Documents/code/ros-install-osx/kinetic_desktop_full_ws/src/ros/rosboost_cfg
+ mkdir -p /opt/ros/kinetic/lib/python2.7/site-packages
+ /usr/bin/env PYTHONPATH=/opt/ros/kinetic/lib/python2.7/site-packages:/Users/jaymingwong/Documents/code/ros-install-osx/kinetic_desktop_full_ws/build/rosboost_cfg/lib/python2.7/site-packages:/opt/ros/kinetic/lib/python2.7/site-packages:/Users/jaymingwong/Documents/code/wizard/devel/lib/python2.7/site-packages:/Users/jaymingwong/Documents/code/tbt/devel/lib/python2.7/site-packages:/Users/jaymingwong/Documents/code/ros-externals/devel/lib/python2.7/site-packages:/usr/local/lib/python2.7/site-packages/:/Users/jaymingwong/Documents/code/drake/build/lib/python2.7/site-packages/:/Users/jaymingwong/Documents/code/drake/build/lib/python2.7/dist-packages/:/Users/jaymingwong/Documents/code/wizard/externals/devina/devina/include/devina/lcm CATKIN_BINARY_DIR=/Users/jaymingwong/Documents/code/ros-install-osx/kinetic_desktop_full_ws/build/rosboost_cfg /usr/local/bin/python2 /Users/jaymingwong/Documents/code/ros-install-osx/kinetic_desktop_full_ws/src/ros/rosboost_cfg/setup.py build --build-base /Users/jaymingwong/Documents/code/ros-install-osx/kinetic_desktop_full_ws/build/rosboost_cfg install --prefix=/opt/ros/kinetic --install-scripts=/opt/ros/kinetic/bin
running build
running build_py
creating /Users/jaymingwong/Documents/code/ros-install-osx/kinetic_desktop_full_ws/build/rosboost_cfg/lib
creating /Users/jaymingwong/Documents/code/ros-install-osx/kinetic_desktop_full_ws/build/rosboost_cfg/lib/rosboost_cfg
copying src/rosboost_cfg/__init__.py -> /Users/jaymingwong/Documents/code/ros-install-osx/kinetic_desktop_full_ws/build/rosboost_cfg/lib/rosboost_cfg
copying src/rosboost_cfg/rosboost_cfg.py -> /Users/jaymingwong/Documents/code/ros-install-osx/kinetic_desktop_full_ws/build/rosboost_cfg/lib/rosboost_cfg
running build_scripts
creating /Users/jaymingwong/Documents/code/ros-install-osx/kinetic_desktop_full_ws/build/rosboost_cfg/scripts-2.7
copying and adjusting scripts/rosboost-cfg -> /Users/jaymingwong/Documents/code/ros-install-osx/kinetic_desktop_full_ws/build/rosboost_cfg/scripts-2.7
changing mode of /Users/jaymingwong/Documents/code/ros-install-osx/kinetic_desktop_full_ws/build/rosboost_cfg/scripts-2.7/rosboost-cfg from 644 to 755
running install
running install_lib
creating /opt/ros/kinetic/lib/python2.7/site-packages/rosboost_cfg
copying /Users/jaymingwong/Documents/code/ros-install-osx/kinetic_desktop_full_ws/build/rosboost_cfg/lib/rosboost_cfg/__init__.py -> /opt/ros/kinetic/lib/python2.7/site-packages/rosboost_cfg
copying /Users/jaymingwong/Documents/code/ros-install-osx/kinetic_desktop_full_ws/build/rosboost_cfg/lib/rosboost_cfg/rosboost_cfg.py -> /opt/ros/kinetic/lib/python2.7/site-packages/rosboost_cfg
byte-compiling /opt/ros/kinetic/lib/python2.7/site-packages/rosboost_cfg/__init__.py to __init__.pyc
byte-compiling /opt/ros/kinetic/lib/python2.7/site-packages/rosboost_cfg/rosboost_cfg.py to rosboost_cfg.pyc
running install_scripts
copying /Users/jaymingwong/Documents/code/ros-install-osx/kinetic_desktop_full_ws/build/rosboost_cfg/scripts-2.7/rosboost-cfg -> /opt/ros/kinetic/bin
changing mode of /opt/ros/kinetic/bin/rosboost-cfg to 755
running install_egg_info
Writing /opt/ros/kinetic/lib/python2.7/site-packages/rosboost_cfg-1.14.4-py2.7.egg-info
