[36mInstall the project...[0m
-- Install configuration: "Release"
-- Installing: /opt/ros/kinetic/_setup_util.py
-- Installing: /opt/ros/kinetic/env.sh
-- Installing: /opt/ros/kinetic/setup.bash
-- Installing: /opt/ros/kinetic/setup.sh
-- Installing: /opt/ros/kinetic/setup.zsh
-- Installing: /opt/ros/kinetic/.rosinstall
-- Up-to-date: /opt/ros/kinetic/lib/pkgconfig/roslaunch.pc
-- Up-to-date: /opt/ros/kinetic/share/roslaunch/cmake/roslaunch-extras.cmake
-- Up-to-date: /opt/ros/kinetic/share/roslaunch/cmake/roslaunchConfig.cmake
-- Up-to-date: /opt/ros/kinetic/share/roslaunch/cmake/roslaunchConfig-version.cmake
-- Up-to-date: /opt/ros/kinetic/share/roslaunch/package.xml
-- Up-to-date: /opt/ros/kinetic/etc/catkin/profile.d/10.roslaunch.sh
+ cd /Users/jaymingwong/Documents/code/ros-install-osx/kinetic_desktop_full_ws/src/ros_comm/roslaunch
+ mkdir -p /opt/ros/kinetic/lib/python2.7/site-packages
+ /usr/bin/env PYTHONPATH=/opt/ros/kinetic/lib/python2.7/site-packages:/Users/jaymingwong/Documents/code/ros-install-osx/kinetic_desktop_full_ws/build/roslaunch/lib/python2.7/site-packages:/opt/ros/kinetic/lib/python2.7/site-packages:/usr/local/lib/python2.7/site-packages/:/Users/jaymingwong/Documents/code/wizard/externals/drake/build/lib/python2.7/site-packages/:/Users/jaymingwong/Documents/code/wizard/externals/drake/build/lib/python2.7/dist-packages/:/Users/jaymingwong/Documents/code/wizard/externals/devina/devina/include/devina/lcm CATKIN_BINARY_DIR=/Users/jaymingwong/Documents/code/ros-install-osx/kinetic_desktop_full_ws/build/roslaunch /usr/local/bin/python2 /Users/jaymingwong/Documents/code/ros-install-osx/kinetic_desktop_full_ws/src/ros_comm/roslaunch/setup.py build --build-base /Users/jaymingwong/Documents/code/ros-install-osx/kinetic_desktop_full_ws/build/roslaunch install --prefix=/opt/ros/kinetic --install-scripts=/opt/ros/kinetic/bin
running build
running build_py
running build_scripts
running install
running install_lib
running install_scripts
changing mode of /opt/ros/kinetic/bin/roscore to 755
changing mode of /opt/ros/kinetic/bin/roslaunch to 755
changing mode of /opt/ros/kinetic/bin/roslaunch-complete to 755
changing mode of /opt/ros/kinetic/bin/roslaunch-deps to 755
changing mode of /opt/ros/kinetic/bin/roslaunch-logs to 755
running install_egg_info
Removing /opt/ros/kinetic/lib/python2.7/site-packages/roslaunch-1.12.14-py2.7.egg-info
Writing /opt/ros/kinetic/lib/python2.7/site-packages/roslaunch-1.12.14-py2.7.egg-info
-- Up-to-date: /opt/ros/kinetic/etc/ros/roscore.xml
-- Up-to-date: /opt/ros/kinetic/share/roslaunch/resources
-- Up-to-date: /opt/ros/kinetic/share/roslaunch/resources/example-args.launch
-- Up-to-date: /opt/ros/kinetic/share/roslaunch/resources/example-env-substutition.xml
-- Up-to-date: /opt/ros/kinetic/share/roslaunch/resources/example-gdb.launch
-- Up-to-date: /opt/ros/kinetic/share/roslaunch/resources/example-include.launch
-- Up-to-date: /opt/ros/kinetic/share/roslaunch/resources/example-min.launch
-- Up-to-date: /opt/ros/kinetic/share/roslaunch/resources/example-params.launch
-- Up-to-date: /opt/ros/kinetic/share/roslaunch/resources/example-pass_all_args.launch
-- Up-to-date: /opt/ros/kinetic/share/roslaunch/resources/example-ssh.launch
-- Up-to-date: /opt/ros/kinetic/share/roslaunch/resources/example.launch
-- Up-to-date: /opt/ros/kinetic/share/roslaunch/resources/roscore.xml
-- Up-to-date: /opt/ros/kinetic/share/roslaunch/scripts/roslaunch-check
