Linked: (/Users/jaymingwong/Documents/code/ros-install-osx/kinetic_desktop_full_ws/devel/.private/nodelet/include/nodelet/NodeletList.h, /Users/jaymingwong/Documents/code/ros-install-osx/kinetic_desktop_full_ws/devel/include/nodelet/NodeletList.h)
Linked: (/Users/jaymingwong/Documents/code/ros-install-osx/kinetic_desktop_full_ws/devel/.private/nodelet/include/nodelet/NodeletListRequest.h, /Users/jaymingwong/Documents/code/ros-install-osx/kinetic_desktop_full_ws/devel/include/nodelet/NodeletListRequest.h)
Linked: (/Users/jaymingwong/Documents/code/ros-install-osx/kinetic_desktop_full_ws/devel/.private/nodelet/include/nodelet/NodeletListResponse.h, /Users/jaymingwong/Documents/code/ros-install-osx/kinetic_desktop_full_ws/devel/include/nodelet/NodeletListResponse.h)
Linked: (/Users/jaymingwong/Documents/code/ros-install-osx/kinetic_desktop_full_ws/devel/.private/nodelet/include/nodelet/NodeletLoad.h, /Users/jaymingwong/Documents/code/ros-install-osx/kinetic_desktop_full_ws/devel/include/nodelet/NodeletLoad.h)
Linked: (/Users/jaymingwong/Documents/code/ros-install-osx/kinetic_desktop_full_ws/devel/.private/nodelet/include/nodelet/NodeletLoadRequest.h, /Users/jaymingwong/Documents/code/ros-install-osx/kinetic_desktop_full_ws/devel/include/nodelet/NodeletLoadRequest.h)
Linked: (/Users/jaymingwong/Documents/code/ros-install-osx/kinetic_desktop_full_ws/devel/.private/nodelet/include/nodelet/NodeletLoadResponse.h, /Users/jaymingwong/Documents/code/ros-install-osx/kinetic_desktop_full_ws/devel/include/nodelet/NodeletLoadResponse.h)
Linked: (/Users/jaymingwong/Documents/code/ros-install-osx/kinetic_desktop_full_ws/devel/.private/nodelet/include/nodelet/NodeletUnload.h, /Users/jaymingwong/Documents/code/ros-install-osx/kinetic_desktop_full_ws/devel/include/nodelet/NodeletUnload.h)
Linked: (/Users/jaymingwong/Documents/code/ros-install-osx/kinetic_desktop_full_ws/devel/.private/nodelet/include/nodelet/NodeletUnloadRequest.h, /Users/jaymingwong/Documents/code/ros-install-osx/kinetic_desktop_full_ws/devel/include/nodelet/NodeletUnloadRequest.h)
Linked: (/Users/jaymingwong/Documents/code/ros-install-osx/kinetic_desktop_full_ws/devel/.private/nodelet/include/nodelet/NodeletUnloadResponse.h, /Users/jaymingwong/Documents/code/ros-install-osx/kinetic_desktop_full_ws/devel/include/nodelet/NodeletUnloadResponse.h)
Linked: (/Users/jaymingwong/Documents/code/ros-install-osx/kinetic_desktop_full_ws/devel/.private/nodelet/lib/libnodeletlib.dylib, /Users/jaymingwong/Documents/code/ros-install-osx/kinetic_desktop_full_ws/devel/lib/libnodeletlib.dylib)
Linked: (/Users/jaymingwong/Documents/code/ros-install-osx/kinetic_desktop_full_ws/devel/.private/nodelet/lib/nodelet/nodelet, /Users/jaymingwong/Documents/code/ros-install-osx/kinetic_desktop_full_ws/devel/lib/nodelet/nodelet)
Linked: (/Users/jaymingwong/Documents/code/ros-install-osx/kinetic_desktop_full_ws/devel/.private/nodelet/lib/pkgconfig/nodelet.pc, /Users/jaymingwong/Documents/code/ros-install-osx/kinetic_desktop_full_ws/devel/lib/pkgconfig/nodelet.pc)
Linked: (/Users/jaymingwong/Documents/code/ros-install-osx/kinetic_desktop_full_ws/devel/.private/nodelet/lib/python2.7/site-packages/nodelet/__init__.py, /Users/jaymingwong/Documents/code/ros-install-osx/kinetic_desktop_full_ws/devel/lib/python2.7/site-packages/nodelet/__init__.py)
Linked: (/Users/jaymingwong/Documents/code/ros-install-osx/kinetic_desktop_full_ws/devel/.private/nodelet/lib/python2.7/site-packages/nodelet/__init__.pyc, /Users/jaymingwong/Documents/code/ros-install-osx/kinetic_desktop_full_ws/devel/lib/python2.7/site-packages/nodelet/__init__.pyc)
Linked: (/Users/jaymingwong/Documents/code/ros-install-osx/kinetic_desktop_full_ws/devel/.private/nodelet/lib/python2.7/site-packages/nodelet/srv/__init__.py, /Users/jaymingwong/Documents/code/ros-install-osx/kinetic_desktop_full_ws/devel/lib/python2.7/site-packages/nodelet/srv/__init__.py)
Linked: (/Users/jaymingwong/Documents/code/ros-install-osx/kinetic_desktop_full_ws/devel/.private/nodelet/lib/python2.7/site-packages/nodelet/srv/__init__.pyc, /Users/jaymingwong/Documents/code/ros-install-osx/kinetic_desktop_full_ws/devel/lib/python2.7/site-packages/nodelet/srv/__init__.pyc)
Linked: (/Users/jaymingwong/Documents/code/ros-install-osx/kinetic_desktop_full_ws/devel/.private/nodelet/lib/python2.7/site-packages/nodelet/srv/_NodeletList.py, /Users/jaymingwong/Documents/code/ros-install-osx/kinetic_desktop_full_ws/devel/lib/python2.7/site-packages/nodelet/srv/_NodeletList.py)
Linked: (/Users/jaymingwong/Documents/code/ros-install-osx/kinetic_desktop_full_ws/devel/.private/nodelet/lib/python2.7/site-packages/nodelet/srv/_NodeletList.pyc, /Users/jaymingwong/Documents/code/ros-install-osx/kinetic_desktop_full_ws/devel/lib/python2.7/site-packages/nodelet/srv/_NodeletList.pyc)
Linked: (/Users/jaymingwong/Documents/code/ros-install-osx/kinetic_desktop_full_ws/devel/.private/nodelet/lib/python2.7/site-packages/nodelet/srv/_NodeletLoad.py, /Users/jaymingwong/Documents/code/ros-install-osx/kinetic_desktop_full_ws/devel/lib/python2.7/site-packages/nodelet/srv/_NodeletLoad.py)
Linked: (/Users/jaymingwong/Documents/code/ros-install-osx/kinetic_desktop_full_ws/devel/.private/nodelet/lib/python2.7/site-packages/nodelet/srv/_NodeletLoad.pyc, /Users/jaymingwong/Documents/code/ros-install-osx/kinetic_desktop_full_ws/devel/lib/python2.7/site-packages/nodelet/srv/_NodeletLoad.pyc)
Linked: (/Users/jaymingwong/Documents/code/ros-install-osx/kinetic_desktop_full_ws/devel/.private/nodelet/lib/python2.7/site-packages/nodelet/srv/_NodeletUnload.py, /Users/jaymingwong/Documents/code/ros-install-osx/kinetic_desktop_full_ws/devel/lib/python2.7/site-packages/nodelet/srv/_NodeletUnload.py)
Linked: (/Users/jaymingwong/Documents/code/ros-install-osx/kinetic_desktop_full_ws/devel/.private/nodelet/lib/python2.7/site-packages/nodelet/srv/_NodeletUnload.pyc, /Users/jaymingwong/Documents/code/ros-install-osx/kinetic_desktop_full_ws/devel/lib/python2.7/site-packages/nodelet/srv/_NodeletUnload.pyc)
Linked: (/Users/jaymingwong/Documents/code/ros-install-osx/kinetic_desktop_full_ws/devel/.private/nodelet/share/common-lisp/ros/nodelet/srv/_package.lisp, /Users/jaymingwong/Documents/code/ros-install-osx/kinetic_desktop_full_ws/devel/share/common-lisp/ros/nodelet/srv/_package.lisp)
Linked: (/Users/jaymingwong/Documents/code/ros-install-osx/kinetic_desktop_full_ws/devel/.private/nodelet/share/common-lisp/ros/nodelet/srv/_package_NodeletList.lisp, /Users/jaymingwong/Documents/code/ros-install-osx/kinetic_desktop_full_ws/devel/share/common-lisp/ros/nodelet/srv/_package_NodeletList.lisp)
Linked: (/Users/jaymingwong/Documents/code/ros-install-osx/kinetic_desktop_full_ws/devel/.private/nodelet/share/common-lisp/ros/nodelet/srv/_package_NodeletLoad.lisp, /Users/jaymingwong/Documents/code/ros-install-osx/kinetic_desktop_full_ws/devel/share/common-lisp/ros/nodelet/srv/_package_NodeletLoad.lisp)
Linked: (/Users/jaymingwong/Documents/code/ros-install-osx/kinetic_desktop_full_ws/devel/.private/nodelet/share/common-lisp/ros/nodelet/srv/_package_NodeletUnload.lisp, /Users/jaymingwong/Documents/code/ros-install-osx/kinetic_desktop_full_ws/devel/share/common-lisp/ros/nodelet/srv/_package_NodeletUnload.lisp)
Linked: (/Users/jaymingwong/Documents/code/ros-install-osx/kinetic_desktop_full_ws/devel/.private/nodelet/share/common-lisp/ros/nodelet/srv/nodelet-srv.asd, /Users/jaymingwong/Documents/code/ros-install-osx/kinetic_desktop_full_ws/devel/share/common-lisp/ros/nodelet/srv/nodelet-srv.asd)
Linked: (/Users/jaymingwong/Documents/code/ros-install-osx/kinetic_desktop_full_ws/devel/.private/nodelet/share/common-lisp/ros/nodelet/srv/NodeletList.lisp, /Users/jaymingwong/Documents/code/ros-install-osx/kinetic_desktop_full_ws/devel/share/common-lisp/ros/nodelet/srv/NodeletList.lisp)
Linked: (/Users/jaymingwong/Documents/code/ros-install-osx/kinetic_desktop_full_ws/devel/.private/nodelet/share/common-lisp/ros/nodelet/srv/NodeletLoad.lisp, /Users/jaymingwong/Documents/code/ros-install-osx/kinetic_desktop_full_ws/devel/share/common-lisp/ros/nodelet/srv/NodeletLoad.lisp)
Linked: (/Users/jaymingwong/Documents/code/ros-install-osx/kinetic_desktop_full_ws/devel/.private/nodelet/share/common-lisp/ros/nodelet/srv/NodeletUnload.lisp, /Users/jaymingwong/Documents/code/ros-install-osx/kinetic_desktop_full_ws/devel/share/common-lisp/ros/nodelet/srv/NodeletUnload.lisp)
Linked: (/Users/jaymingwong/Documents/code/ros-install-osx/kinetic_desktop_full_ws/devel/.private/nodelet/share/gennodejs/ros/nodelet/_index.js, /Users/jaymingwong/Documents/code/ros-install-osx/kinetic_desktop_full_ws/devel/share/gennodejs/ros/nodelet/_index.js)
Linked: (/Users/jaymingwong/Documents/code/ros-install-osx/kinetic_desktop_full_ws/devel/.private/nodelet/share/gennodejs/ros/nodelet/srv/_index.js, /Users/jaymingwong/Documents/code/ros-install-osx/kinetic_desktop_full_ws/devel/share/gennodejs/ros/nodelet/srv/_index.js)
Linked: (/Users/jaymingwong/Documents/code/ros-install-osx/kinetic_desktop_full_ws/devel/.private/nodelet/share/gennodejs/ros/nodelet/srv/NodeletList.js, /Users/jaymingwong/Documents/code/ros-install-osx/kinetic_desktop_full_ws/devel/share/gennodejs/ros/nodelet/srv/NodeletList.js)
Linked: (/Users/jaymingwong/Documents/code/ros-install-osx/kinetic_desktop_full_ws/devel/.private/nodelet/share/gennodejs/ros/nodelet/srv/NodeletLoad.js, /Users/jaymingwong/Documents/code/ros-install-osx/kinetic_desktop_full_ws/devel/share/gennodejs/ros/nodelet/srv/NodeletLoad.js)
Linked: (/Users/jaymingwong/Documents/code/ros-install-osx/kinetic_desktop_full_ws/devel/.private/nodelet/share/gennodejs/ros/nodelet/srv/NodeletUnload.js, /Users/jaymingwong/Documents/code/ros-install-osx/kinetic_desktop_full_ws/devel/share/gennodejs/ros/nodelet/srv/NodeletUnload.js)
Linked: (/Users/jaymingwong/Documents/code/ros-install-osx/kinetic_desktop_full_ws/devel/.private/nodelet/share/nodelet/cmake/nodelet-msg-extras.cmake, /Users/jaymingwong/Documents/code/ros-install-osx/kinetic_desktop_full_ws/devel/share/nodelet/cmake/nodelet-msg-extras.cmake)
Linked: (/Users/jaymingwong/Documents/code/ros-install-osx/kinetic_desktop_full_ws/devel/.private/nodelet/share/nodelet/cmake/nodelet-msg-paths.cmake, /Users/jaymingwong/Documents/code/ros-install-osx/kinetic_desktop_full_ws/devel/share/nodelet/cmake/nodelet-msg-paths.cmake)
Linked: (/Users/jaymingwong/Documents/code/ros-install-osx/kinetic_desktop_full_ws/devel/.private/nodelet/share/nodelet/cmake/nodeletConfig-version.cmake, /Users/jaymingwong/Documents/code/ros-install-osx/kinetic_desktop_full_ws/devel/share/nodelet/cmake/nodeletConfig-version.cmake)
Linked: (/Users/jaymingwong/Documents/code/ros-install-osx/kinetic_desktop_full_ws/devel/.private/nodelet/share/nodelet/cmake/nodeletConfig.cmake, /Users/jaymingwong/Documents/code/ros-install-osx/kinetic_desktop_full_ws/devel/share/nodelet/cmake/nodeletConfig.cmake)
Linked: (/Users/jaymingwong/Documents/code/ros-install-osx/kinetic_desktop_full_ws/devel/.private/nodelet/share/roseus/ros/nodelet/manifest.l, /Users/jaymingwong/Documents/code/ros-install-osx/kinetic_desktop_full_ws/devel/share/roseus/ros/nodelet/manifest.l)
Linked: (/Users/jaymingwong/Documents/code/ros-install-osx/kinetic_desktop_full_ws/devel/.private/nodelet/share/roseus/ros/nodelet/srv/NodeletList.l, /Users/jaymingwong/Documents/code/ros-install-osx/kinetic_desktop_full_ws/devel/share/roseus/ros/nodelet/srv/NodeletList.l)
Linked: (/Users/jaymingwong/Documents/code/ros-install-osx/kinetic_desktop_full_ws/devel/.private/nodelet/share/roseus/ros/nodelet/srv/NodeletLoad.l, /Users/jaymingwong/Documents/code/ros-install-osx/kinetic_desktop_full_ws/devel/share/roseus/ros/nodelet/srv/NodeletLoad.l)
Linked: (/Users/jaymingwong/Documents/code/ros-install-osx/kinetic_desktop_full_ws/devel/.private/nodelet/share/roseus/ros/nodelet/srv/NodeletUnload.l, /Users/jaymingwong/Documents/code/ros-install-osx/kinetic_desktop_full_ws/devel/share/roseus/ros/nodelet/srv/NodeletUnload.l)
