[36mInstall the project...[0m
-- Install configuration: "Release"
-- Installing: /opt/ros/kinetic/_setup_util.py
-- Installing: /opt/ros/kinetic/env.sh
-- Installing: /opt/ros/kinetic/setup.bash
-- Installing: /opt/ros/kinetic/setup.sh
-- Installing: /opt/ros/kinetic/setup.zsh
-- Installing: /opt/ros/kinetic/.rosinstall
-- Up-to-date: /opt/ros/kinetic/lib/pkgconfig/tf2_kdl.pc
-- Up-to-date: /opt/ros/kinetic/share/tf2_kdl/cmake/tf2_kdlConfig.cmake
-- Up-to-date: /opt/ros/kinetic/share/tf2_kdl/cmake/tf2_kdlConfig-version.cmake
-- Up-to-date: /opt/ros/kinetic/share/tf2_kdl/package.xml
+ cd /Users/jaymingwong/Documents/code/ros-install-osx/kinetic_desktop_full_ws/src/geometry2/tf2_kdl
+ mkdir -p /opt/ros/kinetic/lib/python2.7/site-packages
+ /usr/bin/env PYTHONPATH=/opt/ros/kinetic/lib/python2.7/site-packages:/Users/jaymingwong/Documents/code/ros-install-osx/kinetic_desktop_full_ws/build/tf2_kdl/lib/python2.7/site-packages:/opt/ros/kinetic/lib/python2.7/site-packages:/usr/local/lib/python2.7/site-packages/:/Users/jaymingwong/Documents/code/wizard/externals/drake/build/lib/python2.7/site-packages/:/Users/jaymingwong/Documents/code/wizard/externals/drake/build/lib/python2.7/dist-packages/:/Users/jaymingwong/Documents/code/wizard/externals/devina/devina/include/devina/lcm CATKIN_BINARY_DIR=/Users/jaymingwong/Documents/code/ros-install-osx/kinetic_desktop_full_ws/build/tf2_kdl /usr/local/bin/python2 /Users/jaymingwong/Documents/code/ros-install-osx/kinetic_desktop_full_ws/src/geometry2/tf2_kdl/setup.py build --build-base /Users/jaymingwong/Documents/code/ros-install-osx/kinetic_desktop_full_ws/build/tf2_kdl install --prefix=/opt/ros/kinetic --install-scripts=/opt/ros/kinetic/bin
running build
running build_py
running install
running install_lib
running install_egg_info
Removing /opt/ros/kinetic/lib/python2.7/site-packages/tf2_kdl-0.6.2-py2.7.egg-info
Writing /opt/ros/kinetic/lib/python2.7/site-packages/tf2_kdl-0.6.2-py2.7.egg-info
-- Up-to-date: /opt/ros/kinetic/include/tf2_kdl
-- Up-to-date: /opt/ros/kinetic/include/tf2_kdl/tf2_kdl
-- Up-to-date: /opt/ros/kinetic/include/tf2_kdl/tf2_kdl/tf2_kdl.h
-- Up-to-date: /opt/ros/kinetic/include/tf2_kdl/tf2_kdl.h
-- Up-to-date: /opt/ros/kinetic/lib/tf2_kdl/test.py
