Linked: (/Users/jaymingwong/Documents/code/ros-install-osx/kinetic_desktop_full_ws/devel/.private/sensor_msgs/include/sensor_msgs/BatteryState.h, /Users/jaymingwong/Documents/code/ros-install-osx/kinetic_desktop_full_ws/devel/include/sensor_msgs/BatteryState.h)
Linked: (/Users/jaymingwong/Documents/code/ros-install-osx/kinetic_desktop_full_ws/devel/.private/sensor_msgs/include/sensor_msgs/CameraInfo.h, /Users/jaymingwong/Documents/code/ros-install-osx/kinetic_desktop_full_ws/devel/include/sensor_msgs/CameraInfo.h)
Linked: (/Users/jaymingwong/Documents/code/ros-install-osx/kinetic_desktop_full_ws/devel/.private/sensor_msgs/include/sensor_msgs/ChannelFloat32.h, /Users/jaymingwong/Documents/code/ros-install-osx/kinetic_desktop_full_ws/devel/include/sensor_msgs/ChannelFloat32.h)
Linked: (/Users/jaymingwong/Documents/code/ros-install-osx/kinetic_desktop_full_ws/devel/.private/sensor_msgs/include/sensor_msgs/CompressedImage.h, /Users/jaymingwong/Documents/code/ros-install-osx/kinetic_desktop_full_ws/devel/include/sensor_msgs/CompressedImage.h)
Linked: (/Users/jaymingwong/Documents/code/ros-install-osx/kinetic_desktop_full_ws/devel/.private/sensor_msgs/include/sensor_msgs/FluidPressure.h, /Users/jaymingwong/Documents/code/ros-install-osx/kinetic_desktop_full_ws/devel/include/sensor_msgs/FluidPressure.h)
Linked: (/Users/jaymingwong/Documents/code/ros-install-osx/kinetic_desktop_full_ws/devel/.private/sensor_msgs/include/sensor_msgs/Illuminance.h, /Users/jaymingwong/Documents/code/ros-install-osx/kinetic_desktop_full_ws/devel/include/sensor_msgs/Illuminance.h)
Linked: (/Users/jaymingwong/Documents/code/ros-install-osx/kinetic_desktop_full_ws/devel/.private/sensor_msgs/include/sensor_msgs/Image.h, /Users/jaymingwong/Documents/code/ros-install-osx/kinetic_desktop_full_ws/devel/include/sensor_msgs/Image.h)
Linked: (/Users/jaymingwong/Documents/code/ros-install-osx/kinetic_desktop_full_ws/devel/.private/sensor_msgs/include/sensor_msgs/Imu.h, /Users/jaymingwong/Documents/code/ros-install-osx/kinetic_desktop_full_ws/devel/include/sensor_msgs/Imu.h)
Linked: (/Users/jaymingwong/Documents/code/ros-install-osx/kinetic_desktop_full_ws/devel/.private/sensor_msgs/include/sensor_msgs/JointState.h, /Users/jaymingwong/Documents/code/ros-install-osx/kinetic_desktop_full_ws/devel/include/sensor_msgs/JointState.h)
Linked: (/Users/jaymingwong/Documents/code/ros-install-osx/kinetic_desktop_full_ws/devel/.private/sensor_msgs/include/sensor_msgs/Joy.h, /Users/jaymingwong/Documents/code/ros-install-osx/kinetic_desktop_full_ws/devel/include/sensor_msgs/Joy.h)
Linked: (/Users/jaymingwong/Documents/code/ros-install-osx/kinetic_desktop_full_ws/devel/.private/sensor_msgs/include/sensor_msgs/JoyFeedback.h, /Users/jaymingwong/Documents/code/ros-install-osx/kinetic_desktop_full_ws/devel/include/sensor_msgs/JoyFeedback.h)
Linked: (/Users/jaymingwong/Documents/code/ros-install-osx/kinetic_desktop_full_ws/devel/.private/sensor_msgs/include/sensor_msgs/JoyFeedbackArray.h, /Users/jaymingwong/Documents/code/ros-install-osx/kinetic_desktop_full_ws/devel/include/sensor_msgs/JoyFeedbackArray.h)
Linked: (/Users/jaymingwong/Documents/code/ros-install-osx/kinetic_desktop_full_ws/devel/.private/sensor_msgs/include/sensor_msgs/LaserEcho.h, /Users/jaymingwong/Documents/code/ros-install-osx/kinetic_desktop_full_ws/devel/include/sensor_msgs/LaserEcho.h)
Linked: (/Users/jaymingwong/Documents/code/ros-install-osx/kinetic_desktop_full_ws/devel/.private/sensor_msgs/include/sensor_msgs/LaserScan.h, /Users/jaymingwong/Documents/code/ros-install-osx/kinetic_desktop_full_ws/devel/include/sensor_msgs/LaserScan.h)
Linked: (/Users/jaymingwong/Documents/code/ros-install-osx/kinetic_desktop_full_ws/devel/.private/sensor_msgs/include/sensor_msgs/MagneticField.h, /Users/jaymingwong/Documents/code/ros-install-osx/kinetic_desktop_full_ws/devel/include/sensor_msgs/MagneticField.h)
Linked: (/Users/jaymingwong/Documents/code/ros-install-osx/kinetic_desktop_full_ws/devel/.private/sensor_msgs/include/sensor_msgs/MultiDOFJointState.h, /Users/jaymingwong/Documents/code/ros-install-osx/kinetic_desktop_full_ws/devel/include/sensor_msgs/MultiDOFJointState.h)
Linked: (/Users/jaymingwong/Documents/code/ros-install-osx/kinetic_desktop_full_ws/devel/.private/sensor_msgs/include/sensor_msgs/MultiEchoLaserScan.h, /Users/jaymingwong/Documents/code/ros-install-osx/kinetic_desktop_full_ws/devel/include/sensor_msgs/MultiEchoLaserScan.h)
Linked: (/Users/jaymingwong/Documents/code/ros-install-osx/kinetic_desktop_full_ws/devel/.private/sensor_msgs/include/sensor_msgs/NavSatFix.h, /Users/jaymingwong/Documents/code/ros-install-osx/kinetic_desktop_full_ws/devel/include/sensor_msgs/NavSatFix.h)
Linked: (/Users/jaymingwong/Documents/code/ros-install-osx/kinetic_desktop_full_ws/devel/.private/sensor_msgs/include/sensor_msgs/NavSatStatus.h, /Users/jaymingwong/Documents/code/ros-install-osx/kinetic_desktop_full_ws/devel/include/sensor_msgs/NavSatStatus.h)
Linked: (/Users/jaymingwong/Documents/code/ros-install-osx/kinetic_desktop_full_ws/devel/.private/sensor_msgs/include/sensor_msgs/PointCloud.h, /Users/jaymingwong/Documents/code/ros-install-osx/kinetic_desktop_full_ws/devel/include/sensor_msgs/PointCloud.h)
Linked: (/Users/jaymingwong/Documents/code/ros-install-osx/kinetic_desktop_full_ws/devel/.private/sensor_msgs/include/sensor_msgs/PointCloud2.h, /Users/jaymingwong/Documents/code/ros-install-osx/kinetic_desktop_full_ws/devel/include/sensor_msgs/PointCloud2.h)
Linked: (/Users/jaymingwong/Documents/code/ros-install-osx/kinetic_desktop_full_ws/devel/.private/sensor_msgs/include/sensor_msgs/PointField.h, /Users/jaymingwong/Documents/code/ros-install-osx/kinetic_desktop_full_ws/devel/include/sensor_msgs/PointField.h)
Linked: (/Users/jaymingwong/Documents/code/ros-install-osx/kinetic_desktop_full_ws/devel/.private/sensor_msgs/include/sensor_msgs/Range.h, /Users/jaymingwong/Documents/code/ros-install-osx/kinetic_desktop_full_ws/devel/include/sensor_msgs/Range.h)
Linked: (/Users/jaymingwong/Documents/code/ros-install-osx/kinetic_desktop_full_ws/devel/.private/sensor_msgs/include/sensor_msgs/RegionOfInterest.h, /Users/jaymingwong/Documents/code/ros-install-osx/kinetic_desktop_full_ws/devel/include/sensor_msgs/RegionOfInterest.h)
Linked: (/Users/jaymingwong/Documents/code/ros-install-osx/kinetic_desktop_full_ws/devel/.private/sensor_msgs/include/sensor_msgs/RelativeHumidity.h, /Users/jaymingwong/Documents/code/ros-install-osx/kinetic_desktop_full_ws/devel/include/sensor_msgs/RelativeHumidity.h)
Linked: (/Users/jaymingwong/Documents/code/ros-install-osx/kinetic_desktop_full_ws/devel/.private/sensor_msgs/include/sensor_msgs/SetCameraInfo.h, /Users/jaymingwong/Documents/code/ros-install-osx/kinetic_desktop_full_ws/devel/include/sensor_msgs/SetCameraInfo.h)
Linked: (/Users/jaymingwong/Documents/code/ros-install-osx/kinetic_desktop_full_ws/devel/.private/sensor_msgs/include/sensor_msgs/SetCameraInfoRequest.h, /Users/jaymingwong/Documents/code/ros-install-osx/kinetic_desktop_full_ws/devel/include/sensor_msgs/SetCameraInfoRequest.h)
Linked: (/Users/jaymingwong/Documents/code/ros-install-osx/kinetic_desktop_full_ws/devel/.private/sensor_msgs/include/sensor_msgs/SetCameraInfoResponse.h, /Users/jaymingwong/Documents/code/ros-install-osx/kinetic_desktop_full_ws/devel/include/sensor_msgs/SetCameraInfoResponse.h)
Linked: (/Users/jaymingwong/Documents/code/ros-install-osx/kinetic_desktop_full_ws/devel/.private/sensor_msgs/include/sensor_msgs/Temperature.h, /Users/jaymingwong/Documents/code/ros-install-osx/kinetic_desktop_full_ws/devel/include/sensor_msgs/Temperature.h)
Linked: (/Users/jaymingwong/Documents/code/ros-install-osx/kinetic_desktop_full_ws/devel/.private/sensor_msgs/include/sensor_msgs/TimeReference.h, /Users/jaymingwong/Documents/code/ros-install-osx/kinetic_desktop_full_ws/devel/include/sensor_msgs/TimeReference.h)
Linked: (/Users/jaymingwong/Documents/code/ros-install-osx/kinetic_desktop_full_ws/devel/.private/sensor_msgs/lib/pkgconfig/sensor_msgs.pc, /Users/jaymingwong/Documents/code/ros-install-osx/kinetic_desktop_full_ws/devel/lib/pkgconfig/sensor_msgs.pc)
Linked: (/Users/jaymingwong/Documents/code/ros-install-osx/kinetic_desktop_full_ws/devel/.private/sensor_msgs/lib/python2.7/site-packages/sensor_msgs/__init__.py, /Users/jaymingwong/Documents/code/ros-install-osx/kinetic_desktop_full_ws/devel/lib/python2.7/site-packages/sensor_msgs/__init__.py)
Symlinking /Users/jaymingwong/Documents/code/ros-install-osx/kinetic_desktop_full_ws/devel/lib/python2.7/site-packages/sensor_msgs/__init__.pyc
Linked: (/Users/jaymingwong/Documents/code/ros-install-osx/kinetic_desktop_full_ws/devel/.private/sensor_msgs/lib/python2.7/site-packages/sensor_msgs/msg/__init__.py, /Users/jaymingwong/Documents/code/ros-install-osx/kinetic_desktop_full_ws/devel/lib/python2.7/site-packages/sensor_msgs/msg/__init__.py)
Symlinking /Users/jaymingwong/Documents/code/ros-install-osx/kinetic_desktop_full_ws/devel/lib/python2.7/site-packages/sensor_msgs/msg/__init__.pyc
Linked: (/Users/jaymingwong/Documents/code/ros-install-osx/kinetic_desktop_full_ws/devel/.private/sensor_msgs/lib/python2.7/site-packages/sensor_msgs/msg/_BatteryState.py, /Users/jaymingwong/Documents/code/ros-install-osx/kinetic_desktop_full_ws/devel/lib/python2.7/site-packages/sensor_msgs/msg/_BatteryState.py)
Symlinking /Users/jaymingwong/Documents/code/ros-install-osx/kinetic_desktop_full_ws/devel/lib/python2.7/site-packages/sensor_msgs/msg/_BatteryState.pyc
Linked: (/Users/jaymingwong/Documents/code/ros-install-osx/kinetic_desktop_full_ws/devel/.private/sensor_msgs/lib/python2.7/site-packages/sensor_msgs/msg/_CameraInfo.py, /Users/jaymingwong/Documents/code/ros-install-osx/kinetic_desktop_full_ws/devel/lib/python2.7/site-packages/sensor_msgs/msg/_CameraInfo.py)
Symlinking /Users/jaymingwong/Documents/code/ros-install-osx/kinetic_desktop_full_ws/devel/lib/python2.7/site-packages/sensor_msgs/msg/_CameraInfo.pyc
Linked: (/Users/jaymingwong/Documents/code/ros-install-osx/kinetic_desktop_full_ws/devel/.private/sensor_msgs/lib/python2.7/site-packages/sensor_msgs/msg/_ChannelFloat32.py, /Users/jaymingwong/Documents/code/ros-install-osx/kinetic_desktop_full_ws/devel/lib/python2.7/site-packages/sensor_msgs/msg/_ChannelFloat32.py)
Symlinking /Users/jaymingwong/Documents/code/ros-install-osx/kinetic_desktop_full_ws/devel/lib/python2.7/site-packages/sensor_msgs/msg/_ChannelFloat32.pyc
Linked: (/Users/jaymingwong/Documents/code/ros-install-osx/kinetic_desktop_full_ws/devel/.private/sensor_msgs/lib/python2.7/site-packages/sensor_msgs/msg/_CompressedImage.py, /Users/jaymingwong/Documents/code/ros-install-osx/kinetic_desktop_full_ws/devel/lib/python2.7/site-packages/sensor_msgs/msg/_CompressedImage.py)
Symlinking /Users/jaymingwong/Documents/code/ros-install-osx/kinetic_desktop_full_ws/devel/lib/python2.7/site-packages/sensor_msgs/msg/_CompressedImage.pyc
Linked: (/Users/jaymingwong/Documents/code/ros-install-osx/kinetic_desktop_full_ws/devel/.private/sensor_msgs/lib/python2.7/site-packages/sensor_msgs/msg/_FluidPressure.py, /Users/jaymingwong/Documents/code/ros-install-osx/kinetic_desktop_full_ws/devel/lib/python2.7/site-packages/sensor_msgs/msg/_FluidPressure.py)
Symlinking /Users/jaymingwong/Documents/code/ros-install-osx/kinetic_desktop_full_ws/devel/lib/python2.7/site-packages/sensor_msgs/msg/_FluidPressure.pyc
Linked: (/Users/jaymingwong/Documents/code/ros-install-osx/kinetic_desktop_full_ws/devel/.private/sensor_msgs/lib/python2.7/site-packages/sensor_msgs/msg/_Illuminance.py, /Users/jaymingwong/Documents/code/ros-install-osx/kinetic_desktop_full_ws/devel/lib/python2.7/site-packages/sensor_msgs/msg/_Illuminance.py)
Symlinking /Users/jaymingwong/Documents/code/ros-install-osx/kinetic_desktop_full_ws/devel/lib/python2.7/site-packages/sensor_msgs/msg/_Illuminance.pyc
Linked: (/Users/jaymingwong/Documents/code/ros-install-osx/kinetic_desktop_full_ws/devel/.private/sensor_msgs/lib/python2.7/site-packages/sensor_msgs/msg/_Image.py, /Users/jaymingwong/Documents/code/ros-install-osx/kinetic_desktop_full_ws/devel/lib/python2.7/site-packages/sensor_msgs/msg/_Image.py)
Symlinking /Users/jaymingwong/Documents/code/ros-install-osx/kinetic_desktop_full_ws/devel/lib/python2.7/site-packages/sensor_msgs/msg/_Image.pyc
Linked: (/Users/jaymingwong/Documents/code/ros-install-osx/kinetic_desktop_full_ws/devel/.private/sensor_msgs/lib/python2.7/site-packages/sensor_msgs/msg/_Imu.py, /Users/jaymingwong/Documents/code/ros-install-osx/kinetic_desktop_full_ws/devel/lib/python2.7/site-packages/sensor_msgs/msg/_Imu.py)
Symlinking /Users/jaymingwong/Documents/code/ros-install-osx/kinetic_desktop_full_ws/devel/lib/python2.7/site-packages/sensor_msgs/msg/_Imu.pyc
Linked: (/Users/jaymingwong/Documents/code/ros-install-osx/kinetic_desktop_full_ws/devel/.private/sensor_msgs/lib/python2.7/site-packages/sensor_msgs/msg/_JointState.py, /Users/jaymingwong/Documents/code/ros-install-osx/kinetic_desktop_full_ws/devel/lib/python2.7/site-packages/sensor_msgs/msg/_JointState.py)
Symlinking /Users/jaymingwong/Documents/code/ros-install-osx/kinetic_desktop_full_ws/devel/lib/python2.7/site-packages/sensor_msgs/msg/_JointState.pyc
Linked: (/Users/jaymingwong/Documents/code/ros-install-osx/kinetic_desktop_full_ws/devel/.private/sensor_msgs/lib/python2.7/site-packages/sensor_msgs/msg/_Joy.py, /Users/jaymingwong/Documents/code/ros-install-osx/kinetic_desktop_full_ws/devel/lib/python2.7/site-packages/sensor_msgs/msg/_Joy.py)
Symlinking /Users/jaymingwong/Documents/code/ros-install-osx/kinetic_desktop_full_ws/devel/lib/python2.7/site-packages/sensor_msgs/msg/_Joy.pyc
Linked: (/Users/jaymingwong/Documents/code/ros-install-osx/kinetic_desktop_full_ws/devel/.private/sensor_msgs/lib/python2.7/site-packages/sensor_msgs/msg/_JoyFeedback.py, /Users/jaymingwong/Documents/code/ros-install-osx/kinetic_desktop_full_ws/devel/lib/python2.7/site-packages/sensor_msgs/msg/_JoyFeedback.py)
Symlinking /Users/jaymingwong/Documents/code/ros-install-osx/kinetic_desktop_full_ws/devel/lib/python2.7/site-packages/sensor_msgs/msg/_JoyFeedback.pyc
Linked: (/Users/jaymingwong/Documents/code/ros-install-osx/kinetic_desktop_full_ws/devel/.private/sensor_msgs/lib/python2.7/site-packages/sensor_msgs/msg/_JoyFeedbackArray.py, /Users/jaymingwong/Documents/code/ros-install-osx/kinetic_desktop_full_ws/devel/lib/python2.7/site-packages/sensor_msgs/msg/_JoyFeedbackArray.py)
Symlinking /Users/jaymingwong/Documents/code/ros-install-osx/kinetic_desktop_full_ws/devel/lib/python2.7/site-packages/sensor_msgs/msg/_JoyFeedbackArray.pyc
Linked: (/Users/jaymingwong/Documents/code/ros-install-osx/kinetic_desktop_full_ws/devel/.private/sensor_msgs/lib/python2.7/site-packages/sensor_msgs/msg/_LaserEcho.py, /Users/jaymingwong/Documents/code/ros-install-osx/kinetic_desktop_full_ws/devel/lib/python2.7/site-packages/sensor_msgs/msg/_LaserEcho.py)
Symlinking /Users/jaymingwong/Documents/code/ros-install-osx/kinetic_desktop_full_ws/devel/lib/python2.7/site-packages/sensor_msgs/msg/_LaserEcho.pyc
Linked: (/Users/jaymingwong/Documents/code/ros-install-osx/kinetic_desktop_full_ws/devel/.private/sensor_msgs/lib/python2.7/site-packages/sensor_msgs/msg/_LaserScan.py, /Users/jaymingwong/Documents/code/ros-install-osx/kinetic_desktop_full_ws/devel/lib/python2.7/site-packages/sensor_msgs/msg/_LaserScan.py)
Symlinking /Users/jaymingwong/Documents/code/ros-install-osx/kinetic_desktop_full_ws/devel/lib/python2.7/site-packages/sensor_msgs/msg/_LaserScan.pyc
Linked: (/Users/jaymingwong/Documents/code/ros-install-osx/kinetic_desktop_full_ws/devel/.private/sensor_msgs/lib/python2.7/site-packages/sensor_msgs/msg/_MagneticField.py, /Users/jaymingwong/Documents/code/ros-install-osx/kinetic_desktop_full_ws/devel/lib/python2.7/site-packages/sensor_msgs/msg/_MagneticField.py)
Symlinking /Users/jaymingwong/Documents/code/ros-install-osx/kinetic_desktop_full_ws/devel/lib/python2.7/site-packages/sensor_msgs/msg/_MagneticField.pyc
Linked: (/Users/jaymingwong/Documents/code/ros-install-osx/kinetic_desktop_full_ws/devel/.private/sensor_msgs/lib/python2.7/site-packages/sensor_msgs/msg/_MultiDOFJointState.py, /Users/jaymingwong/Documents/code/ros-install-osx/kinetic_desktop_full_ws/devel/lib/python2.7/site-packages/sensor_msgs/msg/_MultiDOFJointState.py)
Symlinking /Users/jaymingwong/Documents/code/ros-install-osx/kinetic_desktop_full_ws/devel/lib/python2.7/site-packages/sensor_msgs/msg/_MultiDOFJointState.pyc
Linked: (/Users/jaymingwong/Documents/code/ros-install-osx/kinetic_desktop_full_ws/devel/.private/sensor_msgs/lib/python2.7/site-packages/sensor_msgs/msg/_MultiEchoLaserScan.py, /Users/jaymingwong/Documents/code/ros-install-osx/kinetic_desktop_full_ws/devel/lib/python2.7/site-packages/sensor_msgs/msg/_MultiEchoLaserScan.py)
Symlinking /Users/jaymingwong/Documents/code/ros-install-osx/kinetic_desktop_full_ws/devel/lib/python2.7/site-packages/sensor_msgs/msg/_MultiEchoLaserScan.pyc
Linked: (/Users/jaymingwong/Documents/code/ros-install-osx/kinetic_desktop_full_ws/devel/.private/sensor_msgs/lib/python2.7/site-packages/sensor_msgs/msg/_NavSatFix.py, /Users/jaymingwong/Documents/code/ros-install-osx/kinetic_desktop_full_ws/devel/lib/python2.7/site-packages/sensor_msgs/msg/_NavSatFix.py)
Symlinking /Users/jaymingwong/Documents/code/ros-install-osx/kinetic_desktop_full_ws/devel/lib/python2.7/site-packages/sensor_msgs/msg/_NavSatFix.pyc
Linked: (/Users/jaymingwong/Documents/code/ros-install-osx/kinetic_desktop_full_ws/devel/.private/sensor_msgs/lib/python2.7/site-packages/sensor_msgs/msg/_NavSatStatus.py, /Users/jaymingwong/Documents/code/ros-install-osx/kinetic_desktop_full_ws/devel/lib/python2.7/site-packages/sensor_msgs/msg/_NavSatStatus.py)
Symlinking /Users/jaymingwong/Documents/code/ros-install-osx/kinetic_desktop_full_ws/devel/lib/python2.7/site-packages/sensor_msgs/msg/_NavSatStatus.pyc
Linked: (/Users/jaymingwong/Documents/code/ros-install-osx/kinetic_desktop_full_ws/devel/.private/sensor_msgs/lib/python2.7/site-packages/sensor_msgs/msg/_PointCloud.py, /Users/jaymingwong/Documents/code/ros-install-osx/kinetic_desktop_full_ws/devel/lib/python2.7/site-packages/sensor_msgs/msg/_PointCloud.py)
Symlinking /Users/jaymingwong/Documents/code/ros-install-osx/kinetic_desktop_full_ws/devel/lib/python2.7/site-packages/sensor_msgs/msg/_PointCloud.pyc
Linked: (/Users/jaymingwong/Documents/code/ros-install-osx/kinetic_desktop_full_ws/devel/.private/sensor_msgs/lib/python2.7/site-packages/sensor_msgs/msg/_PointCloud2.py, /Users/jaymingwong/Documents/code/ros-install-osx/kinetic_desktop_full_ws/devel/lib/python2.7/site-packages/sensor_msgs/msg/_PointCloud2.py)
Symlinking /Users/jaymingwong/Documents/code/ros-install-osx/kinetic_desktop_full_ws/devel/lib/python2.7/site-packages/sensor_msgs/msg/_PointCloud2.pyc
Linked: (/Users/jaymingwong/Documents/code/ros-install-osx/kinetic_desktop_full_ws/devel/.private/sensor_msgs/lib/python2.7/site-packages/sensor_msgs/msg/_PointField.py, /Users/jaymingwong/Documents/code/ros-install-osx/kinetic_desktop_full_ws/devel/lib/python2.7/site-packages/sensor_msgs/msg/_PointField.py)
Symlinking /Users/jaymingwong/Documents/code/ros-install-osx/kinetic_desktop_full_ws/devel/lib/python2.7/site-packages/sensor_msgs/msg/_PointField.pyc
Linked: (/Users/jaymingwong/Documents/code/ros-install-osx/kinetic_desktop_full_ws/devel/.private/sensor_msgs/lib/python2.7/site-packages/sensor_msgs/msg/_Range.py, /Users/jaymingwong/Documents/code/ros-install-osx/kinetic_desktop_full_ws/devel/lib/python2.7/site-packages/sensor_msgs/msg/_Range.py)
Symlinking /Users/jaymingwong/Documents/code/ros-install-osx/kinetic_desktop_full_ws/devel/lib/python2.7/site-packages/sensor_msgs/msg/_Range.pyc
Linked: (/Users/jaymingwong/Documents/code/ros-install-osx/kinetic_desktop_full_ws/devel/.private/sensor_msgs/lib/python2.7/site-packages/sensor_msgs/msg/_RegionOfInterest.py, /Users/jaymingwong/Documents/code/ros-install-osx/kinetic_desktop_full_ws/devel/lib/python2.7/site-packages/sensor_msgs/msg/_RegionOfInterest.py)
Symlinking /Users/jaymingwong/Documents/code/ros-install-osx/kinetic_desktop_full_ws/devel/lib/python2.7/site-packages/sensor_msgs/msg/_RegionOfInterest.pyc
Linked: (/Users/jaymingwong/Documents/code/ros-install-osx/kinetic_desktop_full_ws/devel/.private/sensor_msgs/lib/python2.7/site-packages/sensor_msgs/msg/_RelativeHumidity.py, /Users/jaymingwong/Documents/code/ros-install-osx/kinetic_desktop_full_ws/devel/lib/python2.7/site-packages/sensor_msgs/msg/_RelativeHumidity.py)
Symlinking /Users/jaymingwong/Documents/code/ros-install-osx/kinetic_desktop_full_ws/devel/lib/python2.7/site-packages/sensor_msgs/msg/_RelativeHumidity.pyc
Linked: (/Users/jaymingwong/Documents/code/ros-install-osx/kinetic_desktop_full_ws/devel/.private/sensor_msgs/lib/python2.7/site-packages/sensor_msgs/msg/_Temperature.py, /Users/jaymingwong/Documents/code/ros-install-osx/kinetic_desktop_full_ws/devel/lib/python2.7/site-packages/sensor_msgs/msg/_Temperature.py)
Symlinking /Users/jaymingwong/Documents/code/ros-install-osx/kinetic_desktop_full_ws/devel/lib/python2.7/site-packages/sensor_msgs/msg/_Temperature.pyc
Linked: (/Users/jaymingwong/Documents/code/ros-install-osx/kinetic_desktop_full_ws/devel/.private/sensor_msgs/lib/python2.7/site-packages/sensor_msgs/msg/_TimeReference.py, /Users/jaymingwong/Documents/code/ros-install-osx/kinetic_desktop_full_ws/devel/lib/python2.7/site-packages/sensor_msgs/msg/_TimeReference.py)
Symlinking /Users/jaymingwong/Documents/code/ros-install-osx/kinetic_desktop_full_ws/devel/lib/python2.7/site-packages/sensor_msgs/msg/_TimeReference.pyc
Linked: (/Users/jaymingwong/Documents/code/ros-install-osx/kinetic_desktop_full_ws/devel/.private/sensor_msgs/lib/python2.7/site-packages/sensor_msgs/srv/__init__.py, /Users/jaymingwong/Documents/code/ros-install-osx/kinetic_desktop_full_ws/devel/lib/python2.7/site-packages/sensor_msgs/srv/__init__.py)
Symlinking /Users/jaymingwong/Documents/code/ros-install-osx/kinetic_desktop_full_ws/devel/lib/python2.7/site-packages/sensor_msgs/srv/__init__.pyc
Linked: (/Users/jaymingwong/Documents/code/ros-install-osx/kinetic_desktop_full_ws/devel/.private/sensor_msgs/lib/python2.7/site-packages/sensor_msgs/srv/_SetCameraInfo.py, /Users/jaymingwong/Documents/code/ros-install-osx/kinetic_desktop_full_ws/devel/lib/python2.7/site-packages/sensor_msgs/srv/_SetCameraInfo.py)
Symlinking /Users/jaymingwong/Documents/code/ros-install-osx/kinetic_desktop_full_ws/devel/lib/python2.7/site-packages/sensor_msgs/srv/_SetCameraInfo.pyc
Linked: (/Users/jaymingwong/Documents/code/ros-install-osx/kinetic_desktop_full_ws/devel/.private/sensor_msgs/share/common-lisp/ros/sensor_msgs/msg/_package.lisp, /Users/jaymingwong/Documents/code/ros-install-osx/kinetic_desktop_full_ws/devel/share/common-lisp/ros/sensor_msgs/msg/_package.lisp)
Linked: (/Users/jaymingwong/Documents/code/ros-install-osx/kinetic_desktop_full_ws/devel/.private/sensor_msgs/share/common-lisp/ros/sensor_msgs/msg/_package_BatteryState.lisp, /Users/jaymingwong/Documents/code/ros-install-osx/kinetic_desktop_full_ws/devel/share/common-lisp/ros/sensor_msgs/msg/_package_BatteryState.lisp)
Linked: (/Users/jaymingwong/Documents/code/ros-install-osx/kinetic_desktop_full_ws/devel/.private/sensor_msgs/share/common-lisp/ros/sensor_msgs/msg/_package_CameraInfo.lisp, /Users/jaymingwong/Documents/code/ros-install-osx/kinetic_desktop_full_ws/devel/share/common-lisp/ros/sensor_msgs/msg/_package_CameraInfo.lisp)
Linked: (/Users/jaymingwong/Documents/code/ros-install-osx/kinetic_desktop_full_ws/devel/.private/sensor_msgs/share/common-lisp/ros/sensor_msgs/msg/_package_ChannelFloat32.lisp, /Users/jaymingwong/Documents/code/ros-install-osx/kinetic_desktop_full_ws/devel/share/common-lisp/ros/sensor_msgs/msg/_package_ChannelFloat32.lisp)
Linked: (/Users/jaymingwong/Documents/code/ros-install-osx/kinetic_desktop_full_ws/devel/.private/sensor_msgs/share/common-lisp/ros/sensor_msgs/msg/_package_CompressedImage.lisp, /Users/jaymingwong/Documents/code/ros-install-osx/kinetic_desktop_full_ws/devel/share/common-lisp/ros/sensor_msgs/msg/_package_CompressedImage.lisp)
Linked: (/Users/jaymingwong/Documents/code/ros-install-osx/kinetic_desktop_full_ws/devel/.private/sensor_msgs/share/common-lisp/ros/sensor_msgs/msg/_package_FluidPressure.lisp, /Users/jaymingwong/Documents/code/ros-install-osx/kinetic_desktop_full_ws/devel/share/common-lisp/ros/sensor_msgs/msg/_package_FluidPressure.lisp)
Linked: (/Users/jaymingwong/Documents/code/ros-install-osx/kinetic_desktop_full_ws/devel/.private/sensor_msgs/share/common-lisp/ros/sensor_msgs/msg/_package_Illuminance.lisp, /Users/jaymingwong/Documents/code/ros-install-osx/kinetic_desktop_full_ws/devel/share/common-lisp/ros/sensor_msgs/msg/_package_Illuminance.lisp)
Linked: (/Users/jaymingwong/Documents/code/ros-install-osx/kinetic_desktop_full_ws/devel/.private/sensor_msgs/share/common-lisp/ros/sensor_msgs/msg/_package_Image.lisp, /Users/jaymingwong/Documents/code/ros-install-osx/kinetic_desktop_full_ws/devel/share/common-lisp/ros/sensor_msgs/msg/_package_Image.lisp)
Linked: (/Users/jaymingwong/Documents/code/ros-install-osx/kinetic_desktop_full_ws/devel/.private/sensor_msgs/share/common-lisp/ros/sensor_msgs/msg/_package_Imu.lisp, /Users/jaymingwong/Documents/code/ros-install-osx/kinetic_desktop_full_ws/devel/share/common-lisp/ros/sensor_msgs/msg/_package_Imu.lisp)
Linked: (/Users/jaymingwong/Documents/code/ros-install-osx/kinetic_desktop_full_ws/devel/.private/sensor_msgs/share/common-lisp/ros/sensor_msgs/msg/_package_JointState.lisp, /Users/jaymingwong/Documents/code/ros-install-osx/kinetic_desktop_full_ws/devel/share/common-lisp/ros/sensor_msgs/msg/_package_JointState.lisp)
Linked: (/Users/jaymingwong/Documents/code/ros-install-osx/kinetic_desktop_full_ws/devel/.private/sensor_msgs/share/common-lisp/ros/sensor_msgs/msg/_package_Joy.lisp, /Users/jaymingwong/Documents/code/ros-install-osx/kinetic_desktop_full_ws/devel/share/common-lisp/ros/sensor_msgs/msg/_package_Joy.lisp)
Linked: (/Users/jaymingwong/Documents/code/ros-install-osx/kinetic_desktop_full_ws/devel/.private/sensor_msgs/share/common-lisp/ros/sensor_msgs/msg/_package_JoyFeedback.lisp, /Users/jaymingwong/Documents/code/ros-install-osx/kinetic_desktop_full_ws/devel/share/common-lisp/ros/sensor_msgs/msg/_package_JoyFeedback.lisp)
Linked: (/Users/jaymingwong/Documents/code/ros-install-osx/kinetic_desktop_full_ws/devel/.private/sensor_msgs/share/common-lisp/ros/sensor_msgs/msg/_package_JoyFeedbackArray.lisp, /Users/jaymingwong/Documents/code/ros-install-osx/kinetic_desktop_full_ws/devel/share/common-lisp/ros/sensor_msgs/msg/_package_JoyFeedbackArray.lisp)
Linked: (/Users/jaymingwong/Documents/code/ros-install-osx/kinetic_desktop_full_ws/devel/.private/sensor_msgs/share/common-lisp/ros/sensor_msgs/msg/_package_LaserEcho.lisp, /Users/jaymingwong/Documents/code/ros-install-osx/kinetic_desktop_full_ws/devel/share/common-lisp/ros/sensor_msgs/msg/_package_LaserEcho.lisp)
Linked: (/Users/jaymingwong/Documents/code/ros-install-osx/kinetic_desktop_full_ws/devel/.private/sensor_msgs/share/common-lisp/ros/sensor_msgs/msg/_package_LaserScan.lisp, /Users/jaymingwong/Documents/code/ros-install-osx/kinetic_desktop_full_ws/devel/share/common-lisp/ros/sensor_msgs/msg/_package_LaserScan.lisp)
Linked: (/Users/jaymingwong/Documents/code/ros-install-osx/kinetic_desktop_full_ws/devel/.private/sensor_msgs/share/common-lisp/ros/sensor_msgs/msg/_package_MagneticField.lisp, /Users/jaymingwong/Documents/code/ros-install-osx/kinetic_desktop_full_ws/devel/share/common-lisp/ros/sensor_msgs/msg/_package_MagneticField.lisp)
Linked: (/Users/jaymingwong/Documents/code/ros-install-osx/kinetic_desktop_full_ws/devel/.private/sensor_msgs/share/common-lisp/ros/sensor_msgs/msg/_package_MultiDOFJointState.lisp, /Users/jaymingwong/Documents/code/ros-install-osx/kinetic_desktop_full_ws/devel/share/common-lisp/ros/sensor_msgs/msg/_package_MultiDOFJointState.lisp)
Linked: (/Users/jaymingwong/Documents/code/ros-install-osx/kinetic_desktop_full_ws/devel/.private/sensor_msgs/share/common-lisp/ros/sensor_msgs/msg/_package_MultiEchoLaserScan.lisp, /Users/jaymingwong/Documents/code/ros-install-osx/kinetic_desktop_full_ws/devel/share/common-lisp/ros/sensor_msgs/msg/_package_MultiEchoLaserScan.lisp)
Linked: (/Users/jaymingwong/Documents/code/ros-install-osx/kinetic_desktop_full_ws/devel/.private/sensor_msgs/share/common-lisp/ros/sensor_msgs/msg/_package_NavSatFix.lisp, /Users/jaymingwong/Documents/code/ros-install-osx/kinetic_desktop_full_ws/devel/share/common-lisp/ros/sensor_msgs/msg/_package_NavSatFix.lisp)
Linked: (/Users/jaymingwong/Documents/code/ros-install-osx/kinetic_desktop_full_ws/devel/.private/sensor_msgs/share/common-lisp/ros/sensor_msgs/msg/_package_NavSatStatus.lisp, /Users/jaymingwong/Documents/code/ros-install-osx/kinetic_desktop_full_ws/devel/share/common-lisp/ros/sensor_msgs/msg/_package_NavSatStatus.lisp)
Linked: (/Users/jaymingwong/Documents/code/ros-install-osx/kinetic_desktop_full_ws/devel/.private/sensor_msgs/share/common-lisp/ros/sensor_msgs/msg/_package_PointCloud.lisp, /Users/jaymingwong/Documents/code/ros-install-osx/kinetic_desktop_full_ws/devel/share/common-lisp/ros/sensor_msgs/msg/_package_PointCloud.lisp)
Linked: (/Users/jaymingwong/Documents/code/ros-install-osx/kinetic_desktop_full_ws/devel/.private/sensor_msgs/share/common-lisp/ros/sensor_msgs/msg/_package_PointCloud2.lisp, /Users/jaymingwong/Documents/code/ros-install-osx/kinetic_desktop_full_ws/devel/share/common-lisp/ros/sensor_msgs/msg/_package_PointCloud2.lisp)
Linked: (/Users/jaymingwong/Documents/code/ros-install-osx/kinetic_desktop_full_ws/devel/.private/sensor_msgs/share/common-lisp/ros/sensor_msgs/msg/_package_PointField.lisp, /Users/jaymingwong/Documents/code/ros-install-osx/kinetic_desktop_full_ws/devel/share/common-lisp/ros/sensor_msgs/msg/_package_PointField.lisp)
Linked: (/Users/jaymingwong/Documents/code/ros-install-osx/kinetic_desktop_full_ws/devel/.private/sensor_msgs/share/common-lisp/ros/sensor_msgs/msg/_package_Range.lisp, /Users/jaymingwong/Documents/code/ros-install-osx/kinetic_desktop_full_ws/devel/share/common-lisp/ros/sensor_msgs/msg/_package_Range.lisp)
Linked: (/Users/jaymingwong/Documents/code/ros-install-osx/kinetic_desktop_full_ws/devel/.private/sensor_msgs/share/common-lisp/ros/sensor_msgs/msg/_package_RegionOfInterest.lisp, /Users/jaymingwong/Documents/code/ros-install-osx/kinetic_desktop_full_ws/devel/share/common-lisp/ros/sensor_msgs/msg/_package_RegionOfInterest.lisp)
Linked: (/Users/jaymingwong/Documents/code/ros-install-osx/kinetic_desktop_full_ws/devel/.private/sensor_msgs/share/common-lisp/ros/sensor_msgs/msg/_package_RelativeHumidity.lisp, /Users/jaymingwong/Documents/code/ros-install-osx/kinetic_desktop_full_ws/devel/share/common-lisp/ros/sensor_msgs/msg/_package_RelativeHumidity.lisp)
Linked: (/Users/jaymingwong/Documents/code/ros-install-osx/kinetic_desktop_full_ws/devel/.private/sensor_msgs/share/common-lisp/ros/sensor_msgs/msg/_package_Temperature.lisp, /Users/jaymingwong/Documents/code/ros-install-osx/kinetic_desktop_full_ws/devel/share/common-lisp/ros/sensor_msgs/msg/_package_Temperature.lisp)
Linked: (/Users/jaymingwong/Documents/code/ros-install-osx/kinetic_desktop_full_ws/devel/.private/sensor_msgs/share/common-lisp/ros/sensor_msgs/msg/_package_TimeReference.lisp, /Users/jaymingwong/Documents/code/ros-install-osx/kinetic_desktop_full_ws/devel/share/common-lisp/ros/sensor_msgs/msg/_package_TimeReference.lisp)
Linked: (/Users/jaymingwong/Documents/code/ros-install-osx/kinetic_desktop_full_ws/devel/.private/sensor_msgs/share/common-lisp/ros/sensor_msgs/msg/BatteryState.lisp, /Users/jaymingwong/Documents/code/ros-install-osx/kinetic_desktop_full_ws/devel/share/common-lisp/ros/sensor_msgs/msg/BatteryState.lisp)
Linked: (/Users/jaymingwong/Documents/code/ros-install-osx/kinetic_desktop_full_ws/devel/.private/sensor_msgs/share/common-lisp/ros/sensor_msgs/msg/CameraInfo.lisp, /Users/jaymingwong/Documents/code/ros-install-osx/kinetic_desktop_full_ws/devel/share/common-lisp/ros/sensor_msgs/msg/CameraInfo.lisp)
Linked: (/Users/jaymingwong/Documents/code/ros-install-osx/kinetic_desktop_full_ws/devel/.private/sensor_msgs/share/common-lisp/ros/sensor_msgs/msg/ChannelFloat32.lisp, /Users/jaymingwong/Documents/code/ros-install-osx/kinetic_desktop_full_ws/devel/share/common-lisp/ros/sensor_msgs/msg/ChannelFloat32.lisp)
Linked: (/Users/jaymingwong/Documents/code/ros-install-osx/kinetic_desktop_full_ws/devel/.private/sensor_msgs/share/common-lisp/ros/sensor_msgs/msg/CompressedImage.lisp, /Users/jaymingwong/Documents/code/ros-install-osx/kinetic_desktop_full_ws/devel/share/common-lisp/ros/sensor_msgs/msg/CompressedImage.lisp)
Linked: (/Users/jaymingwong/Documents/code/ros-install-osx/kinetic_desktop_full_ws/devel/.private/sensor_msgs/share/common-lisp/ros/sensor_msgs/msg/FluidPressure.lisp, /Users/jaymingwong/Documents/code/ros-install-osx/kinetic_desktop_full_ws/devel/share/common-lisp/ros/sensor_msgs/msg/FluidPressure.lisp)
Linked: (/Users/jaymingwong/Documents/code/ros-install-osx/kinetic_desktop_full_ws/devel/.private/sensor_msgs/share/common-lisp/ros/sensor_msgs/msg/Illuminance.lisp, /Users/jaymingwong/Documents/code/ros-install-osx/kinetic_desktop_full_ws/devel/share/common-lisp/ros/sensor_msgs/msg/Illuminance.lisp)
Linked: (/Users/jaymingwong/Documents/code/ros-install-osx/kinetic_desktop_full_ws/devel/.private/sensor_msgs/share/common-lisp/ros/sensor_msgs/msg/Image.lisp, /Users/jaymingwong/Documents/code/ros-install-osx/kinetic_desktop_full_ws/devel/share/common-lisp/ros/sensor_msgs/msg/Image.lisp)
Linked: (/Users/jaymingwong/Documents/code/ros-install-osx/kinetic_desktop_full_ws/devel/.private/sensor_msgs/share/common-lisp/ros/sensor_msgs/msg/Imu.lisp, /Users/jaymingwong/Documents/code/ros-install-osx/kinetic_desktop_full_ws/devel/share/common-lisp/ros/sensor_msgs/msg/Imu.lisp)
Linked: (/Users/jaymingwong/Documents/code/ros-install-osx/kinetic_desktop_full_ws/devel/.private/sensor_msgs/share/common-lisp/ros/sensor_msgs/msg/JointState.lisp, /Users/jaymingwong/Documents/code/ros-install-osx/kinetic_desktop_full_ws/devel/share/common-lisp/ros/sensor_msgs/msg/JointState.lisp)
Linked: (/Users/jaymingwong/Documents/code/ros-install-osx/kinetic_desktop_full_ws/devel/.private/sensor_msgs/share/common-lisp/ros/sensor_msgs/msg/Joy.lisp, /Users/jaymingwong/Documents/code/ros-install-osx/kinetic_desktop_full_ws/devel/share/common-lisp/ros/sensor_msgs/msg/Joy.lisp)
Linked: (/Users/jaymingwong/Documents/code/ros-install-osx/kinetic_desktop_full_ws/devel/.private/sensor_msgs/share/common-lisp/ros/sensor_msgs/msg/JoyFeedback.lisp, /Users/jaymingwong/Documents/code/ros-install-osx/kinetic_desktop_full_ws/devel/share/common-lisp/ros/sensor_msgs/msg/JoyFeedback.lisp)
Linked: (/Users/jaymingwong/Documents/code/ros-install-osx/kinetic_desktop_full_ws/devel/.private/sensor_msgs/share/common-lisp/ros/sensor_msgs/msg/JoyFeedbackArray.lisp, /Users/jaymingwong/Documents/code/ros-install-osx/kinetic_desktop_full_ws/devel/share/common-lisp/ros/sensor_msgs/msg/JoyFeedbackArray.lisp)
Linked: (/Users/jaymingwong/Documents/code/ros-install-osx/kinetic_desktop_full_ws/devel/.private/sensor_msgs/share/common-lisp/ros/sensor_msgs/msg/LaserEcho.lisp, /Users/jaymingwong/Documents/code/ros-install-osx/kinetic_desktop_full_ws/devel/share/common-lisp/ros/sensor_msgs/msg/LaserEcho.lisp)
Linked: (/Users/jaymingwong/Documents/code/ros-install-osx/kinetic_desktop_full_ws/devel/.private/sensor_msgs/share/common-lisp/ros/sensor_msgs/msg/LaserScan.lisp, /Users/jaymingwong/Documents/code/ros-install-osx/kinetic_desktop_full_ws/devel/share/common-lisp/ros/sensor_msgs/msg/LaserScan.lisp)
Linked: (/Users/jaymingwong/Documents/code/ros-install-osx/kinetic_desktop_full_ws/devel/.private/sensor_msgs/share/common-lisp/ros/sensor_msgs/msg/MagneticField.lisp, /Users/jaymingwong/Documents/code/ros-install-osx/kinetic_desktop_full_ws/devel/share/common-lisp/ros/sensor_msgs/msg/MagneticField.lisp)
Linked: (/Users/jaymingwong/Documents/code/ros-install-osx/kinetic_desktop_full_ws/devel/.private/sensor_msgs/share/common-lisp/ros/sensor_msgs/msg/MultiDOFJointState.lisp, /Users/jaymingwong/Documents/code/ros-install-osx/kinetic_desktop_full_ws/devel/share/common-lisp/ros/sensor_msgs/msg/MultiDOFJointState.lisp)
Linked: (/Users/jaymingwong/Documents/code/ros-install-osx/kinetic_desktop_full_ws/devel/.private/sensor_msgs/share/common-lisp/ros/sensor_msgs/msg/MultiEchoLaserScan.lisp, /Users/jaymingwong/Documents/code/ros-install-osx/kinetic_desktop_full_ws/devel/share/common-lisp/ros/sensor_msgs/msg/MultiEchoLaserScan.lisp)
Linked: (/Users/jaymingwong/Documents/code/ros-install-osx/kinetic_desktop_full_ws/devel/.private/sensor_msgs/share/common-lisp/ros/sensor_msgs/msg/NavSatFix.lisp, /Users/jaymingwong/Documents/code/ros-install-osx/kinetic_desktop_full_ws/devel/share/common-lisp/ros/sensor_msgs/msg/NavSatFix.lisp)
Linked: (/Users/jaymingwong/Documents/code/ros-install-osx/kinetic_desktop_full_ws/devel/.private/sensor_msgs/share/common-lisp/ros/sensor_msgs/msg/NavSatStatus.lisp, /Users/jaymingwong/Documents/code/ros-install-osx/kinetic_desktop_full_ws/devel/share/common-lisp/ros/sensor_msgs/msg/NavSatStatus.lisp)
Linked: (/Users/jaymingwong/Documents/code/ros-install-osx/kinetic_desktop_full_ws/devel/.private/sensor_msgs/share/common-lisp/ros/sensor_msgs/msg/PointCloud.lisp, /Users/jaymingwong/Documents/code/ros-install-osx/kinetic_desktop_full_ws/devel/share/common-lisp/ros/sensor_msgs/msg/PointCloud.lisp)
Linked: (/Users/jaymingwong/Documents/code/ros-install-osx/kinetic_desktop_full_ws/devel/.private/sensor_msgs/share/common-lisp/ros/sensor_msgs/msg/PointCloud2.lisp, /Users/jaymingwong/Documents/code/ros-install-osx/kinetic_desktop_full_ws/devel/share/common-lisp/ros/sensor_msgs/msg/PointCloud2.lisp)
Linked: (/Users/jaymingwong/Documents/code/ros-install-osx/kinetic_desktop_full_ws/devel/.private/sensor_msgs/share/common-lisp/ros/sensor_msgs/msg/PointField.lisp, /Users/jaymingwong/Documents/code/ros-install-osx/kinetic_desktop_full_ws/devel/share/common-lisp/ros/sensor_msgs/msg/PointField.lisp)
Linked: (/Users/jaymingwong/Documents/code/ros-install-osx/kinetic_desktop_full_ws/devel/.private/sensor_msgs/share/common-lisp/ros/sensor_msgs/msg/Range.lisp, /Users/jaymingwong/Documents/code/ros-install-osx/kinetic_desktop_full_ws/devel/share/common-lisp/ros/sensor_msgs/msg/Range.lisp)
Linked: (/Users/jaymingwong/Documents/code/ros-install-osx/kinetic_desktop_full_ws/devel/.private/sensor_msgs/share/common-lisp/ros/sensor_msgs/msg/RegionOfInterest.lisp, /Users/jaymingwong/Documents/code/ros-install-osx/kinetic_desktop_full_ws/devel/share/common-lisp/ros/sensor_msgs/msg/RegionOfInterest.lisp)
Linked: (/Users/jaymingwong/Documents/code/ros-install-osx/kinetic_desktop_full_ws/devel/.private/sensor_msgs/share/common-lisp/ros/sensor_msgs/msg/RelativeHumidity.lisp, /Users/jaymingwong/Documents/code/ros-install-osx/kinetic_desktop_full_ws/devel/share/common-lisp/ros/sensor_msgs/msg/RelativeHumidity.lisp)
Linked: (/Users/jaymingwong/Documents/code/ros-install-osx/kinetic_desktop_full_ws/devel/.private/sensor_msgs/share/common-lisp/ros/sensor_msgs/msg/sensor_msgs-msg.asd, /Users/jaymingwong/Documents/code/ros-install-osx/kinetic_desktop_full_ws/devel/share/common-lisp/ros/sensor_msgs/msg/sensor_msgs-msg.asd)
Linked: (/Users/jaymingwong/Documents/code/ros-install-osx/kinetic_desktop_full_ws/devel/.private/sensor_msgs/share/common-lisp/ros/sensor_msgs/msg/Temperature.lisp, /Users/jaymingwong/Documents/code/ros-install-osx/kinetic_desktop_full_ws/devel/share/common-lisp/ros/sensor_msgs/msg/Temperature.lisp)
Linked: (/Users/jaymingwong/Documents/code/ros-install-osx/kinetic_desktop_full_ws/devel/.private/sensor_msgs/share/common-lisp/ros/sensor_msgs/msg/TimeReference.lisp, /Users/jaymingwong/Documents/code/ros-install-osx/kinetic_desktop_full_ws/devel/share/common-lisp/ros/sensor_msgs/msg/TimeReference.lisp)
Linked: (/Users/jaymingwong/Documents/code/ros-install-osx/kinetic_desktop_full_ws/devel/.private/sensor_msgs/share/common-lisp/ros/sensor_msgs/srv/_package.lisp, /Users/jaymingwong/Documents/code/ros-install-osx/kinetic_desktop_full_ws/devel/share/common-lisp/ros/sensor_msgs/srv/_package.lisp)
Linked: (/Users/jaymingwong/Documents/code/ros-install-osx/kinetic_desktop_full_ws/devel/.private/sensor_msgs/share/common-lisp/ros/sensor_msgs/srv/_package_SetCameraInfo.lisp, /Users/jaymingwong/Documents/code/ros-install-osx/kinetic_desktop_full_ws/devel/share/common-lisp/ros/sensor_msgs/srv/_package_SetCameraInfo.lisp)
Linked: (/Users/jaymingwong/Documents/code/ros-install-osx/kinetic_desktop_full_ws/devel/.private/sensor_msgs/share/common-lisp/ros/sensor_msgs/srv/sensor_msgs-srv.asd, /Users/jaymingwong/Documents/code/ros-install-osx/kinetic_desktop_full_ws/devel/share/common-lisp/ros/sensor_msgs/srv/sensor_msgs-srv.asd)
Linked: (/Users/jaymingwong/Documents/code/ros-install-osx/kinetic_desktop_full_ws/devel/.private/sensor_msgs/share/common-lisp/ros/sensor_msgs/srv/SetCameraInfo.lisp, /Users/jaymingwong/Documents/code/ros-install-osx/kinetic_desktop_full_ws/devel/share/common-lisp/ros/sensor_msgs/srv/SetCameraInfo.lisp)
Linked: (/Users/jaymingwong/Documents/code/ros-install-osx/kinetic_desktop_full_ws/devel/.private/sensor_msgs/share/gennodejs/ros/sensor_msgs/_index.js, /Users/jaymingwong/Documents/code/ros-install-osx/kinetic_desktop_full_ws/devel/share/gennodejs/ros/sensor_msgs/_index.js)
Linked: (/Users/jaymingwong/Documents/code/ros-install-osx/kinetic_desktop_full_ws/devel/.private/sensor_msgs/share/gennodejs/ros/sensor_msgs/msg/_index.js, /Users/jaymingwong/Documents/code/ros-install-osx/kinetic_desktop_full_ws/devel/share/gennodejs/ros/sensor_msgs/msg/_index.js)
Linked: (/Users/jaymingwong/Documents/code/ros-install-osx/kinetic_desktop_full_ws/devel/.private/sensor_msgs/share/gennodejs/ros/sensor_msgs/msg/BatteryState.js, /Users/jaymingwong/Documents/code/ros-install-osx/kinetic_desktop_full_ws/devel/share/gennodejs/ros/sensor_msgs/msg/BatteryState.js)
Linked: (/Users/jaymingwong/Documents/code/ros-install-osx/kinetic_desktop_full_ws/devel/.private/sensor_msgs/share/gennodejs/ros/sensor_msgs/msg/CameraInfo.js, /Users/jaymingwong/Documents/code/ros-install-osx/kinetic_desktop_full_ws/devel/share/gennodejs/ros/sensor_msgs/msg/CameraInfo.js)
Linked: (/Users/jaymingwong/Documents/code/ros-install-osx/kinetic_desktop_full_ws/devel/.private/sensor_msgs/share/gennodejs/ros/sensor_msgs/msg/ChannelFloat32.js, /Users/jaymingwong/Documents/code/ros-install-osx/kinetic_desktop_full_ws/devel/share/gennodejs/ros/sensor_msgs/msg/ChannelFloat32.js)
Linked: (/Users/jaymingwong/Documents/code/ros-install-osx/kinetic_desktop_full_ws/devel/.private/sensor_msgs/share/gennodejs/ros/sensor_msgs/msg/CompressedImage.js, /Users/jaymingwong/Documents/code/ros-install-osx/kinetic_desktop_full_ws/devel/share/gennodejs/ros/sensor_msgs/msg/CompressedImage.js)
Linked: (/Users/jaymingwong/Documents/code/ros-install-osx/kinetic_desktop_full_ws/devel/.private/sensor_msgs/share/gennodejs/ros/sensor_msgs/msg/FluidPressure.js, /Users/jaymingwong/Documents/code/ros-install-osx/kinetic_desktop_full_ws/devel/share/gennodejs/ros/sensor_msgs/msg/FluidPressure.js)
Linked: (/Users/jaymingwong/Documents/code/ros-install-osx/kinetic_desktop_full_ws/devel/.private/sensor_msgs/share/gennodejs/ros/sensor_msgs/msg/Illuminance.js, /Users/jaymingwong/Documents/code/ros-install-osx/kinetic_desktop_full_ws/devel/share/gennodejs/ros/sensor_msgs/msg/Illuminance.js)
Linked: (/Users/jaymingwong/Documents/code/ros-install-osx/kinetic_desktop_full_ws/devel/.private/sensor_msgs/share/gennodejs/ros/sensor_msgs/msg/Image.js, /Users/jaymingwong/Documents/code/ros-install-osx/kinetic_desktop_full_ws/devel/share/gennodejs/ros/sensor_msgs/msg/Image.js)
Linked: (/Users/jaymingwong/Documents/code/ros-install-osx/kinetic_desktop_full_ws/devel/.private/sensor_msgs/share/gennodejs/ros/sensor_msgs/msg/Imu.js, /Users/jaymingwong/Documents/code/ros-install-osx/kinetic_desktop_full_ws/devel/share/gennodejs/ros/sensor_msgs/msg/Imu.js)
Linked: (/Users/jaymingwong/Documents/code/ros-install-osx/kinetic_desktop_full_ws/devel/.private/sensor_msgs/share/gennodejs/ros/sensor_msgs/msg/JointState.js, /Users/jaymingwong/Documents/code/ros-install-osx/kinetic_desktop_full_ws/devel/share/gennodejs/ros/sensor_msgs/msg/JointState.js)
Linked: (/Users/jaymingwong/Documents/code/ros-install-osx/kinetic_desktop_full_ws/devel/.private/sensor_msgs/share/gennodejs/ros/sensor_msgs/msg/Joy.js, /Users/jaymingwong/Documents/code/ros-install-osx/kinetic_desktop_full_ws/devel/share/gennodejs/ros/sensor_msgs/msg/Joy.js)
Linked: (/Users/jaymingwong/Documents/code/ros-install-osx/kinetic_desktop_full_ws/devel/.private/sensor_msgs/share/gennodejs/ros/sensor_msgs/msg/JoyFeedback.js, /Users/jaymingwong/Documents/code/ros-install-osx/kinetic_desktop_full_ws/devel/share/gennodejs/ros/sensor_msgs/msg/JoyFeedback.js)
Linked: (/Users/jaymingwong/Documents/code/ros-install-osx/kinetic_desktop_full_ws/devel/.private/sensor_msgs/share/gennodejs/ros/sensor_msgs/msg/JoyFeedbackArray.js, /Users/jaymingwong/Documents/code/ros-install-osx/kinetic_desktop_full_ws/devel/share/gennodejs/ros/sensor_msgs/msg/JoyFeedbackArray.js)
Linked: (/Users/jaymingwong/Documents/code/ros-install-osx/kinetic_desktop_full_ws/devel/.private/sensor_msgs/share/gennodejs/ros/sensor_msgs/msg/LaserEcho.js, /Users/jaymingwong/Documents/code/ros-install-osx/kinetic_desktop_full_ws/devel/share/gennodejs/ros/sensor_msgs/msg/LaserEcho.js)
Linked: (/Users/jaymingwong/Documents/code/ros-install-osx/kinetic_desktop_full_ws/devel/.private/sensor_msgs/share/gennodejs/ros/sensor_msgs/msg/LaserScan.js, /Users/jaymingwong/Documents/code/ros-install-osx/kinetic_desktop_full_ws/devel/share/gennodejs/ros/sensor_msgs/msg/LaserScan.js)
Linked: (/Users/jaymingwong/Documents/code/ros-install-osx/kinetic_desktop_full_ws/devel/.private/sensor_msgs/share/gennodejs/ros/sensor_msgs/msg/MagneticField.js, /Users/jaymingwong/Documents/code/ros-install-osx/kinetic_desktop_full_ws/devel/share/gennodejs/ros/sensor_msgs/msg/MagneticField.js)
Linked: (/Users/jaymingwong/Documents/code/ros-install-osx/kinetic_desktop_full_ws/devel/.private/sensor_msgs/share/gennodejs/ros/sensor_msgs/msg/MultiDOFJointState.js, /Users/jaymingwong/Documents/code/ros-install-osx/kinetic_desktop_full_ws/devel/share/gennodejs/ros/sensor_msgs/msg/MultiDOFJointState.js)
Linked: (/Users/jaymingwong/Documents/code/ros-install-osx/kinetic_desktop_full_ws/devel/.private/sensor_msgs/share/gennodejs/ros/sensor_msgs/msg/MultiEchoLaserScan.js, /Users/jaymingwong/Documents/code/ros-install-osx/kinetic_desktop_full_ws/devel/share/gennodejs/ros/sensor_msgs/msg/MultiEchoLaserScan.js)
Linked: (/Users/jaymingwong/Documents/code/ros-install-osx/kinetic_desktop_full_ws/devel/.private/sensor_msgs/share/gennodejs/ros/sensor_msgs/msg/NavSatFix.js, /Users/jaymingwong/Documents/code/ros-install-osx/kinetic_desktop_full_ws/devel/share/gennodejs/ros/sensor_msgs/msg/NavSatFix.js)
Linked: (/Users/jaymingwong/Documents/code/ros-install-osx/kinetic_desktop_full_ws/devel/.private/sensor_msgs/share/gennodejs/ros/sensor_msgs/msg/NavSatStatus.js, /Users/jaymingwong/Documents/code/ros-install-osx/kinetic_desktop_full_ws/devel/share/gennodejs/ros/sensor_msgs/msg/NavSatStatus.js)
Linked: (/Users/jaymingwong/Documents/code/ros-install-osx/kinetic_desktop_full_ws/devel/.private/sensor_msgs/share/gennodejs/ros/sensor_msgs/msg/PointCloud.js, /Users/jaymingwong/Documents/code/ros-install-osx/kinetic_desktop_full_ws/devel/share/gennodejs/ros/sensor_msgs/msg/PointCloud.js)
Linked: (/Users/jaymingwong/Documents/code/ros-install-osx/kinetic_desktop_full_ws/devel/.private/sensor_msgs/share/gennodejs/ros/sensor_msgs/msg/PointCloud2.js, /Users/jaymingwong/Documents/code/ros-install-osx/kinetic_desktop_full_ws/devel/share/gennodejs/ros/sensor_msgs/msg/PointCloud2.js)
Linked: (/Users/jaymingwong/Documents/code/ros-install-osx/kinetic_desktop_full_ws/devel/.private/sensor_msgs/share/gennodejs/ros/sensor_msgs/msg/PointField.js, /Users/jaymingwong/Documents/code/ros-install-osx/kinetic_desktop_full_ws/devel/share/gennodejs/ros/sensor_msgs/msg/PointField.js)
Linked: (/Users/jaymingwong/Documents/code/ros-install-osx/kinetic_desktop_full_ws/devel/.private/sensor_msgs/share/gennodejs/ros/sensor_msgs/msg/Range.js, /Users/jaymingwong/Documents/code/ros-install-osx/kinetic_desktop_full_ws/devel/share/gennodejs/ros/sensor_msgs/msg/Range.js)
Linked: (/Users/jaymingwong/Documents/code/ros-install-osx/kinetic_desktop_full_ws/devel/.private/sensor_msgs/share/gennodejs/ros/sensor_msgs/msg/RegionOfInterest.js, /Users/jaymingwong/Documents/code/ros-install-osx/kinetic_desktop_full_ws/devel/share/gennodejs/ros/sensor_msgs/msg/RegionOfInterest.js)
Linked: (/Users/jaymingwong/Documents/code/ros-install-osx/kinetic_desktop_full_ws/devel/.private/sensor_msgs/share/gennodejs/ros/sensor_msgs/msg/RelativeHumidity.js, /Users/jaymingwong/Documents/code/ros-install-osx/kinetic_desktop_full_ws/devel/share/gennodejs/ros/sensor_msgs/msg/RelativeHumidity.js)
Linked: (/Users/jaymingwong/Documents/code/ros-install-osx/kinetic_desktop_full_ws/devel/.private/sensor_msgs/share/gennodejs/ros/sensor_msgs/msg/Temperature.js, /Users/jaymingwong/Documents/code/ros-install-osx/kinetic_desktop_full_ws/devel/share/gennodejs/ros/sensor_msgs/msg/Temperature.js)
Linked: (/Users/jaymingwong/Documents/code/ros-install-osx/kinetic_desktop_full_ws/devel/.private/sensor_msgs/share/gennodejs/ros/sensor_msgs/msg/TimeReference.js, /Users/jaymingwong/Documents/code/ros-install-osx/kinetic_desktop_full_ws/devel/share/gennodejs/ros/sensor_msgs/msg/TimeReference.js)
Linked: (/Users/jaymingwong/Documents/code/ros-install-osx/kinetic_desktop_full_ws/devel/.private/sensor_msgs/share/gennodejs/ros/sensor_msgs/srv/_index.js, /Users/jaymingwong/Documents/code/ros-install-osx/kinetic_desktop_full_ws/devel/share/gennodejs/ros/sensor_msgs/srv/_index.js)
Linked: (/Users/jaymingwong/Documents/code/ros-install-osx/kinetic_desktop_full_ws/devel/.private/sensor_msgs/share/gennodejs/ros/sensor_msgs/srv/SetCameraInfo.js, /Users/jaymingwong/Documents/code/ros-install-osx/kinetic_desktop_full_ws/devel/share/gennodejs/ros/sensor_msgs/srv/SetCameraInfo.js)
Linked: (/Users/jaymingwong/Documents/code/ros-install-osx/kinetic_desktop_full_ws/devel/.private/sensor_msgs/share/roseus/ros/sensor_msgs/manifest.l, /Users/jaymingwong/Documents/code/ros-install-osx/kinetic_desktop_full_ws/devel/share/roseus/ros/sensor_msgs/manifest.l)
Linked: (/Users/jaymingwong/Documents/code/ros-install-osx/kinetic_desktop_full_ws/devel/.private/sensor_msgs/share/roseus/ros/sensor_msgs/msg/BatteryState.l, /Users/jaymingwong/Documents/code/ros-install-osx/kinetic_desktop_full_ws/devel/share/roseus/ros/sensor_msgs/msg/BatteryState.l)
Linked: (/Users/jaymingwong/Documents/code/ros-install-osx/kinetic_desktop_full_ws/devel/.private/sensor_msgs/share/roseus/ros/sensor_msgs/msg/CameraInfo.l, /Users/jaymingwong/Documents/code/ros-install-osx/kinetic_desktop_full_ws/devel/share/roseus/ros/sensor_msgs/msg/CameraInfo.l)
Linked: (/Users/jaymingwong/Documents/code/ros-install-osx/kinetic_desktop_full_ws/devel/.private/sensor_msgs/share/roseus/ros/sensor_msgs/msg/ChannelFloat32.l, /Users/jaymingwong/Documents/code/ros-install-osx/kinetic_desktop_full_ws/devel/share/roseus/ros/sensor_msgs/msg/ChannelFloat32.l)
Linked: (/Users/jaymingwong/Documents/code/ros-install-osx/kinetic_desktop_full_ws/devel/.private/sensor_msgs/share/roseus/ros/sensor_msgs/msg/CompressedImage.l, /Users/jaymingwong/Documents/code/ros-install-osx/kinetic_desktop_full_ws/devel/share/roseus/ros/sensor_msgs/msg/CompressedImage.l)
Linked: (/Users/jaymingwong/Documents/code/ros-install-osx/kinetic_desktop_full_ws/devel/.private/sensor_msgs/share/roseus/ros/sensor_msgs/msg/FluidPressure.l, /Users/jaymingwong/Documents/code/ros-install-osx/kinetic_desktop_full_ws/devel/share/roseus/ros/sensor_msgs/msg/FluidPressure.l)
Linked: (/Users/jaymingwong/Documents/code/ros-install-osx/kinetic_desktop_full_ws/devel/.private/sensor_msgs/share/roseus/ros/sensor_msgs/msg/Illuminance.l, /Users/jaymingwong/Documents/code/ros-install-osx/kinetic_desktop_full_ws/devel/share/roseus/ros/sensor_msgs/msg/Illuminance.l)
Linked: (/Users/jaymingwong/Documents/code/ros-install-osx/kinetic_desktop_full_ws/devel/.private/sensor_msgs/share/roseus/ros/sensor_msgs/msg/Image.l, /Users/jaymingwong/Documents/code/ros-install-osx/kinetic_desktop_full_ws/devel/share/roseus/ros/sensor_msgs/msg/Image.l)
Linked: (/Users/jaymingwong/Documents/code/ros-install-osx/kinetic_desktop_full_ws/devel/.private/sensor_msgs/share/roseus/ros/sensor_msgs/msg/Imu.l, /Users/jaymingwong/Documents/code/ros-install-osx/kinetic_desktop_full_ws/devel/share/roseus/ros/sensor_msgs/msg/Imu.l)
Linked: (/Users/jaymingwong/Documents/code/ros-install-osx/kinetic_desktop_full_ws/devel/.private/sensor_msgs/share/roseus/ros/sensor_msgs/msg/JointState.l, /Users/jaymingwong/Documents/code/ros-install-osx/kinetic_desktop_full_ws/devel/share/roseus/ros/sensor_msgs/msg/JointState.l)
Linked: (/Users/jaymingwong/Documents/code/ros-install-osx/kinetic_desktop_full_ws/devel/.private/sensor_msgs/share/roseus/ros/sensor_msgs/msg/Joy.l, /Users/jaymingwong/Documents/code/ros-install-osx/kinetic_desktop_full_ws/devel/share/roseus/ros/sensor_msgs/msg/Joy.l)
Linked: (/Users/jaymingwong/Documents/code/ros-install-osx/kinetic_desktop_full_ws/devel/.private/sensor_msgs/share/roseus/ros/sensor_msgs/msg/JoyFeedback.l, /Users/jaymingwong/Documents/code/ros-install-osx/kinetic_desktop_full_ws/devel/share/roseus/ros/sensor_msgs/msg/JoyFeedback.l)
Linked: (/Users/jaymingwong/Documents/code/ros-install-osx/kinetic_desktop_full_ws/devel/.private/sensor_msgs/share/roseus/ros/sensor_msgs/msg/JoyFeedbackArray.l, /Users/jaymingwong/Documents/code/ros-install-osx/kinetic_desktop_full_ws/devel/share/roseus/ros/sensor_msgs/msg/JoyFeedbackArray.l)
Linked: (/Users/jaymingwong/Documents/code/ros-install-osx/kinetic_desktop_full_ws/devel/.private/sensor_msgs/share/roseus/ros/sensor_msgs/msg/LaserEcho.l, /Users/jaymingwong/Documents/code/ros-install-osx/kinetic_desktop_full_ws/devel/share/roseus/ros/sensor_msgs/msg/LaserEcho.l)
Linked: (/Users/jaymingwong/Documents/code/ros-install-osx/kinetic_desktop_full_ws/devel/.private/sensor_msgs/share/roseus/ros/sensor_msgs/msg/LaserScan.l, /Users/jaymingwong/Documents/code/ros-install-osx/kinetic_desktop_full_ws/devel/share/roseus/ros/sensor_msgs/msg/LaserScan.l)
Linked: (/Users/jaymingwong/Documents/code/ros-install-osx/kinetic_desktop_full_ws/devel/.private/sensor_msgs/share/roseus/ros/sensor_msgs/msg/MagneticField.l, /Users/jaymingwong/Documents/code/ros-install-osx/kinetic_desktop_full_ws/devel/share/roseus/ros/sensor_msgs/msg/MagneticField.l)
Linked: (/Users/jaymingwong/Documents/code/ros-install-osx/kinetic_desktop_full_ws/devel/.private/sensor_msgs/share/roseus/ros/sensor_msgs/msg/MultiDOFJointState.l, /Users/jaymingwong/Documents/code/ros-install-osx/kinetic_desktop_full_ws/devel/share/roseus/ros/sensor_msgs/msg/MultiDOFJointState.l)
Linked: (/Users/jaymingwong/Documents/code/ros-install-osx/kinetic_desktop_full_ws/devel/.private/sensor_msgs/share/roseus/ros/sensor_msgs/msg/MultiEchoLaserScan.l, /Users/jaymingwong/Documents/code/ros-install-osx/kinetic_desktop_full_ws/devel/share/roseus/ros/sensor_msgs/msg/MultiEchoLaserScan.l)
Linked: (/Users/jaymingwong/Documents/code/ros-install-osx/kinetic_desktop_full_ws/devel/.private/sensor_msgs/share/roseus/ros/sensor_msgs/msg/NavSatFix.l, /Users/jaymingwong/Documents/code/ros-install-osx/kinetic_desktop_full_ws/devel/share/roseus/ros/sensor_msgs/msg/NavSatFix.l)
Linked: (/Users/jaymingwong/Documents/code/ros-install-osx/kinetic_desktop_full_ws/devel/.private/sensor_msgs/share/roseus/ros/sensor_msgs/msg/NavSatStatus.l, /Users/jaymingwong/Documents/code/ros-install-osx/kinetic_desktop_full_ws/devel/share/roseus/ros/sensor_msgs/msg/NavSatStatus.l)
Linked: (/Users/jaymingwong/Documents/code/ros-install-osx/kinetic_desktop_full_ws/devel/.private/sensor_msgs/share/roseus/ros/sensor_msgs/msg/PointCloud.l, /Users/jaymingwong/Documents/code/ros-install-osx/kinetic_desktop_full_ws/devel/share/roseus/ros/sensor_msgs/msg/PointCloud.l)
Linked: (/Users/jaymingwong/Documents/code/ros-install-osx/kinetic_desktop_full_ws/devel/.private/sensor_msgs/share/roseus/ros/sensor_msgs/msg/PointCloud2.l, /Users/jaymingwong/Documents/code/ros-install-osx/kinetic_desktop_full_ws/devel/share/roseus/ros/sensor_msgs/msg/PointCloud2.l)
Linked: (/Users/jaymingwong/Documents/code/ros-install-osx/kinetic_desktop_full_ws/devel/.private/sensor_msgs/share/roseus/ros/sensor_msgs/msg/PointField.l, /Users/jaymingwong/Documents/code/ros-install-osx/kinetic_desktop_full_ws/devel/share/roseus/ros/sensor_msgs/msg/PointField.l)
Linked: (/Users/jaymingwong/Documents/code/ros-install-osx/kinetic_desktop_full_ws/devel/.private/sensor_msgs/share/roseus/ros/sensor_msgs/msg/Range.l, /Users/jaymingwong/Documents/code/ros-install-osx/kinetic_desktop_full_ws/devel/share/roseus/ros/sensor_msgs/msg/Range.l)
Linked: (/Users/jaymingwong/Documents/code/ros-install-osx/kinetic_desktop_full_ws/devel/.private/sensor_msgs/share/roseus/ros/sensor_msgs/msg/RegionOfInterest.l, /Users/jaymingwong/Documents/code/ros-install-osx/kinetic_desktop_full_ws/devel/share/roseus/ros/sensor_msgs/msg/RegionOfInterest.l)
Linked: (/Users/jaymingwong/Documents/code/ros-install-osx/kinetic_desktop_full_ws/devel/.private/sensor_msgs/share/roseus/ros/sensor_msgs/msg/RelativeHumidity.l, /Users/jaymingwong/Documents/code/ros-install-osx/kinetic_desktop_full_ws/devel/share/roseus/ros/sensor_msgs/msg/RelativeHumidity.l)
Linked: (/Users/jaymingwong/Documents/code/ros-install-osx/kinetic_desktop_full_ws/devel/.private/sensor_msgs/share/roseus/ros/sensor_msgs/msg/Temperature.l, /Users/jaymingwong/Documents/code/ros-install-osx/kinetic_desktop_full_ws/devel/share/roseus/ros/sensor_msgs/msg/Temperature.l)
Linked: (/Users/jaymingwong/Documents/code/ros-install-osx/kinetic_desktop_full_ws/devel/.private/sensor_msgs/share/roseus/ros/sensor_msgs/msg/TimeReference.l, /Users/jaymingwong/Documents/code/ros-install-osx/kinetic_desktop_full_ws/devel/share/roseus/ros/sensor_msgs/msg/TimeReference.l)
Linked: (/Users/jaymingwong/Documents/code/ros-install-osx/kinetic_desktop_full_ws/devel/.private/sensor_msgs/share/roseus/ros/sensor_msgs/srv/SetCameraInfo.l, /Users/jaymingwong/Documents/code/ros-install-osx/kinetic_desktop_full_ws/devel/share/roseus/ros/sensor_msgs/srv/SetCameraInfo.l)
Linked: (/Users/jaymingwong/Documents/code/ros-install-osx/kinetic_desktop_full_ws/devel/.private/sensor_msgs/share/sensor_msgs/cmake/sensor_msgs-msg-extras.cmake, /Users/jaymingwong/Documents/code/ros-install-osx/kinetic_desktop_full_ws/devel/share/sensor_msgs/cmake/sensor_msgs-msg-extras.cmake)
Linked: (/Users/jaymingwong/Documents/code/ros-install-osx/kinetic_desktop_full_ws/devel/.private/sensor_msgs/share/sensor_msgs/cmake/sensor_msgs-msg-paths.cmake, /Users/jaymingwong/Documents/code/ros-install-osx/kinetic_desktop_full_ws/devel/share/sensor_msgs/cmake/sensor_msgs-msg-paths.cmake)
Linked: (/Users/jaymingwong/Documents/code/ros-install-osx/kinetic_desktop_full_ws/devel/.private/sensor_msgs/share/sensor_msgs/cmake/sensor_msgsConfig-version.cmake, /Users/jaymingwong/Documents/code/ros-install-osx/kinetic_desktop_full_ws/devel/share/sensor_msgs/cmake/sensor_msgsConfig-version.cmake)
Linked: (/Users/jaymingwong/Documents/code/ros-install-osx/kinetic_desktop_full_ws/devel/.private/sensor_msgs/share/sensor_msgs/cmake/sensor_msgsConfig.cmake, /Users/jaymingwong/Documents/code/ros-install-osx/kinetic_desktop_full_ws/devel/share/sensor_msgs/cmake/sensor_msgsConfig.cmake)
