[36mInstall the project...[0m
-- Install configuration: "Release"
-- Installing: /opt/ros/kinetic/_setup_util.py
-- Installing: /opt/ros/kinetic/env.sh
-- Installing: /opt/ros/kinetic/setup.bash
-- Installing: /opt/ros/kinetic/setup.sh
-- Installing: /opt/ros/kinetic/setup.zsh
-- Installing: /opt/ros/kinetic/.rosinstall
-- Installing: /opt/ros/kinetic/lib/pkgconfig/rqt_msg.pc
-- Installing: /opt/ros/kinetic/share/rqt_msg/cmake/rqt_msgConfig.cmake
-- Installing: /opt/ros/kinetic/share/rqt_msg/cmake/rqt_msgConfig-version.cmake
-- Installing: /opt/ros/kinetic/share/rqt_msg/package.xml
+ cd /Users/jaymingwong/Documents/code/ros-install-osx/kinetic_desktop_full_ws/src/rqt_msg
+ mkdir -p /opt/ros/kinetic/lib/python2.7/site-packages
+ /usr/bin/env PYTHONPATH=/opt/ros/kinetic/lib/python2.7/site-packages:/Users/jaymingwong/Documents/code/ros-install-osx/kinetic_desktop_full_ws/build/rqt_msg/lib/python2.7/site-packages:/opt/ros/kinetic/lib/python2.7/site-packages:/usr/local/lib/python2.7/site-packages/:/Users/jaymingwong/Documents/code/drake/build/lib/python2.7/site-packages/:/Users/jaymingwong/Documents/code/drake/build/lib/python2.7/dist-packages/:/Users/jaymingwong/Documents/code/wizard/externals/devina/devina/include/devina/lcm CATKIN_BINARY_DIR=/Users/jaymingwong/Documents/code/ros-install-osx/kinetic_desktop_full_ws/build/rqt_msg /usr/local/bin/python2 /Users/jaymingwong/Documents/code/ros-install-osx/kinetic_desktop_full_ws/src/rqt_msg/setup.py build --build-base /Users/jaymingwong/Documents/code/ros-install-osx/kinetic_desktop_full_ws/build/rqt_msg install --prefix=/opt/ros/kinetic --install-scripts=/opt/ros/kinetic/bin
running build
running build_py
creating /Users/jaymingwong/Documents/code/ros-install-osx/kinetic_desktop_full_ws/build/rqt_msg/lib
creating /Users/jaymingwong/Documents/code/ros-install-osx/kinetic_desktop_full_ws/build/rqt_msg/lib/rqt_msg
copying src/rqt_msg/__init__.py -> /Users/jaymingwong/Documents/code/ros-install-osx/kinetic_desktop_full_ws/build/rqt_msg/lib/rqt_msg
copying src/rqt_msg/messages.py -> /Users/jaymingwong/Documents/code/ros-install-osx/kinetic_desktop_full_ws/build/rqt_msg/lib/rqt_msg
copying src/rqt_msg/messages_tree_model.py -> /Users/jaymingwong/Documents/code/ros-install-osx/kinetic_desktop_full_ws/build/rqt_msg/lib/rqt_msg
copying src/rqt_msg/messages_tree_view.py -> /Users/jaymingwong/Documents/code/ros-install-osx/kinetic_desktop_full_ws/build/rqt_msg/lib/rqt_msg
copying src/rqt_msg/messages_widget.py -> /Users/jaymingwong/Documents/code/ros-install-osx/kinetic_desktop_full_ws/build/rqt_msg/lib/rqt_msg
running install
running install_lib
creating /opt/ros/kinetic/lib/python2.7/site-packages/rqt_msg
copying /Users/jaymingwong/Documents/code/ros-install-osx/kinetic_desktop_full_ws/build/rqt_msg/lib/rqt_msg/__init__.py -> /opt/ros/kinetic/lib/python2.7/site-packages/rqt_msg
copying /Users/jaymingwong/Documents/code/ros-install-osx/kinetic_desktop_full_ws/build/rqt_msg/lib/rqt_msg/messages.py -> /opt/ros/kinetic/lib/python2.7/site-packages/rqt_msg
copying /Users/jaymingwong/Documents/code/ros-install-osx/kinetic_desktop_full_ws/build/rqt_msg/lib/rqt_msg/messages_tree_model.py -> /opt/ros/kinetic/lib/python2.7/site-packages/rqt_msg
copying /Users/jaymingwong/Documents/code/ros-install-osx/kinetic_desktop_full_ws/build/rqt_msg/lib/rqt_msg/messages_tree_view.py -> /opt/ros/kinetic/lib/python2.7/site-packages/rqt_msg
copying /Users/jaymingwong/Documents/code/ros-install-osx/kinetic_desktop_full_ws/build/rqt_msg/lib/rqt_msg/messages_widget.py -> /opt/ros/kinetic/lib/python2.7/site-packages/rqt_msg
byte-compiling /opt/ros/kinetic/lib/python2.7/site-packages/rqt_msg/__init__.py to __init__.pyc
byte-compiling /opt/ros/kinetic/lib/python2.7/site-packages/rqt_msg/messages.py to messages.pyc
byte-compiling /opt/ros/kinetic/lib/python2.7/site-packages/rqt_msg/messages_tree_model.py to messages_tree_model.pyc
byte-compiling /opt/ros/kinetic/lib/python2.7/site-packages/rqt_msg/messages_tree_view.py to messages_tree_view.pyc
byte-compiling /opt/ros/kinetic/lib/python2.7/site-packages/rqt_msg/messages_widget.py to messages_widget.pyc
running install_egg_info
Writing /opt/ros/kinetic/lib/python2.7/site-packages/rqt_msg-0.4.8-py2.7.egg-info
-- Installing: /opt/ros/kinetic/share/rqt_msg/plugin.xml
-- Installing: /opt/ros/kinetic/share/rqt_msg/resource
-- Installing: /opt/ros/kinetic/share/rqt_msg/resource/messages.ui
-- Installing: /opt/ros/kinetic/lib/rqt_msg/rqt_msg
