[  0%] Built target geometry_msgs_generate_messages_cpp
[  0%] Built target tf2_msgs_generate_messages_cpp
[  0%] Built target geometry_msgs_generate_messages_lisp
[  0%] Built target actionlib_msgs_generate_messages_py
[  0%] Built target actionlib_msgs_generate_messages_cpp
[  0%] Built target actionlib_msgs_generate_messages_nodejs
[  0%] Built target actionlib_msgs_generate_messages_lisp
[  0%] Built target std_msgs_generate_messages_py
[  0%] Built target actionlib_msgs_generate_messages_eus
[  0%] Built target tf2_msgs_generate_messages_py
[  0%] Built target geometry_msgs_generate_messages_eus
[  0%] Built target tf2_msgs_generate_messages_nodejs
[  0%] Built target tf2_msgs_generate_messages_eus
[  0%] Built target std_msgs_generate_messages_lisp
[  0%] Built target geometry_msgs_generate_messages_nodejs
[  0%] Built target std_msgs_generate_messages_eus
[  0%] Built target geometry_msgs_generate_messages_py
[  0%] Built target std_msgs_generate_messages_cpp
[  0%] Built target std_msgs_generate_messages_nodejs
[  0%] Built target tf2_msgs_generate_messages_lisp
[100%] Built target tf2
[36mInstall the project...[0m
-- Install configuration: "Release"
-- Installing: /opt/ros/kinetic/_setup_util.py
-- Installing: /opt/ros/kinetic/env.sh
-- Installing: /opt/ros/kinetic/setup.bash
-- Installing: /opt/ros/kinetic/setup.sh
-- Installing: /opt/ros/kinetic/setup.zsh
-- Installing: /opt/ros/kinetic/.rosinstall
-- Up-to-date: /opt/ros/kinetic/lib/pkgconfig/tf2.pc
-- Up-to-date: /opt/ros/kinetic/share/tf2/cmake/tf2Config.cmake
-- Up-to-date: /opt/ros/kinetic/share/tf2/cmake/tf2Config-version.cmake
-- Up-to-date: /opt/ros/kinetic/share/tf2/package.xml
-- Installing: /opt/ros/kinetic/lib/libtf2.dylib
-- Up-to-date: /opt/ros/kinetic/include/tf2
-- Up-to-date: /opt/ros/kinetic/include/tf2/buffer_core.h
-- Up-to-date: /opt/ros/kinetic/include/tf2/convert.h
-- Up-to-date: /opt/ros/kinetic/include/tf2/exceptions.h
-- Up-to-date: /opt/ros/kinetic/include/tf2/impl
-- Up-to-date: /opt/ros/kinetic/include/tf2/impl/convert.h
-- Up-to-date: /opt/ros/kinetic/include/tf2/impl/utils.h
-- Up-to-date: /opt/ros/kinetic/include/tf2/LinearMath
-- Up-to-date: /opt/ros/kinetic/include/tf2/LinearMath/Matrix3x3.h
-- Up-to-date: /opt/ros/kinetic/include/tf2/LinearMath/MinMax.h
-- Up-to-date: /opt/ros/kinetic/include/tf2/LinearMath/QuadWord.h
-- Up-to-date: /opt/ros/kinetic/include/tf2/LinearMath/Quaternion.h
-- Up-to-date: /opt/ros/kinetic/include/tf2/LinearMath/Scalar.h
-- Up-to-date: /opt/ros/kinetic/include/tf2/LinearMath/Transform.h
-- Up-to-date: /opt/ros/kinetic/include/tf2/LinearMath/Vector3.h
-- Up-to-date: /opt/ros/kinetic/include/tf2/time_cache.h
-- Up-to-date: /opt/ros/kinetic/include/tf2/transform_datatypes.h
-- Up-to-date: /opt/ros/kinetic/include/tf2/transform_storage.h
-- Up-to-date: /opt/ros/kinetic/include/tf2/utils.h
