[100%] Built target example
[36mInstall the project...[0m
-- Install configuration: "Release"
-- Installing: /opt/ros/kinetic/_setup_util.py
-- Installing: /opt/ros/kinetic/env.sh
-- Installing: /opt/ros/kinetic/setup.bash
-- Installing: /opt/ros/kinetic/setup.sh
-- Installing: /opt/ros/kinetic/setup.zsh
-- Installing: /opt/ros/kinetic/.rosinstall
+ cd /Users/jaymingwong/Documents/code/ros-install-osx/kinetic_desktop_full_ws/src/diagnostics/diagnostic_updater
+ mkdir -p /opt/ros/kinetic/lib/python2.7/site-packages
+ /usr/bin/env PYTHONPATH=/opt/ros/kinetic/lib/python2.7/site-packages:/Users/jaymingwong/Documents/code/ros-install-osx/kinetic_desktop_full_ws/build/diagnostic_updater/lib/python2.7/site-packages:/opt/ros/kinetic/lib/python2.7/site-packages:/usr/local/lib/python2.7/site-packages/:/Users/jaymingwong/Documents/code/drake/build/lib/python2.7/site-packages/:/Users/jaymingwong/Documents/code/drake/build/lib/python2.7/dist-packages/:/Users/jaymingwong/Documents/code/wizard/externals/devina/devina/include/devina/lcm CATKIN_BINARY_DIR=/Users/jaymingwong/Documents/code/ros-install-osx/kinetic_desktop_full_ws/build/diagnostic_updater /usr/local/bin/python2 /Users/jaymingwong/Documents/code/ros-install-osx/kinetic_desktop_full_ws/src/diagnostics/diagnostic_updater/setup.py build --build-base /Users/jaymingwong/Documents/code/ros-install-osx/kinetic_desktop_full_ws/build/diagnostic_updater install --prefix=/opt/ros/kinetic --install-scripts=/opt/ros/kinetic/bin
running build
running build_py
creating /Users/jaymingwong/Documents/code/ros-install-osx/kinetic_desktop_full_ws/build/diagnostic_updater/lib
creating /Users/jaymingwong/Documents/code/ros-install-osx/kinetic_desktop_full_ws/build/diagnostic_updater/lib/diagnostic_updater
copying src/diagnostic_updater/__init__.py -> /Users/jaymingwong/Documents/code/ros-install-osx/kinetic_desktop_full_ws/build/diagnostic_updater/lib/diagnostic_updater
copying src/diagnostic_updater/_diagnostic_status_wrapper.py -> /Users/jaymingwong/Documents/code/ros-install-osx/kinetic_desktop_full_ws/build/diagnostic_updater/lib/diagnostic_updater
copying src/diagnostic_updater/_diagnostic_updater.py -> /Users/jaymingwong/Documents/code/ros-install-osx/kinetic_desktop_full_ws/build/diagnostic_updater/lib/diagnostic_updater
copying src/diagnostic_updater/_publisher.py -> /Users/jaymingwong/Documents/code/ros-install-osx/kinetic_desktop_full_ws/build/diagnostic_updater/lib/diagnostic_updater
copying src/diagnostic_updater/_update_functions.py -> /Users/jaymingwong/Documents/code/ros-install-osx/kinetic_desktop_full_ws/build/diagnostic_updater/lib/diagnostic_updater
running install
running install_lib
creating /opt/ros/kinetic/lib/python2.7/site-packages/diagnostic_updater
copying /Users/jaymingwong/Documents/code/ros-install-osx/kinetic_desktop_full_ws/build/diagnostic_updater/lib/diagnostic_updater/__init__.py -> /opt/ros/kinetic/lib/python2.7/site-packages/diagnostic_updater
copying /Users/jaymingwong/Documents/code/ros-install-osx/kinetic_desktop_full_ws/build/diagnostic_updater/lib/diagnostic_updater/_diagnostic_status_wrapper.py -> /opt/ros/kinetic/lib/python2.7/site-packages/diagnostic_updater
copying /Users/jaymingwong/Documents/code/ros-install-osx/kinetic_desktop_full_ws/build/diagnostic_updater/lib/diagnostic_updater/_diagnostic_updater.py -> /opt/ros/kinetic/lib/python2.7/site-packages/diagnostic_updater
copying /Users/jaymingwong/Documents/code/ros-install-osx/kinetic_desktop_full_ws/build/diagnostic_updater/lib/diagnostic_updater/_publisher.py -> /opt/ros/kinetic/lib/python2.7/site-packages/diagnostic_updater
copying /Users/jaymingwong/Documents/code/ros-install-osx/kinetic_desktop_full_ws/build/diagnostic_updater/lib/diagnostic_updater/_update_functions.py -> /opt/ros/kinetic/lib/python2.7/site-packages/diagnostic_updater
byte-compiling /opt/ros/kinetic/lib/python2.7/site-packages/diagnostic_updater/__init__.py to __init__.pyc
byte-compiling /opt/ros/kinetic/lib/python2.7/site-packages/diagnostic_updater/_diagnostic_status_wrapper.py to _diagnostic_status_wrapper.pyc
byte-compiling /opt/ros/kinetic/lib/python2.7/site-packages/diagnostic_updater/_diagnostic_updater.py to _diagnostic_updater.pyc
byte-compiling /opt/ros/kinetic/lib/python2.7/site-packages/diagnostic_updater/_publisher.py to _publisher.pyc
byte-compiling /opt/ros/kinetic/lib/python2.7/site-packages/diagnostic_updater/_update_functions.py to _update_functions.pyc
running install_egg_info
Writing /opt/ros/kinetic/lib/python2.7/site-packages/diagnostic_updater-1.9.3-py2.7.egg-info
-- Installing: /opt/ros/kinetic/lib/pkgconfig/diagnostic_updater.pc
-- Installing: /opt/ros/kinetic/share/diagnostic_updater/cmake/diagnostic_updaterConfig.cmake
-- Installing: /opt/ros/kinetic/share/diagnostic_updater/cmake/diagnostic_updaterConfig-version.cmake
-- Installing: /opt/ros/kinetic/share/diagnostic_updater/package.xml
-- Installing: /opt/ros/kinetic/include/diagnostic_updater
-- Installing: /opt/ros/kinetic/include/diagnostic_updater/diagnostic_updater.h
-- Installing: /opt/ros/kinetic/include/diagnostic_updater/DiagnosticStatusWrapper.h
-- Installing: /opt/ros/kinetic/include/diagnostic_updater/publisher.h
-- Installing: /opt/ros/kinetic/include/diagnostic_updater/update_functions.h
