[100%] Built target example
[36mInstall the project...[0m
-- Install configuration: "Release"
-- Installing: /opt/ros/kinetic/_setup_util.py
-- Installing: /opt/ros/kinetic/env.sh
-- Installing: /opt/ros/kinetic/setup.bash
-- Installing: /opt/ros/kinetic/setup.sh
-- Installing: /opt/ros/kinetic/setup.zsh
-- Installing: /opt/ros/kinetic/.rosinstall
+ cd /Users/jaymingwong/Documents/code/ros-install-osx/kinetic_desktop_full_ws/src/diagnostics/diagnostic_updater
+ mkdir -p /opt/ros/kinetic/lib/python2.7/site-packages
+ /usr/bin/env PYTHONPATH=/opt/ros/kinetic/lib/python2.7/site-packages:/Users/jaymingwong/Documents/code/ros-install-osx/kinetic_desktop_full_ws/build/diagnostic_updater/lib/python2.7/site-packages:/opt/ros/kinetic/lib/python2.7/site-packages:/usr/local/lib/python2.7/site-packages/:/Users/jaymingwong/Documents/code/drake/build/lib/python2.7/site-packages/:/Users/jaymingwong/Documents/code/drake/build/lib/python2.7/dist-packages/:/Users/jaymingwong/Documents/code/wizard/externals/devina/devina/include/devina/lcm CATKIN_BINARY_DIR=/Users/jaymingwong/Documents/code/ros-install-osx/kinetic_desktop_full_ws/build/diagnostic_updater /usr/local/bin/python2 /Users/jaymingwong/Documents/code/ros-install-osx/kinetic_desktop_full_ws/src/diagnostics/diagnostic_updater/setup.py build --build-base /Users/jaymingwong/Documents/code/ros-install-osx/kinetic_desktop_full_ws/build/diagnostic_updater install --prefix=/opt/ros/kinetic --install-scripts=/opt/ros/kinetic/bin
running build
running build_py
running install
running install_lib
running install_egg_info
Removing /opt/ros/kinetic/lib/python2.7/site-packages/diagnostic_updater-1.9.3-py2.7.egg-info
Writing /opt/ros/kinetic/lib/python2.7/site-packages/diagnostic_updater-1.9.3-py2.7.egg-info
-- Up-to-date: /opt/ros/kinetic/lib/pkgconfig/diagnostic_updater.pc
-- Up-to-date: /opt/ros/kinetic/share/diagnostic_updater/cmake/diagnostic_updaterConfig.cmake
-- Up-to-date: /opt/ros/kinetic/share/diagnostic_updater/cmake/diagnostic_updaterConfig-version.cmake
-- Up-to-date: /opt/ros/kinetic/share/diagnostic_updater/package.xml
-- Up-to-date: /opt/ros/kinetic/include/diagnostic_updater
-- Up-to-date: /opt/ros/kinetic/include/diagnostic_updater/diagnostic_updater.h
-- Up-to-date: /opt/ros/kinetic/include/diagnostic_updater/DiagnosticStatusWrapper.h
-- Up-to-date: /opt/ros/kinetic/include/diagnostic_updater/publisher.h
-- Up-to-date: /opt/ros/kinetic/include/diagnostic_updater/update_functions.h
