[  0%] Built target geometry_msgs_generate_messages_nodejs
[  0%] Built target std_msgs_generate_messages_lisp
[  0%] Built target std_msgs_generate_messages_py
[  0%] Built target geometry_msgs_generate_messages_lisp
[  0%] Built target std_msgs_generate_messages_eus
[  0%] Built target geometry_msgs_generate_messages_py
[  0%] Built target sensor_msgs_generate_messages_nodejs
[  0%] Built target sensor_msgs_generate_messages_cpp
[  0%] Built target std_msgs_generate_messages_nodejs
[  0%] Built target sensor_msgs_generate_messages_lisp
[  0%] Built target sensor_msgs_generate_messages_eus
[  0%] Built target sensor_msgs_generate_messages_py
[  0%] Built target geometry_msgs_generate_messages_eus
[  0%] Built target geometry_msgs_generate_messages_cpp
[  0%] Built target std_msgs_generate_messages_cpp
[ 50%] Built target cv_bridge
[100%] Built target cv_bridge_boost
[36mInstall the project...[0m
-- Install configuration: "Release"
-- Installing: /opt/ros/kinetic/_setup_util.py
-- Installing: /opt/ros/kinetic/env.sh
-- Installing: /opt/ros/kinetic/setup.bash
-- Installing: /opt/ros/kinetic/setup.sh
-- Installing: /opt/ros/kinetic/setup.zsh
-- Installing: /opt/ros/kinetic/.rosinstall
-- Installing: /opt/ros/kinetic/lib/pkgconfig/cv_bridge.pc
-- Installing: /opt/ros/kinetic/share/cv_bridge/cmake/cv_bridge-extras.cmake
-- Installing: /opt/ros/kinetic/share/cv_bridge/cmake/cv_bridgeConfig.cmake
-- Installing: /opt/ros/kinetic/share/cv_bridge/cmake/cv_bridgeConfig-version.cmake
-- Installing: /opt/ros/kinetic/share/cv_bridge/package.xml
+ cd /Users/jaymingwong/Documents/code/ros-install-osx/kinetic_desktop_full_ws/src/vision_opencv/cv_bridge
+ mkdir -p /opt/ros/kinetic/lib/python2.7/site-packages
+ /usr/bin/env PYTHONPATH=/opt/ros/kinetic/lib/python2.7/site-packages:/Users/jaymingwong/Documents/code/ros-install-osx/kinetic_desktop_full_ws/build/cv_bridge/lib/python2.7/site-packages:/opt/ros/kinetic/lib/python2.7/site-packages:/usr/local/lib/python2.7/site-packages/:/Users/jaymingwong/Documents/code/drake/build/lib/python2.7/site-packages/:/Users/jaymingwong/Documents/code/drake/build/lib/python2.7/dist-packages/:/Users/jaymingwong/Documents/code/wizard/externals/devina/devina/include/devina/lcm CATKIN_BINARY_DIR=/Users/jaymingwong/Documents/code/ros-install-osx/kinetic_desktop_full_ws/build/cv_bridge /usr/local/bin/python2 /Users/jaymingwong/Documents/code/ros-install-osx/kinetic_desktop_full_ws/src/vision_opencv/cv_bridge/setup.py build --build-base /Users/jaymingwong/Documents/code/ros-install-osx/kinetic_desktop_full_ws/build/cv_bridge install --prefix=/opt/ros/kinetic --install-scripts=/opt/ros/kinetic/bin
running build
running build_py
creating /Users/jaymingwong/Documents/code/ros-install-osx/kinetic_desktop_full_ws/build/cv_bridge/lib
creating /Users/jaymingwong/Documents/code/ros-install-osx/kinetic_desktop_full_ws/build/cv_bridge/lib/cv_bridge
copying python/cv_bridge/__init__.py -> /Users/jaymingwong/Documents/code/ros-install-osx/kinetic_desktop_full_ws/build/cv_bridge/lib/cv_bridge
copying python/cv_bridge/core.py -> /Users/jaymingwong/Documents/code/ros-install-osx/kinetic_desktop_full_ws/build/cv_bridge/lib/cv_bridge
running install
running install_lib
creating /opt/ros/kinetic/lib/python2.7/site-packages/cv_bridge
copying /Users/jaymingwong/Documents/code/ros-install-osx/kinetic_desktop_full_ws/build/cv_bridge/lib/cv_bridge/__init__.py -> /opt/ros/kinetic/lib/python2.7/site-packages/cv_bridge
copying /Users/jaymingwong/Documents/code/ros-install-osx/kinetic_desktop_full_ws/build/cv_bridge/lib/cv_bridge/core.py -> /opt/ros/kinetic/lib/python2.7/site-packages/cv_bridge
byte-compiling /opt/ros/kinetic/lib/python2.7/site-packages/cv_bridge/__init__.py to __init__.pyc
byte-compiling /opt/ros/kinetic/lib/python2.7/site-packages/cv_bridge/core.py to core.pyc
running install_egg_info
Writing /opt/ros/kinetic/lib/python2.7/site-packages/cv_bridge-1.12.8-py2.7.egg-info
-- Installing: /opt/ros/kinetic/include/cv_bridge
-- Installing: /opt/ros/kinetic/include/cv_bridge/cv_bridge.h
-- Installing: /opt/ros/kinetic/include/cv_bridge/rgb_colors.h
-- Installing: /opt/ros/kinetic/lib/python2.7/site-packages/cv_bridge/boost/__init__.py
-- Installing: /opt/ros/kinetic/lib/libcv_bridge.dylib
-- Installing: /opt/ros/kinetic/lib/python2.7/site-packages/cv_bridge/boost/cv_bridge_boost.so
