[36mInstall the project...[0m
-- Install configuration: "Release"
-- Installing: /opt/ros/kinetic/_setup_util.py
-- Installing: /opt/ros/kinetic/env.sh
-- Installing: /opt/ros/kinetic/setup.bash
-- Installing: /opt/ros/kinetic/setup.sh
-- Installing: /opt/ros/kinetic/setup.zsh
-- Installing: /opt/ros/kinetic/.rosinstall
+ cd /Users/jaymingwong/Documents/code/ros-install-osx/kinetic_desktop_full_ws/src/rosbridge_suite/rosbridge_server
+ mkdir -p /opt/ros/kinetic/lib/python2.7/site-packages
+ /usr/bin/env PYTHONPATH=/opt/ros/kinetic/lib/python2.7/site-packages:/Users/jaymingwong/Documents/code/ros-install-osx/kinetic_desktop_full_ws/build/rosbridge_server/lib/python2.7/site-packages:/opt/ros/kinetic/lib/python2.7/site-packages:/usr/local/lib/python2.7/site-packages/:/Users/jaymingwong/Documents/code/drake/build/lib/python2.7/site-packages/:/Users/jaymingwong/Documents/code/drake/build/lib/python2.7/dist-packages/:/Users/jaymingwong/Documents/code/wizard/externals/devina/devina/include/devina/lcm CATKIN_BINARY_DIR=/Users/jaymingwong/Documents/code/ros-install-osx/kinetic_desktop_full_ws/build/rosbridge_server /usr/local/bin/python2 /Users/jaymingwong/Documents/code/ros-install-osx/kinetic_desktop_full_ws/src/rosbridge_suite/rosbridge_server/setup.py build --build-base /Users/jaymingwong/Documents/code/ros-install-osx/kinetic_desktop_full_ws/build/rosbridge_server install --prefix=/opt/ros/kinetic --install-scripts=/opt/ros/kinetic/bin
running build
running build_py
creating /Users/jaymingwong/Documents/code/ros-install-osx/kinetic_desktop_full_ws/build/rosbridge_server/lib
creating /Users/jaymingwong/Documents/code/ros-install-osx/kinetic_desktop_full_ws/build/rosbridge_server/lib/rosbridge_server
copying src/rosbridge_server/__init__.py -> /Users/jaymingwong/Documents/code/ros-install-osx/kinetic_desktop_full_ws/build/rosbridge_server/lib/rosbridge_server
copying src/rosbridge_server/tcp_handler.py -> /Users/jaymingwong/Documents/code/ros-install-osx/kinetic_desktop_full_ws/build/rosbridge_server/lib/rosbridge_server
copying src/rosbridge_server/udp_handler.py -> /Users/jaymingwong/Documents/code/ros-install-osx/kinetic_desktop_full_ws/build/rosbridge_server/lib/rosbridge_server
copying src/rosbridge_server/websocket_handler.py -> /Users/jaymingwong/Documents/code/ros-install-osx/kinetic_desktop_full_ws/build/rosbridge_server/lib/rosbridge_server
running install
running install_lib
creating /opt/ros/kinetic/lib/python2.7/site-packages/rosbridge_server
copying /Users/jaymingwong/Documents/code/ros-install-osx/kinetic_desktop_full_ws/build/rosbridge_server/lib/rosbridge_server/__init__.py -> /opt/ros/kinetic/lib/python2.7/site-packages/rosbridge_server
copying /Users/jaymingwong/Documents/code/ros-install-osx/kinetic_desktop_full_ws/build/rosbridge_server/lib/rosbridge_server/tcp_handler.py -> /opt/ros/kinetic/lib/python2.7/site-packages/rosbridge_server
copying /Users/jaymingwong/Documents/code/ros-install-osx/kinetic_desktop_full_ws/build/rosbridge_server/lib/rosbridge_server/udp_handler.py -> /opt/ros/kinetic/lib/python2.7/site-packages/rosbridge_server
copying /Users/jaymingwong/Documents/code/ros-install-osx/kinetic_desktop_full_ws/build/rosbridge_server/lib/rosbridge_server/websocket_handler.py -> /opt/ros/kinetic/lib/python2.7/site-packages/rosbridge_server
byte-compiling /opt/ros/kinetic/lib/python2.7/site-packages/rosbridge_server/__init__.py to __init__.pyc
byte-compiling /opt/ros/kinetic/lib/python2.7/site-packages/rosbridge_server/tcp_handler.py to tcp_handler.pyc
byte-compiling /opt/ros/kinetic/lib/python2.7/site-packages/rosbridge_server/udp_handler.py to udp_handler.pyc
byte-compiling /opt/ros/kinetic/lib/python2.7/site-packages/rosbridge_server/websocket_handler.py to websocket_handler.pyc
running install_egg_info
Writing /opt/ros/kinetic/lib/python2.7/site-packages/rosbridge_server-0.10.2-py2.7.egg-info
-- Installing: /opt/ros/kinetic/lib/pkgconfig/rosbridge_server.pc
-- Installing: /opt/ros/kinetic/share/rosbridge_server/cmake/rosbridge_serverConfig.cmake
-- Installing: /opt/ros/kinetic/share/rosbridge_server/cmake/rosbridge_serverConfig-version.cmake
-- Installing: /opt/ros/kinetic/share/rosbridge_server/package.xml
-- Installing: /opt/ros/kinetic/lib/rosbridge_server/rosbridge_websocket.py
-- Installing: /opt/ros/kinetic/lib/rosbridge_server/rosbridge_websocket
-- Installing: /opt/ros/kinetic/lib/rosbridge_server/rosbridge_tcp.py
-- Installing: /opt/ros/kinetic/lib/rosbridge_server/rosbridge_tcp
-- Installing: /opt/ros/kinetic/lib/rosbridge_server/rosbridge_udp
-- Installing: /opt/ros/kinetic/lib/rosbridge_server/rosbridge_udp.py
-- Installing: /opt/ros/kinetic/share/rosbridge_server/launch/rosbridge_websocket.launch
-- Installing: /opt/ros/kinetic/share/rosbridge_server/launch/rosbridge_tcp.launch
-- Installing: /opt/ros/kinetic/share/rosbridge_server/launch/rosbridge_udp.launch
