[36mInstall the project...[0m
-- Install configuration: "Release"
-- Installing: /opt/ros/kinetic/_setup_util.py
-- Installing: /opt/ros/kinetic/env.sh
-- Installing: /opt/ros/kinetic/setup.bash
-- Installing: /opt/ros/kinetic/setup.sh
-- Installing: /opt/ros/kinetic/setup.zsh
-- Installing: /opt/ros/kinetic/.rosinstall
+ cd /Users/jaymingwong/Documents/code/ros-install-osx/kinetic_desktop_full_ws/src/rosbridge_suite/rosbridge_server
+ mkdir -p /opt/ros/kinetic/lib/python2.7/site-packages
+ /usr/bin/env PYTHONPATH=/opt/ros/kinetic/lib/python2.7/site-packages:/Users/jaymingwong/Documents/code/ros-install-osx/kinetic_desktop_full_ws/build/rosbridge_server/lib/python2.7/site-packages:/opt/ros/kinetic/lib/python2.7/site-packages:/usr/local/lib/python2.7/site-packages/:/Users/jaymingwong/Documents/code/wizard/externals/drake/build/lib/python2.7/site-packages/:/Users/jaymingwong/Documents/code/wizard/externals/drake/build/lib/python2.7/dist-packages/:/Users/jaymingwong/Documents/code/wizard/externals/devina/devina/include/devina/lcm CATKIN_BINARY_DIR=/Users/jaymingwong/Documents/code/ros-install-osx/kinetic_desktop_full_ws/build/rosbridge_server /usr/local/bin/python2 /Users/jaymingwong/Documents/code/ros-install-osx/kinetic_desktop_full_ws/src/rosbridge_suite/rosbridge_server/setup.py build --build-base /Users/jaymingwong/Documents/code/ros-install-osx/kinetic_desktop_full_ws/build/rosbridge_server install --prefix=/opt/ros/kinetic --install-scripts=/opt/ros/kinetic/bin
running build
running build_py
running install
running install_lib
running install_egg_info
Removing /opt/ros/kinetic/lib/python2.7/site-packages/rosbridge_server-0.10.2-py2.7.egg-info
Writing /opt/ros/kinetic/lib/python2.7/site-packages/rosbridge_server-0.10.2-py2.7.egg-info
-- Up-to-date: /opt/ros/kinetic/lib/pkgconfig/rosbridge_server.pc
-- Up-to-date: /opt/ros/kinetic/share/rosbridge_server/cmake/rosbridge_serverConfig.cmake
-- Up-to-date: /opt/ros/kinetic/share/rosbridge_server/cmake/rosbridge_serverConfig-version.cmake
-- Up-to-date: /opt/ros/kinetic/share/rosbridge_server/package.xml
-- Up-to-date: /opt/ros/kinetic/lib/rosbridge_server/rosbridge_websocket.py
-- Up-to-date: /opt/ros/kinetic/lib/rosbridge_server/rosbridge_websocket
-- Up-to-date: /opt/ros/kinetic/lib/rosbridge_server/rosbridge_tcp.py
-- Up-to-date: /opt/ros/kinetic/lib/rosbridge_server/rosbridge_tcp
-- Up-to-date: /opt/ros/kinetic/lib/rosbridge_server/rosbridge_udp
-- Up-to-date: /opt/ros/kinetic/lib/rosbridge_server/rosbridge_udp.py
-- Up-to-date: /opt/ros/kinetic/share/rosbridge_server/launch/rosbridge_websocket.launch
-- Up-to-date: /opt/ros/kinetic/share/rosbridge_server/launch/rosbridge_tcp.launch
-- Up-to-date: /opt/ros/kinetic/share/rosbridge_server/launch/rosbridge_udp.launch
