[  0%] Built target geometry_msgs_generate_messages_nodejs
[  0%] Built target std_msgs_generate_messages_lisp
[  0%] Built target std_msgs_generate_messages_py
[  0%] Built target std_msgs_generate_messages_eus
[  0%] Built target geometry_msgs_generate_messages_py
[  0%] Built target geometry_msgs_generate_messages_lisp
[  0%] Built target sensor_msgs_generate_messages_nodejs
[  0%] Built target sensor_msgs_generate_messages_cpp
[  0%] Built target std_msgs_generate_messages_nodejs
[  0%] Built target sensor_msgs_generate_messages_lisp
[  0%] Built target sensor_msgs_generate_messages_eus
[  0%] Built target sensor_msgs_generate_messages_py
[  0%] Built target geometry_msgs_generate_messages_eus
[  0%] Built target geometry_msgs_generate_messages_cpp
[  0%] Built target std_msgs_generate_messages_cpp
[100%] Built target image_geometry
[36mInstall the project...[0m
-- Install configuration: "Release"
-- Installing: /opt/ros/kinetic/_setup_util.py
-- Installing: /opt/ros/kinetic/env.sh
-- Installing: /opt/ros/kinetic/setup.bash
-- Installing: /opt/ros/kinetic/setup.sh
-- Installing: /opt/ros/kinetic/setup.zsh
-- Installing: /opt/ros/kinetic/.rosinstall
-- Installing: /opt/ros/kinetic/lib/pkgconfig/image_geometry.pc
-- Installing: /opt/ros/kinetic/share/image_geometry/cmake/image_geometryConfig.cmake
-- Installing: /opt/ros/kinetic/share/image_geometry/cmake/image_geometryConfig-version.cmake
-- Installing: /opt/ros/kinetic/share/image_geometry/package.xml
+ cd /Users/jaymingwong/Documents/code/ros-install-osx/kinetic_desktop_full_ws/src/vision_opencv/image_geometry
+ mkdir -p /opt/ros/kinetic/lib/python2.7/site-packages
+ /usr/bin/env PYTHONPATH=/opt/ros/kinetic/lib/python2.7/site-packages:/Users/jaymingwong/Documents/code/ros-install-osx/kinetic_desktop_full_ws/build/image_geometry/lib/python2.7/site-packages:/opt/ros/kinetic/lib/python2.7/site-packages:/usr/local/lib/python2.7/site-packages/:/Users/jaymingwong/Documents/code/drake/build/lib/python2.7/site-packages/:/Users/jaymingwong/Documents/code/drake/build/lib/python2.7/dist-packages/:/Users/jaymingwong/Documents/code/wizard/externals/devina/devina/include/devina/lcm CATKIN_BINARY_DIR=/Users/jaymingwong/Documents/code/ros-install-osx/kinetic_desktop_full_ws/build/image_geometry /usr/local/bin/python2 /Users/jaymingwong/Documents/code/ros-install-osx/kinetic_desktop_full_ws/src/vision_opencv/image_geometry/setup.py build --build-base /Users/jaymingwong/Documents/code/ros-install-osx/kinetic_desktop_full_ws/build/image_geometry install --prefix=/opt/ros/kinetic --install-scripts=/opt/ros/kinetic/bin
running build
running build_py
creating /Users/jaymingwong/Documents/code/ros-install-osx/kinetic_desktop_full_ws/build/image_geometry/lib
creating /Users/jaymingwong/Documents/code/ros-install-osx/kinetic_desktop_full_ws/build/image_geometry/lib/image_geometry
copying src/image_geometry/__init__.py -> /Users/jaymingwong/Documents/code/ros-install-osx/kinetic_desktop_full_ws/build/image_geometry/lib/image_geometry
copying src/image_geometry/cameramodels.py -> /Users/jaymingwong/Documents/code/ros-install-osx/kinetic_desktop_full_ws/build/image_geometry/lib/image_geometry
running install
running install_lib
creating /opt/ros/kinetic/lib/python2.7/site-packages/image_geometry
copying /Users/jaymingwong/Documents/code/ros-install-osx/kinetic_desktop_full_ws/build/image_geometry/lib/image_geometry/__init__.py -> /opt/ros/kinetic/lib/python2.7/site-packages/image_geometry
copying /Users/jaymingwong/Documents/code/ros-install-osx/kinetic_desktop_full_ws/build/image_geometry/lib/image_geometry/cameramodels.py -> /opt/ros/kinetic/lib/python2.7/site-packages/image_geometry
byte-compiling /opt/ros/kinetic/lib/python2.7/site-packages/image_geometry/__init__.py to __init__.pyc
byte-compiling /opt/ros/kinetic/lib/python2.7/site-packages/image_geometry/cameramodels.py to cameramodels.pyc
running install_egg_info
Writing /opt/ros/kinetic/lib/python2.7/site-packages/image_geometry-1.12.8-py2.7.egg-info
-- Installing: /opt/ros/kinetic/include/image_geometry/
-- Installing: /opt/ros/kinetic/include/image_geometry//pinhole_camera_model.h
-- Installing: /opt/ros/kinetic/include/image_geometry//stereo_camera_model.h
-- Installing: /opt/ros/kinetic/lib/libimage_geometry.dylib
