[36mInstall the project...[0m
-- Install configuration: "Release"
-- Up-to-date: /opt/ros/kinetic/_setup_util.py
-- Up-to-date: /opt/ros/kinetic/env.sh
-- Up-to-date: /opt/ros/kinetic/setup.bash
-- Up-to-date: /opt/ros/kinetic/setup.sh
-- Up-to-date: /opt/ros/kinetic/setup.zsh
-- Up-to-date: /opt/ros/kinetic/.rosinstall
-- Installing: /opt/ros/kinetic/lib/pkgconfig/rqt_pose_view.pc
-- Installing: /opt/ros/kinetic/share/rqt_pose_view/cmake/rqt_pose_viewConfig.cmake
-- Installing: /opt/ros/kinetic/share/rqt_pose_view/cmake/rqt_pose_viewConfig-version.cmake
-- Installing: /opt/ros/kinetic/share/rqt_pose_view/package.xml
+ cd /Users/jaymingwong/Documents/code/ros-install-osx/kinetic_desktop_full_ws/src/rqt_pose_view
+ mkdir -p /opt/ros/kinetic/lib/python2.7/site-packages
+ /usr/bin/env PYTHONPATH=/opt/ros/kinetic/lib/python2.7/site-packages:/Users/jaymingwong/Documents/code/ros-install-osx/kinetic_desktop_full_ws/build/rqt_pose_view/lib/python2.7/site-packages:/opt/ros/kinetic/lib/python2.7/site-packages:/usr/local/lib/python2.7/site-packages/:/Users/jaymingwong/Documents/code/drake/build/lib/python2.7/site-packages/:/Users/jaymingwong/Documents/code/drake/build/lib/python2.7/dist-packages/:/Users/jaymingwong/Documents/code/wizard/externals/devina/devina/include/devina/lcm CATKIN_BINARY_DIR=/Users/jaymingwong/Documents/code/ros-install-osx/kinetic_desktop_full_ws/build/rqt_pose_view /usr/local/bin/python2 /Users/jaymingwong/Documents/code/ros-install-osx/kinetic_desktop_full_ws/src/rqt_pose_view/setup.py build --build-base /Users/jaymingwong/Documents/code/ros-install-osx/kinetic_desktop_full_ws/build/rqt_pose_view install --prefix=/opt/ros/kinetic --install-scripts=/opt/ros/kinetic/bin
running build
running build_py
creating /Users/jaymingwong/Documents/code/ros-install-osx/kinetic_desktop_full_ws/build/rqt_pose_view/lib
creating /Users/jaymingwong/Documents/code/ros-install-osx/kinetic_desktop_full_ws/build/rqt_pose_view/lib/rqt_pose_view
copying src/rqt_pose_view/__init__.py -> /Users/jaymingwong/Documents/code/ros-install-osx/kinetic_desktop_full_ws/build/rqt_pose_view/lib/rqt_pose_view
copying src/rqt_pose_view/gl_widget.py -> /Users/jaymingwong/Documents/code/ros-install-osx/kinetic_desktop_full_ws/build/rqt_pose_view/lib/rqt_pose_view
copying src/rqt_pose_view/pose_view.py -> /Users/jaymingwong/Documents/code/ros-install-osx/kinetic_desktop_full_ws/build/rqt_pose_view/lib/rqt_pose_view
copying src/rqt_pose_view/pose_view_widget.py -> /Users/jaymingwong/Documents/code/ros-install-osx/kinetic_desktop_full_ws/build/rqt_pose_view/lib/rqt_pose_view
running install
running install_lib
creating /opt/ros/kinetic/lib/python2.7/site-packages/rqt_pose_view
copying /Users/jaymingwong/Documents/code/ros-install-osx/kinetic_desktop_full_ws/build/rqt_pose_view/lib/rqt_pose_view/__init__.py -> /opt/ros/kinetic/lib/python2.7/site-packages/rqt_pose_view
copying /Users/jaymingwong/Documents/code/ros-install-osx/kinetic_desktop_full_ws/build/rqt_pose_view/lib/rqt_pose_view/gl_widget.py -> /opt/ros/kinetic/lib/python2.7/site-packages/rqt_pose_view
copying /Users/jaymingwong/Documents/code/ros-install-osx/kinetic_desktop_full_ws/build/rqt_pose_view/lib/rqt_pose_view/pose_view.py -> /opt/ros/kinetic/lib/python2.7/site-packages/rqt_pose_view
copying /Users/jaymingwong/Documents/code/ros-install-osx/kinetic_desktop_full_ws/build/rqt_pose_view/lib/rqt_pose_view/pose_view_widget.py -> /opt/ros/kinetic/lib/python2.7/site-packages/rqt_pose_view
byte-compiling /opt/ros/kinetic/lib/python2.7/site-packages/rqt_pose_view/__init__.py to __init__.pyc
byte-compiling /opt/ros/kinetic/lib/python2.7/site-packages/rqt_pose_view/gl_widget.py to gl_widget.pyc
byte-compiling /opt/ros/kinetic/lib/python2.7/site-packages/rqt_pose_view/pose_view.py to pose_view.pyc
byte-compiling /opt/ros/kinetic/lib/python2.7/site-packages/rqt_pose_view/pose_view_widget.py to pose_view_widget.pyc
running install_egg_info
Writing /opt/ros/kinetic/lib/python2.7/site-packages/rqt_pose_view-0.5.8-py2.7.egg-info
-- Installing: /opt/ros/kinetic/share/rqt_pose_view/plugin.xml
-- Installing: /opt/ros/kinetic/share/rqt_pose_view/resource
-- Installing: /opt/ros/kinetic/share/rqt_pose_view/resource/PoseViewWidget.ui
-- Installing: /opt/ros/kinetic/lib/rqt_pose_view/rqt_pose_view
