[36mInstall the project...[0m
-- Install configuration: "Release"
-- Installing: /opt/ros/kinetic/_setup_util.py
-- Installing: /opt/ros/kinetic/env.sh
-- Installing: /opt/ros/kinetic/setup.bash
-- Installing: /opt/ros/kinetic/setup.sh
-- Installing: /opt/ros/kinetic/setup.zsh
-- Installing: /opt/ros/kinetic/.rosinstall
-- Installing: /opt/ros/kinetic/lib/pkgconfig/rqt_dep.pc
-- Installing: /opt/ros/kinetic/share/rqt_dep/cmake/rqt_depConfig.cmake
-- Installing: /opt/ros/kinetic/share/rqt_dep/cmake/rqt_depConfig-version.cmake
-- Installing: /opt/ros/kinetic/share/rqt_dep/package.xml
+ cd /Users/jaymingwong/Documents/code/ros-install-osx/kinetic_desktop_full_ws/src/rqt_dep
+ mkdir -p /opt/ros/kinetic/lib/python2.7/site-packages
+ /usr/bin/env PYTHONPATH=/opt/ros/kinetic/lib/python2.7/site-packages:/Users/jaymingwong/Documents/code/ros-install-osx/kinetic_desktop_full_ws/build/rqt_dep/lib/python2.7/site-packages:/opt/ros/kinetic/lib/python2.7/site-packages:/usr/local/lib/python2.7/site-packages/:/Users/jaymingwong/Documents/code/drake/build/lib/python2.7/site-packages/:/Users/jaymingwong/Documents/code/drake/build/lib/python2.7/dist-packages/:/Users/jaymingwong/Documents/code/wizard/externals/devina/devina/include/devina/lcm CATKIN_BINARY_DIR=/Users/jaymingwong/Documents/code/ros-install-osx/kinetic_desktop_full_ws/build/rqt_dep /usr/local/bin/python2 /Users/jaymingwong/Documents/code/ros-install-osx/kinetic_desktop_full_ws/src/rqt_dep/setup.py build --build-base /Users/jaymingwong/Documents/code/ros-install-osx/kinetic_desktop_full_ws/build/rqt_dep install --prefix=/opt/ros/kinetic --install-scripts=/opt/ros/kinetic/bin
running build
running build_py
creating /Users/jaymingwong/Documents/code/ros-install-osx/kinetic_desktop_full_ws/build/rqt_dep/lib
creating /Users/jaymingwong/Documents/code/ros-install-osx/kinetic_desktop_full_ws/build/rqt_dep/lib/rqt_dep
copying src/rqt_dep/__init__.py -> /Users/jaymingwong/Documents/code/ros-install-osx/kinetic_desktop_full_ws/build/rqt_dep/lib/rqt_dep
copying src/rqt_dep/dotcode_pack.py -> /Users/jaymingwong/Documents/code/ros-install-osx/kinetic_desktop_full_ws/build/rqt_dep/lib/rqt_dep
copying src/rqt_dep/ros_pack_graph.py -> /Users/jaymingwong/Documents/code/ros-install-osx/kinetic_desktop_full_ws/build/rqt_dep/lib/rqt_dep
running build_scripts
creating /Users/jaymingwong/Documents/code/ros-install-osx/kinetic_desktop_full_ws/build/rqt_dep/scripts-2.7
copying and adjusting scripts/rqt_dep -> /Users/jaymingwong/Documents/code/ros-install-osx/kinetic_desktop_full_ws/build/rqt_dep/scripts-2.7
changing mode of /Users/jaymingwong/Documents/code/ros-install-osx/kinetic_desktop_full_ws/build/rqt_dep/scripts-2.7/rqt_dep from 644 to 755
running install
running install_lib
creating /opt/ros/kinetic/lib/python2.7/site-packages/rqt_dep
copying /Users/jaymingwong/Documents/code/ros-install-osx/kinetic_desktop_full_ws/build/rqt_dep/lib/rqt_dep/__init__.py -> /opt/ros/kinetic/lib/python2.7/site-packages/rqt_dep
copying /Users/jaymingwong/Documents/code/ros-install-osx/kinetic_desktop_full_ws/build/rqt_dep/lib/rqt_dep/dotcode_pack.py -> /opt/ros/kinetic/lib/python2.7/site-packages/rqt_dep
copying /Users/jaymingwong/Documents/code/ros-install-osx/kinetic_desktop_full_ws/build/rqt_dep/lib/rqt_dep/ros_pack_graph.py -> /opt/ros/kinetic/lib/python2.7/site-packages/rqt_dep
byte-compiling /opt/ros/kinetic/lib/python2.7/site-packages/rqt_dep/__init__.py to __init__.pyc
byte-compiling /opt/ros/kinetic/lib/python2.7/site-packages/rqt_dep/dotcode_pack.py to dotcode_pack.pyc
byte-compiling /opt/ros/kinetic/lib/python2.7/site-packages/rqt_dep/ros_pack_graph.py to ros_pack_graph.pyc
running install_scripts
copying /Users/jaymingwong/Documents/code/ros-install-osx/kinetic_desktop_full_ws/build/rqt_dep/scripts-2.7/rqt_dep -> /opt/ros/kinetic/bin
changing mode of /opt/ros/kinetic/bin/rqt_dep to 755
running install_egg_info
Writing /opt/ros/kinetic/lib/python2.7/site-packages/rqt_dep-0.4.9-py2.7.egg-info
-- Installing: /opt/ros/kinetic/share/rqt_dep/plugin.xml
-- Installing: /opt/ros/kinetic/share/rqt_dep/resource
-- Installing: /opt/ros/kinetic/share/rqt_dep/resource/RosPackGraph.ui
-- Installing: /opt/ros/kinetic/lib/rqt_dep/rqt_dep
