[36mInstall the project...[0m
-- Install configuration: "Release"
-- Installing: /opt/ros/kinetic/_setup_util.py
-- Installing: /opt/ros/kinetic/env.sh
-- Installing: /opt/ros/kinetic/setup.bash
-- Installing: /opt/ros/kinetic/setup.sh
-- Installing: /opt/ros/kinetic/setup.zsh
-- Installing: /opt/ros/kinetic/.rosinstall
-- Installing: /opt/ros/kinetic/lib/pkgconfig/rqt_gui_py.pc
-- Installing: /opt/ros/kinetic/share/rqt_gui_py/cmake/rqt_gui_pyConfig.cmake
-- Installing: /opt/ros/kinetic/share/rqt_gui_py/cmake/rqt_gui_pyConfig-version.cmake
-- Installing: /opt/ros/kinetic/share/rqt_gui_py/package.xml
+ cd /Users/jaymingwong/Documents/code/ros-install-osx/kinetic_desktop_full_ws/src/rqt/rqt_gui_py
+ mkdir -p /opt/ros/kinetic/lib/python2.7/site-packages
+ /usr/bin/env PYTHONPATH=/opt/ros/kinetic/lib/python2.7/site-packages:/Users/jaymingwong/Documents/code/ros-install-osx/kinetic_desktop_full_ws/build/rqt_gui_py/lib/python2.7/site-packages:/opt/ros/kinetic/lib/python2.7/site-packages:/usr/local/lib/python2.7/site-packages/:/Users/jaymingwong/Documents/code/drake/build/lib/python2.7/site-packages/:/Users/jaymingwong/Documents/code/drake/build/lib/python2.7/dist-packages/:/Users/jaymingwong/Documents/code/wizard/externals/devina/devina/include/devina/lcm CATKIN_BINARY_DIR=/Users/jaymingwong/Documents/code/ros-install-osx/kinetic_desktop_full_ws/build/rqt_gui_py /usr/local/bin/python2 /Users/jaymingwong/Documents/code/ros-install-osx/kinetic_desktop_full_ws/src/rqt/rqt_gui_py/setup.py build --build-base /Users/jaymingwong/Documents/code/ros-install-osx/kinetic_desktop_full_ws/build/rqt_gui_py install --prefix=/opt/ros/kinetic --install-scripts=/opt/ros/kinetic/bin
running build
running build_py
creating /Users/jaymingwong/Documents/code/ros-install-osx/kinetic_desktop_full_ws/build/rqt_gui_py/lib
creating /Users/jaymingwong/Documents/code/ros-install-osx/kinetic_desktop_full_ws/build/rqt_gui_py/lib/rqt_gui_py
copying src/rqt_gui_py/__init__.py -> /Users/jaymingwong/Documents/code/ros-install-osx/kinetic_desktop_full_ws/build/rqt_gui_py/lib/rqt_gui_py
copying src/rqt_gui_py/plugin.py -> /Users/jaymingwong/Documents/code/ros-install-osx/kinetic_desktop_full_ws/build/rqt_gui_py/lib/rqt_gui_py
copying src/rqt_gui_py/ros_py_plugin_provider.py -> /Users/jaymingwong/Documents/code/ros-install-osx/kinetic_desktop_full_ws/build/rqt_gui_py/lib/rqt_gui_py
running install
running install_lib
creating /opt/ros/kinetic/lib/python2.7/site-packages/rqt_gui_py
copying /Users/jaymingwong/Documents/code/ros-install-osx/kinetic_desktop_full_ws/build/rqt_gui_py/lib/rqt_gui_py/__init__.py -> /opt/ros/kinetic/lib/python2.7/site-packages/rqt_gui_py
copying /Users/jaymingwong/Documents/code/ros-install-osx/kinetic_desktop_full_ws/build/rqt_gui_py/lib/rqt_gui_py/plugin.py -> /opt/ros/kinetic/lib/python2.7/site-packages/rqt_gui_py
copying /Users/jaymingwong/Documents/code/ros-install-osx/kinetic_desktop_full_ws/build/rqt_gui_py/lib/rqt_gui_py/ros_py_plugin_provider.py -> /opt/ros/kinetic/lib/python2.7/site-packages/rqt_gui_py
byte-compiling /opt/ros/kinetic/lib/python2.7/site-packages/rqt_gui_py/__init__.py to __init__.pyc
byte-compiling /opt/ros/kinetic/lib/python2.7/site-packages/rqt_gui_py/plugin.py to plugin.pyc
byte-compiling /opt/ros/kinetic/lib/python2.7/site-packages/rqt_gui_py/ros_py_plugin_provider.py to ros_py_plugin_provider.pyc
running install_egg_info
Writing /opt/ros/kinetic/lib/python2.7/site-packages/rqt_gui_py-0.5.0-py2.7.egg-info
-- Installing: /opt/ros/kinetic/share/rqt_gui_py/plugin.xml
