[35m[1mScanning dependencies of target point_cloud[0m
[35m[1mScanning dependencies of target cube[0m
[35m[1mScanning dependencies of target menu[0m
[  7%] [32mBuilding CXX object CMakeFiles/cube.dir/src/cube.cpp.o[0m
[ 14%] [32mBuilding CXX object CMakeFiles/point_cloud.dir/src/point_cloud.cpp.o[0m
[ 21%] [32mBuilding CXX object CMakeFiles/menu.dir/src/menu.cpp.o[0m
[ 28%] [32m[1mLinking CXX executable /Users/jaymingwong/Documents/code/ros-install-osx/kinetic_desktop_full_ws/devel/.private/interactive_marker_tutorials/lib/interactive_marker_tutorials/cube[0m
[ 35%] [32m[1mLinking CXX executable /Users/jaymingwong/Documents/code/ros-install-osx/kinetic_desktop_full_ws/devel/.private/interactive_marker_tutorials/lib/interactive_marker_tutorials/point_cloud[0m
[ 35%] Built target cube
[ 35%] Built target point_cloud
[ 42%] [32m[1mLinking CXX executable /Users/jaymingwong/Documents/code/ros-install-osx/kinetic_desktop_full_ws/devel/.private/interactive_marker_tutorials/lib/interactive_marker_tutorials/menu[0m
[ 42%] Built target menu
[35m[1mScanning dependencies of target pong[0m
[ 50%] [32mBuilding CXX object CMakeFiles/pong.dir/src/pong.cpp.o[0m
[ 57%] [32m[1mLinking CXX executable /Users/jaymingwong/Documents/code/ros-install-osx/kinetic_desktop_full_ws/devel/.private/interactive_marker_tutorials/lib/interactive_marker_tutorials/pong[0m
[ 57%] Built target pong
[35m[1mScanning dependencies of target selection[0m
[ 64%] [32mBuilding CXX object CMakeFiles/selection.dir/src/selection.cpp.o[0m
[35m[1mScanning dependencies of target basic_controls[0m
[ 71%] [32mBuilding CXX object CMakeFiles/basic_controls.dir/src/basic_controls.cpp.o[0m
[ 78%] [32m[1mLinking CXX executable /Users/jaymingwong/Documents/code/ros-install-osx/kinetic_desktop_full_ws/devel/.private/interactive_marker_tutorials/lib/interactive_marker_tutorials/selection[0m
[ 78%] Built target selection
[35m[1mScanning dependencies of target simple_marker[0m
[ 85%] [32mBuilding CXX object CMakeFiles/simple_marker.dir/src/simple_marker.cpp.o[0m
[ 92%] [32m[1mLinking CXX executable /Users/jaymingwong/Documents/code/ros-install-osx/kinetic_desktop_full_ws/devel/.private/interactive_marker_tutorials/lib/interactive_marker_tutorials/basic_controls[0m
[ 92%] Built target basic_controls
[100%] [32m[1mLinking CXX executable /Users/jaymingwong/Documents/code/ros-install-osx/kinetic_desktop_full_ws/devel/.private/interactive_marker_tutorials/lib/interactive_marker_tutorials/simple_marker[0m
[100%] Built target simple_marker
