Linked: (/Users/jaymingwong/Documents/code/ros-install-osx/kinetic_desktop_full_ws/devel/.private/bond/include/bond/Constants.h, /Users/jaymingwong/Documents/code/ros-install-osx/kinetic_desktop_full_ws/devel/include/bond/Constants.h)
Linked: (/Users/jaymingwong/Documents/code/ros-install-osx/kinetic_desktop_full_ws/devel/.private/bond/include/bond/Status.h, /Users/jaymingwong/Documents/code/ros-install-osx/kinetic_desktop_full_ws/devel/include/bond/Status.h)
Linked: (/Users/jaymingwong/Documents/code/ros-install-osx/kinetic_desktop_full_ws/devel/.private/bond/lib/pkgconfig/bond.pc, /Users/jaymingwong/Documents/code/ros-install-osx/kinetic_desktop_full_ws/devel/lib/pkgconfig/bond.pc)
Linked: (/Users/jaymingwong/Documents/code/ros-install-osx/kinetic_desktop_full_ws/devel/.private/bond/lib/python2.7/site-packages/bond/__init__.py, /Users/jaymingwong/Documents/code/ros-install-osx/kinetic_desktop_full_ws/devel/lib/python2.7/site-packages/bond/__init__.py)
Linked: (/Users/jaymingwong/Documents/code/ros-install-osx/kinetic_desktop_full_ws/devel/.private/bond/lib/python2.7/site-packages/bond/__init__.pyc, /Users/jaymingwong/Documents/code/ros-install-osx/kinetic_desktop_full_ws/devel/lib/python2.7/site-packages/bond/__init__.pyc)
Linked: (/Users/jaymingwong/Documents/code/ros-install-osx/kinetic_desktop_full_ws/devel/.private/bond/lib/python2.7/site-packages/bond/msg/__init__.py, /Users/jaymingwong/Documents/code/ros-install-osx/kinetic_desktop_full_ws/devel/lib/python2.7/site-packages/bond/msg/__init__.py)
Linked: (/Users/jaymingwong/Documents/code/ros-install-osx/kinetic_desktop_full_ws/devel/.private/bond/lib/python2.7/site-packages/bond/msg/__init__.pyc, /Users/jaymingwong/Documents/code/ros-install-osx/kinetic_desktop_full_ws/devel/lib/python2.7/site-packages/bond/msg/__init__.pyc)
Linked: (/Users/jaymingwong/Documents/code/ros-install-osx/kinetic_desktop_full_ws/devel/.private/bond/lib/python2.7/site-packages/bond/msg/_Constants.py, /Users/jaymingwong/Documents/code/ros-install-osx/kinetic_desktop_full_ws/devel/lib/python2.7/site-packages/bond/msg/_Constants.py)
Linked: (/Users/jaymingwong/Documents/code/ros-install-osx/kinetic_desktop_full_ws/devel/.private/bond/lib/python2.7/site-packages/bond/msg/_Constants.pyc, /Users/jaymingwong/Documents/code/ros-install-osx/kinetic_desktop_full_ws/devel/lib/python2.7/site-packages/bond/msg/_Constants.pyc)
Linked: (/Users/jaymingwong/Documents/code/ros-install-osx/kinetic_desktop_full_ws/devel/.private/bond/lib/python2.7/site-packages/bond/msg/_Status.py, /Users/jaymingwong/Documents/code/ros-install-osx/kinetic_desktop_full_ws/devel/lib/python2.7/site-packages/bond/msg/_Status.py)
Linked: (/Users/jaymingwong/Documents/code/ros-install-osx/kinetic_desktop_full_ws/devel/.private/bond/lib/python2.7/site-packages/bond/msg/_Status.pyc, /Users/jaymingwong/Documents/code/ros-install-osx/kinetic_desktop_full_ws/devel/lib/python2.7/site-packages/bond/msg/_Status.pyc)
Linked: (/Users/jaymingwong/Documents/code/ros-install-osx/kinetic_desktop_full_ws/devel/.private/bond/share/bond/cmake/bond-msg-extras.cmake, /Users/jaymingwong/Documents/code/ros-install-osx/kinetic_desktop_full_ws/devel/share/bond/cmake/bond-msg-extras.cmake)
Linked: (/Users/jaymingwong/Documents/code/ros-install-osx/kinetic_desktop_full_ws/devel/.private/bond/share/bond/cmake/bond-msg-paths.cmake, /Users/jaymingwong/Documents/code/ros-install-osx/kinetic_desktop_full_ws/devel/share/bond/cmake/bond-msg-paths.cmake)
Linked: (/Users/jaymingwong/Documents/code/ros-install-osx/kinetic_desktop_full_ws/devel/.private/bond/share/bond/cmake/bondConfig-version.cmake, /Users/jaymingwong/Documents/code/ros-install-osx/kinetic_desktop_full_ws/devel/share/bond/cmake/bondConfig-version.cmake)
Linked: (/Users/jaymingwong/Documents/code/ros-install-osx/kinetic_desktop_full_ws/devel/.private/bond/share/bond/cmake/bondConfig.cmake, /Users/jaymingwong/Documents/code/ros-install-osx/kinetic_desktop_full_ws/devel/share/bond/cmake/bondConfig.cmake)
Linked: (/Users/jaymingwong/Documents/code/ros-install-osx/kinetic_desktop_full_ws/devel/.private/bond/share/common-lisp/ros/bond/msg/_package.lisp, /Users/jaymingwong/Documents/code/ros-install-osx/kinetic_desktop_full_ws/devel/share/common-lisp/ros/bond/msg/_package.lisp)
Linked: (/Users/jaymingwong/Documents/code/ros-install-osx/kinetic_desktop_full_ws/devel/.private/bond/share/common-lisp/ros/bond/msg/_package_Constants.lisp, /Users/jaymingwong/Documents/code/ros-install-osx/kinetic_desktop_full_ws/devel/share/common-lisp/ros/bond/msg/_package_Constants.lisp)
Linked: (/Users/jaymingwong/Documents/code/ros-install-osx/kinetic_desktop_full_ws/devel/.private/bond/share/common-lisp/ros/bond/msg/_package_Status.lisp, /Users/jaymingwong/Documents/code/ros-install-osx/kinetic_desktop_full_ws/devel/share/common-lisp/ros/bond/msg/_package_Status.lisp)
Linked: (/Users/jaymingwong/Documents/code/ros-install-osx/kinetic_desktop_full_ws/devel/.private/bond/share/common-lisp/ros/bond/msg/bond-msg.asd, /Users/jaymingwong/Documents/code/ros-install-osx/kinetic_desktop_full_ws/devel/share/common-lisp/ros/bond/msg/bond-msg.asd)
Linked: (/Users/jaymingwong/Documents/code/ros-install-osx/kinetic_desktop_full_ws/devel/.private/bond/share/common-lisp/ros/bond/msg/Constants.lisp, /Users/jaymingwong/Documents/code/ros-install-osx/kinetic_desktop_full_ws/devel/share/common-lisp/ros/bond/msg/Constants.lisp)
Linked: (/Users/jaymingwong/Documents/code/ros-install-osx/kinetic_desktop_full_ws/devel/.private/bond/share/common-lisp/ros/bond/msg/Status.lisp, /Users/jaymingwong/Documents/code/ros-install-osx/kinetic_desktop_full_ws/devel/share/common-lisp/ros/bond/msg/Status.lisp)
Linked: (/Users/jaymingwong/Documents/code/ros-install-osx/kinetic_desktop_full_ws/devel/.private/bond/share/gennodejs/ros/bond/_index.js, /Users/jaymingwong/Documents/code/ros-install-osx/kinetic_desktop_full_ws/devel/share/gennodejs/ros/bond/_index.js)
Linked: (/Users/jaymingwong/Documents/code/ros-install-osx/kinetic_desktop_full_ws/devel/.private/bond/share/gennodejs/ros/bond/msg/_index.js, /Users/jaymingwong/Documents/code/ros-install-osx/kinetic_desktop_full_ws/devel/share/gennodejs/ros/bond/msg/_index.js)
Linked: (/Users/jaymingwong/Documents/code/ros-install-osx/kinetic_desktop_full_ws/devel/.private/bond/share/gennodejs/ros/bond/msg/Constants.js, /Users/jaymingwong/Documents/code/ros-install-osx/kinetic_desktop_full_ws/devel/share/gennodejs/ros/bond/msg/Constants.js)
Linked: (/Users/jaymingwong/Documents/code/ros-install-osx/kinetic_desktop_full_ws/devel/.private/bond/share/gennodejs/ros/bond/msg/Status.js, /Users/jaymingwong/Documents/code/ros-install-osx/kinetic_desktop_full_ws/devel/share/gennodejs/ros/bond/msg/Status.js)
Linked: (/Users/jaymingwong/Documents/code/ros-install-osx/kinetic_desktop_full_ws/devel/.private/bond/share/roseus/ros/bond/manifest.l, /Users/jaymingwong/Documents/code/ros-install-osx/kinetic_desktop_full_ws/devel/share/roseus/ros/bond/manifest.l)
Linked: (/Users/jaymingwong/Documents/code/ros-install-osx/kinetic_desktop_full_ws/devel/.private/bond/share/roseus/ros/bond/msg/Constants.l, /Users/jaymingwong/Documents/code/ros-install-osx/kinetic_desktop_full_ws/devel/share/roseus/ros/bond/msg/Constants.l)
Linked: (/Users/jaymingwong/Documents/code/ros-install-osx/kinetic_desktop_full_ws/devel/.private/bond/share/roseus/ros/bond/msg/Status.l, /Users/jaymingwong/Documents/code/ros-install-osx/kinetic_desktop_full_ws/devel/share/roseus/ros/bond/msg/Status.l)
