[  0%] Built target std_msgs_generate_messages_lisp
[  0%] Built target _actionlib_generate_messages_check_deps_TestGoal
[  0%] Built target actionlib_msgs_generate_messages_lisp
[  0%] Built target _actionlib_generate_messages_check_deps_TestRequestFeedback
[  0%] Built target _actionlib_generate_messages_check_deps_TestActionGoal
[  0%] Built target _actionlib_generate_messages_check_deps_TestActionFeedback
[  0%] Built target _actionlib_generate_messages_check_deps_TwoIntsActionFeedback
[  0%] Built target _actionlib_generate_messages_check_deps_TwoIntsGoal
[  0%] Built target _actionlib_generate_messages_check_deps_TwoIntsActionResult
[  0%] Built target _actionlib_generate_messages_check_deps_TestResult
[  0%] Built target _actionlib_generate_messages_check_deps_TestRequestActionGoal
[  0%] Built target _actionlib_generate_messages_check_deps_TestRequestResult
[  0%] Built target _actionlib_generate_messages_check_deps_TestActionResult
[  0%] Built target _actionlib_generate_messages_check_deps_TwoIntsAction
[  0%] Built target _actionlib_generate_messages_check_deps_TwoIntsFeedback
[  0%] Built target _actionlib_generate_messages_check_deps_TwoIntsResult
[  0%] Built target _actionlib_generate_messages_check_deps_TestRequestActionFeedback
[  0%] Built target _actionlib_generate_messages_check_deps_TwoIntsActionGoal
[  0%] Built target _actionlib_generate_messages_check_deps_TestRequestGoal
[  0%] Built target _actionlib_generate_messages_check_deps_TestRequestActionResult
[  0%] Built target _actionlib_generate_messages_check_deps_TestAction
[  0%] Built target _actionlib_generate_messages_check_deps_TestFeedback
[  0%] Built target _actionlib_generate_messages_check_deps_TestRequestAction
[ 19%] Built target actionlib_generate_messages_lisp
[ 19%] Built target actionlib_msgs_generate_messages_cpp
[ 19%] Built target std_msgs_generate_messages_cpp
[ 38%] Built target actionlib_generate_messages_cpp
[ 38%] Built target std_msgs_generate_messages_py
[ 38%] Built target actionlib_msgs_generate_messages_py
[ 58%] Built target actionlib_generate_messages_py
[ 58%] Built target std_msgs_generate_messages_nodejs
[ 58%] Built target actionlib_msgs_generate_messages_nodejs
[ 77%] Built target actionlib_generate_messages_nodejs
[ 77%] Built target actionlib_msgs_generate_messages_eus
[ 77%] Built target std_msgs_generate_messages_eus
[ 97%] Built target actionlib_generate_messages_eus
[ 97%] Built target actionlib_generate_messages
[ 97%] Built target actionlib_gencpp
[100%] Built target actionlib
[36mInstall the project...[0m
-- Install configuration: "Release"
-- Installing: /opt/ros/kinetic/_setup_util.py
-- Installing: /opt/ros/kinetic/env.sh
-- Installing: /opt/ros/kinetic/setup.bash
-- Installing: /opt/ros/kinetic/setup.sh
-- Installing: /opt/ros/kinetic/setup.zsh
-- Installing: /opt/ros/kinetic/.rosinstall
+ cd /Users/jaymingwong/Documents/code/ros-install-osx/kinetic_desktop_full_ws/src/actionlib
+ mkdir -p /opt/ros/kinetic/lib/python2.7/site-packages
+ /usr/bin/env PYTHONPATH=/opt/ros/kinetic/lib/python2.7/site-packages:/Users/jaymingwong/Documents/code/ros-install-osx/kinetic_desktop_full_ws/build/actionlib/lib/python2.7/site-packages:/opt/ros/kinetic/lib/python2.7/site-packages:/usr/local/lib/python2.7/site-packages/:/Users/jaymingwong/Documents/code/drake/build/lib/python2.7/site-packages/:/Users/jaymingwong/Documents/code/drake/build/lib/python2.7/dist-packages/:/Users/jaymingwong/Documents/code/wizard/externals/devina/devina/include/devina/lcm CATKIN_BINARY_DIR=/Users/jaymingwong/Documents/code/ros-install-osx/kinetic_desktop_full_ws/build/actionlib /usr/local/bin/python2 /Users/jaymingwong/Documents/code/ros-install-osx/kinetic_desktop_full_ws/src/actionlib/setup.py build --build-base /Users/jaymingwong/Documents/code/ros-install-osx/kinetic_desktop_full_ws/build/actionlib install --prefix=/opt/ros/kinetic --install-scripts=/opt/ros/kinetic/bin
running build
running build_py
running install
running install_lib
running install_egg_info
Removing /opt/ros/kinetic/lib/python2.7/site-packages/actionlib-1.11.14-py2.7.egg-info
Writing /opt/ros/kinetic/lib/python2.7/site-packages/actionlib-1.11.14-py2.7.egg-info
-- Up-to-date: /opt/ros/kinetic/share/actionlib/action/Test.action
-- Up-to-date: /opt/ros/kinetic/share/actionlib/action/TestRequest.action
-- Up-to-date: /opt/ros/kinetic/share/actionlib/action/TwoInts.action
-- Up-to-date: /opt/ros/kinetic/share/actionlib/msg/TestAction.msg
-- Up-to-date: /opt/ros/kinetic/share/actionlib/msg/TestActionGoal.msg
-- Up-to-date: /opt/ros/kinetic/share/actionlib/msg/TestActionResult.msg
-- Up-to-date: /opt/ros/kinetic/share/actionlib/msg/TestActionFeedback.msg
-- Up-to-date: /opt/ros/kinetic/share/actionlib/msg/TestGoal.msg
-- Up-to-date: /opt/ros/kinetic/share/actionlib/msg/TestResult.msg
-- Up-to-date: /opt/ros/kinetic/share/actionlib/msg/TestFeedback.msg
-- Up-to-date: /opt/ros/kinetic/share/actionlib/msg/TestRequestAction.msg
-- Up-to-date: /opt/ros/kinetic/share/actionlib/msg/TestRequestActionGoal.msg
-- Up-to-date: /opt/ros/kinetic/share/actionlib/msg/TestRequestActionResult.msg
-- Up-to-date: /opt/ros/kinetic/share/actionlib/msg/TestRequestActionFeedback.msg
-- Up-to-date: /opt/ros/kinetic/share/actionlib/msg/TestRequestGoal.msg
-- Up-to-date: /opt/ros/kinetic/share/actionlib/msg/TestRequestResult.msg
-- Up-to-date: /opt/ros/kinetic/share/actionlib/msg/TestRequestFeedback.msg
-- Up-to-date: /opt/ros/kinetic/share/actionlib/msg/TwoIntsAction.msg
-- Up-to-date: /opt/ros/kinetic/share/actionlib/msg/TwoIntsActionGoal.msg
-- Up-to-date: /opt/ros/kinetic/share/actionlib/msg/TwoIntsActionResult.msg
-- Up-to-date: /opt/ros/kinetic/share/actionlib/msg/TwoIntsActionFeedback.msg
-- Up-to-date: /opt/ros/kinetic/share/actionlib/msg/TwoIntsGoal.msg
-- Up-to-date: /opt/ros/kinetic/share/actionlib/msg/TwoIntsResult.msg
-- Up-to-date: /opt/ros/kinetic/share/actionlib/msg/TwoIntsFeedback.msg
-- Up-to-date: /opt/ros/kinetic/share/actionlib/cmake/actionlib-msg-paths.cmake
-- Up-to-date: /opt/ros/kinetic/include/actionlib
-- Up-to-date: /opt/ros/kinetic/include/actionlib/TestAction.h
-- Up-to-date: /opt/ros/kinetic/include/actionlib/TestActionFeedback.h
-- Up-to-date: /opt/ros/kinetic/include/actionlib/TestActionGoal.h
-- Up-to-date: /opt/ros/kinetic/include/actionlib/TestActionResult.h
-- Up-to-date: /opt/ros/kinetic/include/actionlib/TestFeedback.h
-- Up-to-date: /opt/ros/kinetic/include/actionlib/TestGoal.h
-- Up-to-date: /opt/ros/kinetic/include/actionlib/TestRequestAction.h
-- Up-to-date: /opt/ros/kinetic/include/actionlib/TestRequestActionFeedback.h
-- Up-to-date: /opt/ros/kinetic/include/actionlib/TestRequestActionGoal.h
-- Up-to-date: /opt/ros/kinetic/include/actionlib/TestRequestActionResult.h
-- Up-to-date: /opt/ros/kinetic/include/actionlib/TestRequestFeedback.h
-- Up-to-date: /opt/ros/kinetic/include/actionlib/TestRequestGoal.h
-- Up-to-date: /opt/ros/kinetic/include/actionlib/TestRequestResult.h
-- Up-to-date: /opt/ros/kinetic/include/actionlib/TestResult.h
-- Up-to-date: /opt/ros/kinetic/include/actionlib/TwoIntsAction.h
-- Up-to-date: /opt/ros/kinetic/include/actionlib/TwoIntsActionFeedback.h
-- Up-to-date: /opt/ros/kinetic/include/actionlib/TwoIntsActionGoal.h
-- Up-to-date: /opt/ros/kinetic/include/actionlib/TwoIntsActionResult.h
-- Up-to-date: /opt/ros/kinetic/include/actionlib/TwoIntsFeedback.h
-- Up-to-date: /opt/ros/kinetic/include/actionlib/TwoIntsGoal.h
-- Up-to-date: /opt/ros/kinetic/include/actionlib/TwoIntsResult.h
-- Up-to-date: /opt/ros/kinetic/share/roseus/ros/actionlib
-- Up-to-date: /opt/ros/kinetic/share/roseus/ros/actionlib/manifest.l
-- Up-to-date: /opt/ros/kinetic/share/roseus/ros/actionlib/msg
-- Up-to-date: /opt/ros/kinetic/share/roseus/ros/actionlib/msg/TestAction.l
-- Up-to-date: /opt/ros/kinetic/share/roseus/ros/actionlib/msg/TestActionFeedback.l
-- Up-to-date: /opt/ros/kinetic/share/roseus/ros/actionlib/msg/TestActionGoal.l
-- Up-to-date: /opt/ros/kinetic/share/roseus/ros/actionlib/msg/TestActionResult.l
-- Up-to-date: /opt/ros/kinetic/share/roseus/ros/actionlib/msg/TestFeedback.l
-- Up-to-date: /opt/ros/kinetic/share/roseus/ros/actionlib/msg/TestGoal.l
-- Up-to-date: /opt/ros/kinetic/share/roseus/ros/actionlib/msg/TestRequestAction.l
-- Up-to-date: /opt/ros/kinetic/share/roseus/ros/actionlib/msg/TestRequestActionFeedback.l
-- Up-to-date: /opt/ros/kinetic/share/roseus/ros/actionlib/msg/TestRequestActionGoal.l
-- Up-to-date: /opt/ros/kinetic/share/roseus/ros/actionlib/msg/TestRequestActionResult.l
-- Up-to-date: /opt/ros/kinetic/share/roseus/ros/actionlib/msg/TestRequestFeedback.l
-- Up-to-date: /opt/ros/kinetic/share/roseus/ros/actionlib/msg/TestRequestGoal.l
-- Up-to-date: /opt/ros/kinetic/share/roseus/ros/actionlib/msg/TestRequestResult.l
-- Up-to-date: /opt/ros/kinetic/share/roseus/ros/actionlib/msg/TestResult.l
-- Up-to-date: /opt/ros/kinetic/share/roseus/ros/actionlib/msg/TwoIntsAction.l
-- Up-to-date: /opt/ros/kinetic/share/roseus/ros/actionlib/msg/TwoIntsActionFeedback.l
-- Up-to-date: /opt/ros/kinetic/share/roseus/ros/actionlib/msg/TwoIntsActionGoal.l
-- Up-to-date: /opt/ros/kinetic/share/roseus/ros/actionlib/msg/TwoIntsActionResult.l
-- Up-to-date: /opt/ros/kinetic/share/roseus/ros/actionlib/msg/TwoIntsFeedback.l
-- Up-to-date: /opt/ros/kinetic/share/roseus/ros/actionlib/msg/TwoIntsGoal.l
-- Up-to-date: /opt/ros/kinetic/share/roseus/ros/actionlib/msg/TwoIntsResult.l
-- Up-to-date: /opt/ros/kinetic/share/common-lisp/ros/actionlib
-- Up-to-date: /opt/ros/kinetic/share/common-lisp/ros/actionlib/msg
-- Up-to-date: /opt/ros/kinetic/share/common-lisp/ros/actionlib/msg/_package.lisp
-- Up-to-date: /opt/ros/kinetic/share/common-lisp/ros/actionlib/msg/_package_TestAction.lisp
-- Up-to-date: /opt/ros/kinetic/share/common-lisp/ros/actionlib/msg/_package_TestActionFeedback.lisp
-- Up-to-date: /opt/ros/kinetic/share/common-lisp/ros/actionlib/msg/_package_TestActionGoal.lisp
-- Up-to-date: /opt/ros/kinetic/share/common-lisp/ros/actionlib/msg/_package_TestActionResult.lisp
-- Up-to-date: /opt/ros/kinetic/share/common-lisp/ros/actionlib/msg/_package_TestFeedback.lisp
-- Up-to-date: /opt/ros/kinetic/share/common-lisp/ros/actionlib/msg/_package_TestGoal.lisp
-- Up-to-date: /opt/ros/kinetic/share/common-lisp/ros/actionlib/msg/_package_TestRequestAction.lisp
-- Up-to-date: /opt/ros/kinetic/share/common-lisp/ros/actionlib/msg/_package_TestRequestActionFeedback.lisp
-- Up-to-date: /opt/ros/kinetic/share/common-lisp/ros/actionlib/msg/_package_TestRequestActionGoal.lisp
-- Up-to-date: /opt/ros/kinetic/share/common-lisp/ros/actionlib/msg/_package_TestRequestActionResult.lisp
-- Up-to-date: /opt/ros/kinetic/share/common-lisp/ros/actionlib/msg/_package_TestRequestFeedback.lisp
-- Up-to-date: /opt/ros/kinetic/share/common-lisp/ros/actionlib/msg/_package_TestRequestGoal.lisp
-- Up-to-date: /opt/ros/kinetic/share/common-lisp/ros/actionlib/msg/_package_TestRequestResult.lisp
-- Up-to-date: /opt/ros/kinetic/share/common-lisp/ros/actionlib/msg/_package_TestResult.lisp
-- Up-to-date: /opt/ros/kinetic/share/common-lisp/ros/actionlib/msg/_package_TwoIntsAction.lisp
-- Up-to-date: /opt/ros/kinetic/share/common-lisp/ros/actionlib/msg/_package_TwoIntsActionFeedback.lisp
-- Up-to-date: /opt/ros/kinetic/share/common-lisp/ros/actionlib/msg/_package_TwoIntsActionGoal.lisp
-- Up-to-date: /opt/ros/kinetic/share/common-lisp/ros/actionlib/msg/_package_TwoIntsActionResult.lisp
-- Up-to-date: /opt/ros/kinetic/share/common-lisp/ros/actionlib/msg/_package_TwoIntsFeedback.lisp
-- Up-to-date: /opt/ros/kinetic/share/common-lisp/ros/actionlib/msg/_package_TwoIntsGoal.lisp
-- Up-to-date: /opt/ros/kinetic/share/common-lisp/ros/actionlib/msg/_package_TwoIntsResult.lisp
-- Up-to-date: /opt/ros/kinetic/share/common-lisp/ros/actionlib/msg/actionlib-msg.asd
-- Up-to-date: /opt/ros/kinetic/share/common-lisp/ros/actionlib/msg/TestAction.lisp
-- Up-to-date: /opt/ros/kinetic/share/common-lisp/ros/actionlib/msg/TestActionFeedback.lisp
-- Up-to-date: /opt/ros/kinetic/share/common-lisp/ros/actionlib/msg/TestActionGoal.lisp
-- Up-to-date: /opt/ros/kinetic/share/common-lisp/ros/actionlib/msg/TestActionResult.lisp
-- Up-to-date: /opt/ros/kinetic/share/common-lisp/ros/actionlib/msg/TestFeedback.lisp
-- Up-to-date: /opt/ros/kinetic/share/common-lisp/ros/actionlib/msg/TestGoal.lisp
-- Up-to-date: /opt/ros/kinetic/share/common-lisp/ros/actionlib/msg/TestRequestAction.lisp
-- Up-to-date: /opt/ros/kinetic/share/common-lisp/ros/actionlib/msg/TestRequestActionFeedback.lisp
-- Up-to-date: /opt/ros/kinetic/share/common-lisp/ros/actionlib/msg/TestRequestActionGoal.lisp
-- Up-to-date: /opt/ros/kinetic/share/common-lisp/ros/actionlib/msg/TestRequestActionResult.lisp
-- Up-to-date: /opt/ros/kinetic/share/common-lisp/ros/actionlib/msg/TestRequestFeedback.lisp
-- Up-to-date: /opt/ros/kinetic/share/common-lisp/ros/actionlib/msg/TestRequestGoal.lisp
-- Up-to-date: /opt/ros/kinetic/share/common-lisp/ros/actionlib/msg/TestRequestResult.lisp
-- Up-to-date: /opt/ros/kinetic/share/common-lisp/ros/actionlib/msg/TestResult.lisp
-- Up-to-date: /opt/ros/kinetic/share/common-lisp/ros/actionlib/msg/TwoIntsAction.lisp
-- Up-to-date: /opt/ros/kinetic/share/common-lisp/ros/actionlib/msg/TwoIntsActionFeedback.lisp
-- Up-to-date: /opt/ros/kinetic/share/common-lisp/ros/actionlib/msg/TwoIntsActionGoal.lisp
-- Up-to-date: /opt/ros/kinetic/share/common-lisp/ros/actionlib/msg/TwoIntsActionResult.lisp
-- Up-to-date: /opt/ros/kinetic/share/common-lisp/ros/actionlib/msg/TwoIntsFeedback.lisp
-- Up-to-date: /opt/ros/kinetic/share/common-lisp/ros/actionlib/msg/TwoIntsGoal.lisp
-- Up-to-date: /opt/ros/kinetic/share/common-lisp/ros/actionlib/msg/TwoIntsResult.lisp
-- Up-to-date: /opt/ros/kinetic/share/gennodejs/ros/actionlib
-- Up-to-date: /opt/ros/kinetic/share/gennodejs/ros/actionlib/_index.js
-- Up-to-date: /opt/ros/kinetic/share/gennodejs/ros/actionlib/msg
-- Up-to-date: /opt/ros/kinetic/share/gennodejs/ros/actionlib/msg/_index.js
-- Up-to-date: /opt/ros/kinetic/share/gennodejs/ros/actionlib/msg/TestAction.js
-- Up-to-date: /opt/ros/kinetic/share/gennodejs/ros/actionlib/msg/TestActionFeedback.js
-- Up-to-date: /opt/ros/kinetic/share/gennodejs/ros/actionlib/msg/TestActionGoal.js
-- Up-to-date: /opt/ros/kinetic/share/gennodejs/ros/actionlib/msg/TestActionResult.js
-- Up-to-date: /opt/ros/kinetic/share/gennodejs/ros/actionlib/msg/TestFeedback.js
-- Up-to-date: /opt/ros/kinetic/share/gennodejs/ros/actionlib/msg/TestGoal.js
-- Up-to-date: /opt/ros/kinetic/share/gennodejs/ros/actionlib/msg/TestRequestAction.js
-- Up-to-date: /opt/ros/kinetic/share/gennodejs/ros/actionlib/msg/TestRequestActionFeedback.js
-- Up-to-date: /opt/ros/kinetic/share/gennodejs/ros/actionlib/msg/TestRequestActionGoal.js
-- Up-to-date: /opt/ros/kinetic/share/gennodejs/ros/actionlib/msg/TestRequestActionResult.js
-- Up-to-date: /opt/ros/kinetic/share/gennodejs/ros/actionlib/msg/TestRequestFeedback.js
-- Up-to-date: /opt/ros/kinetic/share/gennodejs/ros/actionlib/msg/TestRequestGoal.js
-- Up-to-date: /opt/ros/kinetic/share/gennodejs/ros/actionlib/msg/TestRequestResult.js
-- Up-to-date: /opt/ros/kinetic/share/gennodejs/ros/actionlib/msg/TestResult.js
-- Up-to-date: /opt/ros/kinetic/share/gennodejs/ros/actionlib/msg/TwoIntsAction.js
-- Up-to-date: /opt/ros/kinetic/share/gennodejs/ros/actionlib/msg/TwoIntsActionFeedback.js
-- Up-to-date: /opt/ros/kinetic/share/gennodejs/ros/actionlib/msg/TwoIntsActionGoal.js
-- Up-to-date: /opt/ros/kinetic/share/gennodejs/ros/actionlib/msg/TwoIntsActionResult.js
-- Up-to-date: /opt/ros/kinetic/share/gennodejs/ros/actionlib/msg/TwoIntsFeedback.js
-- Up-to-date: /opt/ros/kinetic/share/gennodejs/ros/actionlib/msg/TwoIntsGoal.js
-- Up-to-date: /opt/ros/kinetic/share/gennodejs/ros/actionlib/msg/TwoIntsResult.js
Listing /Users/jaymingwong/Documents/code/ros-install-osx/kinetic_desktop_full_ws/devel/.private/actionlib/lib/python2.7/site-packages/actionlib ...
Listing /Users/jaymingwong/Documents/code/ros-install-osx/kinetic_desktop_full_ws/devel/.private/actionlib/lib/python2.7/site-packages/actionlib/msg ...
-- Up-to-date: /opt/ros/kinetic/lib/python2.7/site-packages/actionlib
-- Up-to-date: /opt/ros/kinetic/lib/python2.7/site-packages/actionlib/msg
-- Up-to-date: /opt/ros/kinetic/lib/python2.7/site-packages/actionlib/msg/_TestAction.py
-- Up-to-date: /opt/ros/kinetic/lib/python2.7/site-packages/actionlib/msg/_TestAction.pyc
-- Up-to-date: /opt/ros/kinetic/lib/python2.7/site-packages/actionlib/msg/_TestActionFeedback.py
-- Up-to-date: /opt/ros/kinetic/lib/python2.7/site-packages/actionlib/msg/_TestActionFeedback.pyc
-- Up-to-date: /opt/ros/kinetic/lib/python2.7/site-packages/actionlib/msg/_TestActionGoal.py
-- Up-to-date: /opt/ros/kinetic/lib/python2.7/site-packages/actionlib/msg/_TestActionGoal.pyc
-- Up-to-date: /opt/ros/kinetic/lib/python2.7/site-packages/actionlib/msg/_TestActionResult.py
-- Up-to-date: /opt/ros/kinetic/lib/python2.7/site-packages/actionlib/msg/_TestActionResult.pyc
-- Up-to-date: /opt/ros/kinetic/lib/python2.7/site-packages/actionlib/msg/_TestFeedback.py
-- Up-to-date: /opt/ros/kinetic/lib/python2.7/site-packages/actionlib/msg/_TestFeedback.pyc
-- Up-to-date: /opt/ros/kinetic/lib/python2.7/site-packages/actionlib/msg/_TestGoal.py
-- Up-to-date: /opt/ros/kinetic/lib/python2.7/site-packages/actionlib/msg/_TestGoal.pyc
-- Up-to-date: /opt/ros/kinetic/lib/python2.7/site-packages/actionlib/msg/_TestRequestAction.py
-- Up-to-date: /opt/ros/kinetic/lib/python2.7/site-packages/actionlib/msg/_TestRequestAction.pyc
-- Up-to-date: /opt/ros/kinetic/lib/python2.7/site-packages/actionlib/msg/_TestRequestActionFeedback.py
-- Up-to-date: /opt/ros/kinetic/lib/python2.7/site-packages/actionlib/msg/_TestRequestActionFeedback.pyc
-- Up-to-date: /opt/ros/kinetic/lib/python2.7/site-packages/actionlib/msg/_TestRequestActionGoal.py
-- Up-to-date: /opt/ros/kinetic/lib/python2.7/site-packages/actionlib/msg/_TestRequestActionGoal.pyc
-- Up-to-date: /opt/ros/kinetic/lib/python2.7/site-packages/actionlib/msg/_TestRequestActionResult.py
-- Up-to-date: /opt/ros/kinetic/lib/python2.7/site-packages/actionlib/msg/_TestRequestActionResult.pyc
-- Up-to-date: /opt/ros/kinetic/lib/python2.7/site-packages/actionlib/msg/_TestRequestFeedback.py
-- Up-to-date: /opt/ros/kinetic/lib/python2.7/site-packages/actionlib/msg/_TestRequestFeedback.pyc
-- Up-to-date: /opt/ros/kinetic/lib/python2.7/site-packages/actionlib/msg/_TestRequestGoal.py
-- Up-to-date: /opt/ros/kinetic/lib/python2.7/site-packages/actionlib/msg/_TestRequestGoal.pyc
-- Up-to-date: /opt/ros/kinetic/lib/python2.7/site-packages/actionlib/msg/_TestRequestResult.py
-- Up-to-date: /opt/ros/kinetic/lib/python2.7/site-packages/actionlib/msg/_TestRequestResult.pyc
-- Up-to-date: /opt/ros/kinetic/lib/python2.7/site-packages/actionlib/msg/_TestResult.py
-- Up-to-date: /opt/ros/kinetic/lib/python2.7/site-packages/actionlib/msg/_TestResult.pyc
-- Up-to-date: /opt/ros/kinetic/lib/python2.7/site-packages/actionlib/msg/_TwoIntsAction.py
-- Up-to-date: /opt/ros/kinetic/lib/python2.7/site-packages/actionlib/msg/_TwoIntsAction.pyc
-- Up-to-date: /opt/ros/kinetic/lib/python2.7/site-packages/actionlib/msg/_TwoIntsActionFeedback.py
-- Up-to-date: /opt/ros/kinetic/lib/python2.7/site-packages/actionlib/msg/_TwoIntsActionFeedback.pyc
-- Up-to-date: /opt/ros/kinetic/lib/python2.7/site-packages/actionlib/msg/_TwoIntsActionGoal.py
-- Up-to-date: /opt/ros/kinetic/lib/python2.7/site-packages/actionlib/msg/_TwoIntsActionGoal.pyc
-- Up-to-date: /opt/ros/kinetic/lib/python2.7/site-packages/actionlib/msg/_TwoIntsActionResult.py
-- Up-to-date: /opt/ros/kinetic/lib/python2.7/site-packages/actionlib/msg/_TwoIntsActionResult.pyc
-- Up-to-date: /opt/ros/kinetic/lib/python2.7/site-packages/actionlib/msg/_TwoIntsFeedback.py
-- Up-to-date: /opt/ros/kinetic/lib/python2.7/site-packages/actionlib/msg/_TwoIntsFeedback.pyc
-- Up-to-date: /opt/ros/kinetic/lib/python2.7/site-packages/actionlib/msg/_TwoIntsGoal.py
-- Up-to-date: /opt/ros/kinetic/lib/python2.7/site-packages/actionlib/msg/_TwoIntsGoal.pyc
-- Up-to-date: /opt/ros/kinetic/lib/python2.7/site-packages/actionlib/msg/_TwoIntsResult.py
-- Up-to-date: /opt/ros/kinetic/lib/python2.7/site-packages/actionlib/msg/_TwoIntsResult.pyc
-- Up-to-date: /opt/ros/kinetic/lib/python2.7/site-packages/actionlib
-- Up-to-date: /opt/ros/kinetic/lib/python2.7/site-packages/actionlib/msg
-- Up-to-date: /opt/ros/kinetic/lib/python2.7/site-packages/actionlib/msg/__init__.py
-- Up-to-date: /opt/ros/kinetic/lib/python2.7/site-packages/actionlib/msg/__init__.pyc
-- Up-to-date: /opt/ros/kinetic/lib/pkgconfig/actionlib.pc
-- Up-to-date: /opt/ros/kinetic/share/actionlib/cmake/actionlib-msg-extras.cmake
-- Up-to-date: /opt/ros/kinetic/share/actionlib/cmake/actionlibConfig.cmake
-- Up-to-date: /opt/ros/kinetic/share/actionlib/cmake/actionlibConfig-version.cmake
-- Up-to-date: /opt/ros/kinetic/share/actionlib/package.xml
-- Up-to-date: /opt/ros/kinetic/lib/actionlib/axclient.py
-- Up-to-date: /opt/ros/kinetic/lib/actionlib/axserver.py
-- Up-to-date: /opt/ros/kinetic/lib/actionlib/dynamic_action.py
-- Up-to-date: /opt/ros/kinetic/lib/actionlib/library.py
-- Installing: /opt/ros/kinetic/lib/libactionlib.dylib
-- Up-to-date: /opt/ros/kinetic/include/actionlib
-- Up-to-date: /opt/ros/kinetic/include/actionlib/action_definition.h
-- Up-to-date: /opt/ros/kinetic/include/actionlib/client
-- Up-to-date: /opt/ros/kinetic/include/actionlib/client/action_client.h
-- Up-to-date: /opt/ros/kinetic/include/actionlib/client/client_goal_handle_imp.h
-- Up-to-date: /opt/ros/kinetic/include/actionlib/client/client_helpers.h
-- Up-to-date: /opt/ros/kinetic/include/actionlib/client/comm_state.h
-- Up-to-date: /opt/ros/kinetic/include/actionlib/client/comm_state_machine_imp.h
-- Up-to-date: /opt/ros/kinetic/include/actionlib/client/connection_monitor.h
-- Up-to-date: /opt/ros/kinetic/include/actionlib/client/goal_manager_imp.h
-- Up-to-date: /opt/ros/kinetic/include/actionlib/client/service_client.h
-- Up-to-date: /opt/ros/kinetic/include/actionlib/client/service_client_imp.h
-- Up-to-date: /opt/ros/kinetic/include/actionlib/client/simple_action_client.h
-- Up-to-date: /opt/ros/kinetic/include/actionlib/client/simple_client_goal_state.h
-- Up-to-date: /opt/ros/kinetic/include/actionlib/client/simple_goal_state.h
-- Up-to-date: /opt/ros/kinetic/include/actionlib/client/terminal_state.h
-- Up-to-date: /opt/ros/kinetic/include/actionlib/client_goal_status.h
-- Up-to-date: /opt/ros/kinetic/include/actionlib/decl.h
-- Up-to-date: /opt/ros/kinetic/include/actionlib/destruction_guard.h
-- Up-to-date: /opt/ros/kinetic/include/actionlib/enclosure_deleter.h
-- Up-to-date: /opt/ros/kinetic/include/actionlib/goal_id_generator.h
-- Up-to-date: /opt/ros/kinetic/include/actionlib/managed_list.h
-- Up-to-date: /opt/ros/kinetic/include/actionlib/one_shot_timer.h
-- Up-to-date: /opt/ros/kinetic/include/actionlib/server
-- Up-to-date: /opt/ros/kinetic/include/actionlib/server/action_server.h
-- Up-to-date: /opt/ros/kinetic/include/actionlib/server/action_server_base.h
-- Up-to-date: /opt/ros/kinetic/include/actionlib/server/action_server_imp.h
-- Up-to-date: /opt/ros/kinetic/include/actionlib/server/handle_tracker_deleter.h
-- Up-to-date: /opt/ros/kinetic/include/actionlib/server/handle_tracker_deleter_imp.h
-- Up-to-date: /opt/ros/kinetic/include/actionlib/server/server_goal_handle.h
-- Up-to-date: /opt/ros/kinetic/include/actionlib/server/server_goal_handle_imp.h
-- Up-to-date: /opt/ros/kinetic/include/actionlib/server/service_server.h
-- Up-to-date: /opt/ros/kinetic/include/actionlib/server/service_server_imp.h
-- Up-to-date: /opt/ros/kinetic/include/actionlib/server/simple_action_server.h
-- Up-to-date: /opt/ros/kinetic/include/actionlib/server/simple_action_server_imp.h
-- Up-to-date: /opt/ros/kinetic/include/actionlib/server/status_tracker.h
-- Up-to-date: /opt/ros/kinetic/include/actionlib/server/status_tracker_imp.h
