[36mInstall the project...[0m
-- Install configuration: "Release"
-- Installing: /opt/ros/kinetic/_setup_util.py
-- Installing: /opt/ros/kinetic/env.sh
-- Installing: /opt/ros/kinetic/setup.bash
-- Installing: /opt/ros/kinetic/setup.sh
-- Installing: /opt/ros/kinetic/setup.zsh
-- Installing: /opt/ros/kinetic/.rosinstall
-- Installing: /opt/ros/kinetic/lib/pkgconfig/rosmake.pc
-- Installing: /opt/ros/kinetic/share/rosmake/cmake/rosmakeConfig.cmake
-- Installing: /opt/ros/kinetic/share/rosmake/cmake/rosmakeConfig-version.cmake
-- Installing: /opt/ros/kinetic/share/rosmake/package.xml
+ cd /Users/jaymingwong/Documents/code/ros-install-osx/kinetic_desktop_full_ws/src/ros/rosmake
+ mkdir -p /opt/ros/kinetic/lib/python2.7/site-packages
+ /usr/bin/env PYTHONPATH=/opt/ros/kinetic/lib/python2.7/site-packages:/Users/jaymingwong/Documents/code/ros-install-osx/kinetic_desktop_full_ws/build/rosmake/lib/python2.7/site-packages:/opt/ros/kinetic/lib/python2.7/site-packages:/Users/jaymingwong/Documents/code/wizard/devel/lib/python2.7/site-packages:/Users/jaymingwong/Documents/code/tbt/devel/lib/python2.7/site-packages:/Users/jaymingwong/Documents/code/ros-externals/devel/lib/python2.7/site-packages:/usr/local/lib/python2.7/site-packages/:/Users/jaymingwong/Documents/code/drake/build/lib/python2.7/site-packages/:/Users/jaymingwong/Documents/code/drake/build/lib/python2.7/dist-packages/:/Users/jaymingwong/Documents/code/wizard/externals/devina/devina/include/devina/lcm CATKIN_BINARY_DIR=/Users/jaymingwong/Documents/code/ros-install-osx/kinetic_desktop_full_ws/build/rosmake /usr/local/bin/python2 /Users/jaymingwong/Documents/code/ros-install-osx/kinetic_desktop_full_ws/src/ros/rosmake/setup.py build --build-base /Users/jaymingwong/Documents/code/ros-install-osx/kinetic_desktop_full_ws/build/rosmake install --prefix=/opt/ros/kinetic --install-scripts=/opt/ros/kinetic/bin
running build
running build_py
creating /Users/jaymingwong/Documents/code/ros-install-osx/kinetic_desktop_full_ws/build/rosmake/lib
creating /Users/jaymingwong/Documents/code/ros-install-osx/kinetic_desktop_full_ws/build/rosmake/lib/rosmake
copying src/rosmake/__init__.py -> /Users/jaymingwong/Documents/code/ros-install-osx/kinetic_desktop_full_ws/build/rosmake/lib/rosmake
copying src/rosmake/engine.py -> /Users/jaymingwong/Documents/code/ros-install-osx/kinetic_desktop_full_ws/build/rosmake/lib/rosmake
copying src/rosmake/gcc_output_parse.py -> /Users/jaymingwong/Documents/code/ros-install-osx/kinetic_desktop_full_ws/build/rosmake/lib/rosmake
copying src/rosmake/package_stats.py -> /Users/jaymingwong/Documents/code/ros-install-osx/kinetic_desktop_full_ws/build/rosmake/lib/rosmake
copying src/rosmake/parallel_build.py -> /Users/jaymingwong/Documents/code/ros-install-osx/kinetic_desktop_full_ws/build/rosmake/lib/rosmake
running build_scripts
creating /Users/jaymingwong/Documents/code/ros-install-osx/kinetic_desktop_full_ws/build/rosmake/scripts-2.7
copying and adjusting scripts/rosmake -> /Users/jaymingwong/Documents/code/ros-install-osx/kinetic_desktop_full_ws/build/rosmake/scripts-2.7
changing mode of /Users/jaymingwong/Documents/code/ros-install-osx/kinetic_desktop_full_ws/build/rosmake/scripts-2.7/rosmake from 644 to 755
running install
running install_lib
creating /opt/ros/kinetic/lib/python2.7/site-packages/rosmake
copying /Users/jaymingwong/Documents/code/ros-install-osx/kinetic_desktop_full_ws/build/rosmake/lib/rosmake/__init__.py -> /opt/ros/kinetic/lib/python2.7/site-packages/rosmake
copying /Users/jaymingwong/Documents/code/ros-install-osx/kinetic_desktop_full_ws/build/rosmake/lib/rosmake/engine.py -> /opt/ros/kinetic/lib/python2.7/site-packages/rosmake
copying /Users/jaymingwong/Documents/code/ros-install-osx/kinetic_desktop_full_ws/build/rosmake/lib/rosmake/gcc_output_parse.py -> /opt/ros/kinetic/lib/python2.7/site-packages/rosmake
copying /Users/jaymingwong/Documents/code/ros-install-osx/kinetic_desktop_full_ws/build/rosmake/lib/rosmake/package_stats.py -> /opt/ros/kinetic/lib/python2.7/site-packages/rosmake
copying /Users/jaymingwong/Documents/code/ros-install-osx/kinetic_desktop_full_ws/build/rosmake/lib/rosmake/parallel_build.py -> /opt/ros/kinetic/lib/python2.7/site-packages/rosmake
byte-compiling /opt/ros/kinetic/lib/python2.7/site-packages/rosmake/__init__.py to __init__.pyc
byte-compiling /opt/ros/kinetic/lib/python2.7/site-packages/rosmake/engine.py to engine.pyc
byte-compiling /opt/ros/kinetic/lib/python2.7/site-packages/rosmake/gcc_output_parse.py to gcc_output_parse.pyc
byte-compiling /opt/ros/kinetic/lib/python2.7/site-packages/rosmake/package_stats.py to package_stats.pyc
byte-compiling /opt/ros/kinetic/lib/python2.7/site-packages/rosmake/parallel_build.py to parallel_build.pyc
running install_scripts
copying /Users/jaymingwong/Documents/code/ros-install-osx/kinetic_desktop_full_ws/build/rosmake/scripts-2.7/rosmake -> /opt/ros/kinetic/bin
changing mode of /opt/ros/kinetic/bin/rosmake to 755
running install_egg_info
Writing /opt/ros/kinetic/lib/python2.7/site-packages/rosmake-1.14.4-py2.7.egg-info
