Symlinking /Users/jaymingwong/Documents/code/ros-install-osx/kinetic_desktop_full_ws/devel/include/rosgraph_msgs/Clock.h
Symlinking /Users/jaymingwong/Documents/code/ros-install-osx/kinetic_desktop_full_ws/devel/include/rosgraph_msgs/Log.h
Symlinking /Users/jaymingwong/Documents/code/ros-install-osx/kinetic_desktop_full_ws/devel/include/rosgraph_msgs/TopicStatistics.h
Symlinking /Users/jaymingwong/Documents/code/ros-install-osx/kinetic_desktop_full_ws/devel/lib/pkgconfig/rosgraph_msgs.pc
Symlinking /Users/jaymingwong/Documents/code/ros-install-osx/kinetic_desktop_full_ws/devel/lib/python2.7/site-packages/rosgraph_msgs/__init__.py
Symlinking /Users/jaymingwong/Documents/code/ros-install-osx/kinetic_desktop_full_ws/devel/lib/python2.7/site-packages/rosgraph_msgs/msg/__init__.py
Symlinking /Users/jaymingwong/Documents/code/ros-install-osx/kinetic_desktop_full_ws/devel/lib/python2.7/site-packages/rosgraph_msgs/msg/_Clock.py
Symlinking /Users/jaymingwong/Documents/code/ros-install-osx/kinetic_desktop_full_ws/devel/lib/python2.7/site-packages/rosgraph_msgs/msg/_Log.py
Symlinking /Users/jaymingwong/Documents/code/ros-install-osx/kinetic_desktop_full_ws/devel/lib/python2.7/site-packages/rosgraph_msgs/msg/_TopicStatistics.py
Symlinking /Users/jaymingwong/Documents/code/ros-install-osx/kinetic_desktop_full_ws/devel/share/common-lisp/ros/rosgraph_msgs/msg/_package.lisp
Symlinking /Users/jaymingwong/Documents/code/ros-install-osx/kinetic_desktop_full_ws/devel/share/common-lisp/ros/rosgraph_msgs/msg/_package_Clock.lisp
Symlinking /Users/jaymingwong/Documents/code/ros-install-osx/kinetic_desktop_full_ws/devel/share/common-lisp/ros/rosgraph_msgs/msg/_package_Log.lisp
Symlinking /Users/jaymingwong/Documents/code/ros-install-osx/kinetic_desktop_full_ws/devel/share/common-lisp/ros/rosgraph_msgs/msg/_package_TopicStatistics.lisp
Symlinking /Users/jaymingwong/Documents/code/ros-install-osx/kinetic_desktop_full_ws/devel/share/common-lisp/ros/rosgraph_msgs/msg/Clock.lisp
Symlinking /Users/jaymingwong/Documents/code/ros-install-osx/kinetic_desktop_full_ws/devel/share/common-lisp/ros/rosgraph_msgs/msg/Log.lisp
Symlinking /Users/jaymingwong/Documents/code/ros-install-osx/kinetic_desktop_full_ws/devel/share/common-lisp/ros/rosgraph_msgs/msg/rosgraph_msgs-msg.asd
Symlinking /Users/jaymingwong/Documents/code/ros-install-osx/kinetic_desktop_full_ws/devel/share/common-lisp/ros/rosgraph_msgs/msg/TopicStatistics.lisp
Symlinking /Users/jaymingwong/Documents/code/ros-install-osx/kinetic_desktop_full_ws/devel/share/gennodejs/ros/rosgraph_msgs/_index.js
Symlinking /Users/jaymingwong/Documents/code/ros-install-osx/kinetic_desktop_full_ws/devel/share/gennodejs/ros/rosgraph_msgs/msg/_index.js
Symlinking /Users/jaymingwong/Documents/code/ros-install-osx/kinetic_desktop_full_ws/devel/share/gennodejs/ros/rosgraph_msgs/msg/Clock.js
Symlinking /Users/jaymingwong/Documents/code/ros-install-osx/kinetic_desktop_full_ws/devel/share/gennodejs/ros/rosgraph_msgs/msg/Log.js
Symlinking /Users/jaymingwong/Documents/code/ros-install-osx/kinetic_desktop_full_ws/devel/share/gennodejs/ros/rosgraph_msgs/msg/TopicStatistics.js
Symlinking /Users/jaymingwong/Documents/code/ros-install-osx/kinetic_desktop_full_ws/devel/share/roseus/ros/rosgraph_msgs/manifest.l
Symlinking /Users/jaymingwong/Documents/code/ros-install-osx/kinetic_desktop_full_ws/devel/share/roseus/ros/rosgraph_msgs/msg/Clock.l
Symlinking /Users/jaymingwong/Documents/code/ros-install-osx/kinetic_desktop_full_ws/devel/share/roseus/ros/rosgraph_msgs/msg/Log.l
Symlinking /Users/jaymingwong/Documents/code/ros-install-osx/kinetic_desktop_full_ws/devel/share/roseus/ros/rosgraph_msgs/msg/TopicStatistics.l
Symlinking /Users/jaymingwong/Documents/code/ros-install-osx/kinetic_desktop_full_ws/devel/share/rosgraph_msgs/cmake/rosgraph_msgs-msg-extras.cmake
Symlinking /Users/jaymingwong/Documents/code/ros-install-osx/kinetic_desktop_full_ws/devel/share/rosgraph_msgs/cmake/rosgraph_msgs-msg-paths.cmake
Symlinking /Users/jaymingwong/Documents/code/ros-install-osx/kinetic_desktop_full_ws/devel/share/rosgraph_msgs/cmake/rosgraph_msgsConfig-version.cmake
Symlinking /Users/jaymingwong/Documents/code/ros-install-osx/kinetic_desktop_full_ws/devel/share/rosgraph_msgs/cmake/rosgraph_msgsConfig.cmake
