[  0%] Built target roscpp_generate_messages_lisp
[  0%] Built target tf2_msgs_generate_messages_cpp
[  0%] Built target turtlesim_generate_messages_nodejs
[  0%] Built target tf2_msgs_generate_messages_nodejs
[  0%] Built target std_srvs_generate_messages_lisp
[  0%] Built target std_srvs_generate_messages_nodejs
[  0%] Built target roscpp_generate_messages_py
[  0%] Built target std_srvs_generate_messages_eus
[  0%] Built target std_srvs_generate_messages_py
[  0%] Built target std_srvs_generate_messages_cpp
[  0%] Built target turtlesim_generate_messages_cpp
[  0%] Built target geometry_msgs_generate_messages_eus
[  0%] Built target actionlib_generate_messages_py
[  0%] Built target turtlesim_generate_messages_lisp
[  0%] Built target std_msgs_generate_messages_cpp
[  0%] Built target actionlib_generate_messages_cpp
[  0%] Built target roscpp_generate_messages_eus
[  0%] Built target actionlib_generate_messages_lisp
[  0%] Built target geometry_msgs_generate_messages_lisp
[  0%] Built target actionlib_msgs_generate_messages_py
[  0%] Built target actionlib_generate_messages_nodejs
[  0%] Built target actionlib_msgs_generate_messages_nodejs
[  0%] Built target actionlib_msgs_generate_messages_lisp
[  0%] Built target actionlib_msgs_generate_messages_cpp
[  0%] Built target tf2_msgs_generate_messages_py
[  0%] Built target tf2_msgs_generate_messages_lisp
[  0%] Built target tf2_msgs_generate_messages_eus
[  0%] Built target rosgraph_msgs_generate_messages_py
[  0%] Built target rosgraph_msgs_generate_messages_nodejs
[  0%] Built target roscpp_generate_messages_nodejs
[  0%] Built target roscpp_generate_messages_cpp
[  0%] Built target rosgraph_msgs_generate_messages_lisp
[  0%] Built target turtlesim_generate_messages_py
[  0%] Built target std_msgs_generate_messages_nodejs
[  0%] Built target rosgraph_msgs_generate_messages_eus
[  0%] Built target std_msgs_generate_messages_lisp
[  0%] Built target actionlib_msgs_generate_messages_eus
[  0%] Built target std_msgs_generate_messages_py
[  0%] Built target geometry_msgs_generate_messages_nodejs
[  0%] Built target std_msgs_generate_messages_eus
[  0%] Built target geometry_msgs_generate_messages_py
[  0%] Built target actionlib_generate_messages_eus
[  0%] Built target rosgraph_msgs_generate_messages_cpp
[  0%] Built target turtlesim_generate_messages_eus
[  0%] Built target geometry_msgs_generate_messages_cpp
[ 50%] Built target turtle_tf2_listener
[100%] Built target turtle_tf2_broadcaster
[36mInstall the project...[0m
-- Install configuration: "Release"
-- Installing: /opt/ros/kinetic/_setup_util.py
-- Installing: /opt/ros/kinetic/env.sh
-- Installing: /opt/ros/kinetic/setup.bash
-- Installing: /opt/ros/kinetic/setup.sh
-- Installing: /opt/ros/kinetic/setup.zsh
-- Installing: /opt/ros/kinetic/.rosinstall
-- Up-to-date: /opt/ros/kinetic/lib/pkgconfig/turtle_tf2.pc
-- Up-to-date: /opt/ros/kinetic/share/turtle_tf2/cmake/turtle_tf2Config.cmake
-- Up-to-date: /opt/ros/kinetic/share/turtle_tf2/cmake/turtle_tf2Config-version.cmake
-- Up-to-date: /opt/ros/kinetic/share/turtle_tf2/package.xml
-- Up-to-date: /opt/ros/kinetic/lib/turtle_tf2/dynamic_tf2_broadcaster.py
-- Up-to-date: /opt/ros/kinetic/lib/turtle_tf2/fixed_tf2_broadcaster.py
-- Up-to-date: /opt/ros/kinetic/lib/turtle_tf2/turtle_tf2_broadcaster.py
-- Up-to-date: /opt/ros/kinetic/lib/turtle_tf2/turtle_tf2_listener.py
-- Up-to-date: /opt/ros/kinetic/lib/turtle_tf2/turtle_tf2_listener_wait.py
-- Up-to-date: /opt/ros/kinetic/lib/turtle_tf2/turtle_tf2_message_broadcaster.py
-- Installing: /opt/ros/kinetic/lib/turtle_tf2/turtle_tf2_broadcaster
-- Installing: /opt/ros/kinetic/lib/turtle_tf2/turtle_tf2_listener
-- Up-to-date: /opt/ros/kinetic/share/turtle_tf2/launch
-- Up-to-date: /opt/ros/kinetic/share/turtle_tf2/launch/turtle_tf2_demo.launch
-- Up-to-date: /opt/ros/kinetic/share/turtle_tf2/launch/turtle_tf2_demo_cpp.launch
-- Up-to-date: /opt/ros/kinetic/share/turtle_tf2/launch/turtle_tf2_sensor.launch
-- Up-to-date: /opt/ros/kinetic/share/turtle_tf2/launch/turtle_tf2_sensor_cpp.launch
-- Up-to-date: /opt/ros/kinetic/share/turtle_tf2/rviz
-- Up-to-date: /opt/ros/kinetic/share/turtle_tf2/rviz/turtle_rviz.rviz
-- Up-to-date: /opt/ros/kinetic/share/turtle_tf2/rviz/turtle_rviz_groovy.rviz
