[35m[1mScanning dependencies of target _control_msgs_generate_messages_check_deps_JointControllerState[0m
[35m[1mScanning dependencies of target _control_msgs_generate_messages_check_deps_JointTrajectoryControllerState[0m
[35m[1mScanning dependencies of target _control_msgs_generate_messages_check_deps_PointHeadActionGoal[0m
[35m[1mScanning dependencies of target _control_msgs_generate_messages_check_deps_FollowJointTrajectoryAction[0m
[35m[1mScanning dependencies of target _control_msgs_generate_messages_check_deps_JointTrajectoryActionGoal[0m
[35m[1mScanning dependencies of target _control_msgs_generate_messages_check_deps_FollowJointTrajectoryActionGoal[0m
[35m[1mScanning dependencies of target _control_msgs_generate_messages_check_deps_GripperCommandResult[0m
[35m[1mScanning dependencies of target _control_msgs_generate_messages_check_deps_JointTrajectoryAction[0m
[  0%] Built target _control_msgs_generate_messages_check_deps_FollowJointTrajectoryActionGoal
[  0%] Built target _control_msgs_generate_messages_check_deps_JointTrajectoryActionGoal
[  0%] Built target _control_msgs_generate_messages_check_deps_GripperCommandResult
[  0%] Built target _control_msgs_generate_messages_check_deps_JointTrajectoryAction
[  0%] Built target _control_msgs_generate_messages_check_deps_JointTrajectoryControllerState
[  0%] Built target _control_msgs_generate_messages_check_deps_FollowJointTrajectoryAction
[  0%] Built target _control_msgs_generate_messages_check_deps_PointHeadActionGoal
[  0%] Built target _control_msgs_generate_messages_check_deps_JointControllerState
[35m[1mScanning dependencies of target _control_msgs_generate_messages_check_deps_GripperCommandGoal[0m
[35m[1mScanning dependencies of target _control_msgs_generate_messages_check_deps_QueryTrajectoryState[0m
[35m[1mScanning dependencies of target _control_msgs_generate_messages_check_deps_JointTolerance[0m
[35m[1mScanning dependencies of target _control_msgs_generate_messages_check_deps_PidState[0m
[35m[1mScanning dependencies of target _control_msgs_generate_messages_check_deps_GripperCommandActionGoal[0m
[35m[1mScanning dependencies of target _control_msgs_generate_messages_check_deps_SingleJointPositionFeedback[0m
[35m[1mScanning dependencies of target _control_msgs_generate_messages_check_deps_JointTrajectoryActionFeedback[0m
[35m[1mScanning dependencies of target _control_msgs_generate_messages_check_deps_GripperCommandFeedback[0m
[  0%] Built target _control_msgs_generate_messages_check_deps_JointTolerance
[  0%] Built target _control_msgs_generate_messages_check_deps_QueryTrajectoryState
[  0%] Built target _control_msgs_generate_messages_check_deps_GripperCommandGoal
[  0%] Built target _control_msgs_generate_messages_check_deps_PidState
[  0%] Built target _control_msgs_generate_messages_check_deps_GripperCommandActionGoal
[  0%] Built target _control_msgs_generate_messages_check_deps_JointTrajectoryActionFeedback
[  0%] Built target _control_msgs_generate_messages_check_deps_GripperCommandFeedback
[  0%] Built target _control_msgs_generate_messages_check_deps_SingleJointPositionFeedback
[35m[1mScanning dependencies of target _control_msgs_generate_messages_check_deps_PointHeadActionFeedback[0m
[35m[1mScanning dependencies of target _control_msgs_generate_messages_check_deps_GripperCommandActionFeedback[0m
[35m[1mScanning dependencies of target _control_msgs_generate_messages_check_deps_GripperCommandAction[0m
[35m[1mScanning dependencies of target _control_msgs_generate_messages_check_deps_SingleJointPositionActionResult[0m
[35m[1mScanning dependencies of target _control_msgs_generate_messages_check_deps_SingleJointPositionResult[0m
[35m[1mScanning dependencies of target _control_msgs_generate_messages_check_deps_JointTrajectoryGoal[0m
[35m[1mScanning dependencies of target _control_msgs_generate_messages_check_deps_QueryCalibrationState[0m
[35m[1mScanning dependencies of target _control_msgs_generate_messages_check_deps_PointHeadResult[0m
[  0%] Built target _control_msgs_generate_messages_check_deps_SingleJointPositionResult
[  0%] Built target _control_msgs_generate_messages_check_deps_GripperCommandAction
[  0%] Built target _control_msgs_generate_messages_check_deps_PointHeadActionFeedback
[  0%] Built target _control_msgs_generate_messages_check_deps_SingleJointPositionActionResult
[  0%] Built target _control_msgs_generate_messages_check_deps_PointHeadResult
[  0%] Built target _control_msgs_generate_messages_check_deps_GripperCommandActionFeedback
[  0%] Built target _control_msgs_generate_messages_check_deps_JointTrajectoryGoal
[  0%] Built target _control_msgs_generate_messages_check_deps_QueryCalibrationState
[35m[1mScanning dependencies of target _control_msgs_generate_messages_check_deps_SingleJointPositionGoal[0m
[35m[1mScanning dependencies of target _control_msgs_generate_messages_check_deps_JointTrajectoryActionResult[0m
[35m[1mScanning dependencies of target _control_msgs_generate_messages_check_deps_PointHeadFeedback[0m
[35m[1mScanning dependencies of target _control_msgs_generate_messages_check_deps_FollowJointTrajectoryResult[0m
[35m[1mScanning dependencies of target _control_msgs_generate_messages_check_deps_GripperCommandActionResult[0m
[35m[1mScanning dependencies of target _control_msgs_generate_messages_check_deps_FollowJointTrajectoryGoal[0m
[35m[1mScanning dependencies of target _control_msgs_generate_messages_check_deps_JointTrajectoryResult[0m
[35m[1mScanning dependencies of target geometry_msgs_generate_messages_eus[0m
[  0%] Built target geometry_msgs_generate_messages_eus
[35m[1mScanning dependencies of target _control_msgs_generate_messages_check_deps_FollowJointTrajectoryActionResult[0m
[  0%] Built target _control_msgs_generate_messages_check_deps_FollowJointTrajectoryGoal
[  0%] Built target _control_msgs_generate_messages_check_deps_JointTrajectoryActionResult
[  0%] Built target _control_msgs_generate_messages_check_deps_PointHeadFeedback
[  0%] Built target _control_msgs_generate_messages_check_deps_FollowJointTrajectoryResult
[  0%] Built target _control_msgs_generate_messages_check_deps_JointTrajectoryResult
[  0%] Built target _control_msgs_generate_messages_check_deps_GripperCommandActionResult
[35m[1mScanning dependencies of target _control_msgs_generate_messages_check_deps_PointHeadActionResult[0m
[35m[1mScanning dependencies of target _control_msgs_generate_messages_check_deps_SingleJointPositionActionFeedback[0m
[35m[1mScanning dependencies of target actionlib_msgs_generate_messages_eus[0m
[35m[1mScanning dependencies of target _control_msgs_generate_messages_check_deps_PointHeadGoal[0m
[35m[1mScanning dependencies of target std_msgs_generate_messages_eus[0m
[35m[1mScanning dependencies of target _control_msgs_generate_messages_check_deps_SingleJointPositionAction[0m
[  0%] Built target actionlib_msgs_generate_messages_eus
[  0%] Built target std_msgs_generate_messages_eus
[  0%] Built target _control_msgs_generate_messages_check_deps_FollowJointTrajectoryActionResult
[  0%] Built target _control_msgs_generate_messages_check_deps_SingleJointPositionGoal
[35m[1mScanning dependencies of target _control_msgs_generate_messages_check_deps_SingleJointPositionActionGoal[0m
[35m[1mScanning dependencies of target _control_msgs_generate_messages_check_deps_PointHeadAction[0m
[35m[1mScanning dependencies of target trajectory_msgs_generate_messages_eus[0m
[35m[1mScanning dependencies of target _control_msgs_generate_messages_check_deps_GripperCommand[0m
[  0%] Built target trajectory_msgs_generate_messages_eus
[35m[1mScanning dependencies of target _control_msgs_generate_messages_check_deps_FollowJointTrajectoryFeedback[0m
[  0%] Built target _control_msgs_generate_messages_check_deps_SingleJointPositionAction
[  0%] Built target _control_msgs_generate_messages_check_deps_PointHeadGoal
[  0%] Built target _control_msgs_generate_messages_check_deps_SingleJointPositionActionFeedback
[  0%] Built target _control_msgs_generate_messages_check_deps_PointHeadActionResult
[35m[1mScanning dependencies of target _control_msgs_generate_messages_check_deps_FollowJointTrajectoryActionFeedback[0m
[35m[1mScanning dependencies of target _control_msgs_generate_messages_check_deps_JointTrajectoryFeedback[0m
[35m[1mScanning dependencies of target actionlib_msgs_generate_messages_py[0m
[35m[1mScanning dependencies of target geometry_msgs_generate_messages_py[0m
[  0%] Built target _control_msgs_generate_messages_check_deps_PointHeadAction
[  0%] Built target _control_msgs_generate_messages_check_deps_SingleJointPositionActionGoal
[  0%] Built target geometry_msgs_generate_messages_py
[  0%] Built target actionlib_msgs_generate_messages_py
[  0%] Built target _control_msgs_generate_messages_check_deps_GripperCommand
[35m[1mScanning dependencies of target std_msgs_generate_messages_py[0m
[35m[1mScanning dependencies of target trajectory_msgs_generate_messages_py[0m
[35m[1mScanning dependencies of target actionlib_msgs_generate_messages_lisp[0m
[35m[1mScanning dependencies of target std_msgs_generate_messages_lisp[0m
[35m[1mScanning dependencies of target geometry_msgs_generate_messages_lisp[0m
[  0%] Built target trajectory_msgs_generate_messages_py
[  0%] Built target std_msgs_generate_messages_py
[  0%] Built target std_msgs_generate_messages_lisp
[  0%] Built target actionlib_msgs_generate_messages_lisp
[  0%] Built target geometry_msgs_generate_messages_lisp
[35m[1mScanning dependencies of target actionlib_msgs_generate_messages_cpp[0m
[35m[1mScanning dependencies of target trajectory_msgs_generate_messages_lisp[0m
[35m[1mScanning dependencies of target geometry_msgs_generate_messages_cpp[0m
[35m[1mScanning dependencies of target trajectory_msgs_generate_messages_cpp[0m
[35m[1mScanning dependencies of target std_msgs_generate_messages_cpp[0m
[  0%] Built target trajectory_msgs_generate_messages_lisp
[  0%] Built target actionlib_msgs_generate_messages_cpp
[  0%] Built target geometry_msgs_generate_messages_cpp
[  0%] Built target _control_msgs_generate_messages_check_deps_FollowJointTrajectoryFeedback
[  0%] Built target trajectory_msgs_generate_messages_cpp
[  0%] Built target std_msgs_generate_messages_cpp
[35m[1mScanning dependencies of target std_msgs_generate_messages_nodejs[0m
[35m[1mScanning dependencies of target trajectory_msgs_generate_messages_nodejs[0m
[35m[1mScanning dependencies of target actionlib_msgs_generate_messages_nodejs[0m
[35m[1mScanning dependencies of target geometry_msgs_generate_messages_nodejs[0m
[  0%] Built target _control_msgs_generate_messages_check_deps_JointTrajectoryFeedback
[  0%] Built target trajectory_msgs_generate_messages_nodejs
[  0%] Built target std_msgs_generate_messages_nodejs
[  0%] Built target _control_msgs_generate_messages_check_deps_FollowJointTrajectoryActionFeedback
[  0%] Built target actionlib_msgs_generate_messages_nodejs
[  0%] Built target geometry_msgs_generate_messages_nodejs
[35m[1mScanning dependencies of target control_msgs_generate_messages_lisp[0m
[35m[1mScanning dependencies of target control_msgs_generate_messages_py[0m
[35m[1mScanning dependencies of target control_msgs_generate_messages_cpp[0m
[35m[1mScanning dependencies of target control_msgs_generate_messages_eus[0m
[35m[1mScanning dependencies of target control_msgs_generate_messages_nodejs[0m
[  1%] [34m[1mGenerating EusLisp code from control_msgs/GripperCommandActionResult.msg[0m
[  2%] [34m[1mGenerating EusLisp code from control_msgs/JointTrajectoryActionResult.msg[0m
[  2%] [34m[1mGenerating C++ code from control_msgs/GripperCommandActionResult.msg[0m
[  2%] [34m[1mGenerating Python from MSG control_msgs/GripperCommandActionResult[0m
[  3%] [34m[1mGenerating Javascript code from control_msgs/GripperCommandActionResult.msg[0m
[  3%] [34m[1mGenerating EusLisp code from control_msgs/PointHeadFeedback.msg[0m
[  3%] [34m[1mGenerating Lisp code from control_msgs/PointHeadFeedback.msg[0m
[  4%] [34m[1mGenerating Lisp code from control_msgs/GripperCommandActionResult.msg[0m
[  4%] [34m[1mGenerating C++ code from control_msgs/PointHeadFeedback.msg[0m
[  5%] [34m[1mGenerating Lisp code from control_msgs/JointTrajectoryActionResult.msg[0m
[  5%] [34m[1mGenerating Javascript code from control_msgs/PointHeadFeedback.msg[0m
[  6%] [34m[1mGenerating Python from MSG control_msgs/PointHeadFeedback[0m
[  7%] [34m[1mGenerating C++ code from control_msgs/JointTrajectoryActionResult.msg[0m
[  7%] [34m[1mGenerating Lisp code from control_msgs/SingleJointPositionGoal.msg[0m
[  7%] [34m[1mGenerating EusLisp code from control_msgs/SingleJointPositionGoal.msg[0m
[  9%] [34m[1mGenerating Javascript code from control_msgs/JointTrajectoryActionResult.msg[0m
[  9%] [34m[1mGenerating Lisp code from control_msgs/FollowJointTrajectoryActionResult.msg[0m
[  9%] [34m[1mGenerating Python from MSG control_msgs/JointTrajectoryActionResult[0m
[  9%] [34m[1mGenerating C++ code from control_msgs/SingleJointPositionGoal.msg[0m
[  9%] [34m[1mGenerating Javascript code from control_msgs/SingleJointPositionGoal.msg[0m
[  9%] [34m[1mGenerating Lisp code from control_msgs/FollowJointTrajectoryActionFeedback.msg[0m
[ 10%] [34m[1mGenerating EusLisp code from control_msgs/FollowJointTrajectoryActionResult.msg[0m
[ 11%] [34m[1mGenerating C++ code from control_msgs/FollowJointTrajectoryActionResult.msg[0m
[ 12%] [34m[1mGenerating Python from MSG control_msgs/SingleJointPositionGoal[0m
[ 12%] [34m[1mGenerating Javascript code from control_msgs/FollowJointTrajectoryActionResult.msg[0m
[ 13%] [34m[1mGenerating Lisp code from control_msgs/FollowJointTrajectoryFeedback.msg[0m
[ 13%] [34m[1mGenerating EusLisp code from control_msgs/FollowJointTrajectoryActionFeedback.msg[0m
[ 13%] [34m[1mGenerating Python from MSG control_msgs/FollowJointTrajectoryActionResult[0m
[ 13%] [34m[1mGenerating Lisp code from control_msgs/PointHeadAction.msg[0m
[ 14%] [34m[1mGenerating Javascript code from control_msgs/FollowJointTrajectoryActionFeedback.msg[0m
[ 14%] [34m[1mGenerating C++ code from control_msgs/FollowJointTrajectoryActionFeedback.msg[0m
[ 15%] [34m[1mGenerating Lisp code from control_msgs/PointHeadResult.msg[0m
[ 16%] [34m[1mGenerating EusLisp code from control_msgs/FollowJointTrajectoryFeedback.msg[0m
[ 17%] [34m[1mGenerating C++ code from control_msgs/FollowJointTrajectoryFeedback.msg[0m
[ 17%] [34m[1mGenerating Javascript code from control_msgs/FollowJointTrajectoryFeedback.msg[0m
[ 18%] [34m[1mGenerating Python from MSG control_msgs/FollowJointTrajectoryActionFeedback[0m
[ 18%] [34m[1mGenerating EusLisp code from control_msgs/PointHeadAction.msg[0m
[ 18%] [34m[1mGenerating Lisp code from control_msgs/PointHeadActionFeedback.msg[0m
[ 18%] [34m[1mGenerating C++ code from control_msgs/PointHeadAction.msg[0m
[ 19%] [34m[1mGenerating Javascript code from control_msgs/PointHeadAction.msg[0m
[ 19%] [34m[1mGenerating EusLisp code from control_msgs/PointHeadResult.msg[0m
[ 19%] [34m[1mGenerating Python from MSG control_msgs/FollowJointTrajectoryFeedback[0m
[ 20%] [34m[1mGenerating Lisp code from control_msgs/FollowJointTrajectoryGoal.msg[0m
[ 21%] [34m[1mGenerating C++ code from control_msgs/PointHeadResult.msg[0m
[ 21%] [34m[1mGenerating Javascript code from control_msgs/PointHeadResult.msg[0m
[ 22%] [34m[1mGenerating Python from MSG control_msgs/PointHeadAction[0m
[ 23%] [34m[1mGenerating EusLisp code from control_msgs/PointHeadActionFeedback.msg[0m
[ 23%] [34m[1mGenerating Lisp code from control_msgs/GripperCommand.msg[0m
[ 24%] [34m[1mGenerating Javascript code from control_msgs/PointHeadActionFeedback.msg[0m
[ 24%] [34m[1mGenerating C++ code from control_msgs/PointHeadActionFeedback.msg[0m
[ 24%] [34m[1mGenerating Python from MSG control_msgs/PointHeadResult[0m
[ 25%] [34m[1mGenerating Lisp code from control_msgs/PidState.msg[0m
[ 25%] [34m[1mGenerating Javascript code from control_msgs/FollowJointTrajectoryGoal.msg[0m
[ 25%] [34m[1mGenerating EusLisp code from control_msgs/FollowJointTrajectoryGoal.msg[0m
[ 26%] [34m[1mGenerating Javascript code from control_msgs/GripperCommand.msg[0m
[ 27%] [34m[1mGenerating Python from MSG control_msgs/PointHeadActionFeedback[0m
[ 27%] [34m[1mGenerating Lisp code from control_msgs/JointTrajectoryGoal.msg[0m
[ 28%] [34m[1mGenerating EusLisp code from control_msgs/GripperCommand.msg[0m
[ 29%] [34m[1mGenerating C++ code from control_msgs/FollowJointTrajectoryGoal.msg[0m
[ 29%] [34m[1mGenerating Javascript code from control_msgs/PidState.msg[0m
[ 29%] [34m[1mGenerating Python from MSG control_msgs/FollowJointTrajectoryGoal[0m
[ 29%] [34m[1mGenerating EusLisp code from control_msgs/PidState.msg[0m
[ 29%] [34m[1mGenerating C++ code from control_msgs/GripperCommand.msg[0m
[ 29%] [34m[1mGenerating Lisp code from control_msgs/SingleJointPositionResult.msg[0m
[ 29%] [34m[1mGenerating Python from MSG control_msgs/GripperCommand[0m
[ 30%] [34m[1mGenerating Javascript code from control_msgs/JointTrajectoryGoal.msg[0m
[ 31%] [34m[1mGenerating Lisp code from control_msgs/SingleJointPositionAction.msg[0m
[ 31%] [34m[1mGenerating Lisp code from control_msgs/SingleJointPositionActionResult.msg[0m
[ 32%] [34m[1mGenerating Python from MSG control_msgs/PidState[0m
[ 33%] [34m[1mGenerating EusLisp code from control_msgs/JointTrajectoryGoal.msg[0m
[ 33%] [34m[1mGenerating Javascript code from control_msgs/SingleJointPositionResult.msg[0m
[ 34%] [34m[1mGenerating Lisp code from control_msgs/GripperCommandAction.msg[0m
[ 34%] [34m[1mGenerating EusLisp code from control_msgs/SingleJointPositionResult.msg[0m
[ 35%] [34m[1mGenerating C++ code from control_msgs/PidState.msg[0m
[ 36%] [34m[1mGenerating Javascript code from control_msgs/SingleJointPositionAction.msg[0m
[ 37%] [34m[1mGenerating EusLisp code from control_msgs/SingleJointPositionAction.msg[0m
[ 37%] [34m[1mGenerating Python from MSG control_msgs/JointTrajectoryGoal[0m
[ 37%] [34m[1mGenerating Lisp code from control_msgs/JointTrajectoryResult.msg[0m
[ 37%] [34m[1mGenerating Javascript code from control_msgs/SingleJointPositionActionResult.msg[0m
[ 37%] [34m[1mGenerating C++ code from control_msgs/JointTrajectoryGoal.msg[0m
[ 37%] [34m[1mGenerating EusLisp code from control_msgs/SingleJointPositionActionResult.msg[0m
[ 38%] [34m[1mGenerating Lisp code from control_msgs/PointHeadGoal.msg[0m
[ 39%] [34m[1mGenerating Python from MSG control_msgs/SingleJointPositionResult[0m
[ 40%] [34m[1mGenerating Javascript code from control_msgs/GripperCommandAction.msg[0m
[ 41%] [34m[1mGenerating C++ code from control_msgs/SingleJointPositionResult.msg[0m
[ 41%] [34m[1mGenerating Python from MSG control_msgs/SingleJointPositionAction[0m
[ 41%] [34m[1mGenerating Lisp code from control_msgs/GripperCommandActionFeedback.msg[0m
[ 41%] [34m[1mGenerating Javascript code from control_msgs/JointTrajectoryResult.msg[0m
[ 42%] [34m[1mGenerating EusLisp code from control_msgs/GripperCommandAction.msg[0m
[ 42%] [34m[1mGenerating C++ code from control_msgs/SingleJointPositionAction.msg[0m
[ 43%] [34m[1mGenerating Python from MSG control_msgs/SingleJointPositionActionResult[0m
[ 44%] [34m[1mGenerating Javascript code from control_msgs/PointHeadGoal.msg[0m
[ 44%] [34m[1mGenerating C++ code from control_msgs/SingleJointPositionActionResult.msg[0m
[ 45%] [34m[1mGenerating Lisp code from control_msgs/GripperCommandFeedback.msg[0m
[ 45%] [34m[1mGenerating Javascript code from control_msgs/GripperCommandActionFeedback.msg[0m
[ 45%] [34m[1mGenerating EusLisp code from control_msgs/JointTrajectoryResult.msg[0m
[ 45%] [34m[1mGenerating Python from MSG control_msgs/GripperCommandAction[0m
[ 45%] [34m[1mGenerating Javascript code from control_msgs/GripperCommandFeedback.msg[0m
[ 45%] [34m[1mGenerating Lisp code from control_msgs/JointTrajectoryActionFeedback.msg[0m
[ 46%] [34m[1mGenerating EusLisp code from control_msgs/PointHeadGoal.msg[0m
[ 47%] [34m[1mGenerating Python from MSG control_msgs/JointTrajectoryResult[0m
[ 48%] [34m[1mGenerating Javascript code from control_msgs/JointTrajectoryActionFeedback.msg[0m
[ 50%] [34m[1mGenerating C++ code from control_msgs/GripperCommandAction.msg[0m
[ 50%] [34m[1mGenerating Lisp code from control_msgs/PointHeadActionResult.msg[0m
[ 50%] [34m[1mGenerating EusLisp code from control_msgs/GripperCommandActionFeedback.msg[0m
[ 50%] [34m[1mGenerating Python from MSG control_msgs/PointHeadGoal[0m
[ 50%] [34m[1mGenerating Javascript code from control_msgs/PointHeadActionResult.msg[0m
[ 51%] [34m[1mGenerating EusLisp code from control_msgs/GripperCommandFeedback.msg[0m
[ 52%] [34m[1mGenerating Python from MSG control_msgs/GripperCommandActionFeedback[0m
[ 52%] [34m[1mGenerating C++ code from control_msgs/JointTrajectoryResult.msg[0m
[ 52%] [34m[1mGenerating Lisp code from control_msgs/SingleJointPositionActionGoal.msg[0m
[ 53%] [34m[1mGenerating Javascript code from control_msgs/SingleJointPositionActionGoal.msg[0m
[ 53%] [34m[1mGenerating EusLisp code from control_msgs/JointTrajectoryActionFeedback.msg[0m
[ 54%] [34m[1mGenerating C++ code from control_msgs/PointHeadGoal.msg[0m
[ 55%] [34m[1mGenerating Lisp code from control_msgs/FollowJointTrajectoryResult.msg[0m
[ 55%] [34m[1mGenerating EusLisp code from control_msgs/PointHeadActionResult.msg[0m
[ 55%] [34m[1mGenerating Python from MSG control_msgs/GripperCommandFeedback[0m
[ 55%] [34m[1mGenerating Javascript code from control_msgs/FollowJointTrajectoryResult.msg[0m
[ 55%] [34m[1mGenerating Lisp code from control_msgs/GripperCommandActionGoal.msg[0m
[ 56%] [34m[1mGenerating Javascript code from control_msgs/GripperCommandActionGoal.msg[0m
[ 57%] [34m[1mGenerating EusLisp code from control_msgs/SingleJointPositionActionGoal.msg[0m
[ 58%] [34m[1mGenerating Lisp code from control_msgs/SingleJointPositionFeedback.msg[0m
[ 59%] [34m[1mGenerating Python from MSG control_msgs/JointTrajectoryActionFeedback[0m
[ 59%] [34m[1mGenerating C++ code from control_msgs/GripperCommandActionFeedback.msg[0m
[ 59%] [34m[1mGenerating Javascript code from control_msgs/SingleJointPositionFeedback.msg[0m
[ 59%] [34m[1mGenerating Lisp code from control_msgs/SingleJointPositionActionFeedback.msg[0m
[ 59%] [34m[1mGenerating Lisp code from control_msgs/JointTrajectoryAction.msg[0m
[ 60%] [34m[1mGenerating C++ code from control_msgs/GripperCommandFeedback.msg[0m
[ 61%] [34m[1mGenerating Lisp code from control_msgs/JointTolerance.msg[0m
[ 61%] [34m[1mGenerating EusLisp code from control_msgs/FollowJointTrajectoryResult.msg[0m
[ 62%] [34m[1mGenerating Javascript code from control_msgs/SingleJointPositionActionFeedback.msg[0m
[ 62%] [34m[1mGenerating Python from MSG control_msgs/PointHeadActionResult[0m
[ 62%] [34m[1mGenerating Lisp code from control_msgs/GripperCommandGoal.msg[0m
[ 63%] [34m[1mGenerating Lisp code from control_msgs/JointTrajectoryFeedback.msg[0m
[ 63%] [34m[1mGenerating Lisp code from control_msgs/FollowJointTrajectoryAction.msg[0m
[ 63%] [34m[1mGenerating Javascript code from control_msgs/JointTrajectoryAction.msg[0m
[ 63%] [34m[1mGenerating C++ code from control_msgs/JointTrajectoryActionFeedback.msg[0m
[ 63%] [34m[1mGenerating Lisp code from control_msgs/GripperCommandResult.msg[0m
[ 64%] [34m[1mGenerating Python from MSG control_msgs/SingleJointPositionActionGoal[0m
[ 65%] [34m[1mGenerating EusLisp code from control_msgs/GripperCommandActionGoal.msg[0m
[ 66%] [34m[1mGenerating Lisp code from control_msgs/JointTrajectoryControllerState.msg[0m
[ 67%] [34m[1mGenerating Javascript code from control_msgs/JointTolerance.msg[0m
[ 67%] [34m[1mGenerating Python from MSG control_msgs/FollowJointTrajectoryResult[0m
[ 68%] [34m[1mGenerating Lisp code from control_msgs/JointControllerState.msg[0m
[ 68%] [34m[1mGenerating EusLisp code from control_msgs/SingleJointPositionFeedback.msg[0m
[ 69%] [34m[1mGenerating C++ code from control_msgs/PointHeadActionResult.msg[0m
[ 69%] [34m[1mGenerating Javascript code from control_msgs/GripperCommandGoal.msg[0m
[ 69%] [34m[1mGenerating Lisp code from control_msgs/JointTrajectoryActionGoal.msg[0m
[ 69%] [34m[1mGenerating C++ code from control_msgs/SingleJointPositionActionGoal.msg[0m
[ 70%] [34m[1mGenerating Javascript code from control_msgs/JointTrajectoryFeedback.msg[0m
[ 71%] [34m[1mGenerating Python from MSG control_msgs/GripperCommandActionGoal[0m
[ 72%] [34m[1mGenerating EusLisp code from control_msgs/SingleJointPositionActionFeedback.msg[0m
[ 73%] [34m[1mGenerating Lisp code from control_msgs/FollowJointTrajectoryActionGoal.msg[0m
[ 74%] [34m[1mGenerating C++ code from control_msgs/FollowJointTrajectoryResult.msg[0m
[ 74%] [34m[1mGenerating Javascript code from control_msgs/FollowJointTrajectoryAction.msg[0m
[ 74%] [34m[1mGenerating Python from MSG control_msgs/SingleJointPositionFeedback[0m
[ 74%] [34m[1mGenerating EusLisp code from control_msgs/JointTrajectoryAction.msg[0m
[ 74%] [34m[1mGenerating Lisp code from control_msgs/PointHeadActionGoal.msg[0m
[ 75%] [34m[1mGenerating Javascript code from control_msgs/JointTrajectoryControllerState.msg[0m
[ 76%] [34m[1mGenerating EusLisp code from control_msgs/JointTolerance.msg[0m
[ 76%] [34m[1mGenerating Python from MSG control_msgs/SingleJointPositionActionFeedback[0m
[ 77%] [34m[1mGenerating Lisp code from control_msgs/QueryTrajectoryState.srv[0m
[ 77%] [34m[1mGenerating C++ code from control_msgs/GripperCommandActionGoal.msg[0m
[ 77%] [34m[1mGenerating Javascript code from control_msgs/GripperCommandResult.msg[0m
[ 78%] [34m[1mGenerating Python from MSG control_msgs/JointTrajectoryAction[0m
[ 78%] [34m[1mGenerating Lisp code from control_msgs/QueryCalibrationState.srv[0m
[ 78%] [34m[1mGenerating EusLisp code from control_msgs/GripperCommandGoal.msg[0m
[ 78%] [34m[1mGenerating Javascript code from control_msgs/JointControllerState.msg[0m
[ 79%] [34m[1mGenerating C++ code from control_msgs/SingleJointPositionFeedback.msg[0m
[ 80%] [34m[1mGenerating EusLisp code from control_msgs/JointTrajectoryFeedback.msg[0m
[ 80%] Built target control_msgs_generate_messages_lisp
[ 80%] [34m[1mGenerating C++ code from control_msgs/SingleJointPositionActionFeedback.msg[0m
[ 80%] [34m[1mGenerating Python from MSG control_msgs/JointTolerance[0m
[ 81%] [34m[1mGenerating Javascript code from control_msgs/JointTrajectoryActionGoal.msg[0m
[ 81%] [34m[1mGenerating EusLisp code from control_msgs/FollowJointTrajectoryAction.msg[0m
[ 82%] [34m[1mGenerating EusLisp code from control_msgs/JointTrajectoryControllerState.msg[0m
[ 83%] [34m[1mGenerating C++ code from control_msgs/JointTrajectoryAction.msg[0m
[ 83%] [34m[1mGenerating Javascript code from control_msgs/FollowJointTrajectoryActionGoal.msg[0m
[ 84%] [34m[1mGenerating Python from MSG control_msgs/GripperCommandGoal[0m
[ 84%] [34m[1mGenerating EusLisp code from control_msgs/GripperCommandResult.msg[0m
[ 85%] [34m[1mGenerating Javascript code from control_msgs/PointHeadActionGoal.msg[0m
[ 85%] [34m[1mGenerating Python from MSG control_msgs/JointTrajectoryFeedback[0m
[ 86%] [34m[1mGenerating EusLisp code from control_msgs/JointControllerState.msg[0m
[ 86%] [34m[1mGenerating C++ code from control_msgs/JointTolerance.msg[0m
[ 86%] [34m[1mGenerating EusLisp code from control_msgs/JointTrajectoryActionGoal.msg[0m
[ 86%] [34m[1mGenerating Javascript code from control_msgs/QueryTrajectoryState.srv[0m
[ 87%] [34m[1mGenerating Python from MSG control_msgs/FollowJointTrajectoryAction[0m
[ 88%] [34m[1mGenerating Javascript code from control_msgs/QueryCalibrationState.srv[0m
[ 88%] [34m[1mGenerating Python from MSG control_msgs/JointTrajectoryControllerState[0m
[ 89%] [34m[1mGenerating C++ code from control_msgs/GripperCommandGoal.msg[0m
[ 90%] [34m[1mGenerating EusLisp code from control_msgs/FollowJointTrajectoryActionGoal.msg[0m
[ 90%] [34m[1mGenerating C++ code from control_msgs/JointTrajectoryFeedback.msg[0m
[ 90%] Built target control_msgs_generate_messages_nodejs
[ 90%] [34m[1mGenerating C++ code from control_msgs/FollowJointTrajectoryAction.msg[0m
[ 90%] [34m[1mGenerating EusLisp code from control_msgs/PointHeadActionGoal.msg[0m
[ 91%] [34m[1mGenerating Python from MSG control_msgs/GripperCommandResult[0m
[ 91%] [34m[1mGenerating Python from MSG control_msgs/JointControllerState[0m
[ 91%] [34m[1mGenerating EusLisp code from control_msgs/QueryTrajectoryState.srv[0m
[ 92%] [34m[1mGenerating Python from MSG control_msgs/JointTrajectoryActionGoal[0m
[ 93%] [34m[1mGenerating C++ code from control_msgs/JointTrajectoryControllerState.msg[0m
[ 94%] [34m[1mGenerating EusLisp code from control_msgs/QueryCalibrationState.srv[0m
[ 94%] [34m[1mGenerating Python from MSG control_msgs/FollowJointTrajectoryActionGoal[0m
[ 94%] [34m[1mGenerating C++ code from control_msgs/GripperCommandResult.msg[0m
[ 94%] [34m[1mGenerating EusLisp manifest code for control_msgs[0m
[ 95%] [34m[1mGenerating Python from MSG control_msgs/PointHeadActionGoal[0m
[ 96%] [34m[1mGenerating C++ code from control_msgs/JointControllerState.msg[0m
[ 96%] [34m[1mGenerating C++ code from control_msgs/JointTrajectoryActionGoal.msg[0m
[ 97%] [34m[1mGenerating C++ code from control_msgs/FollowJointTrajectoryActionGoal.msg[0m
[ 97%] [34m[1mGenerating C++ code from control_msgs/PointHeadActionGoal.msg[0m
[ 97%] [34m[1mGenerating Python code from SRV control_msgs/QueryTrajectoryState[0m
[ 98%] [34m[1mGenerating Python code from SRV control_msgs/QueryCalibrationState[0m
[ 99%] [34m[1mGenerating C++ code from control_msgs/QueryTrajectoryState.srv[0m
[ 99%] [34m[1mGenerating C++ code from control_msgs/QueryCalibrationState.srv[0m
[ 99%] [34m[1mGenerating Python msg __init__.py for control_msgs[0m
[100%] [34m[1mGenerating Python srv __init__.py for control_msgs[0m
[100%] Built target control_msgs_generate_messages_py
[100%] Built target control_msgs_generate_messages_eus
[100%] Built target control_msgs_generate_messages_cpp
[35m[1mScanning dependencies of target control_msgs_generate_messages[0m
[100%] Built target control_msgs_generate_messages
