[36mInstall the project...[0m
-- Install configuration: "Release"
-- Installing: /opt/ros/kinetic/_setup_util.py
-- Installing: /opt/ros/kinetic/env.sh
-- Installing: /opt/ros/kinetic/setup.bash
-- Installing: /opt/ros/kinetic/setup.sh
-- Installing: /opt/ros/kinetic/setup.zsh
-- Installing: /opt/ros/kinetic/.rosinstall
+ cd /Users/jaymingwong/Documents/code/ros-install-osx/kinetic_desktop_full_ws/src/xacro
+ mkdir -p /opt/ros/kinetic/lib/python2.7/site-packages
+ /usr/bin/env PYTHONPATH=/opt/ros/kinetic/lib/python2.7/site-packages:/Users/jaymingwong/Documents/code/ros-install-osx/kinetic_desktop_full_ws/build/xacro/lib/python2.7/site-packages:/opt/ros/kinetic/lib/python2.7/site-packages:/usr/local/lib/python2.7/site-packages/:/Users/jaymingwong/Documents/code/drake/build/lib/python2.7/site-packages/:/Users/jaymingwong/Documents/code/drake/build/lib/python2.7/dist-packages/:/Users/jaymingwong/Documents/code/wizard/externals/devina/devina/include/devina/lcm CATKIN_BINARY_DIR=/Users/jaymingwong/Documents/code/ros-install-osx/kinetic_desktop_full_ws/build/xacro /usr/local/bin/python2 /Users/jaymingwong/Documents/code/ros-install-osx/kinetic_desktop_full_ws/src/xacro/setup.py build --build-base /Users/jaymingwong/Documents/code/ros-install-osx/kinetic_desktop_full_ws/build/xacro install --prefix=/opt/ros/kinetic --install-scripts=/opt/ros/kinetic/bin
running build
running build_py
creating /Users/jaymingwong/Documents/code/ros-install-osx/kinetic_desktop_full_ws/build/xacro/lib
creating /Users/jaymingwong/Documents/code/ros-install-osx/kinetic_desktop_full_ws/build/xacro/lib/xacro
copying src/xacro/__init__.py -> /Users/jaymingwong/Documents/code/ros-install-osx/kinetic_desktop_full_ws/build/xacro/lib/xacro
copying src/xacro/cli.py -> /Users/jaymingwong/Documents/code/ros-install-osx/kinetic_desktop_full_ws/build/xacro/lib/xacro
copying src/xacro/color.py -> /Users/jaymingwong/Documents/code/ros-install-osx/kinetic_desktop_full_ws/build/xacro/lib/xacro
copying src/xacro/xmlutils.py -> /Users/jaymingwong/Documents/code/ros-install-osx/kinetic_desktop_full_ws/build/xacro/lib/xacro
running build_scripts
creating /Users/jaymingwong/Documents/code/ros-install-osx/kinetic_desktop_full_ws/build/xacro/scripts-2.7
copying and adjusting scripts/xacro -> /Users/jaymingwong/Documents/code/ros-install-osx/kinetic_desktop_full_ws/build/xacro/scripts-2.7
changing mode of /Users/jaymingwong/Documents/code/ros-install-osx/kinetic_desktop_full_ws/build/xacro/scripts-2.7/xacro from 644 to 755
running install
running install_lib
creating /opt/ros/kinetic/lib/python2.7/site-packages/xacro
copying /Users/jaymingwong/Documents/code/ros-install-osx/kinetic_desktop_full_ws/build/xacro/lib/xacro/__init__.py -> /opt/ros/kinetic/lib/python2.7/site-packages/xacro
copying /Users/jaymingwong/Documents/code/ros-install-osx/kinetic_desktop_full_ws/build/xacro/lib/xacro/cli.py -> /opt/ros/kinetic/lib/python2.7/site-packages/xacro
copying /Users/jaymingwong/Documents/code/ros-install-osx/kinetic_desktop_full_ws/build/xacro/lib/xacro/color.py -> /opt/ros/kinetic/lib/python2.7/site-packages/xacro
copying /Users/jaymingwong/Documents/code/ros-install-osx/kinetic_desktop_full_ws/build/xacro/lib/xacro/xmlutils.py -> /opt/ros/kinetic/lib/python2.7/site-packages/xacro
byte-compiling /opt/ros/kinetic/lib/python2.7/site-packages/xacro/__init__.py to __init__.pyc
byte-compiling /opt/ros/kinetic/lib/python2.7/site-packages/xacro/cli.py to cli.pyc
byte-compiling /opt/ros/kinetic/lib/python2.7/site-packages/xacro/color.py to color.pyc
byte-compiling /opt/ros/kinetic/lib/python2.7/site-packages/xacro/xmlutils.py to xmlutils.pyc
running install_scripts
copying /Users/jaymingwong/Documents/code/ros-install-osx/kinetic_desktop_full_ws/build/xacro/scripts-2.7/xacro -> /opt/ros/kinetic/bin
changing mode of /opt/ros/kinetic/bin/xacro to 755
running install_egg_info
Writing /opt/ros/kinetic/lib/python2.7/site-packages/xacro-1.11.3-py2.7.egg-info
-- Installing: /opt/ros/kinetic/lib/pkgconfig/xacro.pc
-- Installing: /opt/ros/kinetic/share/xacro/cmake/xacro-extras.cmake
-- Installing: /opt/ros/kinetic/share/xacro/cmake/xacroConfig.cmake
-- Installing: /opt/ros/kinetic/share/xacro/cmake/xacroConfig-version.cmake
-- Installing: /opt/ros/kinetic/share/xacro/package.xml
+ cd /Users/jaymingwong/Documents/code/ros-install-osx/kinetic_desktop_full_ws/src/xacro
+ mkdir -p /opt/ros/kinetic/lib/python2.7/site-packages
+ /usr/bin/env PYTHONPATH=/opt/ros/kinetic/lib/python2.7/site-packages:/Users/jaymingwong/Documents/code/ros-install-osx/kinetic_desktop_full_ws/build/xacro/lib/python2.7/site-packages:/opt/ros/kinetic/lib/python2.7/site-packages:/usr/local/lib/python2.7/site-packages/:/Users/jaymingwong/Documents/code/drake/build/lib/python2.7/site-packages/:/Users/jaymingwong/Documents/code/drake/build/lib/python2.7/dist-packages/:/Users/jaymingwong/Documents/code/wizard/externals/devina/devina/include/devina/lcm CATKIN_BINARY_DIR=/Users/jaymingwong/Documents/code/ros-install-osx/kinetic_desktop_full_ws/build/xacro /usr/local/bin/python2 /Users/jaymingwong/Documents/code/ros-install-osx/kinetic_desktop_full_ws/src/xacro/setup.py build --build-base /Users/jaymingwong/Documents/code/ros-install-osx/kinetic_desktop_full_ws/build/xacro install --prefix=/opt/ros/kinetic --install-scripts=/opt/ros/kinetic/bin
running build
running build_py
running build_scripts
running install
running install_lib
running install_scripts
changing mode of /opt/ros/kinetic/bin/xacro to 755
running install_egg_info
Removing /opt/ros/kinetic/lib/python2.7/site-packages/xacro-1.11.3-py2.7.egg-info
Writing /opt/ros/kinetic/lib/python2.7/site-packages/xacro-1.11.3-py2.7.egg-info
-- Installing: /opt/ros/kinetic/lib/xacro/xacro
-- Installing: /opt/ros/kinetic/share/xacro/xacro.py
