[35m[1mScanning dependencies of target _dynamic_reconfigure_generate_messages_check_deps_ConfigDescription[0m
[  0%] Built target _dynamic_reconfigure_generate_messages_check_deps_ConfigDescription
[35m[1mScanning dependencies of target _dynamic_reconfigure_generate_messages_check_deps_BoolParameter[0m
[35m[1mScanning dependencies of target _dynamic_reconfigure_generate_messages_check_deps_ParamDescription[0m
[  0%] Built target _dynamic_reconfigure_generate_messages_check_deps_BoolParameter
[35m[1mScanning dependencies of target _dynamic_reconfigure_generate_messages_check_deps_StrParameter[0m
[  0%] Built target _dynamic_reconfigure_generate_messages_check_deps_ParamDescription
[  0%] Built target _dynamic_reconfigure_generate_messages_check_deps_StrParameter
[35m[1mScanning dependencies of target _dynamic_reconfigure_generate_messages_check_deps_GroupState[0m
[  0%] Built target _dynamic_reconfigure_generate_messages_check_deps_GroupState
[35m[1mScanning dependencies of target _dynamic_reconfigure_generate_messages_check_deps_SensorLevels[0m
[35m[1mScanning dependencies of target _dynamic_reconfigure_generate_messages_check_deps_Reconfigure[0m
[  0%] Built target _dynamic_reconfigure_generate_messages_check_deps_SensorLevels
[35m[1mScanning dependencies of target _dynamic_reconfigure_generate_messages_check_deps_Group[0m
[  0%] Built target _dynamic_reconfigure_generate_messages_check_deps_Reconfigure
[  0%] Built target _dynamic_reconfigure_generate_messages_check_deps_Group
[35m[1mScanning dependencies of target _dynamic_reconfigure_generate_messages_check_deps_DoubleParameter[0m
[  0%] Built target _dynamic_reconfigure_generate_messages_check_deps_DoubleParameter
[35m[1mScanning dependencies of target _dynamic_reconfigure_generate_messages_check_deps_Config[0m
[35m[1mScanning dependencies of target _dynamic_reconfigure_generate_messages_check_deps_IntParameter[0m
[  0%] Built target _dynamic_reconfigure_generate_messages_check_deps_Config
[35m[1mScanning dependencies of target std_msgs_generate_messages_eus[0m
[  0%] Built target std_msgs_generate_messages_eus
[35m[1mScanning dependencies of target std_msgs_generate_messages_nodejs[0m
[  0%] Built target _dynamic_reconfigure_generate_messages_check_deps_IntParameter
[35m[1mScanning dependencies of target std_msgs_generate_messages_lisp[0m
[  0%] Built target std_msgs_generate_messages_nodejs
[  0%] Built target std_msgs_generate_messages_lisp
[35m[1mScanning dependencies of target std_msgs_generate_messages_py[0m
[35m[1mScanning dependencies of target std_msgs_generate_messages_cpp[0m
[  0%] Built target std_msgs_generate_messages_py
[  0%] Built target std_msgs_generate_messages_cpp
[35m[1mScanning dependencies of target dynamic_reconfigure_config_init_mutex[0m
[35m[1mScanning dependencies of target dynamic_reconfigure_gencfg[0m
[  1%] [34m[1mGenerating dynamic reconfigure files from cfg/Test.cfg: /Users/jaymingwong/Documents/code/ros-install-osx/kinetic_desktop_full_ws/devel/.private/dynamic_reconfigure/include/dynamic_reconfigure/TestConfig.h /Users/jaymingwong/Documents/code/ros-install-osx/kinetic_desktop_full_ws/devel/.private/dynamic_reconfigure/lib/python2.7/site-packages/dynamic_reconfigure/cfg/TestConfig.py[0m
Generating reconfiguration files for Test in dynamic_reconfigure_test
Wrote header file in /Users/jaymingwong/Documents/code/ros-install-osx/kinetic_desktop_full_ws/devel/.private/dynamic_reconfigure/include/dynamic_reconfigure/TestConfig.h
[  3%] [32mBuilding CXX object CMakeFiles/dynamic_reconfigure_config_init_mutex.dir/src/dynamic_reconfigure_config_init_mutex.cpp.o[0m
[  3%] Built target dynamic_reconfigure_gencfg
[35m[1mScanning dependencies of target dynamic_reconfigure_generate_messages_eus[0m
[  4%] [34m[1mGenerating EusLisp code from dynamic_reconfigure/IntParameter.msg[0m
[  6%] [34m[1mGenerating EusLisp code from dynamic_reconfigure/ParamDescription.msg[0m
[  8%] [34m[1mGenerating EusLisp code from dynamic_reconfigure/Config.msg[0m
[  9%] [34m[1mGenerating EusLisp code from dynamic_reconfigure/BoolParameter.msg[0m
[ 11%] [34m[1mGenerating EusLisp code from dynamic_reconfigure/DoubleParameter.msg[0m
[35m[1mScanning dependencies of target dynamic_reconfigure_generate_messages_nodejs[0m
[ 13%] [34m[1mGenerating Javascript code from dynamic_reconfigure/IntParameter.msg[0m
[ 14%] [34m[1mGenerating Javascript code from dynamic_reconfigure/ParamDescription.msg[0m
[ 16%] [34m[1mGenerating EusLisp code from dynamic_reconfigure/Group.msg[0m
[ 18%] [34m[1mGenerating Javascript code from dynamic_reconfigure/Config.msg[0m
[ 19%] [32m[1mLinking CXX shared library /Users/jaymingwong/Documents/code/ros-install-osx/kinetic_desktop_full_ws/devel/.private/dynamic_reconfigure/lib/libdynamic_reconfigure_config_init_mutex.dylib[0m
[ 21%] [34m[1mGenerating EusLisp code from dynamic_reconfigure/ConfigDescription.msg[0m
[ 21%] Built target dynamic_reconfigure_config_init_mutex
[ 22%] [34m[1mGenerating Javascript code from dynamic_reconfigure/BoolParameter.msg[0m
[ 24%] [34m[1mGenerating Javascript code from dynamic_reconfigure/DoubleParameter.msg[0m
[ 26%] [34m[1mGenerating EusLisp code from dynamic_reconfigure/GroupState.msg[0m
[ 27%] [34m[1mGenerating Javascript code from dynamic_reconfigure/Group.msg[0m
[ 29%] [34m[1mGenerating EusLisp code from dynamic_reconfigure/SensorLevels.msg[0m
[ 31%] [34m[1mGenerating Javascript code from dynamic_reconfigure/ConfigDescription.msg[0m
[ 32%] [34m[1mGenerating EusLisp code from dynamic_reconfigure/StrParameter.msg[0m
[35m[1mScanning dependencies of target dynamic_reconfigure_generate_messages_lisp[0m
[ 34%] [34m[1mGenerating Javascript code from dynamic_reconfigure/GroupState.msg[0m
[ 36%] [34m[1mGenerating Lisp code from dynamic_reconfigure/IntParameter.msg[0m
[ 37%] [34m[1mGenerating Javascript code from dynamic_reconfigure/SensorLevels.msg[0m
[ 39%] [34m[1mGenerating Lisp code from dynamic_reconfigure/ParamDescription.msg[0m
[ 40%] [34m[1mGenerating EusLisp code from dynamic_reconfigure/Reconfigure.srv[0m
[ 44%] [34m[1mGenerating Lisp code from dynamic_reconfigure/Config.msg[0m
[ 44%] [34m[1mGenerating Javascript code from dynamic_reconfigure/StrParameter.msg[0m
[ 45%] [34m[1mGenerating EusLisp manifest code for dynamic_reconfigure[0m
[ 47%] [34m[1mGenerating Javascript code from dynamic_reconfigure/Reconfigure.srv[0m
[ 49%] [34m[1mGenerating Lisp code from dynamic_reconfigure/BoolParameter.msg[0m
[ 49%] Built target dynamic_reconfigure_generate_messages_nodejs
[ 50%] [34m[1mGenerating Lisp code from dynamic_reconfigure/DoubleParameter.msg[0m
[ 52%] [34m[1mGenerating Lisp code from dynamic_reconfigure/Group.msg[0m
[35m[1mScanning dependencies of target dynamic_reconfigure_generate_messages_py[0m
[ 54%] [34m[1mGenerating Lisp code from dynamic_reconfigure/ConfigDescription.msg[0m
[ 55%] [34m[1mGenerating Python from MSG dynamic_reconfigure/IntParameter[0m
[ 57%] [34m[1mGenerating Lisp code from dynamic_reconfigure/GroupState.msg[0m
[ 59%] [34m[1mGenerating Python from MSG dynamic_reconfigure/ParamDescription[0m
[ 60%] [34m[1mGenerating Lisp code from dynamic_reconfigure/SensorLevels.msg[0m
[ 62%] [34m[1mGenerating Python from MSG dynamic_reconfigure/Config[0m
[ 63%] [34m[1mGenerating Lisp code from dynamic_reconfigure/StrParameter.msg[0m
[ 65%] [34m[1mGenerating Lisp code from dynamic_reconfigure/Reconfigure.srv[0m
[ 67%] [34m[1mGenerating Python from MSG dynamic_reconfigure/BoolParameter[0m
[ 67%] Built target dynamic_reconfigure_generate_messages_eus
[ 68%] [34m[1mGenerating Python from MSG dynamic_reconfigure/DoubleParameter[0m
[ 68%] Built target dynamic_reconfigure_generate_messages_lisp
[ 70%] [34m[1mGenerating Python from MSG dynamic_reconfigure/Group[0m
[35m[1mScanning dependencies of target dynamic_reconfigure_generate_messages_cpp[0m
[ 72%] [34m[1mGenerating C++ code from dynamic_reconfigure/IntParameter.msg[0m
[ 73%] [34m[1mGenerating C++ code from dynamic_reconfigure/ParamDescription.msg[0m
[ 75%] [34m[1mGenerating Python from MSG dynamic_reconfigure/ConfigDescription[0m
[ 77%] [34m[1mGenerating Python from MSG dynamic_reconfigure/GroupState[0m
[ 78%] [34m[1mGenerating Python from MSG dynamic_reconfigure/SensorLevels[0m
[ 80%] [34m[1mGenerating C++ code from dynamic_reconfigure/Config.msg[0m
[ 81%] [34m[1mGenerating Python from MSG dynamic_reconfigure/StrParameter[0m
[ 83%] [34m[1mGenerating C++ code from dynamic_reconfigure/BoolParameter.msg[0m
[ 85%] [34m[1mGenerating Python code from SRV dynamic_reconfigure/Reconfigure[0m
[ 86%] [34m[1mGenerating Python msg __init__.py for dynamic_reconfigure[0m
[ 88%] [34m[1mGenerating Python srv __init__.py for dynamic_reconfigure[0m
[ 90%] [34m[1mGenerating C++ code from dynamic_reconfigure/DoubleParameter.msg[0m
[ 91%] [34m[1mGenerating C++ code from dynamic_reconfigure/Group.msg[0m
[ 91%] Built target dynamic_reconfigure_generate_messages_py
[ 93%] [34m[1mGenerating C++ code from dynamic_reconfigure/ConfigDescription.msg[0m
[ 95%] [34m[1mGenerating C++ code from dynamic_reconfigure/GroupState.msg[0m
[ 96%] [34m[1mGenerating C++ code from dynamic_reconfigure/SensorLevels.msg[0m
[ 98%] [34m[1mGenerating C++ code from dynamic_reconfigure/StrParameter.msg[0m
[100%] [34m[1mGenerating C++ code from dynamic_reconfigure/Reconfigure.srv[0m
[100%] Built target dynamic_reconfigure_generate_messages_cpp
[35m[1mScanning dependencies of target dynamic_reconfigure_generate_messages[0m
[100%] Built target dynamic_reconfigure_generate_messages
