[  0%] Built target std_msgs_generate_messages_nodejs
[  0%] Built target _rqt_py_common_generate_messages_check_deps_ArrayVal
[  0%] Built target _rqt_py_common_generate_messages_check_deps_Val
[ 16%] Built target rqt_py_common_generate_messages_nodejs
[ 16%] Built target std_msgs_generate_messages_lisp
[ 33%] Built target rqt_py_common_generate_messages_lisp
[ 33%] Built target std_msgs_generate_messages_eus
[ 58%] Built target rqt_py_common_generate_messages_eus
[ 58%] Built target std_msgs_generate_messages_py
[ 83%] Built target rqt_py_common_generate_messages_py
[ 83%] Built target std_msgs_generate_messages_cpp
[100%] Built target rqt_py_common_generate_messages_cpp
[100%] Built target rqt_py_common_generate_messages
[36mInstall the project...[0m
-- Install configuration: "Release"
-- Installing: /opt/ros/kinetic/_setup_util.py
-- Installing: /opt/ros/kinetic/env.sh
-- Installing: /opt/ros/kinetic/setup.bash
-- Installing: /opt/ros/kinetic/setup.sh
-- Installing: /opt/ros/kinetic/setup.zsh
-- Installing: /opt/ros/kinetic/.rosinstall
+ cd /Users/jaymingwong/Documents/code/ros-install-osx/kinetic_desktop_full_ws/src/rqt/rqt_py_common
+ mkdir -p /opt/ros/kinetic/lib/python2.7/site-packages
+ /usr/bin/env PYTHONPATH=/opt/ros/kinetic/lib/python2.7/site-packages:/Users/jaymingwong/Documents/code/ros-install-osx/kinetic_desktop_full_ws/build/rqt_py_common/lib/python2.7/site-packages:/opt/ros/kinetic/lib/python2.7/site-packages:/usr/local/lib/python2.7/site-packages/:/Users/jaymingwong/Documents/code/drake/build/lib/python2.7/site-packages/:/Users/jaymingwong/Documents/code/drake/build/lib/python2.7/dist-packages/:/Users/jaymingwong/Documents/code/wizard/externals/devina/devina/include/devina/lcm CATKIN_BINARY_DIR=/Users/jaymingwong/Documents/code/ros-install-osx/kinetic_desktop_full_ws/build/rqt_py_common /usr/local/bin/python2 /Users/jaymingwong/Documents/code/ros-install-osx/kinetic_desktop_full_ws/src/rqt/rqt_py_common/setup.py build --build-base /Users/jaymingwong/Documents/code/ros-install-osx/kinetic_desktop_full_ws/build/rqt_py_common install --prefix=/opt/ros/kinetic --install-scripts=/opt/ros/kinetic/bin
running build
running build_py
creating /Users/jaymingwong/Documents/code/ros-install-osx/kinetic_desktop_full_ws/build/rqt_py_common/lib
creating /Users/jaymingwong/Documents/code/ros-install-osx/kinetic_desktop_full_ws/build/rqt_py_common/lib/rqt_py_common
copying src/rqt_py_common/__init__.py -> /Users/jaymingwong/Documents/code/ros-install-osx/kinetic_desktop_full_ws/build/rqt_py_common/lib/rqt_py_common
copying src/rqt_py_common/data_items.py -> /Users/jaymingwong/Documents/code/ros-install-osx/kinetic_desktop_full_ws/build/rqt_py_common/lib/rqt_py_common
copying src/rqt_py_common/extended_combo_box.py -> /Users/jaymingwong/Documents/code/ros-install-osx/kinetic_desktop_full_ws/build/rqt_py_common/lib/rqt_py_common
copying src/rqt_py_common/ini_helper.py -> /Users/jaymingwong/Documents/code/ros-install-osx/kinetic_desktop_full_ws/build/rqt_py_common/lib/rqt_py_common
copying src/rqt_py_common/item_delegates.py -> /Users/jaymingwong/Documents/code/ros-install-osx/kinetic_desktop_full_ws/build/rqt_py_common/lib/rqt_py_common
copying src/rqt_py_common/layout_util.py -> /Users/jaymingwong/Documents/code/ros-install-osx/kinetic_desktop_full_ws/build/rqt_py_common/lib/rqt_py_common
copying src/rqt_py_common/message_tree_model.py -> /Users/jaymingwong/Documents/code/ros-install-osx/kinetic_desktop_full_ws/build/rqt_py_common/lib/rqt_py_common
copying src/rqt_py_common/message_tree_widget.py -> /Users/jaymingwong/Documents/code/ros-install-osx/kinetic_desktop_full_ws/build/rqt_py_common/lib/rqt_py_common
copying src/rqt_py_common/plugin_container_widget.py -> /Users/jaymingwong/Documents/code/ros-install-osx/kinetic_desktop_full_ws/build/rqt_py_common/lib/rqt_py_common
copying src/rqt_py_common/rosaction.py -> /Users/jaymingwong/Documents/code/ros-install-osx/kinetic_desktop_full_ws/build/rqt_py_common/lib/rqt_py_common
copying src/rqt_py_common/rqt_ros_graph.py -> /Users/jaymingwong/Documents/code/ros-install-osx/kinetic_desktop_full_ws/build/rqt_py_common/lib/rqt_py_common
copying src/rqt_py_common/rqt_roscomm_util.py -> /Users/jaymingwong/Documents/code/ros-install-osx/kinetic_desktop_full_ws/build/rqt_py_common/lib/rqt_py_common
copying src/rqt_py_common/topic_completer.py -> /Users/jaymingwong/Documents/code/ros-install-osx/kinetic_desktop_full_ws/build/rqt_py_common/lib/rqt_py_common
copying src/rqt_py_common/topic_dict.py -> /Users/jaymingwong/Documents/code/ros-install-osx/kinetic_desktop_full_ws/build/rqt_py_common/lib/rqt_py_common
copying src/rqt_py_common/topic_helpers.py -> /Users/jaymingwong/Documents/code/ros-install-osx/kinetic_desktop_full_ws/build/rqt_py_common/lib/rqt_py_common
copying src/rqt_py_common/topic_tree_model.py -> /Users/jaymingwong/Documents/code/ros-install-osx/kinetic_desktop_full_ws/build/rqt_py_common/lib/rqt_py_common
copying src/rqt_py_common/tree_model_completer.py -> /Users/jaymingwong/Documents/code/ros-install-osx/kinetic_desktop_full_ws/build/rqt_py_common/lib/rqt_py_common
running install
running install_lib
creating /opt/ros/kinetic/lib/python2.7/site-packages/rqt_py_common
copying /Users/jaymingwong/Documents/code/ros-install-osx/kinetic_desktop_full_ws/build/rqt_py_common/lib/rqt_py_common/__init__.py -> /opt/ros/kinetic/lib/python2.7/site-packages/rqt_py_common
copying /Users/jaymingwong/Documents/code/ros-install-osx/kinetic_desktop_full_ws/build/rqt_py_common/lib/rqt_py_common/data_items.py -> /opt/ros/kinetic/lib/python2.7/site-packages/rqt_py_common
copying /Users/jaymingwong/Documents/code/ros-install-osx/kinetic_desktop_full_ws/build/rqt_py_common/lib/rqt_py_common/extended_combo_box.py -> /opt/ros/kinetic/lib/python2.7/site-packages/rqt_py_common
copying /Users/jaymingwong/Documents/code/ros-install-osx/kinetic_desktop_full_ws/build/rqt_py_common/lib/rqt_py_common/ini_helper.py -> /opt/ros/kinetic/lib/python2.7/site-packages/rqt_py_common
copying /Users/jaymingwong/Documents/code/ros-install-osx/kinetic_desktop_full_ws/build/rqt_py_common/lib/rqt_py_common/item_delegates.py -> /opt/ros/kinetic/lib/python2.7/site-packages/rqt_py_common
copying /Users/jaymingwong/Documents/code/ros-install-osx/kinetic_desktop_full_ws/build/rqt_py_common/lib/rqt_py_common/layout_util.py -> /opt/ros/kinetic/lib/python2.7/site-packages/rqt_py_common
copying /Users/jaymingwong/Documents/code/ros-install-osx/kinetic_desktop_full_ws/build/rqt_py_common/lib/rqt_py_common/message_tree_model.py -> /opt/ros/kinetic/lib/python2.7/site-packages/rqt_py_common
copying /Users/jaymingwong/Documents/code/ros-install-osx/kinetic_desktop_full_ws/build/rqt_py_common/lib/rqt_py_common/message_tree_widget.py -> /opt/ros/kinetic/lib/python2.7/site-packages/rqt_py_common
copying /Users/jaymingwong/Documents/code/ros-install-osx/kinetic_desktop_full_ws/build/rqt_py_common/lib/rqt_py_common/plugin_container_widget.py -> /opt/ros/kinetic/lib/python2.7/site-packages/rqt_py_common
copying /Users/jaymingwong/Documents/code/ros-install-osx/kinetic_desktop_full_ws/build/rqt_py_common/lib/rqt_py_common/rosaction.py -> /opt/ros/kinetic/lib/python2.7/site-packages/rqt_py_common
copying /Users/jaymingwong/Documents/code/ros-install-osx/kinetic_desktop_full_ws/build/rqt_py_common/lib/rqt_py_common/rqt_ros_graph.py -> /opt/ros/kinetic/lib/python2.7/site-packages/rqt_py_common
copying /Users/jaymingwong/Documents/code/ros-install-osx/kinetic_desktop_full_ws/build/rqt_py_common/lib/rqt_py_common/rqt_roscomm_util.py -> /opt/ros/kinetic/lib/python2.7/site-packages/rqt_py_common
copying /Users/jaymingwong/Documents/code/ros-install-osx/kinetic_desktop_full_ws/build/rqt_py_common/lib/rqt_py_common/topic_completer.py -> /opt/ros/kinetic/lib/python2.7/site-packages/rqt_py_common
copying /Users/jaymingwong/Documents/code/ros-install-osx/kinetic_desktop_full_ws/build/rqt_py_common/lib/rqt_py_common/topic_dict.py -> /opt/ros/kinetic/lib/python2.7/site-packages/rqt_py_common
copying /Users/jaymingwong/Documents/code/ros-install-osx/kinetic_desktop_full_ws/build/rqt_py_common/lib/rqt_py_common/topic_helpers.py -> /opt/ros/kinetic/lib/python2.7/site-packages/rqt_py_common
copying /Users/jaymingwong/Documents/code/ros-install-osx/kinetic_desktop_full_ws/build/rqt_py_common/lib/rqt_py_common/topic_tree_model.py -> /opt/ros/kinetic/lib/python2.7/site-packages/rqt_py_common
copying /Users/jaymingwong/Documents/code/ros-install-osx/kinetic_desktop_full_ws/build/rqt_py_common/lib/rqt_py_common/tree_model_completer.py -> /opt/ros/kinetic/lib/python2.7/site-packages/rqt_py_common
byte-compiling /opt/ros/kinetic/lib/python2.7/site-packages/rqt_py_common/__init__.py to __init__.pyc
byte-compiling /opt/ros/kinetic/lib/python2.7/site-packages/rqt_py_common/data_items.py to data_items.pyc
byte-compiling /opt/ros/kinetic/lib/python2.7/site-packages/rqt_py_common/extended_combo_box.py to extended_combo_box.pyc
byte-compiling /opt/ros/kinetic/lib/python2.7/site-packages/rqt_py_common/ini_helper.py to ini_helper.pyc
byte-compiling /opt/ros/kinetic/lib/python2.7/site-packages/rqt_py_common/item_delegates.py to item_delegates.pyc
byte-compiling /opt/ros/kinetic/lib/python2.7/site-packages/rqt_py_common/layout_util.py to layout_util.pyc
byte-compiling /opt/ros/kinetic/lib/python2.7/site-packages/rqt_py_common/message_tree_model.py to message_tree_model.pyc
byte-compiling /opt/ros/kinetic/lib/python2.7/site-packages/rqt_py_common/message_tree_widget.py to message_tree_widget.pyc
byte-compiling /opt/ros/kinetic/lib/python2.7/site-packages/rqt_py_common/plugin_container_widget.py to plugin_container_widget.pyc
byte-compiling /opt/ros/kinetic/lib/python2.7/site-packages/rqt_py_common/rosaction.py to rosaction.pyc
byte-compiling /opt/ros/kinetic/lib/python2.7/site-packages/rqt_py_common/rqt_ros_graph.py to rqt_ros_graph.pyc
byte-compiling /opt/ros/kinetic/lib/python2.7/site-packages/rqt_py_common/rqt_roscomm_util.py to rqt_roscomm_util.pyc
byte-compiling /opt/ros/kinetic/lib/python2.7/site-packages/rqt_py_common/topic_completer.py to topic_completer.pyc
byte-compiling /opt/ros/kinetic/lib/python2.7/site-packages/rqt_py_common/topic_dict.py to topic_dict.pyc
byte-compiling /opt/ros/kinetic/lib/python2.7/site-packages/rqt_py_common/topic_helpers.py to topic_helpers.pyc
byte-compiling /opt/ros/kinetic/lib/python2.7/site-packages/rqt_py_common/topic_tree_model.py to topic_tree_model.pyc
byte-compiling /opt/ros/kinetic/lib/python2.7/site-packages/rqt_py_common/tree_model_completer.py to tree_model_completer.pyc
running install_egg_info
Writing /opt/ros/kinetic/lib/python2.7/site-packages/rqt_py_common-0.5.0-py2.7.egg-info
-- Installing: /opt/ros/kinetic/share/rqt_py_common/cmake/rqt_py_common-msg-paths.cmake
-- Installing: /opt/ros/kinetic/include/rqt_py_common
-- Installing: /opt/ros/kinetic/include/rqt_py_common/ArrayVal.h
-- Installing: /opt/ros/kinetic/include/rqt_py_common/Val.h
-- Installing: /opt/ros/kinetic/share/roseus/ros/rqt_py_common
-- Installing: /opt/ros/kinetic/share/roseus/ros/rqt_py_common/manifest.l
-- Installing: /opt/ros/kinetic/share/roseus/ros/rqt_py_common/msg
-- Installing: /opt/ros/kinetic/share/roseus/ros/rqt_py_common/msg/ArrayVal.l
-- Installing: /opt/ros/kinetic/share/roseus/ros/rqt_py_common/msg/Val.l
-- Installing: /opt/ros/kinetic/share/common-lisp/ros/rqt_py_common
-- Installing: /opt/ros/kinetic/share/common-lisp/ros/rqt_py_common/msg
-- Installing: /opt/ros/kinetic/share/common-lisp/ros/rqt_py_common/msg/_package.lisp
-- Installing: /opt/ros/kinetic/share/common-lisp/ros/rqt_py_common/msg/_package_ArrayVal.lisp
-- Installing: /opt/ros/kinetic/share/common-lisp/ros/rqt_py_common/msg/_package_Val.lisp
-- Installing: /opt/ros/kinetic/share/common-lisp/ros/rqt_py_common/msg/ArrayVal.lisp
-- Installing: /opt/ros/kinetic/share/common-lisp/ros/rqt_py_common/msg/rqt_py_common-msg.asd
-- Installing: /opt/ros/kinetic/share/common-lisp/ros/rqt_py_common/msg/Val.lisp
-- Installing: /opt/ros/kinetic/share/gennodejs/ros/rqt_py_common
-- Installing: /opt/ros/kinetic/share/gennodejs/ros/rqt_py_common/_index.js
-- Installing: /opt/ros/kinetic/share/gennodejs/ros/rqt_py_common/msg
-- Installing: /opt/ros/kinetic/share/gennodejs/ros/rqt_py_common/msg/_index.js
-- Installing: /opt/ros/kinetic/share/gennodejs/ros/rqt_py_common/msg/ArrayVal.js
-- Installing: /opt/ros/kinetic/share/gennodejs/ros/rqt_py_common/msg/Val.js
Listing /Users/jaymingwong/Documents/code/ros-install-osx/kinetic_desktop_full_ws/devel/.private/rqt_py_common/lib/python2.7/site-packages/rqt_py_common ...
Compiling /Users/jaymingwong/Documents/code/ros-install-osx/kinetic_desktop_full_ws/devel/.private/rqt_py_common/lib/python2.7/site-packages/rqt_py_common/__init__.py ...
Listing /Users/jaymingwong/Documents/code/ros-install-osx/kinetic_desktop_full_ws/devel/.private/rqt_py_common/lib/python2.7/site-packages/rqt_py_common/msg ...
Compiling /Users/jaymingwong/Documents/code/ros-install-osx/kinetic_desktop_full_ws/devel/.private/rqt_py_common/lib/python2.7/site-packages/rqt_py_common/msg/_ArrayVal.py ...
Compiling /Users/jaymingwong/Documents/code/ros-install-osx/kinetic_desktop_full_ws/devel/.private/rqt_py_common/lib/python2.7/site-packages/rqt_py_common/msg/_Val.py ...
Compiling /Users/jaymingwong/Documents/code/ros-install-osx/kinetic_desktop_full_ws/devel/.private/rqt_py_common/lib/python2.7/site-packages/rqt_py_common/msg/__init__.py ...
-- Up-to-date: /opt/ros/kinetic/lib/python2.7/site-packages/rqt_py_common
-- Installing: /opt/ros/kinetic/lib/python2.7/site-packages/rqt_py_common/msg
-- Installing: /opt/ros/kinetic/lib/python2.7/site-packages/rqt_py_common/msg/_ArrayVal.py
-- Installing: /opt/ros/kinetic/lib/python2.7/site-packages/rqt_py_common/msg/_ArrayVal.pyc
-- Installing: /opt/ros/kinetic/lib/python2.7/site-packages/rqt_py_common/msg/_Val.py
-- Installing: /opt/ros/kinetic/lib/python2.7/site-packages/rqt_py_common/msg/_Val.pyc
-- Up-to-date: /opt/ros/kinetic/lib/python2.7/site-packages/rqt_py_common
-- Up-to-date: /opt/ros/kinetic/lib/python2.7/site-packages/rqt_py_common/msg
-- Installing: /opt/ros/kinetic/lib/python2.7/site-packages/rqt_py_common/msg/__init__.py
-- Installing: /opt/ros/kinetic/lib/python2.7/site-packages/rqt_py_common/msg/__init__.pyc
-- Installing: /opt/ros/kinetic/lib/pkgconfig/rqt_py_common.pc
-- Installing: /opt/ros/kinetic/share/rqt_py_common/cmake/rqt_py_common-msg-extras.cmake
-- Installing: /opt/ros/kinetic/share/rqt_py_common/cmake/rqt_py_commonConfig.cmake
-- Installing: /opt/ros/kinetic/share/rqt_py_common/cmake/rqt_py_commonConfig-version.cmake
-- Installing: /opt/ros/kinetic/share/rqt_py_common/package.xml
-- Installing: /opt/ros/kinetic/share/rqt_py_common/resource
-- Installing: /opt/ros/kinetic/share/rqt_py_common/resource/plugin_container.ui
