[  0%] Built target std_msgs_generate_messages_nodejs
[  0%] Built target _rqt_py_common_generate_messages_check_deps_ArrayVal
[  0%] Built target _rqt_py_common_generate_messages_check_deps_Val
[ 16%] Built target rqt_py_common_generate_messages_nodejs
[ 16%] Built target std_msgs_generate_messages_lisp
[ 33%] Built target rqt_py_common_generate_messages_lisp
[ 33%] Built target std_msgs_generate_messages_eus
[ 58%] Built target rqt_py_common_generate_messages_eus
[ 58%] Built target std_msgs_generate_messages_py
[ 83%] Built target rqt_py_common_generate_messages_py
[ 83%] Built target std_msgs_generate_messages_cpp
[100%] Built target rqt_py_common_generate_messages_cpp
[100%] Built target rqt_py_common_generate_messages
[36mInstall the project...[0m
-- Install configuration: "Release"
-- Installing: /opt/ros/kinetic/_setup_util.py
-- Installing: /opt/ros/kinetic/env.sh
-- Installing: /opt/ros/kinetic/setup.bash
-- Installing: /opt/ros/kinetic/setup.sh
-- Installing: /opt/ros/kinetic/setup.zsh
-- Installing: /opt/ros/kinetic/.rosinstall
+ cd /Users/jaymingwong/Documents/code/ros-install-osx/kinetic_desktop_full_ws/src/rqt/rqt_py_common
+ mkdir -p /opt/ros/kinetic/lib/python2.7/site-packages
+ /usr/bin/env PYTHONPATH=/opt/ros/kinetic/lib/python2.7/site-packages:/Users/jaymingwong/Documents/code/ros-install-osx/kinetic_desktop_full_ws/build/rqt_py_common/lib/python2.7/site-packages:/opt/ros/kinetic/lib/python2.7/site-packages:/usr/local/lib/python2.7/site-packages/:/Users/jaymingwong/Documents/code/drake/build/lib/python2.7/site-packages/:/Users/jaymingwong/Documents/code/drake/build/lib/python2.7/dist-packages/:/Users/jaymingwong/Documents/code/wizard/externals/devina/devina/include/devina/lcm CATKIN_BINARY_DIR=/Users/jaymingwong/Documents/code/ros-install-osx/kinetic_desktop_full_ws/build/rqt_py_common /usr/local/bin/python2 /Users/jaymingwong/Documents/code/ros-install-osx/kinetic_desktop_full_ws/src/rqt/rqt_py_common/setup.py build --build-base /Users/jaymingwong/Documents/code/ros-install-osx/kinetic_desktop_full_ws/build/rqt_py_common install --prefix=/opt/ros/kinetic --install-scripts=/opt/ros/kinetic/bin
running build
running build_py
running install
running install_lib
running install_egg_info
Removing /opt/ros/kinetic/lib/python2.7/site-packages/rqt_py_common-0.5.0-py2.7.egg-info
Writing /opt/ros/kinetic/lib/python2.7/site-packages/rqt_py_common-0.5.0-py2.7.egg-info
-- Up-to-date: /opt/ros/kinetic/share/rqt_py_common/cmake/rqt_py_common-msg-paths.cmake
-- Up-to-date: /opt/ros/kinetic/include/rqt_py_common
-- Up-to-date: /opt/ros/kinetic/include/rqt_py_common/ArrayVal.h
-- Up-to-date: /opt/ros/kinetic/include/rqt_py_common/Val.h
-- Up-to-date: /opt/ros/kinetic/share/roseus/ros/rqt_py_common
-- Up-to-date: /opt/ros/kinetic/share/roseus/ros/rqt_py_common/manifest.l
-- Up-to-date: /opt/ros/kinetic/share/roseus/ros/rqt_py_common/msg
-- Up-to-date: /opt/ros/kinetic/share/roseus/ros/rqt_py_common/msg/ArrayVal.l
-- Up-to-date: /opt/ros/kinetic/share/roseus/ros/rqt_py_common/msg/Val.l
-- Up-to-date: /opt/ros/kinetic/share/common-lisp/ros/rqt_py_common
-- Up-to-date: /opt/ros/kinetic/share/common-lisp/ros/rqt_py_common/msg
-- Up-to-date: /opt/ros/kinetic/share/common-lisp/ros/rqt_py_common/msg/_package.lisp
-- Up-to-date: /opt/ros/kinetic/share/common-lisp/ros/rqt_py_common/msg/_package_ArrayVal.lisp
-- Up-to-date: /opt/ros/kinetic/share/common-lisp/ros/rqt_py_common/msg/_package_Val.lisp
-- Up-to-date: /opt/ros/kinetic/share/common-lisp/ros/rqt_py_common/msg/ArrayVal.lisp
-- Up-to-date: /opt/ros/kinetic/share/common-lisp/ros/rqt_py_common/msg/rqt_py_common-msg.asd
-- Up-to-date: /opt/ros/kinetic/share/common-lisp/ros/rqt_py_common/msg/Val.lisp
-- Up-to-date: /opt/ros/kinetic/share/gennodejs/ros/rqt_py_common
-- Up-to-date: /opt/ros/kinetic/share/gennodejs/ros/rqt_py_common/_index.js
-- Up-to-date: /opt/ros/kinetic/share/gennodejs/ros/rqt_py_common/msg
-- Up-to-date: /opt/ros/kinetic/share/gennodejs/ros/rqt_py_common/msg/_index.js
-- Up-to-date: /opt/ros/kinetic/share/gennodejs/ros/rqt_py_common/msg/ArrayVal.js
-- Up-to-date: /opt/ros/kinetic/share/gennodejs/ros/rqt_py_common/msg/Val.js
Listing /Users/jaymingwong/Documents/code/ros-install-osx/kinetic_desktop_full_ws/devel/.private/rqt_py_common/lib/python2.7/site-packages/rqt_py_common ...
Listing /Users/jaymingwong/Documents/code/ros-install-osx/kinetic_desktop_full_ws/devel/.private/rqt_py_common/lib/python2.7/site-packages/rqt_py_common/msg ...
-- Up-to-date: /opt/ros/kinetic/lib/python2.7/site-packages/rqt_py_common
-- Up-to-date: /opt/ros/kinetic/lib/python2.7/site-packages/rqt_py_common/msg
-- Up-to-date: /opt/ros/kinetic/lib/python2.7/site-packages/rqt_py_common/msg/_ArrayVal.py
-- Up-to-date: /opt/ros/kinetic/lib/python2.7/site-packages/rqt_py_common/msg/_ArrayVal.pyc
-- Up-to-date: /opt/ros/kinetic/lib/python2.7/site-packages/rqt_py_common/msg/_Val.py
-- Up-to-date: /opt/ros/kinetic/lib/python2.7/site-packages/rqt_py_common/msg/_Val.pyc
-- Up-to-date: /opt/ros/kinetic/lib/python2.7/site-packages/rqt_py_common
-- Up-to-date: /opt/ros/kinetic/lib/python2.7/site-packages/rqt_py_common/msg
-- Up-to-date: /opt/ros/kinetic/lib/python2.7/site-packages/rqt_py_common/msg/__init__.py
-- Up-to-date: /opt/ros/kinetic/lib/python2.7/site-packages/rqt_py_common/msg/__init__.pyc
-- Up-to-date: /opt/ros/kinetic/lib/pkgconfig/rqt_py_common.pc
-- Up-to-date: /opt/ros/kinetic/share/rqt_py_common/cmake/rqt_py_common-msg-extras.cmake
-- Up-to-date: /opt/ros/kinetic/share/rqt_py_common/cmake/rqt_py_commonConfig.cmake
-- Up-to-date: /opt/ros/kinetic/share/rqt_py_common/cmake/rqt_py_commonConfig-version.cmake
-- Up-to-date: /opt/ros/kinetic/share/rqt_py_common/package.xml
-- Up-to-date: /opt/ros/kinetic/share/rqt_py_common/resource
-- Up-to-date: /opt/ros/kinetic/share/rqt_py_common/resource/plugin_container.ui
