[35m[1mScanning dependencies of target std_msgs_generate_messages_nodejs[0m
[  0%] Built target std_msgs_generate_messages_nodejs
[35m[1mScanning dependencies of target _rqt_py_common_generate_messages_check_deps_ArrayVal[0m
[  0%] Built target _rqt_py_common_generate_messages_check_deps_ArrayVal
[35m[1mScanning dependencies of target _rqt_py_common_generate_messages_check_deps_Val[0m
[  0%] Built target _rqt_py_common_generate_messages_check_deps_Val
[35m[1mScanning dependencies of target std_msgs_generate_messages_lisp[0m
[  0%] Built target std_msgs_generate_messages_lisp
[35m[1mScanning dependencies of target std_msgs_generate_messages_eus[0m
[  0%] Built target std_msgs_generate_messages_eus
[35m[1mScanning dependencies of target std_msgs_generate_messages_py[0m
[  0%] Built target std_msgs_generate_messages_py
[35m[1mScanning dependencies of target std_msgs_generate_messages_cpp[0m
[  0%] Built target std_msgs_generate_messages_cpp
[35m[1mScanning dependencies of target rqt_py_common_generate_messages_nodejs[0m
[  8%] [34m[1mGenerating Javascript code from rqt_py_common/ArrayVal.msg[0m
[ 16%] [34m[1mGenerating Javascript code from rqt_py_common/Val.msg[0m
[ 16%] Built target rqt_py_common_generate_messages_nodejs
[35m[1mScanning dependencies of target rqt_py_common_generate_messages_lisp[0m
[ 25%] [34m[1mGenerating Lisp code from rqt_py_common/ArrayVal.msg[0m
[ 33%] [34m[1mGenerating Lisp code from rqt_py_common/Val.msg[0m
[ 33%] Built target rqt_py_common_generate_messages_lisp
[35m[1mScanning dependencies of target rqt_py_common_generate_messages_eus[0m
[ 41%] [34m[1mGenerating EusLisp code from rqt_py_common/ArrayVal.msg[0m
[ 50%] [34m[1mGenerating EusLisp code from rqt_py_common/Val.msg[0m
[ 58%] [34m[1mGenerating EusLisp manifest code for rqt_py_common[0m
[35m[1mScanning dependencies of target rqt_py_common_generate_messages_py[0m
[ 66%] [34m[1mGenerating Python from MSG rqt_py_common/ArrayVal[0m
[ 75%] [34m[1mGenerating Python from MSG rqt_py_common/Val[0m
[ 83%] [34m[1mGenerating Python msg __init__.py for rqt_py_common[0m
[ 83%] Built target rqt_py_common_generate_messages_py
[35m[1mScanning dependencies of target rqt_py_common_generate_messages_cpp[0m
[ 91%] [34m[1mGenerating C++ code from rqt_py_common/ArrayVal.msg[0m
[100%] [34m[1mGenerating C++ code from rqt_py_common/Val.msg[0m
[100%] Built target rqt_py_common_generate_messages_eus
[100%] Built target rqt_py_common_generate_messages_cpp
[35m[1mScanning dependencies of target rqt_py_common_generate_messages[0m
[100%] Built target rqt_py_common_generate_messages
