[35m[1mScanning dependencies of target std_msgs_generate_messages_py[0m
[  0%] Built target std_msgs_generate_messages_py
[35m[1mScanning dependencies of target _smach_msgs_generate_messages_check_deps_SmachContainerInitialStatusCmd[0m
[  0%] Built target _smach_msgs_generate_messages_check_deps_SmachContainerInitialStatusCmd
[35m[1mScanning dependencies of target _smach_msgs_generate_messages_check_deps_SmachContainerStatus[0m
[  0%] Built target _smach_msgs_generate_messages_check_deps_SmachContainerStatus
[35m[1mScanning dependencies of target _smach_msgs_generate_messages_check_deps_SmachContainerStructure[0m
[  0%] Built target _smach_msgs_generate_messages_check_deps_SmachContainerStructure
[35m[1mScanning dependencies of target std_msgs_generate_messages_cpp[0m
[  0%] Built target std_msgs_generate_messages_cpp
[35m[1mScanning dependencies of target std_msgs_generate_messages_eus[0m
[  0%] Built target std_msgs_generate_messages_eus
[35m[1mScanning dependencies of target std_msgs_generate_messages_lisp[0m
[  0%] Built target std_msgs_generate_messages_lisp
[35m[1mScanning dependencies of target std_msgs_generate_messages_nodejs[0m
[  0%] Built target std_msgs_generate_messages_nodejs
[35m[1mScanning dependencies of target smach_msgs_generate_messages_py[0m
[  5%] [34m[1mGenerating Python from MSG smach_msgs/SmachContainerStructure[0m
[ 11%] [34m[1mGenerating Python from MSG smach_msgs/SmachContainerInitialStatusCmd[0m
[ 17%] [34m[1mGenerating Python from MSG smach_msgs/SmachContainerStatus[0m
[ 23%] [34m[1mGenerating Python msg __init__.py for smach_msgs[0m
[ 23%] Built target smach_msgs_generate_messages_py
[35m[1mScanning dependencies of target smach_msgs_generate_messages_cpp[0m
[ 29%] [34m[1mGenerating C++ code from smach_msgs/SmachContainerStructure.msg[0m
[ 35%] [34m[1mGenerating C++ code from smach_msgs/SmachContainerInitialStatusCmd.msg[0m
[ 41%] [34m[1mGenerating C++ code from smach_msgs/SmachContainerStatus.msg[0m
[ 41%] Built target smach_msgs_generate_messages_cpp
[35m[1mScanning dependencies of target smach_msgs_generate_messages_eus[0m
[ 47%] [34m[1mGenerating EusLisp code from smach_msgs/SmachContainerStructure.msg[0m
[ 52%] [34m[1mGenerating EusLisp code from smach_msgs/SmachContainerInitialStatusCmd.msg[0m
[ 58%] [34m[1mGenerating EusLisp code from smach_msgs/SmachContainerStatus.msg[0m
[ 64%] [34m[1mGenerating EusLisp manifest code for smach_msgs[0m
[ 64%] Built target smach_msgs_generate_messages_eus
[35m[1mScanning dependencies of target smach_msgs_generate_messages_lisp[0m
[ 70%] [34m[1mGenerating Lisp code from smach_msgs/SmachContainerStructure.msg[0m
[ 76%] [34m[1mGenerating Lisp code from smach_msgs/SmachContainerInitialStatusCmd.msg[0m
[ 82%] [34m[1mGenerating Lisp code from smach_msgs/SmachContainerStatus.msg[0m
[ 82%] Built target smach_msgs_generate_messages_lisp
[35m[1mScanning dependencies of target smach_msgs_generate_messages_nodejs[0m
[ 88%] [34m[1mGenerating Javascript code from smach_msgs/SmachContainerStructure.msg[0m
[ 94%] [34m[1mGenerating Javascript code from smach_msgs/SmachContainerInitialStatusCmd.msg[0m
[100%] [34m[1mGenerating Javascript code from smach_msgs/SmachContainerStatus.msg[0m
[100%] Built target smach_msgs_generate_messages_nodejs
[35m[1mScanning dependencies of target smach_msgs_generate_messages[0m
[100%] Built target smach_msgs_generate_messages
