Linked: (/Users/jaymingwong/Documents/code/ros-install-osx/kinetic_desktop_full_ws/devel/.private/smach_msgs/include/smach_msgs/SmachContainerInitialStatusCmd.h, /Users/jaymingwong/Documents/code/ros-install-osx/kinetic_desktop_full_ws/devel/include/smach_msgs/SmachContainerInitialStatusCmd.h)
Linked: (/Users/jaymingwong/Documents/code/ros-install-osx/kinetic_desktop_full_ws/devel/.private/smach_msgs/include/smach_msgs/SmachContainerStatus.h, /Users/jaymingwong/Documents/code/ros-install-osx/kinetic_desktop_full_ws/devel/include/smach_msgs/SmachContainerStatus.h)
Linked: (/Users/jaymingwong/Documents/code/ros-install-osx/kinetic_desktop_full_ws/devel/.private/smach_msgs/include/smach_msgs/SmachContainerStructure.h, /Users/jaymingwong/Documents/code/ros-install-osx/kinetic_desktop_full_ws/devel/include/smach_msgs/SmachContainerStructure.h)
Linked: (/Users/jaymingwong/Documents/code/ros-install-osx/kinetic_desktop_full_ws/devel/.private/smach_msgs/lib/pkgconfig/smach_msgs.pc, /Users/jaymingwong/Documents/code/ros-install-osx/kinetic_desktop_full_ws/devel/lib/pkgconfig/smach_msgs.pc)
Linked: (/Users/jaymingwong/Documents/code/ros-install-osx/kinetic_desktop_full_ws/devel/.private/smach_msgs/lib/python2.7/site-packages/smach_msgs/__init__.py, /Users/jaymingwong/Documents/code/ros-install-osx/kinetic_desktop_full_ws/devel/lib/python2.7/site-packages/smach_msgs/__init__.py)
Symlinking /Users/jaymingwong/Documents/code/ros-install-osx/kinetic_desktop_full_ws/devel/lib/python2.7/site-packages/smach_msgs/__init__.pyc
Linked: (/Users/jaymingwong/Documents/code/ros-install-osx/kinetic_desktop_full_ws/devel/.private/smach_msgs/lib/python2.7/site-packages/smach_msgs/msg/__init__.py, /Users/jaymingwong/Documents/code/ros-install-osx/kinetic_desktop_full_ws/devel/lib/python2.7/site-packages/smach_msgs/msg/__init__.py)
Symlinking /Users/jaymingwong/Documents/code/ros-install-osx/kinetic_desktop_full_ws/devel/lib/python2.7/site-packages/smach_msgs/msg/__init__.pyc
Linked: (/Users/jaymingwong/Documents/code/ros-install-osx/kinetic_desktop_full_ws/devel/.private/smach_msgs/lib/python2.7/site-packages/smach_msgs/msg/_SmachContainerInitialStatusCmd.py, /Users/jaymingwong/Documents/code/ros-install-osx/kinetic_desktop_full_ws/devel/lib/python2.7/site-packages/smach_msgs/msg/_SmachContainerInitialStatusCmd.py)
Symlinking /Users/jaymingwong/Documents/code/ros-install-osx/kinetic_desktop_full_ws/devel/lib/python2.7/site-packages/smach_msgs/msg/_SmachContainerInitialStatusCmd.pyc
Linked: (/Users/jaymingwong/Documents/code/ros-install-osx/kinetic_desktop_full_ws/devel/.private/smach_msgs/lib/python2.7/site-packages/smach_msgs/msg/_SmachContainerStatus.py, /Users/jaymingwong/Documents/code/ros-install-osx/kinetic_desktop_full_ws/devel/lib/python2.7/site-packages/smach_msgs/msg/_SmachContainerStatus.py)
Symlinking /Users/jaymingwong/Documents/code/ros-install-osx/kinetic_desktop_full_ws/devel/lib/python2.7/site-packages/smach_msgs/msg/_SmachContainerStatus.pyc
Linked: (/Users/jaymingwong/Documents/code/ros-install-osx/kinetic_desktop_full_ws/devel/.private/smach_msgs/lib/python2.7/site-packages/smach_msgs/msg/_SmachContainerStructure.py, /Users/jaymingwong/Documents/code/ros-install-osx/kinetic_desktop_full_ws/devel/lib/python2.7/site-packages/smach_msgs/msg/_SmachContainerStructure.py)
Symlinking /Users/jaymingwong/Documents/code/ros-install-osx/kinetic_desktop_full_ws/devel/lib/python2.7/site-packages/smach_msgs/msg/_SmachContainerStructure.pyc
Linked: (/Users/jaymingwong/Documents/code/ros-install-osx/kinetic_desktop_full_ws/devel/.private/smach_msgs/share/common-lisp/ros/smach_msgs/msg/_package.lisp, /Users/jaymingwong/Documents/code/ros-install-osx/kinetic_desktop_full_ws/devel/share/common-lisp/ros/smach_msgs/msg/_package.lisp)
Linked: (/Users/jaymingwong/Documents/code/ros-install-osx/kinetic_desktop_full_ws/devel/.private/smach_msgs/share/common-lisp/ros/smach_msgs/msg/_package_SmachContainerInitialStatusCmd.lisp, /Users/jaymingwong/Documents/code/ros-install-osx/kinetic_desktop_full_ws/devel/share/common-lisp/ros/smach_msgs/msg/_package_SmachContainerInitialStatusCmd.lisp)
Linked: (/Users/jaymingwong/Documents/code/ros-install-osx/kinetic_desktop_full_ws/devel/.private/smach_msgs/share/common-lisp/ros/smach_msgs/msg/_package_SmachContainerStatus.lisp, /Users/jaymingwong/Documents/code/ros-install-osx/kinetic_desktop_full_ws/devel/share/common-lisp/ros/smach_msgs/msg/_package_SmachContainerStatus.lisp)
Linked: (/Users/jaymingwong/Documents/code/ros-install-osx/kinetic_desktop_full_ws/devel/.private/smach_msgs/share/common-lisp/ros/smach_msgs/msg/_package_SmachContainerStructure.lisp, /Users/jaymingwong/Documents/code/ros-install-osx/kinetic_desktop_full_ws/devel/share/common-lisp/ros/smach_msgs/msg/_package_SmachContainerStructure.lisp)
Linked: (/Users/jaymingwong/Documents/code/ros-install-osx/kinetic_desktop_full_ws/devel/.private/smach_msgs/share/common-lisp/ros/smach_msgs/msg/smach_msgs-msg.asd, /Users/jaymingwong/Documents/code/ros-install-osx/kinetic_desktop_full_ws/devel/share/common-lisp/ros/smach_msgs/msg/smach_msgs-msg.asd)
Linked: (/Users/jaymingwong/Documents/code/ros-install-osx/kinetic_desktop_full_ws/devel/.private/smach_msgs/share/common-lisp/ros/smach_msgs/msg/SmachContainerInitialStatusCmd.lisp, /Users/jaymingwong/Documents/code/ros-install-osx/kinetic_desktop_full_ws/devel/share/common-lisp/ros/smach_msgs/msg/SmachContainerInitialStatusCmd.lisp)
Linked: (/Users/jaymingwong/Documents/code/ros-install-osx/kinetic_desktop_full_ws/devel/.private/smach_msgs/share/common-lisp/ros/smach_msgs/msg/SmachContainerStatus.lisp, /Users/jaymingwong/Documents/code/ros-install-osx/kinetic_desktop_full_ws/devel/share/common-lisp/ros/smach_msgs/msg/SmachContainerStatus.lisp)
Linked: (/Users/jaymingwong/Documents/code/ros-install-osx/kinetic_desktop_full_ws/devel/.private/smach_msgs/share/common-lisp/ros/smach_msgs/msg/SmachContainerStructure.lisp, /Users/jaymingwong/Documents/code/ros-install-osx/kinetic_desktop_full_ws/devel/share/common-lisp/ros/smach_msgs/msg/SmachContainerStructure.lisp)
Linked: (/Users/jaymingwong/Documents/code/ros-install-osx/kinetic_desktop_full_ws/devel/.private/smach_msgs/share/gennodejs/ros/smach_msgs/_index.js, /Users/jaymingwong/Documents/code/ros-install-osx/kinetic_desktop_full_ws/devel/share/gennodejs/ros/smach_msgs/_index.js)
Linked: (/Users/jaymingwong/Documents/code/ros-install-osx/kinetic_desktop_full_ws/devel/.private/smach_msgs/share/gennodejs/ros/smach_msgs/msg/_index.js, /Users/jaymingwong/Documents/code/ros-install-osx/kinetic_desktop_full_ws/devel/share/gennodejs/ros/smach_msgs/msg/_index.js)
Linked: (/Users/jaymingwong/Documents/code/ros-install-osx/kinetic_desktop_full_ws/devel/.private/smach_msgs/share/gennodejs/ros/smach_msgs/msg/SmachContainerInitialStatusCmd.js, /Users/jaymingwong/Documents/code/ros-install-osx/kinetic_desktop_full_ws/devel/share/gennodejs/ros/smach_msgs/msg/SmachContainerInitialStatusCmd.js)
Linked: (/Users/jaymingwong/Documents/code/ros-install-osx/kinetic_desktop_full_ws/devel/.private/smach_msgs/share/gennodejs/ros/smach_msgs/msg/SmachContainerStatus.js, /Users/jaymingwong/Documents/code/ros-install-osx/kinetic_desktop_full_ws/devel/share/gennodejs/ros/smach_msgs/msg/SmachContainerStatus.js)
Linked: (/Users/jaymingwong/Documents/code/ros-install-osx/kinetic_desktop_full_ws/devel/.private/smach_msgs/share/gennodejs/ros/smach_msgs/msg/SmachContainerStructure.js, /Users/jaymingwong/Documents/code/ros-install-osx/kinetic_desktop_full_ws/devel/share/gennodejs/ros/smach_msgs/msg/SmachContainerStructure.js)
Linked: (/Users/jaymingwong/Documents/code/ros-install-osx/kinetic_desktop_full_ws/devel/.private/smach_msgs/share/roseus/ros/smach_msgs/manifest.l, /Users/jaymingwong/Documents/code/ros-install-osx/kinetic_desktop_full_ws/devel/share/roseus/ros/smach_msgs/manifest.l)
Linked: (/Users/jaymingwong/Documents/code/ros-install-osx/kinetic_desktop_full_ws/devel/.private/smach_msgs/share/roseus/ros/smach_msgs/msg/SmachContainerInitialStatusCmd.l, /Users/jaymingwong/Documents/code/ros-install-osx/kinetic_desktop_full_ws/devel/share/roseus/ros/smach_msgs/msg/SmachContainerInitialStatusCmd.l)
Linked: (/Users/jaymingwong/Documents/code/ros-install-osx/kinetic_desktop_full_ws/devel/.private/smach_msgs/share/roseus/ros/smach_msgs/msg/SmachContainerStatus.l, /Users/jaymingwong/Documents/code/ros-install-osx/kinetic_desktop_full_ws/devel/share/roseus/ros/smach_msgs/msg/SmachContainerStatus.l)
Linked: (/Users/jaymingwong/Documents/code/ros-install-osx/kinetic_desktop_full_ws/devel/.private/smach_msgs/share/roseus/ros/smach_msgs/msg/SmachContainerStructure.l, /Users/jaymingwong/Documents/code/ros-install-osx/kinetic_desktop_full_ws/devel/share/roseus/ros/smach_msgs/msg/SmachContainerStructure.l)
Linked: (/Users/jaymingwong/Documents/code/ros-install-osx/kinetic_desktop_full_ws/devel/.private/smach_msgs/share/smach_msgs/cmake/smach_msgs-msg-extras.cmake, /Users/jaymingwong/Documents/code/ros-install-osx/kinetic_desktop_full_ws/devel/share/smach_msgs/cmake/smach_msgs-msg-extras.cmake)
Linked: (/Users/jaymingwong/Documents/code/ros-install-osx/kinetic_desktop_full_ws/devel/.private/smach_msgs/share/smach_msgs/cmake/smach_msgs-msg-paths.cmake, /Users/jaymingwong/Documents/code/ros-install-osx/kinetic_desktop_full_ws/devel/share/smach_msgs/cmake/smach_msgs-msg-paths.cmake)
Linked: (/Users/jaymingwong/Documents/code/ros-install-osx/kinetic_desktop_full_ws/devel/.private/smach_msgs/share/smach_msgs/cmake/smach_msgsConfig-version.cmake, /Users/jaymingwong/Documents/code/ros-install-osx/kinetic_desktop_full_ws/devel/share/smach_msgs/cmake/smach_msgsConfig-version.cmake)
Linked: (/Users/jaymingwong/Documents/code/ros-install-osx/kinetic_desktop_full_ws/devel/.private/smach_msgs/share/smach_msgs/cmake/smach_msgsConfig.cmake, /Users/jaymingwong/Documents/code/ros-install-osx/kinetic_desktop_full_ws/devel/share/smach_msgs/cmake/smach_msgsConfig.cmake)
