[36mInstall the project...[0m
-- Install configuration: "Release"
-- Installing: /opt/ros/kinetic/_setup_util.py
-- Installing: /opt/ros/kinetic/env.sh
-- Installing: /opt/ros/kinetic/setup.bash
-- Installing: /opt/ros/kinetic/setup.sh
-- Installing: /opt/ros/kinetic/setup.zsh
-- Installing: /opt/ros/kinetic/.rosinstall
-- Installing: /opt/ros/kinetic/lib/pkgconfig/genlisp.pc
-- Installing: /opt/ros/kinetic/share/genlisp/cmake/genlisp-extras.cmake
-- Installing: /opt/ros/kinetic/share/genlisp/cmake/genlispConfig.cmake
-- Installing: /opt/ros/kinetic/share/genlisp/cmake/genlispConfig-version.cmake
-- Installing: /opt/ros/kinetic/share/genlisp/package.xml
-- Installing: /opt/ros/kinetic/etc/ros/genmsg/genlisp
-- Installing: /opt/ros/kinetic/share/common-lisp/rospack_nosubdirs
+ cd /Users/jaymingwong/Documents/code/ros-install-osx/kinetic_desktop_full_ws/src/genlisp
+ mkdir -p /opt/ros/kinetic/lib/python2.7/site-packages
+ /usr/bin/env PYTHONPATH=/opt/ros/kinetic/lib/python2.7/site-packages:/Users/jaymingwong/Documents/code/ros-install-osx/kinetic_desktop_full_ws/build/genlisp/lib/python2.7/site-packages:/opt/ros/kinetic/lib/python2.7/site-packages:/usr/local/lib/python2.7/site-packages/:/Users/jaymingwong/Documents/code/drake/build/lib/python2.7/site-packages/:/Users/jaymingwong/Documents/code/drake/build/lib/python2.7/dist-packages/:/Users/jaymingwong/Documents/code/wizard/externals/devina/devina/include/devina/lcm CATKIN_BINARY_DIR=/Users/jaymingwong/Documents/code/ros-install-osx/kinetic_desktop_full_ws/build/genlisp /usr/local/bin/python2 /Users/jaymingwong/Documents/code/ros-install-osx/kinetic_desktop_full_ws/src/genlisp/setup.py build --build-base /Users/jaymingwong/Documents/code/ros-install-osx/kinetic_desktop_full_ws/build/genlisp install --prefix=/opt/ros/kinetic --install-scripts=/opt/ros/kinetic/bin
running build
running build_py
creating /Users/jaymingwong/Documents/code/ros-install-osx/kinetic_desktop_full_ws/build/genlisp/lib
creating /Users/jaymingwong/Documents/code/ros-install-osx/kinetic_desktop_full_ws/build/genlisp/lib/genlisp
copying src/genlisp/__init__.py -> /Users/jaymingwong/Documents/code/ros-install-osx/kinetic_desktop_full_ws/build/genlisp/lib/genlisp
copying src/genlisp/generate.py -> /Users/jaymingwong/Documents/code/ros-install-osx/kinetic_desktop_full_ws/build/genlisp/lib/genlisp
copying src/genlisp/genlisp_main.py -> /Users/jaymingwong/Documents/code/ros-install-osx/kinetic_desktop_full_ws/build/genlisp/lib/genlisp
running install
running install_lib
creating /opt/ros/kinetic/lib/python2.7/site-packages/genlisp
copying /Users/jaymingwong/Documents/code/ros-install-osx/kinetic_desktop_full_ws/build/genlisp/lib/genlisp/__init__.py -> /opt/ros/kinetic/lib/python2.7/site-packages/genlisp
copying /Users/jaymingwong/Documents/code/ros-install-osx/kinetic_desktop_full_ws/build/genlisp/lib/genlisp/generate.py -> /opt/ros/kinetic/lib/python2.7/site-packages/genlisp
copying /Users/jaymingwong/Documents/code/ros-install-osx/kinetic_desktop_full_ws/build/genlisp/lib/genlisp/genlisp_main.py -> /opt/ros/kinetic/lib/python2.7/site-packages/genlisp
byte-compiling /opt/ros/kinetic/lib/python2.7/site-packages/genlisp/__init__.py to __init__.pyc
byte-compiling /opt/ros/kinetic/lib/python2.7/site-packages/genlisp/generate.py to generate.pyc
byte-compiling /opt/ros/kinetic/lib/python2.7/site-packages/genlisp/genlisp_main.py to genlisp_main.pyc
running install_egg_info
Writing /opt/ros/kinetic/lib/python2.7/site-packages/genlisp-0.4.16-py2.7.egg-info
-- Installing: /opt/ros/kinetic/share/genlisp/msg.lisp.template
-- Installing: /opt/ros/kinetic/share/genlisp/srv.lisp.template
-- Installing: /opt/ros/kinetic/lib/genlisp/gen_lisp.py
