[36mInstall the project...[0m
-- Install configuration: "Release"
-- Installing: /opt/ros/kinetic/_setup_util.py
-- Installing: /opt/ros/kinetic/env.sh
-- Installing: /opt/ros/kinetic/setup.bash
-- Installing: /opt/ros/kinetic/setup.sh
-- Installing: /opt/ros/kinetic/setup.zsh
-- Installing: /opt/ros/kinetic/.rosinstall
-- Up-to-date: /opt/ros/kinetic/lib/pkgconfig/genlisp.pc
-- Up-to-date: /opt/ros/kinetic/share/genlisp/cmake/genlisp-extras.cmake
-- Up-to-date: /opt/ros/kinetic/share/genlisp/cmake/genlispConfig.cmake
-- Up-to-date: /opt/ros/kinetic/share/genlisp/cmake/genlispConfig-version.cmake
-- Up-to-date: /opt/ros/kinetic/share/genlisp/package.xml
-- Up-to-date: /opt/ros/kinetic/etc/ros/genmsg/genlisp
-- Up-to-date: /opt/ros/kinetic/share/common-lisp/rospack_nosubdirs
+ cd /Users/jaymingwong/Documents/code/ros-install-osx/kinetic_desktop_full_ws/src/genlisp
+ mkdir -p /opt/ros/kinetic/lib/python2.7/site-packages
+ /usr/bin/env PYTHONPATH=/opt/ros/kinetic/lib/python2.7/site-packages:/Users/jaymingwong/Documents/code/ros-install-osx/kinetic_desktop_full_ws/build/genlisp/lib/python2.7/site-packages:/opt/ros/kinetic/lib/python2.7/site-packages:/usr/local/lib/python2.7/site-packages/:/Users/jaymingwong/Documents/code/drake/build/lib/python2.7/site-packages/:/Users/jaymingwong/Documents/code/drake/build/lib/python2.7/dist-packages/:/Users/jaymingwong/Documents/code/wizard/externals/devina/devina/include/devina/lcm CATKIN_BINARY_DIR=/Users/jaymingwong/Documents/code/ros-install-osx/kinetic_desktop_full_ws/build/genlisp /usr/local/bin/python2 /Users/jaymingwong/Documents/code/ros-install-osx/kinetic_desktop_full_ws/src/genlisp/setup.py build --build-base /Users/jaymingwong/Documents/code/ros-install-osx/kinetic_desktop_full_ws/build/genlisp install --prefix=/opt/ros/kinetic --install-scripts=/opt/ros/kinetic/bin
running build
running build_py
running install
running install_lib
running install_egg_info
Removing /opt/ros/kinetic/lib/python2.7/site-packages/genlisp-0.4.16-py2.7.egg-info
Writing /opt/ros/kinetic/lib/python2.7/site-packages/genlisp-0.4.16-py2.7.egg-info
-- Up-to-date: /opt/ros/kinetic/share/genlisp/msg.lisp.template
-- Up-to-date: /opt/ros/kinetic/share/genlisp/srv.lisp.template
-- Up-to-date: /opt/ros/kinetic/lib/genlisp/gen_lisp.py
