Not searching for unused variables given on the command line.
[36m--[0m The C compiler identification is AppleClang 9.0.0.9000038
[36m--[0m The CXX compiler identification is AppleClang 9.0.0.9000038
[36m--[0m Check for working C compiler: /Applications/Xcode.app/Contents/Developer/Toolchains/XcodeDefault.xctoolchain/usr/bin/clang
[36m--[0m Check for working C compiler: /Applications/Xcode.app/Contents/Developer/Toolchains/XcodeDefault.xctoolchain/usr/bin/clang -- works
[36m--[0m Detecting C compiler ABI info
[36m--[0m Detecting C compiler ABI info - done
[36m--[0m Detecting C compile features
[36m--[0m Detecting C compile features - done
[36m--[0m Check for working CXX compiler: /Applications/Xcode.app/Contents/Developer/Toolchains/XcodeDefault.xctoolchain/usr/bin/clang++
[36m--[0m Check for working CXX compiler: /Applications/Xcode.app/Contents/Developer/Toolchains/XcodeDefault.xctoolchain/usr/bin/clang++ -- works
[36m--[0m Detecting CXX compiler ABI info
[36m--[0m Detecting CXX compiler ABI info - done
[36m--[0m Detecting CXX compile features
[36m--[0m Detecting CXX compile features - done


[36m--[0m octomap building as Release
[36m--[0m Found Doxygen: /usr/local/bin/doxygen (found version "1.8.14") found components:  doxygen dot


[36m--[0m Compile octomap using: make
[36m--[0m Install octomap using: make install
[36m--[0m     (be sure to set the correct CMAKE_INSTALL_PREFIX before)
[36m--[0m Compile API-documentation using: make docs

[36m--[0m Configuring done
[36m--[0m Generating done
CMake Warning (dev):
  Policy CMP0042 is not set: MACOSX_RPATH is enabled by default.  Run "cmake
  --help-policy CMP0042" for policy details.  Use the cmake_policy command to
  set the policy and suppress this warning.

  MACOSX_RPATH is not specified for the following targets:

   octomap
   octomath

This warning is for project developers.  Use -Wno-dev to suppress it.

[36m--[0m Build files have been written to: /Users/jaymingwong/Documents/code/ros-install-osx/kinetic_desktop_full_ws/build/octomap
