[  0%] Built target geometry_msgs_generate_messages_nodejs
[  0%] Built target rosgraph_msgs_generate_messages_py
[  0%] Built target rosgraph_msgs_generate_messages_nodejs
[  0%] Built target rosgraph_msgs_generate_messages_eus
[  0%] Built target roscpp_generate_messages_py
[  0%] Built target roscpp_generate_messages_cpp
[  0%] Built target std_msgs_generate_messages_lisp
[  0%] Built target std_msgs_generate_messages_py
[  0%] Built target std_msgs_generate_messages_eus
[  0%] Built target geometry_msgs_generate_messages_py
[  0%] Built target geometry_msgs_generate_messages_lisp
[  0%] Built target roscpp_generate_messages_eus
[  0%] Built target sensor_msgs_generate_messages_nodejs
[  0%] Built target rosgraph_msgs_generate_messages_cpp
[  0%] Built target sensor_msgs_generate_messages_cpp
[  0%] Built target std_msgs_generate_messages_nodejs
[  0%] Built target sensor_msgs_generate_messages_lisp
[  0%] Built target sensor_msgs_generate_messages_eus
[  0%] Built target roscpp_generate_messages_nodejs
[  0%] Built target sensor_msgs_generate_messages_py
[  0%] Built target geometry_msgs_generate_messages_eus
[  0%] Built target geometry_msgs_generate_messages_cpp
[  0%] Built target roscpp_generate_messages_lisp
[  0%] Built target rosgraph_msgs_generate_messages_lisp
[  0%] Built target std_msgs_generate_messages_cpp
[ 50%] Built target camera_calibration_parsers
[ 75%] Built target convert
[100%] Built target camera_calibration_parsers_wrapper
[36mInstall the project...[0m
-- Install configuration: "Release"
-- Installing: /opt/ros/kinetic/_setup_util.py
-- Installing: /opt/ros/kinetic/env.sh
-- Installing: /opt/ros/kinetic/setup.bash
-- Installing: /opt/ros/kinetic/setup.sh
-- Installing: /opt/ros/kinetic/setup.zsh
-- Installing: /opt/ros/kinetic/.rosinstall
+ cd /Users/jaymingwong/Documents/code/ros-install-osx/kinetic_desktop_full_ws/src/image_common/camera_calibration_parsers
+ mkdir -p /opt/ros/kinetic/lib/python2.7/site-packages
+ /usr/bin/env PYTHONPATH=/opt/ros/kinetic/lib/python2.7/site-packages:/Users/jaymingwong/Documents/code/ros-install-osx/kinetic_desktop_full_ws/build/camera_calibration_parsers/lib/python2.7/site-packages:/opt/ros/kinetic/lib/python2.7/site-packages:/usr/local/lib/python2.7/site-packages/:/Users/jaymingwong/Documents/code/wizard/externals/drake/build/lib/python2.7/site-packages/:/Users/jaymingwong/Documents/code/wizard/externals/drake/build/lib/python2.7/dist-packages/:/Users/jaymingwong/Documents/code/wizard/externals/devina/devina/include/devina/lcm CATKIN_BINARY_DIR=/Users/jaymingwong/Documents/code/ros-install-osx/kinetic_desktop_full_ws/build/camera_calibration_parsers /usr/local/bin/python2 /Users/jaymingwong/Documents/code/ros-install-osx/kinetic_desktop_full_ws/src/image_common/camera_calibration_parsers/setup.py build --build-base /Users/jaymingwong/Documents/code/ros-install-osx/kinetic_desktop_full_ws/build/camera_calibration_parsers install --prefix=/opt/ros/kinetic --install-scripts=/opt/ros/kinetic/bin
running build
running build_py
running install
running install_lib
running install_egg_info
Removing /opt/ros/kinetic/lib/python2.7/site-packages/camera_calibration_parsers-1.11.13-py2.7.egg-info
Writing /opt/ros/kinetic/lib/python2.7/site-packages/camera_calibration_parsers-1.11.13-py2.7.egg-info
-- Up-to-date: /opt/ros/kinetic/lib/pkgconfig/camera_calibration_parsers.pc
-- Up-to-date: /opt/ros/kinetic/share/camera_calibration_parsers/cmake/camera_calibration_parsersConfig.cmake
-- Up-to-date: /opt/ros/kinetic/share/camera_calibration_parsers/cmake/camera_calibration_parsersConfig-version.cmake
-- Up-to-date: /opt/ros/kinetic/share/camera_calibration_parsers/package.xml
-- Installing: /opt/ros/kinetic/lib/libcamera_calibration_parsers.dylib
-- Up-to-date: /opt/ros/kinetic/include/camera_calibration_parsers
-- Up-to-date: /opt/ros/kinetic/include/camera_calibration_parsers/parse.h
-- Up-to-date: /opt/ros/kinetic/include/camera_calibration_parsers/parse_ini.h
-- Up-to-date: /opt/ros/kinetic/include/camera_calibration_parsers/parse_wrapper.h
-- Up-to-date: /opt/ros/kinetic/include/camera_calibration_parsers/parse_yml.h
-- Installing: /opt/ros/kinetic/lib/camera_calibration_parsers/convert
-- Installing: /opt/ros/kinetic/lib/python2.7/site-packages/camera_calibration_parsers/camera_calibration_parsers_wrapper.dylib
