[ 83%] Built target qt_gui_cpp
[ 88%] [34m[1mCompiling generated code for qt_gui_cpp_sip Python bindings...[0m
ld: warning: directory not found for option '-F0'
[ 94%] [34m[1mMeta target for qt_gui_cpp_sip Python bindings...[0m
[100%] Built target libqt_gui_cpp_sip
[36mInstall the project...[0m
-- Install configuration: "Release"
-- Installing: /opt/ros/kinetic/_setup_util.py
-- Installing: /opt/ros/kinetic/env.sh
-- Installing: /opt/ros/kinetic/setup.bash
-- Installing: /opt/ros/kinetic/setup.sh
-- Installing: /opt/ros/kinetic/setup.zsh
-- Installing: /opt/ros/kinetic/.rosinstall
-- Installing: /opt/ros/kinetic/lib/pkgconfig/qt_gui_cpp.pc
-- Installing: /opt/ros/kinetic/share/qt_gui_cpp/cmake/qt_gui_cpp-extras.cmake
-- Installing: /opt/ros/kinetic/share/qt_gui_cpp/cmake/qt_gui_cppConfig.cmake
-- Installing: /opt/ros/kinetic/share/qt_gui_cpp/cmake/qt_gui_cppConfig-version.cmake
-- Installing: /opt/ros/kinetic/share/qt_gui_cpp/package.xml
+ cd /Users/jaymingwong/Documents/code/ros-install-osx/kinetic_desktop_full_ws/src/qt_gui_core/qt_gui_cpp
+ mkdir -p /opt/ros/kinetic/lib/python2.7/site-packages
+ /usr/bin/env PYTHONPATH=/opt/ros/kinetic/lib/python2.7/site-packages:/Users/jaymingwong/Documents/code/ros-install-osx/kinetic_desktop_full_ws/build/qt_gui_cpp/lib/python2.7/site-packages:/opt/ros/kinetic/lib/python2.7/site-packages:/usr/local/lib/python2.7/site-packages/:/Users/jaymingwong/Documents/code/drake/build/lib/python2.7/site-packages/:/Users/jaymingwong/Documents/code/drake/build/lib/python2.7/dist-packages/:/Users/jaymingwong/Documents/code/wizard/externals/devina/devina/include/devina/lcm CATKIN_BINARY_DIR=/Users/jaymingwong/Documents/code/ros-install-osx/kinetic_desktop_full_ws/build/qt_gui_cpp /usr/local/bin/python2 /Users/jaymingwong/Documents/code/ros-install-osx/kinetic_desktop_full_ws/src/qt_gui_core/qt_gui_cpp/setup.py build --build-base /Users/jaymingwong/Documents/code/ros-install-osx/kinetic_desktop_full_ws/build/qt_gui_cpp install --prefix=/opt/ros/kinetic --install-scripts=/opt/ros/kinetic/bin
running build
running build_py
creating /Users/jaymingwong/Documents/code/ros-install-osx/kinetic_desktop_full_ws/build/qt_gui_cpp/lib
creating /Users/jaymingwong/Documents/code/ros-install-osx/kinetic_desktop_full_ws/build/qt_gui_cpp/lib/qt_gui_cpp
copying src/qt_gui_cpp/__init__.py -> /Users/jaymingwong/Documents/code/ros-install-osx/kinetic_desktop_full_ws/build/qt_gui_cpp/lib/qt_gui_cpp
copying src/qt_gui_cpp/cpp_binding_helper.py -> /Users/jaymingwong/Documents/code/ros-install-osx/kinetic_desktop_full_ws/build/qt_gui_cpp/lib/qt_gui_cpp
copying src/qt_gui_cpp/cpp_plugin_provider.py -> /Users/jaymingwong/Documents/code/ros-install-osx/kinetic_desktop_full_ws/build/qt_gui_cpp/lib/qt_gui_cpp
copying src/qt_gui_cpp/ros_pluginlib_plugin_provider.py -> /Users/jaymingwong/Documents/code/ros-install-osx/kinetic_desktop_full_ws/build/qt_gui_cpp/lib/qt_gui_cpp
running install
running install_lib
creating /opt/ros/kinetic/lib/python2.7/site-packages/qt_gui_cpp
copying /Users/jaymingwong/Documents/code/ros-install-osx/kinetic_desktop_full_ws/build/qt_gui_cpp/lib/qt_gui_cpp/__init__.py -> /opt/ros/kinetic/lib/python2.7/site-packages/qt_gui_cpp
copying /Users/jaymingwong/Documents/code/ros-install-osx/kinetic_desktop_full_ws/build/qt_gui_cpp/lib/qt_gui_cpp/cpp_binding_helper.py -> /opt/ros/kinetic/lib/python2.7/site-packages/qt_gui_cpp
copying /Users/jaymingwong/Documents/code/ros-install-osx/kinetic_desktop_full_ws/build/qt_gui_cpp/lib/qt_gui_cpp/cpp_plugin_provider.py -> /opt/ros/kinetic/lib/python2.7/site-packages/qt_gui_cpp
copying /Users/jaymingwong/Documents/code/ros-install-osx/kinetic_desktop_full_ws/build/qt_gui_cpp/lib/qt_gui_cpp/ros_pluginlib_plugin_provider.py -> /opt/ros/kinetic/lib/python2.7/site-packages/qt_gui_cpp
byte-compiling /opt/ros/kinetic/lib/python2.7/site-packages/qt_gui_cpp/__init__.py to __init__.pyc
byte-compiling /opt/ros/kinetic/lib/python2.7/site-packages/qt_gui_cpp/cpp_binding_helper.py to cpp_binding_helper.pyc
byte-compiling /opt/ros/kinetic/lib/python2.7/site-packages/qt_gui_cpp/cpp_plugin_provider.py to cpp_plugin_provider.pyc
byte-compiling /opt/ros/kinetic/lib/python2.7/site-packages/qt_gui_cpp/ros_pluginlib_plugin_provider.py to ros_pluginlib_plugin_provider.pyc
running install_egg_info
Writing /opt/ros/kinetic/lib/python2.7/site-packages/qt_gui_cpp-0.3.11-py2.7.egg-info
-- Installing: /opt/ros/kinetic/include/qt_gui_cpp
-- Installing: /opt/ros/kinetic/include/qt_gui_cpp/composite_plugin_provider.h
-- Installing: /opt/ros/kinetic/include/qt_gui_cpp/generic_proxy.h
-- Installing: /opt/ros/kinetic/include/qt_gui_cpp/plugin.h
-- Installing: /opt/ros/kinetic/include/qt_gui_cpp/plugin_bridge.h
-- Installing: /opt/ros/kinetic/include/qt_gui_cpp/plugin_context.h
-- Installing: /opt/ros/kinetic/include/qt_gui_cpp/plugin_descriptor.h
-- Installing: /opt/ros/kinetic/include/qt_gui_cpp/plugin_provider.h
-- Installing: /opt/ros/kinetic/include/qt_gui_cpp/recursive_plugin_provider.h
-- Installing: /opt/ros/kinetic/include/qt_gui_cpp/ros_pluginlib_plugin_provider.h
-- Installing: /opt/ros/kinetic/include/qt_gui_cpp/ros_pluginlib_plugin_provider_for_plugin_providers.h
-- Installing: /opt/ros/kinetic/include/qt_gui_cpp/ros_pluginlib_plugin_provider_for_plugins.h
-- Installing: /opt/ros/kinetic/include/qt_gui_cpp/settings.h
-- Installing: /opt/ros/kinetic/share/qt_gui_cpp/plugin.xml
-- Installing: /opt/ros/kinetic/lib/libqt_gui_cpp.dylib
-- Installing: /opt/ros/kinetic/lib/python2.7/site-packages/qt_gui_cpp/libqt_gui_cpp_sip.so
