[ 83%] Built target qt_gui_cpp
[ 88%] [34m[1mCompiling generated code for qt_gui_cpp_sip Python bindings...[0m
ld: warning: directory not found for option '-F0'
[ 94%] [34m[1mMeta target for qt_gui_cpp_sip Python bindings...[0m
[100%] Built target libqt_gui_cpp_sip
[36mInstall the project...[0m
-- Install configuration: "Release"
-- Installing: /opt/ros/kinetic/_setup_util.py
-- Installing: /opt/ros/kinetic/env.sh
-- Installing: /opt/ros/kinetic/setup.bash
-- Installing: /opt/ros/kinetic/setup.sh
-- Installing: /opt/ros/kinetic/setup.zsh
-- Installing: /opt/ros/kinetic/.rosinstall
-- Up-to-date: /opt/ros/kinetic/lib/pkgconfig/qt_gui_cpp.pc
-- Up-to-date: /opt/ros/kinetic/share/qt_gui_cpp/cmake/qt_gui_cpp-extras.cmake
-- Up-to-date: /opt/ros/kinetic/share/qt_gui_cpp/cmake/qt_gui_cppConfig.cmake
-- Up-to-date: /opt/ros/kinetic/share/qt_gui_cpp/cmake/qt_gui_cppConfig-version.cmake
-- Up-to-date: /opt/ros/kinetic/share/qt_gui_cpp/package.xml
+ cd /Users/jaymingwong/Documents/code/ros-install-osx/kinetic_desktop_full_ws/src/qt_gui_core/qt_gui_cpp
+ mkdir -p /opt/ros/kinetic/lib/python2.7/site-packages
+ /usr/bin/env PYTHONPATH=/opt/ros/kinetic/lib/python2.7/site-packages:/Users/jaymingwong/Documents/code/ros-install-osx/kinetic_desktop_full_ws/build/qt_gui_cpp/lib/python2.7/site-packages:/opt/ros/kinetic/lib/python2.7/site-packages:/usr/local/lib/python2.7/site-packages/:/Users/jaymingwong/Documents/code/wizard/externals/drake/build/lib/python2.7/site-packages/:/Users/jaymingwong/Documents/code/wizard/externals/drake/build/lib/python2.7/dist-packages/:/Users/jaymingwong/Documents/code/wizard/externals/devina/devina/include/devina/lcm CATKIN_BINARY_DIR=/Users/jaymingwong/Documents/code/ros-install-osx/kinetic_desktop_full_ws/build/qt_gui_cpp /usr/local/bin/python2 /Users/jaymingwong/Documents/code/ros-install-osx/kinetic_desktop_full_ws/src/qt_gui_core/qt_gui_cpp/setup.py build --build-base /Users/jaymingwong/Documents/code/ros-install-osx/kinetic_desktop_full_ws/build/qt_gui_cpp install --prefix=/opt/ros/kinetic --install-scripts=/opt/ros/kinetic/bin
running build
running build_py
running install
running install_lib
running install_egg_info
Removing /opt/ros/kinetic/lib/python2.7/site-packages/qt_gui_cpp-0.3.11-py2.7.egg-info
Writing /opt/ros/kinetic/lib/python2.7/site-packages/qt_gui_cpp-0.3.11-py2.7.egg-info
-- Up-to-date: /opt/ros/kinetic/include/qt_gui_cpp
-- Up-to-date: /opt/ros/kinetic/include/qt_gui_cpp/composite_plugin_provider.h
-- Up-to-date: /opt/ros/kinetic/include/qt_gui_cpp/generic_proxy.h
-- Up-to-date: /opt/ros/kinetic/include/qt_gui_cpp/plugin.h
-- Up-to-date: /opt/ros/kinetic/include/qt_gui_cpp/plugin_bridge.h
-- Up-to-date: /opt/ros/kinetic/include/qt_gui_cpp/plugin_context.h
-- Up-to-date: /opt/ros/kinetic/include/qt_gui_cpp/plugin_descriptor.h
-- Up-to-date: /opt/ros/kinetic/include/qt_gui_cpp/plugin_provider.h
-- Up-to-date: /opt/ros/kinetic/include/qt_gui_cpp/recursive_plugin_provider.h
-- Up-to-date: /opt/ros/kinetic/include/qt_gui_cpp/ros_pluginlib_plugin_provider.h
-- Up-to-date: /opt/ros/kinetic/include/qt_gui_cpp/ros_pluginlib_plugin_provider_for_plugin_providers.h
-- Up-to-date: /opt/ros/kinetic/include/qt_gui_cpp/ros_pluginlib_plugin_provider_for_plugins.h
-- Up-to-date: /opt/ros/kinetic/include/qt_gui_cpp/settings.h
-- Up-to-date: /opt/ros/kinetic/share/qt_gui_cpp/plugin.xml
-- Installing: /opt/ros/kinetic/lib/libqt_gui_cpp.dylib
-- Installing: /opt/ros/kinetic/lib/python2.7/site-packages/qt_gui_cpp/libqt_gui_cpp_sip.so
