Not searching for unused variables given on the command line.
[36m--[0m The C compiler identification is AppleClang 9.0.0.9000038
[36m--[0m The CXX compiler identification is AppleClang 9.0.0.9000038
[36m--[0m Check for working C compiler: /Applications/Xcode.app/Contents/Developer/Toolchains/XcodeDefault.xctoolchain/usr/bin/clang
[36m--[0m Check for working C compiler: /Applications/Xcode.app/Contents/Developer/Toolchains/XcodeDefault.xctoolchain/usr/bin/clang -- works
[36m--[0m Detecting C compiler ABI info
[36m--[0m Detecting C compiler ABI info - done
[36m--[0m Detecting C compile features
[36m--[0m Detecting C compile features - done
[36m--[0m Check for working CXX compiler: /Applications/Xcode.app/Contents/Developer/Toolchains/XcodeDefault.xctoolchain/usr/bin/clang++
[36m--[0m Check for working CXX compiler: /Applications/Xcode.app/Contents/Developer/Toolchains/XcodeDefault.xctoolchain/usr/bin/clang++ -- works
[36m--[0m Detecting CXX compiler ABI info
[36m--[0m Detecting CXX compiler ABI info - done
[36m--[0m Detecting CXX compile features
[36m--[0m Detecting CXX compile features - done
[36m--[0m Using CATKIN_DEVEL_PREFIX: /Users/jaymingwong/Documents/code/ros-install-osx/kinetic_desktop_full_ws/devel/.private/qt_gui_cpp
[36m--[0m Using CMAKE_PREFIX_PATH: /opt/ros/kinetic;/usr/local/opt/qt
[36m--[0m This workspace overlays: /opt/ros/kinetic
[36m--[0m Found PythonInterp: /usr/local/bin/python2 (found version "2.7.15")
[36m--[0m Using PYTHON_EXECUTABLE: /usr/local/bin/python2
[36m--[0m Using default Python package layout
[36m--[0m Found PY_em: /usr/local/lib/python2.7/site-packages/em.pyc
[36m--[0m Using empy: /usr/local/lib/python2.7/site-packages/em.pyc
[36m--[0m Using CATKIN_ENABLE_TESTING: 1
[36m--[0m Call enable_testing()
[36m--[0m Using CATKIN_TEST_RESULTS_DIR: /Users/jaymingwong/Documents/code/ros-install-osx/kinetic_desktop_full_ws/build/qt_gui_cpp/test_results
[36m--[0m Found gtest: gtests will be built
[36m--[0m nosetests not found, Python tests can not be run (try installing package 'python-nose')
[36m--[0m catkin 0.7.14
[36m--[0m Boost version: 1.67.0
[36m--[0m Found the following Boost libraries:
[36m--[0m   filesystem
[36m--[0m   system
[36m--[0m Found TinyXML: /usr/local/lib/libtinyxml.dylib
[36m--[0m Found PythonLibs: /usr/local/Cellar/python@@2/2.7.15_1/Frameworks/Python.framework/Versions/2.7/lib/libpython2.7.dylib (found suitable version "2.7.15", minimum required is "2.7")
[33m[1mCMake Warning[0m at /opt/ros/kinetic/share/python_qt_binding/cmake/shiboken_helper.cmake:18 (find_package):
  By not providing "FindShiboken2.cmake" in CMAKE_MODULE_PATH this project
  has asked CMake to find a package configuration file provided by
  "Shiboken2", but CMake did not find one.

  Could not find a package configuration file provided by "Shiboken2" with
  any of the following names:

    Shiboken2Config.cmake
    shiboken2-config.cmake

  Add the installation prefix of "Shiboken2" to CMAKE_PREFIX_PATH or set
  "Shiboken2_DIR" to a directory containing one of the above files.  If
  "Shiboken2" provides a separate development package or SDK, be sure it has
  been installed.
[36mCall Stack (most recent call first):[0m
  src/qt_gui_cpp_shiboken/CMakeLists.txt:41 (include)


[33m[1mCMake Warning[0m at /opt/ros/kinetic/share/python_qt_binding/cmake/shiboken_helper.cmake:23 (find_package):
  By not providing "FindPySide2.cmake" in CMAKE_MODULE_PATH this project has
  asked CMake to find a package configuration file provided by "PySide2", but
  CMake did not find one.

  Could not find a package configuration file provided by "PySide2" with any
  of the following names:

    PySide2Config.cmake
    pyside2-config.cmake

  Add the installation prefix of "PySide2" to CMAKE_PREFIX_PATH or set
  "PySide2_DIR" to a directory containing one of the above files.  If
  "PySide2" provides a separate development package or SDK, be sure it has
  been installed.
[36mCall Stack (most recent call first):[0m
  src/qt_gui_cpp_shiboken/CMakeLists.txt:41 (include)


[33m[1mCMake Warning[0m at /opt/ros/kinetic/share/python_qt_binding/cmake/shiboken_helper.cmake:34 (message):
  Shiboken binding generator NOT available.
[36mCall Stack (most recent call first):[0m
  src/qt_gui_cpp_shiboken/CMakeLists.txt:41 (include)


[36m--[0m Found PythonInterp: /usr/local/bin/python2 (found suitable version "2.7.15", minimum required is "2.7")
[36m--[0m SIP binding generator available.
[36m--[0m Python binding generators: sip
[36m--[0m Configuring done
[36m--[0m Generating done
[36m--[0m Build files have been written to: /Users/jaymingwong/Documents/code/ros-install-osx/kinetic_desktop_full_ws/build/qt_gui_cpp
