[33m[1mCMake Warning[0m at /opt/ros/kinetic/share/python_qt_binding/cmake/shiboken_helper.cmake:18 (find_package):
  By not providing "FindShiboken2.cmake" in CMAKE_MODULE_PATH this project
  has asked CMake to find a package configuration file provided by
  "Shiboken2", but CMake did not find one.

  Could not find a package configuration file provided by "Shiboken2" with
  any of the following names:

    Shiboken2Config.cmake
    shiboken2-config.cmake

  Add the installation prefix of "Shiboken2" to CMAKE_PREFIX_PATH or set
  "Shiboken2_DIR" to a directory containing one of the above files.  If
  "Shiboken2" provides a separate development package or SDK, be sure it has
  been installed.
[36mCall Stack (most recent call first):[0m
  src/qt_gui_cpp_shiboken/CMakeLists.txt:41 (include)


[33m[1mCMake Warning[0m at /opt/ros/kinetic/share/python_qt_binding/cmake/shiboken_helper.cmake:23 (find_package):
  By not providing "FindPySide2.cmake" in CMAKE_MODULE_PATH this project has
  asked CMake to find a package configuration file provided by "PySide2", but
  CMake did not find one.

  Could not find a package configuration file provided by "PySide2" with any
  of the following names:

    PySide2Config.cmake
    pyside2-config.cmake

  Add the installation prefix of "PySide2" to CMAKE_PREFIX_PATH or set
  "PySide2_DIR" to a directory containing one of the above files.  If
  "PySide2" provides a separate development package or SDK, be sure it has
  been installed.
[36mCall Stack (most recent call first):[0m
  src/qt_gui_cpp_shiboken/CMakeLists.txt:41 (include)


[33m[1mCMake Warning[0m at /opt/ros/kinetic/share/python_qt_binding/cmake/shiboken_helper.cmake:34 (message):
  Shiboken binding generator NOT available.
[36mCall Stack (most recent call first):[0m
  src/qt_gui_cpp_shiboken/CMakeLists.txt:41 (include)


