[ 16%] [34m[1mGenerating __/__/include/qt_gui_cpp/moc_plugin_bridge.cpp[0m
[ 16%] [34m[1mGenerating __/__/include/qt_gui_cpp/moc_plugin_context.cpp[0m
[ 16%] [34m[1mGenerating __/__/include/qt_gui_cpp/moc_plugin.cpp[0m
[35m[1mScanning dependencies of target qt_gui_cpp[0m
[ 27%] [32mBuilding CXX object src/qt_gui_cpp/CMakeFiles/qt_gui_cpp.dir/plugin_bridge.cpp.o[0m
[ 33%] [32mBuilding CXX object src/qt_gui_cpp/CMakeFiles/qt_gui_cpp.dir/composite_plugin_provider.cpp.o[0m
[ 33%] [32mBuilding CXX object src/qt_gui_cpp/CMakeFiles/qt_gui_cpp.dir/generic_proxy.cpp.o[0m
[ 38%] [32mBuilding CXX object src/qt_gui_cpp/CMakeFiles/qt_gui_cpp.dir/plugin_context.cpp.o[0m
[ 44%] [32mBuilding CXX object src/qt_gui_cpp/CMakeFiles/qt_gui_cpp.dir/plugin_descriptor.cpp.o[0m
[ 50%] [32mBuilding CXX object src/qt_gui_cpp/CMakeFiles/qt_gui_cpp.dir/plugin_provider.cpp.o[0m
[ 61%] [32mBuilding CXX object src/qt_gui_cpp/CMakeFiles/qt_gui_cpp.dir/settings.cpp.o[0m
[ 61%] [32mBuilding CXX object src/qt_gui_cpp/CMakeFiles/qt_gui_cpp.dir/recursive_plugin_provider.cpp.o[0m
[ 66%] [32mBuilding CXX object src/qt_gui_cpp/CMakeFiles/qt_gui_cpp.dir/__/__/include/qt_gui_cpp/moc_plugin.cpp.o[0m
[ 72%] [32mBuilding CXX object src/qt_gui_cpp/CMakeFiles/qt_gui_cpp.dir/__/__/include/qt_gui_cpp/moc_plugin_bridge.cpp.o[0m
[ 77%] [32mBuilding CXX object src/qt_gui_cpp/CMakeFiles/qt_gui_cpp.dir/__/__/include/qt_gui_cpp/moc_plugin_context.cpp.o[0m
[ 83%] [32m[1mLinking CXX shared library /Users/jaymingwong/Documents/code/ros-install-osx/kinetic_desktop_full_ws/devel/.private/qt_gui_cpp/lib/libqt_gui_cpp.dylib[0m
[ 83%] Built target qt_gui_cpp
[35m[1mScanning dependencies of target libqt_gui_cpp_sip[0m
[ 88%] [34m[1mRunning SIP generator for qt_gui_cpp_sip Python bindings...[0m
sip: Deprecation warning: qt_gui_cpp.sip:1: %Module version number should be specified using the 'version' argument
[ 94%] [34m[1mCompiling generated code for qt_gui_cpp_sip Python bindings...[0m
In file included from recursive_plugin_provider.sip:8:
In file included from /Users/jaymingwong/Documents/code/ros-install-osx/kinetic_desktop_full_ws/src/qt_gui_core/qt_gui_cpp/src/qt_gui_cpp_sip/../../include/qt_gui_cpp/recursive_plugin_provider.h:37:
In file included from /Users/jaymingwong/Documents/code/ros-install-osx/kinetic_desktop_full_ws/src/qt_gui_core/qt_gui_cpp/src/qt_gui_cpp_sip/../../include/qt_gui_cpp/ros_pluginlib_plugin_provider_for_plugin_providers.h:37:
In file included from /Users/jaymingwong/Documents/code/ros-install-osx/kinetic_desktop_full_ws/src/qt_gui_core/qt_gui_cpp/src/qt_gui_cpp_sip/../../include/qt_gui_cpp/ros_pluginlib_plugin_provider.h:45:
In file included from /opt/ros/kinetic/include/pluginlib/./class_loader.hpp:350:
[1m/opt/ros/kinetic/include/pluginlib/./class_loader_imp.hpp:68:26: [0m[0;1;35mwarning: [0m[1mfunction 'catkinFindLib' is not needed and will not be emitted [-Wunneeded-internal-declaration][0m
std::vector<std::string> catkinFindLib()
[0;1;32m                         ^
[0m1 warning generated.
ld: warning: directory not found for option '-F0'
[100%] [34m[1mMeta target for qt_gui_cpp_sip Python bindings...[0m
[100%] Built target libqt_gui_cpp_sip
