[36mInstall the project...[0m
-- Install configuration: "Release"
-- Installing: /opt/ros/kinetic/_setup_util.py
-- Installing: /opt/ros/kinetic/env.sh
-- Installing: /opt/ros/kinetic/setup.bash
-- Installing: /opt/ros/kinetic/setup.sh
-- Installing: /opt/ros/kinetic/setup.zsh
-- Installing: /opt/ros/kinetic/.rosinstall
-- Installing: /opt/ros/kinetic/lib/pkgconfig/rqt_top.pc
-- Installing: /opt/ros/kinetic/share/rqt_top/cmake/rqt_topConfig.cmake
-- Installing: /opt/ros/kinetic/share/rqt_top/cmake/rqt_topConfig-version.cmake
-- Installing: /opt/ros/kinetic/share/rqt_top/package.xml
+ cd /Users/jaymingwong/Documents/code/ros-install-osx/kinetic_desktop_full_ws/src/rqt_top
+ mkdir -p /opt/ros/kinetic/lib/python2.7/site-packages
+ /usr/bin/env PYTHONPATH=/opt/ros/kinetic/lib/python2.7/site-packages:/Users/jaymingwong/Documents/code/ros-install-osx/kinetic_desktop_full_ws/build/rqt_top/lib/python2.7/site-packages:/opt/ros/kinetic/lib/python2.7/site-packages:/usr/local/lib/python2.7/site-packages/:/Users/jaymingwong/Documents/code/drake/build/lib/python2.7/site-packages/:/Users/jaymingwong/Documents/code/drake/build/lib/python2.7/dist-packages/:/Users/jaymingwong/Documents/code/wizard/externals/devina/devina/include/devina/lcm CATKIN_BINARY_DIR=/Users/jaymingwong/Documents/code/ros-install-osx/kinetic_desktop_full_ws/build/rqt_top /usr/local/bin/python2 /Users/jaymingwong/Documents/code/ros-install-osx/kinetic_desktop_full_ws/src/rqt_top/setup.py build --build-base /Users/jaymingwong/Documents/code/ros-install-osx/kinetic_desktop_full_ws/build/rqt_top install --prefix=/opt/ros/kinetic --install-scripts=/opt/ros/kinetic/bin
running build
running build_py
creating /Users/jaymingwong/Documents/code/ros-install-osx/kinetic_desktop_full_ws/build/rqt_top/lib
creating /Users/jaymingwong/Documents/code/ros-install-osx/kinetic_desktop_full_ws/build/rqt_top/lib/rqt_top
copying src/rqt_top/__init__.py -> /Users/jaymingwong/Documents/code/ros-install-osx/kinetic_desktop_full_ws/build/rqt_top/lib/rqt_top
copying src/rqt_top/node_info.py -> /Users/jaymingwong/Documents/code/ros-install-osx/kinetic_desktop_full_ws/build/rqt_top/lib/rqt_top
copying src/rqt_top/top_plugin.py -> /Users/jaymingwong/Documents/code/ros-install-osx/kinetic_desktop_full_ws/build/rqt_top/lib/rqt_top
running install
running install_lib
creating /opt/ros/kinetic/lib/python2.7/site-packages/rqt_top
copying /Users/jaymingwong/Documents/code/ros-install-osx/kinetic_desktop_full_ws/build/rqt_top/lib/rqt_top/__init__.py -> /opt/ros/kinetic/lib/python2.7/site-packages/rqt_top
copying /Users/jaymingwong/Documents/code/ros-install-osx/kinetic_desktop_full_ws/build/rqt_top/lib/rqt_top/node_info.py -> /opt/ros/kinetic/lib/python2.7/site-packages/rqt_top
copying /Users/jaymingwong/Documents/code/ros-install-osx/kinetic_desktop_full_ws/build/rqt_top/lib/rqt_top/top_plugin.py -> /opt/ros/kinetic/lib/python2.7/site-packages/rqt_top
byte-compiling /opt/ros/kinetic/lib/python2.7/site-packages/rqt_top/__init__.py to __init__.pyc
byte-compiling /opt/ros/kinetic/lib/python2.7/site-packages/rqt_top/node_info.py to node_info.pyc
byte-compiling /opt/ros/kinetic/lib/python2.7/site-packages/rqt_top/top_plugin.py to top_plugin.pyc
running install_egg_info
Writing /opt/ros/kinetic/lib/python2.7/site-packages/rqt_top-0.4.8-py2.7.egg-info
-- Installing: /opt/ros/kinetic/share/rqt_top/plugin.xml
-- Installing: /opt/ros/kinetic/lib/rqt_top/rqt_top
