[  0%] Built target std_msgs_generate_messages_nodejs
[  0%] Built target _topic_tools_generate_messages_check_deps_DemuxList
[  0%] Built target _topic_tools_generate_messages_check_deps_DemuxSelect
[  0%] Built target _topic_tools_generate_messages_check_deps_DemuxAdd
[  0%] Built target _topic_tools_generate_messages_check_deps_MuxList
[  0%] Built target _topic_tools_generate_messages_check_deps_MuxAdd
[  0%] Built target _topic_tools_generate_messages_check_deps_MuxDelete
[  0%] Built target _topic_tools_generate_messages_check_deps_MuxSelect
[  0%] Built target std_msgs_generate_messages_py
[  0%] Built target std_msgs_generate_messages_cpp
[  0%] Built target std_msgs_generate_messages_eus
[  0%] Built target std_msgs_generate_messages_lisp
[  0%] Built target _topic_tools_generate_messages_check_deps_DemuxDelete
[ 29%] Built target topic_tools_generate_messages_nodejs
[ 29%] Built target topic_tools_generate_messages_py
[ 59%] Built target topic_tools_generate_messages_cpp
[ 59%] Built target topic_tools_generate_messages_eus
[ 73%] Built target topic_tools_generate_messages_lisp
[ 75%] [32m[1mLinking CXX shared library /Users/jaymingwong/Documents/code/ros-install-osx/kinetic_desktop_full_ws/devel/.private/topic_tools/lib/libtopic_tools.dylib[0m
[ 78%] Built target topic_tools
[ 78%] Built target topic_tools_generate_messages
[ 80%] [32m[1mLinking CXX executable /Users/jaymingwong/Documents/code/ros-install-osx/kinetic_desktop_full_ws/devel/.private/topic_tools/lib/topic_tools/mux[0m
[ 82%] Built target mux
[ 84%] [32m[1mLinking CXX executable /Users/jaymingwong/Documents/code/ros-install-osx/kinetic_desktop_full_ws/devel/.private/topic_tools/lib/topic_tools/demux[0m
[ 85%] Built target demux
[ 87%] [32m[1mLinking CXX executable /Users/jaymingwong/Documents/code/ros-install-osx/kinetic_desktop_full_ws/devel/.private/topic_tools/lib/topic_tools/throttle[0m
[ 89%] Built target throttle
[ 91%] [32m[1mLinking CXX executable /Users/jaymingwong/Documents/code/ros-install-osx/kinetic_desktop_full_ws/devel/.private/topic_tools/lib/topic_tools/switch_mux[0m
[ 92%] Built target switch_mux
[ 96%] [32m[1mLinking CXX executable /Users/jaymingwong/Documents/code/ros-install-osx/kinetic_desktop_full_ws/devel/.private/topic_tools/lib/topic_tools/relay[0m
[ 96%] [32m[1mLinking CXX executable /Users/jaymingwong/Documents/code/ros-install-osx/kinetic_desktop_full_ws/devel/.private/topic_tools/lib/topic_tools/drop[0m
[100%] Built target drop
[100%] Built target relay
