[36mInstall the project...[0m
-- Install configuration: "Release"
-- Installing: /opt/ros/kinetic/_setup_util.py
-- Installing: /opt/ros/kinetic/env.sh
-- Installing: /opt/ros/kinetic/setup.bash
-- Installing: /opt/ros/kinetic/setup.sh
-- Installing: /opt/ros/kinetic/setup.zsh
-- Installing: /opt/ros/kinetic/.rosinstall
-- Installing: /opt/ros/kinetic/lib/pkgconfig/rqt_py_console.pc
-- Installing: /opt/ros/kinetic/share/rqt_py_console/cmake/rqt_py_consoleConfig.cmake
-- Installing: /opt/ros/kinetic/share/rqt_py_console/cmake/rqt_py_consoleConfig-version.cmake
-- Installing: /opt/ros/kinetic/share/rqt_py_console/package.xml
+ cd /Users/jaymingwong/Documents/code/ros-install-osx/kinetic_desktop_full_ws/src/rqt_py_console
+ mkdir -p /opt/ros/kinetic/lib/python2.7/site-packages
+ /usr/bin/env PYTHONPATH=/opt/ros/kinetic/lib/python2.7/site-packages:/Users/jaymingwong/Documents/code/ros-install-osx/kinetic_desktop_full_ws/build/rqt_py_console/lib/python2.7/site-packages:/opt/ros/kinetic/lib/python2.7/site-packages:/usr/local/lib/python2.7/site-packages/:/Users/jaymingwong/Documents/code/drake/build/lib/python2.7/site-packages/:/Users/jaymingwong/Documents/code/drake/build/lib/python2.7/dist-packages/:/Users/jaymingwong/Documents/code/wizard/externals/devina/devina/include/devina/lcm CATKIN_BINARY_DIR=/Users/jaymingwong/Documents/code/ros-install-osx/kinetic_desktop_full_ws/build/rqt_py_console /usr/local/bin/python2 /Users/jaymingwong/Documents/code/ros-install-osx/kinetic_desktop_full_ws/src/rqt_py_console/setup.py build --build-base /Users/jaymingwong/Documents/code/ros-install-osx/kinetic_desktop_full_ws/build/rqt_py_console install --prefix=/opt/ros/kinetic --install-scripts=/opt/ros/kinetic/bin
running build
running build_py
creating /Users/jaymingwong/Documents/code/ros-install-osx/kinetic_desktop_full_ws/build/rqt_py_console/lib
creating /Users/jaymingwong/Documents/code/ros-install-osx/kinetic_desktop_full_ws/build/rqt_py_console/lib/rqt_py_console
copying src/rqt_py_console/__init__.py -> /Users/jaymingwong/Documents/code/ros-install-osx/kinetic_desktop_full_ws/build/rqt_py_console/lib/rqt_py_console
copying src/rqt_py_console/py_console.py -> /Users/jaymingwong/Documents/code/ros-install-osx/kinetic_desktop_full_ws/build/rqt_py_console/lib/rqt_py_console
copying src/rqt_py_console/py_console_text_edit.py -> /Users/jaymingwong/Documents/code/ros-install-osx/kinetic_desktop_full_ws/build/rqt_py_console/lib/rqt_py_console
copying src/rqt_py_console/py_console_widget.py -> /Users/jaymingwong/Documents/code/ros-install-osx/kinetic_desktop_full_ws/build/rqt_py_console/lib/rqt_py_console
copying src/rqt_py_console/spyder_console_widget.py -> /Users/jaymingwong/Documents/code/ros-install-osx/kinetic_desktop_full_ws/build/rqt_py_console/lib/rqt_py_console
running install
running install_lib
creating /opt/ros/kinetic/lib/python2.7/site-packages/rqt_py_console
copying /Users/jaymingwong/Documents/code/ros-install-osx/kinetic_desktop_full_ws/build/rqt_py_console/lib/rqt_py_console/__init__.py -> /opt/ros/kinetic/lib/python2.7/site-packages/rqt_py_console
copying /Users/jaymingwong/Documents/code/ros-install-osx/kinetic_desktop_full_ws/build/rqt_py_console/lib/rqt_py_console/py_console.py -> /opt/ros/kinetic/lib/python2.7/site-packages/rqt_py_console
copying /Users/jaymingwong/Documents/code/ros-install-osx/kinetic_desktop_full_ws/build/rqt_py_console/lib/rqt_py_console/py_console_text_edit.py -> /opt/ros/kinetic/lib/python2.7/site-packages/rqt_py_console
copying /Users/jaymingwong/Documents/code/ros-install-osx/kinetic_desktop_full_ws/build/rqt_py_console/lib/rqt_py_console/py_console_widget.py -> /opt/ros/kinetic/lib/python2.7/site-packages/rqt_py_console
copying /Users/jaymingwong/Documents/code/ros-install-osx/kinetic_desktop_full_ws/build/rqt_py_console/lib/rqt_py_console/spyder_console_widget.py -> /opt/ros/kinetic/lib/python2.7/site-packages/rqt_py_console
byte-compiling /opt/ros/kinetic/lib/python2.7/site-packages/rqt_py_console/__init__.py to __init__.pyc
byte-compiling /opt/ros/kinetic/lib/python2.7/site-packages/rqt_py_console/py_console.py to py_console.pyc
byte-compiling /opt/ros/kinetic/lib/python2.7/site-packages/rqt_py_console/py_console_text_edit.py to py_console_text_edit.pyc
byte-compiling /opt/ros/kinetic/lib/python2.7/site-packages/rqt_py_console/py_console_widget.py to py_console_widget.pyc
byte-compiling /opt/ros/kinetic/lib/python2.7/site-packages/rqt_py_console/spyder_console_widget.py to spyder_console_widget.pyc
running install_egg_info
Writing /opt/ros/kinetic/lib/python2.7/site-packages/rqt_py_console-0.4.8-py2.7.egg-info
-- Installing: /opt/ros/kinetic/share/rqt_py_console/plugin.xml
-- Installing: /opt/ros/kinetic/share/rqt_py_console/resource
-- Installing: /opt/ros/kinetic/share/rqt_py_console/resource/py_console_widget.ui
-- Installing: /opt/ros/kinetic/lib/rqt_py_console/rqt_py_console
