[36mInstall the project...[0m
-- Install configuration: "Release"
-- Installing: /opt/ros/kinetic/_setup_util.py
-- Installing: /opt/ros/kinetic/env.sh
-- Installing: /opt/ros/kinetic/setup.bash
-- Installing: /opt/ros/kinetic/setup.sh
-- Installing: /opt/ros/kinetic/setup.zsh
-- Installing: /opt/ros/kinetic/.rosinstall
-- Installing: /opt/ros/kinetic/lib/pkgconfig/rqt_tf_tree.pc
-- Installing: /opt/ros/kinetic/share/rqt_tf_tree/cmake/rqt_tf_treeConfig.cmake
-- Installing: /opt/ros/kinetic/share/rqt_tf_tree/cmake/rqt_tf_treeConfig-version.cmake
-- Installing: /opt/ros/kinetic/share/rqt_tf_tree/package.xml
+ cd /Users/jaymingwong/Documents/code/ros-install-osx/kinetic_desktop_full_ws/src/rqt_tf_tree
+ mkdir -p /opt/ros/kinetic/lib/python2.7/site-packages
+ /usr/bin/env PYTHONPATH=/opt/ros/kinetic/lib/python2.7/site-packages:/Users/jaymingwong/Documents/code/ros-install-osx/kinetic_desktop_full_ws/build/rqt_tf_tree/lib/python2.7/site-packages:/opt/ros/kinetic/lib/python2.7/site-packages:/usr/local/lib/python2.7/site-packages/:/Users/jaymingwong/Documents/code/drake/build/lib/python2.7/site-packages/:/Users/jaymingwong/Documents/code/drake/build/lib/python2.7/dist-packages/:/Users/jaymingwong/Documents/code/wizard/externals/devina/devina/include/devina/lcm CATKIN_BINARY_DIR=/Users/jaymingwong/Documents/code/ros-install-osx/kinetic_desktop_full_ws/build/rqt_tf_tree /usr/local/bin/python2 /Users/jaymingwong/Documents/code/ros-install-osx/kinetic_desktop_full_ws/src/rqt_tf_tree/setup.py build --build-base /Users/jaymingwong/Documents/code/ros-install-osx/kinetic_desktop_full_ws/build/rqt_tf_tree install --prefix=/opt/ros/kinetic --install-scripts=/opt/ros/kinetic/bin
running build
running build_py
creating /Users/jaymingwong/Documents/code/ros-install-osx/kinetic_desktop_full_ws/build/rqt_tf_tree/lib
creating /Users/jaymingwong/Documents/code/ros-install-osx/kinetic_desktop_full_ws/build/rqt_tf_tree/lib/rqt_tf_tree
copying src/rqt_tf_tree/__init__.py -> /Users/jaymingwong/Documents/code/ros-install-osx/kinetic_desktop_full_ws/build/rqt_tf_tree/lib/rqt_tf_tree
copying src/rqt_tf_tree/dotcode_tf.py -> /Users/jaymingwong/Documents/code/ros-install-osx/kinetic_desktop_full_ws/build/rqt_tf_tree/lib/rqt_tf_tree
copying src/rqt_tf_tree/tf_tree.py -> /Users/jaymingwong/Documents/code/ros-install-osx/kinetic_desktop_full_ws/build/rqt_tf_tree/lib/rqt_tf_tree
running install
running install_lib
creating /opt/ros/kinetic/lib/python2.7/site-packages/rqt_tf_tree
copying /Users/jaymingwong/Documents/code/ros-install-osx/kinetic_desktop_full_ws/build/rqt_tf_tree/lib/rqt_tf_tree/__init__.py -> /opt/ros/kinetic/lib/python2.7/site-packages/rqt_tf_tree
copying /Users/jaymingwong/Documents/code/ros-install-osx/kinetic_desktop_full_ws/build/rqt_tf_tree/lib/rqt_tf_tree/dotcode_tf.py -> /opt/ros/kinetic/lib/python2.7/site-packages/rqt_tf_tree
copying /Users/jaymingwong/Documents/code/ros-install-osx/kinetic_desktop_full_ws/build/rqt_tf_tree/lib/rqt_tf_tree/tf_tree.py -> /opt/ros/kinetic/lib/python2.7/site-packages/rqt_tf_tree
byte-compiling /opt/ros/kinetic/lib/python2.7/site-packages/rqt_tf_tree/__init__.py to __init__.pyc
byte-compiling /opt/ros/kinetic/lib/python2.7/site-packages/rqt_tf_tree/dotcode_tf.py to dotcode_tf.pyc
byte-compiling /opt/ros/kinetic/lib/python2.7/site-packages/rqt_tf_tree/tf_tree.py to tf_tree.pyc
running install_egg_info
Writing /opt/ros/kinetic/lib/python2.7/site-packages/rqt_tf_tree-0.5.8-py2.7.egg-info
-- Installing: /opt/ros/kinetic/share/rqt_tf_tree/plugin.xml
-- Installing: /opt/ros/kinetic/share/rqt_tf_tree/resource
-- Installing: /opt/ros/kinetic/share/rqt_tf_tree/resource/RosTfTree.ui
-- Installing: /opt/ros/kinetic/lib/rqt_tf_tree/rqt_tf_tree
