Not searching for unused variables given on the command line.
[36m--[0m The C compiler identification is AppleClang 9.0.0.9000038
[36m--[0m The CXX compiler identification is AppleClang 9.0.0.9000038
[36m--[0m Check for working C compiler: /Applications/Xcode.app/Contents/Developer/Toolchains/XcodeDefault.xctoolchain/usr/bin/clang
[36m--[0m Check for working C compiler: /Applications/Xcode.app/Contents/Developer/Toolchains/XcodeDefault.xctoolchain/usr/bin/clang -- works
[36m--[0m Detecting C compiler ABI info
[36m--[0m Detecting C compiler ABI info - done
[36m--[0m Detecting C compile features
[36m--[0m Detecting C compile features - done
[36m--[0m Check for working CXX compiler: /Applications/Xcode.app/Contents/Developer/Toolchains/XcodeDefault.xctoolchain/usr/bin/clang++
[36m--[0m Check for working CXX compiler: /Applications/Xcode.app/Contents/Developer/Toolchains/XcodeDefault.xctoolchain/usr/bin/clang++ -- works
[36m--[0m Detecting CXX compiler ABI info
[36m--[0m Detecting CXX compiler ABI info - done
[36m--[0m Detecting CXX compile features
[36m--[0m Detecting CXX compile features - done
[36m--[0m Using CATKIN_DEVEL_PREFIX: /Users/jaymingwong/Documents/code/ros-install-osx/kinetic_desktop_full_ws/devel/.private/laser_geometry
[36m--[0m Using CMAKE_PREFIX_PATH: /opt/ros/kinetic;/usr/local/opt/qt
[36m--[0m This workspace overlays: /opt/ros/kinetic
[36m--[0m Found PythonInterp: /usr/local/bin/python2 (found version "2.7.15")
[36m--[0m Using PYTHON_EXECUTABLE: /usr/local/bin/python2
[36m--[0m Using default Python package layout
[36m--[0m Found PY_em: /usr/local/lib/python2.7/site-packages/em.pyc
[36m--[0m Using empy: /usr/local/lib/python2.7/site-packages/em.pyc
[36m--[0m Using CATKIN_ENABLE_TESTING: 1
[36m--[0m Call enable_testing()
[36m--[0m Using CATKIN_TEST_RESULTS_DIR: /Users/jaymingwong/Documents/code/ros-install-osx/kinetic_desktop_full_ws/build/laser_geometry/test_results
[36m--[0m Found gtest: gtests will be built
[36m--[0m nosetests not found, Python tests can not be run (try installing package 'python-nose')
[36m--[0m catkin 0.7.14
[36m--[0m Using these message generators: gencpp;geneus;genlisp;gennodejs;genpy
[36m--[0m Found Threads: TRUE
[36m--[0m Boost version: 1.67.0
[36m--[0m Found the following Boost libraries:
[36m--[0m   system
[36m--[0m   thread
[36m--[0m   chrono
[36m--[0m   date_time
[36m--[0m   atomic
[36m--[0m Found PkgConfig: /usr/local/bin/pkg-config (found version "0.29.2")
[36m--[0m Checking for module 'eigen3'
[36m--[0m   Found eigen3, version 3.3.5
[33m[1mCMake Warning[0m at /opt/ros/kinetic/share/cmake_modules/cmake/Modules/FindEigen.cmake:62 (message):
  The FindEigen.cmake Module in the cmake_modules package is deprecated.

  Please use the FindEigen3.cmake Module provided with Eigen.  Change
  instances of find_package(Eigen) to find_package(Eigen3).  Check the
  FindEigen3.cmake Module for the resulting CMake variable names.

[36mCall Stack (most recent call first):[0m
  CMakeLists.txt:16 (find_package)


[36m--[0m Found Eigen: /usr/local/Cellar/eigen/3.3.5/include/eigen3
[36m--[0m Eigen found (include: /usr/local/Cellar/eigen/3.3.5/include/eigen3)
[36m--[0m skipping nosetests(test/projection_test.py) in project 'laser_geometry'
[36m--[0m Configuring done
[36m--[0m Generating done
[36m--[0m Build files have been written to: /Users/jaymingwong/Documents/code/ros-install-osx/kinetic_desktop_full_ws/build/laser_geometry
