[100%] Built target laser_geometry
[36mInstall the project...[0m
-- Install configuration: "Release"
-- Installing: /opt/ros/kinetic/_setup_util.py
-- Installing: /opt/ros/kinetic/env.sh
-- Installing: /opt/ros/kinetic/setup.bash
-- Installing: /opt/ros/kinetic/setup.sh
-- Installing: /opt/ros/kinetic/setup.zsh
-- Installing: /opt/ros/kinetic/.rosinstall
+ cd /Users/jaymingwong/Documents/code/ros-install-osx/kinetic_desktop_full_ws/src/laser_geometry
+ mkdir -p /opt/ros/kinetic/lib/python2.7/site-packages
+ /usr/bin/env PYTHONPATH=/opt/ros/kinetic/lib/python2.7/site-packages:/Users/jaymingwong/Documents/code/ros-install-osx/kinetic_desktop_full_ws/build/laser_geometry/lib/python2.7/site-packages:/opt/ros/kinetic/lib/python2.7/site-packages:/usr/local/lib/python2.7/site-packages/:/Users/jaymingwong/Documents/code/drake/build/lib/python2.7/site-packages/:/Users/jaymingwong/Documents/code/drake/build/lib/python2.7/dist-packages/:/Users/jaymingwong/Documents/code/wizard/externals/devina/devina/include/devina/lcm CATKIN_BINARY_DIR=/Users/jaymingwong/Documents/code/ros-install-osx/kinetic_desktop_full_ws/build/laser_geometry /usr/local/bin/python2 /Users/jaymingwong/Documents/code/ros-install-osx/kinetic_desktop_full_ws/src/laser_geometry/setup.py build --build-base /Users/jaymingwong/Documents/code/ros-install-osx/kinetic_desktop_full_ws/build/laser_geometry install --prefix=/opt/ros/kinetic --install-scripts=/opt/ros/kinetic/bin
running build
running build_py
creating /Users/jaymingwong/Documents/code/ros-install-osx/kinetic_desktop_full_ws/build/laser_geometry/lib
creating /Users/jaymingwong/Documents/code/ros-install-osx/kinetic_desktop_full_ws/build/laser_geometry/lib/laser_geometry
copying src/laser_geometry/__init__.py -> /Users/jaymingwong/Documents/code/ros-install-osx/kinetic_desktop_full_ws/build/laser_geometry/lib/laser_geometry
copying src/laser_geometry/laser_geometry.py -> /Users/jaymingwong/Documents/code/ros-install-osx/kinetic_desktop_full_ws/build/laser_geometry/lib/laser_geometry
running install
running install_lib
creating /opt/ros/kinetic/lib/python2.7/site-packages/laser_geometry
copying /Users/jaymingwong/Documents/code/ros-install-osx/kinetic_desktop_full_ws/build/laser_geometry/lib/laser_geometry/__init__.py -> /opt/ros/kinetic/lib/python2.7/site-packages/laser_geometry
copying /Users/jaymingwong/Documents/code/ros-install-osx/kinetic_desktop_full_ws/build/laser_geometry/lib/laser_geometry/laser_geometry.py -> /opt/ros/kinetic/lib/python2.7/site-packages/laser_geometry
byte-compiling /opt/ros/kinetic/lib/python2.7/site-packages/laser_geometry/__init__.py to __init__.pyc
byte-compiling /opt/ros/kinetic/lib/python2.7/site-packages/laser_geometry/laser_geometry.py to laser_geometry.pyc
running install_egg_info
Writing /opt/ros/kinetic/lib/python2.7/site-packages/laser_geometry-1.6.4-py2.7.egg-info
-- Installing: /opt/ros/kinetic/lib/pkgconfig/laser_geometry.pc
-- Installing: /opt/ros/kinetic/share/laser_geometry/cmake/laser_geometryConfig.cmake
-- Installing: /opt/ros/kinetic/share/laser_geometry/cmake/laser_geometryConfig-version.cmake
-- Installing: /opt/ros/kinetic/share/laser_geometry/package.xml
-- Installing: /opt/ros/kinetic/lib/liblaser_geometry.dylib
-- Installing: /opt/ros/kinetic/include/laser_geometry
-- Installing: /opt/ros/kinetic/include/laser_geometry/laser_geometry.h
