[100%] Built target laser_geometry
[36mInstall the project...[0m
-- Install configuration: "Release"
-- Up-to-date: /opt/ros/kinetic/_setup_util.py
-- Installing: /opt/ros/kinetic/env.sh
-- Installing: /opt/ros/kinetic/setup.bash
-- Installing: /opt/ros/kinetic/setup.sh
-- Installing: /opt/ros/kinetic/setup.zsh
-- Installing: /opt/ros/kinetic/.rosinstall
+ cd /Users/jaymingwong/Documents/code/ros-install-osx/kinetic_desktop_full_ws/src/laser_geometry
+ mkdir -p /opt/ros/kinetic/lib/python2.7/site-packages
+ /usr/bin/env PYTHONPATH=/opt/ros/kinetic/lib/python2.7/site-packages:/Users/jaymingwong/Documents/code/ros-install-osx/kinetic_desktop_full_ws/build/laser_geometry/lib/python2.7/site-packages:/opt/ros/kinetic/lib/python2.7/site-packages:/usr/local/lib/python2.7/site-packages/:/Users/jaymingwong/Documents/code/wizard/externals/drake/build/lib/python2.7/site-packages/:/Users/jaymingwong/Documents/code/wizard/externals/drake/build/lib/python2.7/dist-packages/:/Users/jaymingwong/Documents/code/wizard/externals/devina/devina/include/devina/lcm CATKIN_BINARY_DIR=/Users/jaymingwong/Documents/code/ros-install-osx/kinetic_desktop_full_ws/build/laser_geometry /usr/local/bin/python2 /Users/jaymingwong/Documents/code/ros-install-osx/kinetic_desktop_full_ws/src/laser_geometry/setup.py build --build-base /Users/jaymingwong/Documents/code/ros-install-osx/kinetic_desktop_full_ws/build/laser_geometry install --prefix=/opt/ros/kinetic --install-scripts=/opt/ros/kinetic/bin
running build
running build_py
running install
running install_lib
running install_egg_info
Removing /opt/ros/kinetic/lib/python2.7/site-packages/laser_geometry-1.6.4-py2.7.egg-info
Writing /opt/ros/kinetic/lib/python2.7/site-packages/laser_geometry-1.6.4-py2.7.egg-info
-- Up-to-date: /opt/ros/kinetic/lib/pkgconfig/laser_geometry.pc
-- Up-to-date: /opt/ros/kinetic/share/laser_geometry/cmake/laser_geometryConfig.cmake
-- Up-to-date: /opt/ros/kinetic/share/laser_geometry/cmake/laser_geometryConfig-version.cmake
-- Up-to-date: /opt/ros/kinetic/share/laser_geometry/package.xml
-- Installing: /opt/ros/kinetic/lib/liblaser_geometry.dylib
-- Up-to-date: /opt/ros/kinetic/include/laser_geometry
-- Up-to-date: /opt/ros/kinetic/include/laser_geometry/laser_geometry.h
