[36mInstall the project...[0m
-- Install configuration: "Release"
-- Installing: /opt/ros/kinetic/_setup_util.py
-- Installing: /opt/ros/kinetic/env.sh
-- Installing: /opt/ros/kinetic/setup.bash
-- Installing: /opt/ros/kinetic/setup.sh
-- Installing: /opt/ros/kinetic/setup.zsh
-- Installing: /opt/ros/kinetic/.rosinstall
-- Up-to-date: /opt/ros/kinetic/lib/pkgconfig/genmsg.pc
-- Up-to-date: /opt/ros/kinetic/share/genmsg/cmake/genmsg-extras.cmake
-- Up-to-date: /opt/ros/kinetic/share/genmsg/cmake/genmsgConfig.cmake
-- Up-to-date: /opt/ros/kinetic/share/genmsg/cmake/genmsgConfig-version.cmake
-- Up-to-date: /opt/ros/kinetic/share/genmsg/package.xml
-- Up-to-date: /opt/ros/kinetic/share/genmsg/cmake/pkg-genmsg.cmake.em
-- Up-to-date: /opt/ros/kinetic/share/genmsg/cmake/pkg-genmsg.context.in
-- Up-to-date: /opt/ros/kinetic/share/genmsg/cmake/pkg-msg-extras.cmake.in
-- Up-to-date: /opt/ros/kinetic/share/genmsg/cmake/pkg-msg-paths.cmake.develspace.in
-- Up-to-date: /opt/ros/kinetic/share/genmsg/cmake/pkg-msg-paths.cmake.installspace.in
+ cd /Users/jaymingwong/Documents/code/ros-install-osx/kinetic_desktop_full_ws/src/genmsg
+ mkdir -p /opt/ros/kinetic/lib/python2.7/site-packages
+ /usr/bin/env PYTHONPATH=/opt/ros/kinetic/lib/python2.7/site-packages:/Users/jaymingwong/Documents/code/ros-install-osx/kinetic_desktop_full_ws/build/genmsg/lib/python2.7/site-packages:/opt/ros/kinetic/lib/python2.7/site-packages:/usr/local/lib/python2.7/site-packages/:/Users/jaymingwong/Documents/code/drake/build/lib/python2.7/site-packages/:/Users/jaymingwong/Documents/code/drake/build/lib/python2.7/dist-packages/:/Users/jaymingwong/Documents/code/wizard/externals/devina/devina/include/devina/lcm CATKIN_BINARY_DIR=/Users/jaymingwong/Documents/code/ros-install-osx/kinetic_desktop_full_ws/build/genmsg /usr/local/bin/python2 /Users/jaymingwong/Documents/code/ros-install-osx/kinetic_desktop_full_ws/src/genmsg/setup.py build --build-base /Users/jaymingwong/Documents/code/ros-install-osx/kinetic_desktop_full_ws/build/genmsg install --prefix=/opt/ros/kinetic --install-scripts=/opt/ros/kinetic/bin
running build
running build_py
running install
running install_lib
running install_egg_info
Removing /opt/ros/kinetic/lib/python2.7/site-packages/genmsg-0.5.11-py2.7.egg-info
Writing /opt/ros/kinetic/lib/python2.7/site-packages/genmsg-0.5.11-py2.7.egg-info
-- Up-to-date: /opt/ros/kinetic/lib/genmsg/genmsg_check_deps.py
