Linked: (/Users/jaymingwong/Documents/code/ros-install-osx/kinetic_desktop_full_ws/devel/.private/geometry_msgs/include/geometry_msgs/Accel.h, /Users/jaymingwong/Documents/code/ros-install-osx/kinetic_desktop_full_ws/devel/include/geometry_msgs/Accel.h)
Linked: (/Users/jaymingwong/Documents/code/ros-install-osx/kinetic_desktop_full_ws/devel/.private/geometry_msgs/include/geometry_msgs/AccelStamped.h, /Users/jaymingwong/Documents/code/ros-install-osx/kinetic_desktop_full_ws/devel/include/geometry_msgs/AccelStamped.h)
Linked: (/Users/jaymingwong/Documents/code/ros-install-osx/kinetic_desktop_full_ws/devel/.private/geometry_msgs/include/geometry_msgs/AccelWithCovariance.h, /Users/jaymingwong/Documents/code/ros-install-osx/kinetic_desktop_full_ws/devel/include/geometry_msgs/AccelWithCovariance.h)
Linked: (/Users/jaymingwong/Documents/code/ros-install-osx/kinetic_desktop_full_ws/devel/.private/geometry_msgs/include/geometry_msgs/AccelWithCovarianceStamped.h, /Users/jaymingwong/Documents/code/ros-install-osx/kinetic_desktop_full_ws/devel/include/geometry_msgs/AccelWithCovarianceStamped.h)
Linked: (/Users/jaymingwong/Documents/code/ros-install-osx/kinetic_desktop_full_ws/devel/.private/geometry_msgs/include/geometry_msgs/Inertia.h, /Users/jaymingwong/Documents/code/ros-install-osx/kinetic_desktop_full_ws/devel/include/geometry_msgs/Inertia.h)
Linked: (/Users/jaymingwong/Documents/code/ros-install-osx/kinetic_desktop_full_ws/devel/.private/geometry_msgs/include/geometry_msgs/InertiaStamped.h, /Users/jaymingwong/Documents/code/ros-install-osx/kinetic_desktop_full_ws/devel/include/geometry_msgs/InertiaStamped.h)
Linked: (/Users/jaymingwong/Documents/code/ros-install-osx/kinetic_desktop_full_ws/devel/.private/geometry_msgs/include/geometry_msgs/Point.h, /Users/jaymingwong/Documents/code/ros-install-osx/kinetic_desktop_full_ws/devel/include/geometry_msgs/Point.h)
Linked: (/Users/jaymingwong/Documents/code/ros-install-osx/kinetic_desktop_full_ws/devel/.private/geometry_msgs/include/geometry_msgs/Point32.h, /Users/jaymingwong/Documents/code/ros-install-osx/kinetic_desktop_full_ws/devel/include/geometry_msgs/Point32.h)
Linked: (/Users/jaymingwong/Documents/code/ros-install-osx/kinetic_desktop_full_ws/devel/.private/geometry_msgs/include/geometry_msgs/PointStamped.h, /Users/jaymingwong/Documents/code/ros-install-osx/kinetic_desktop_full_ws/devel/include/geometry_msgs/PointStamped.h)
Linked: (/Users/jaymingwong/Documents/code/ros-install-osx/kinetic_desktop_full_ws/devel/.private/geometry_msgs/include/geometry_msgs/Polygon.h, /Users/jaymingwong/Documents/code/ros-install-osx/kinetic_desktop_full_ws/devel/include/geometry_msgs/Polygon.h)
Linked: (/Users/jaymingwong/Documents/code/ros-install-osx/kinetic_desktop_full_ws/devel/.private/geometry_msgs/include/geometry_msgs/PolygonStamped.h, /Users/jaymingwong/Documents/code/ros-install-osx/kinetic_desktop_full_ws/devel/include/geometry_msgs/PolygonStamped.h)
Linked: (/Users/jaymingwong/Documents/code/ros-install-osx/kinetic_desktop_full_ws/devel/.private/geometry_msgs/include/geometry_msgs/Pose.h, /Users/jaymingwong/Documents/code/ros-install-osx/kinetic_desktop_full_ws/devel/include/geometry_msgs/Pose.h)
Linked: (/Users/jaymingwong/Documents/code/ros-install-osx/kinetic_desktop_full_ws/devel/.private/geometry_msgs/include/geometry_msgs/Pose2D.h, /Users/jaymingwong/Documents/code/ros-install-osx/kinetic_desktop_full_ws/devel/include/geometry_msgs/Pose2D.h)
Linked: (/Users/jaymingwong/Documents/code/ros-install-osx/kinetic_desktop_full_ws/devel/.private/geometry_msgs/include/geometry_msgs/PoseArray.h, /Users/jaymingwong/Documents/code/ros-install-osx/kinetic_desktop_full_ws/devel/include/geometry_msgs/PoseArray.h)
Linked: (/Users/jaymingwong/Documents/code/ros-install-osx/kinetic_desktop_full_ws/devel/.private/geometry_msgs/include/geometry_msgs/PoseStamped.h, /Users/jaymingwong/Documents/code/ros-install-osx/kinetic_desktop_full_ws/devel/include/geometry_msgs/PoseStamped.h)
Linked: (/Users/jaymingwong/Documents/code/ros-install-osx/kinetic_desktop_full_ws/devel/.private/geometry_msgs/include/geometry_msgs/PoseWithCovariance.h, /Users/jaymingwong/Documents/code/ros-install-osx/kinetic_desktop_full_ws/devel/include/geometry_msgs/PoseWithCovariance.h)
Linked: (/Users/jaymingwong/Documents/code/ros-install-osx/kinetic_desktop_full_ws/devel/.private/geometry_msgs/include/geometry_msgs/PoseWithCovarianceStamped.h, /Users/jaymingwong/Documents/code/ros-install-osx/kinetic_desktop_full_ws/devel/include/geometry_msgs/PoseWithCovarianceStamped.h)
Linked: (/Users/jaymingwong/Documents/code/ros-install-osx/kinetic_desktop_full_ws/devel/.private/geometry_msgs/include/geometry_msgs/Quaternion.h, /Users/jaymingwong/Documents/code/ros-install-osx/kinetic_desktop_full_ws/devel/include/geometry_msgs/Quaternion.h)
Linked: (/Users/jaymingwong/Documents/code/ros-install-osx/kinetic_desktop_full_ws/devel/.private/geometry_msgs/include/geometry_msgs/QuaternionStamped.h, /Users/jaymingwong/Documents/code/ros-install-osx/kinetic_desktop_full_ws/devel/include/geometry_msgs/QuaternionStamped.h)
Linked: (/Users/jaymingwong/Documents/code/ros-install-osx/kinetic_desktop_full_ws/devel/.private/geometry_msgs/include/geometry_msgs/Transform.h, /Users/jaymingwong/Documents/code/ros-install-osx/kinetic_desktop_full_ws/devel/include/geometry_msgs/Transform.h)
Linked: (/Users/jaymingwong/Documents/code/ros-install-osx/kinetic_desktop_full_ws/devel/.private/geometry_msgs/include/geometry_msgs/TransformStamped.h, /Users/jaymingwong/Documents/code/ros-install-osx/kinetic_desktop_full_ws/devel/include/geometry_msgs/TransformStamped.h)
Linked: (/Users/jaymingwong/Documents/code/ros-install-osx/kinetic_desktop_full_ws/devel/.private/geometry_msgs/include/geometry_msgs/Twist.h, /Users/jaymingwong/Documents/code/ros-install-osx/kinetic_desktop_full_ws/devel/include/geometry_msgs/Twist.h)
Linked: (/Users/jaymingwong/Documents/code/ros-install-osx/kinetic_desktop_full_ws/devel/.private/geometry_msgs/include/geometry_msgs/TwistStamped.h, /Users/jaymingwong/Documents/code/ros-install-osx/kinetic_desktop_full_ws/devel/include/geometry_msgs/TwistStamped.h)
Linked: (/Users/jaymingwong/Documents/code/ros-install-osx/kinetic_desktop_full_ws/devel/.private/geometry_msgs/include/geometry_msgs/TwistWithCovariance.h, /Users/jaymingwong/Documents/code/ros-install-osx/kinetic_desktop_full_ws/devel/include/geometry_msgs/TwistWithCovariance.h)
Linked: (/Users/jaymingwong/Documents/code/ros-install-osx/kinetic_desktop_full_ws/devel/.private/geometry_msgs/include/geometry_msgs/TwistWithCovarianceStamped.h, /Users/jaymingwong/Documents/code/ros-install-osx/kinetic_desktop_full_ws/devel/include/geometry_msgs/TwistWithCovarianceStamped.h)
Linked: (/Users/jaymingwong/Documents/code/ros-install-osx/kinetic_desktop_full_ws/devel/.private/geometry_msgs/include/geometry_msgs/Vector3.h, /Users/jaymingwong/Documents/code/ros-install-osx/kinetic_desktop_full_ws/devel/include/geometry_msgs/Vector3.h)
Linked: (/Users/jaymingwong/Documents/code/ros-install-osx/kinetic_desktop_full_ws/devel/.private/geometry_msgs/include/geometry_msgs/Vector3Stamped.h, /Users/jaymingwong/Documents/code/ros-install-osx/kinetic_desktop_full_ws/devel/include/geometry_msgs/Vector3Stamped.h)
Linked: (/Users/jaymingwong/Documents/code/ros-install-osx/kinetic_desktop_full_ws/devel/.private/geometry_msgs/include/geometry_msgs/Wrench.h, /Users/jaymingwong/Documents/code/ros-install-osx/kinetic_desktop_full_ws/devel/include/geometry_msgs/Wrench.h)
Linked: (/Users/jaymingwong/Documents/code/ros-install-osx/kinetic_desktop_full_ws/devel/.private/geometry_msgs/include/geometry_msgs/WrenchStamped.h, /Users/jaymingwong/Documents/code/ros-install-osx/kinetic_desktop_full_ws/devel/include/geometry_msgs/WrenchStamped.h)
Linked: (/Users/jaymingwong/Documents/code/ros-install-osx/kinetic_desktop_full_ws/devel/.private/geometry_msgs/lib/pkgconfig/geometry_msgs.pc, /Users/jaymingwong/Documents/code/ros-install-osx/kinetic_desktop_full_ws/devel/lib/pkgconfig/geometry_msgs.pc)
Linked: (/Users/jaymingwong/Documents/code/ros-install-osx/kinetic_desktop_full_ws/devel/.private/geometry_msgs/lib/python2.7/site-packages/geometry_msgs/__init__.py, /Users/jaymingwong/Documents/code/ros-install-osx/kinetic_desktop_full_ws/devel/lib/python2.7/site-packages/geometry_msgs/__init__.py)
Symlinking /Users/jaymingwong/Documents/code/ros-install-osx/kinetic_desktop_full_ws/devel/lib/python2.7/site-packages/geometry_msgs/__init__.pyc
Linked: (/Users/jaymingwong/Documents/code/ros-install-osx/kinetic_desktop_full_ws/devel/.private/geometry_msgs/lib/python2.7/site-packages/geometry_msgs/msg/__init__.py, /Users/jaymingwong/Documents/code/ros-install-osx/kinetic_desktop_full_ws/devel/lib/python2.7/site-packages/geometry_msgs/msg/__init__.py)
Symlinking /Users/jaymingwong/Documents/code/ros-install-osx/kinetic_desktop_full_ws/devel/lib/python2.7/site-packages/geometry_msgs/msg/__init__.pyc
Linked: (/Users/jaymingwong/Documents/code/ros-install-osx/kinetic_desktop_full_ws/devel/.private/geometry_msgs/lib/python2.7/site-packages/geometry_msgs/msg/_Accel.py, /Users/jaymingwong/Documents/code/ros-install-osx/kinetic_desktop_full_ws/devel/lib/python2.7/site-packages/geometry_msgs/msg/_Accel.py)
Symlinking /Users/jaymingwong/Documents/code/ros-install-osx/kinetic_desktop_full_ws/devel/lib/python2.7/site-packages/geometry_msgs/msg/_Accel.pyc
Linked: (/Users/jaymingwong/Documents/code/ros-install-osx/kinetic_desktop_full_ws/devel/.private/geometry_msgs/lib/python2.7/site-packages/geometry_msgs/msg/_AccelStamped.py, /Users/jaymingwong/Documents/code/ros-install-osx/kinetic_desktop_full_ws/devel/lib/python2.7/site-packages/geometry_msgs/msg/_AccelStamped.py)
Symlinking /Users/jaymingwong/Documents/code/ros-install-osx/kinetic_desktop_full_ws/devel/lib/python2.7/site-packages/geometry_msgs/msg/_AccelStamped.pyc
Linked: (/Users/jaymingwong/Documents/code/ros-install-osx/kinetic_desktop_full_ws/devel/.private/geometry_msgs/lib/python2.7/site-packages/geometry_msgs/msg/_AccelWithCovariance.py, /Users/jaymingwong/Documents/code/ros-install-osx/kinetic_desktop_full_ws/devel/lib/python2.7/site-packages/geometry_msgs/msg/_AccelWithCovariance.py)
Symlinking /Users/jaymingwong/Documents/code/ros-install-osx/kinetic_desktop_full_ws/devel/lib/python2.7/site-packages/geometry_msgs/msg/_AccelWithCovariance.pyc
Linked: (/Users/jaymingwong/Documents/code/ros-install-osx/kinetic_desktop_full_ws/devel/.private/geometry_msgs/lib/python2.7/site-packages/geometry_msgs/msg/_AccelWithCovarianceStamped.py, /Users/jaymingwong/Documents/code/ros-install-osx/kinetic_desktop_full_ws/devel/lib/python2.7/site-packages/geometry_msgs/msg/_AccelWithCovarianceStamped.py)
Symlinking /Users/jaymingwong/Documents/code/ros-install-osx/kinetic_desktop_full_ws/devel/lib/python2.7/site-packages/geometry_msgs/msg/_AccelWithCovarianceStamped.pyc
Linked: (/Users/jaymingwong/Documents/code/ros-install-osx/kinetic_desktop_full_ws/devel/.private/geometry_msgs/lib/python2.7/site-packages/geometry_msgs/msg/_Inertia.py, /Users/jaymingwong/Documents/code/ros-install-osx/kinetic_desktop_full_ws/devel/lib/python2.7/site-packages/geometry_msgs/msg/_Inertia.py)
Symlinking /Users/jaymingwong/Documents/code/ros-install-osx/kinetic_desktop_full_ws/devel/lib/python2.7/site-packages/geometry_msgs/msg/_Inertia.pyc
Linked: (/Users/jaymingwong/Documents/code/ros-install-osx/kinetic_desktop_full_ws/devel/.private/geometry_msgs/lib/python2.7/site-packages/geometry_msgs/msg/_InertiaStamped.py, /Users/jaymingwong/Documents/code/ros-install-osx/kinetic_desktop_full_ws/devel/lib/python2.7/site-packages/geometry_msgs/msg/_InertiaStamped.py)
Symlinking /Users/jaymingwong/Documents/code/ros-install-osx/kinetic_desktop_full_ws/devel/lib/python2.7/site-packages/geometry_msgs/msg/_InertiaStamped.pyc
Linked: (/Users/jaymingwong/Documents/code/ros-install-osx/kinetic_desktop_full_ws/devel/.private/geometry_msgs/lib/python2.7/site-packages/geometry_msgs/msg/_Point.py, /Users/jaymingwong/Documents/code/ros-install-osx/kinetic_desktop_full_ws/devel/lib/python2.7/site-packages/geometry_msgs/msg/_Point.py)
Symlinking /Users/jaymingwong/Documents/code/ros-install-osx/kinetic_desktop_full_ws/devel/lib/python2.7/site-packages/geometry_msgs/msg/_Point.pyc
Linked: (/Users/jaymingwong/Documents/code/ros-install-osx/kinetic_desktop_full_ws/devel/.private/geometry_msgs/lib/python2.7/site-packages/geometry_msgs/msg/_Point32.py, /Users/jaymingwong/Documents/code/ros-install-osx/kinetic_desktop_full_ws/devel/lib/python2.7/site-packages/geometry_msgs/msg/_Point32.py)
Symlinking /Users/jaymingwong/Documents/code/ros-install-osx/kinetic_desktop_full_ws/devel/lib/python2.7/site-packages/geometry_msgs/msg/_Point32.pyc
Linked: (/Users/jaymingwong/Documents/code/ros-install-osx/kinetic_desktop_full_ws/devel/.private/geometry_msgs/lib/python2.7/site-packages/geometry_msgs/msg/_PointStamped.py, /Users/jaymingwong/Documents/code/ros-install-osx/kinetic_desktop_full_ws/devel/lib/python2.7/site-packages/geometry_msgs/msg/_PointStamped.py)
Symlinking /Users/jaymingwong/Documents/code/ros-install-osx/kinetic_desktop_full_ws/devel/lib/python2.7/site-packages/geometry_msgs/msg/_PointStamped.pyc
Linked: (/Users/jaymingwong/Documents/code/ros-install-osx/kinetic_desktop_full_ws/devel/.private/geometry_msgs/lib/python2.7/site-packages/geometry_msgs/msg/_Polygon.py, /Users/jaymingwong/Documents/code/ros-install-osx/kinetic_desktop_full_ws/devel/lib/python2.7/site-packages/geometry_msgs/msg/_Polygon.py)
Symlinking /Users/jaymingwong/Documents/code/ros-install-osx/kinetic_desktop_full_ws/devel/lib/python2.7/site-packages/geometry_msgs/msg/_Polygon.pyc
Linked: (/Users/jaymingwong/Documents/code/ros-install-osx/kinetic_desktop_full_ws/devel/.private/geometry_msgs/lib/python2.7/site-packages/geometry_msgs/msg/_PolygonStamped.py, /Users/jaymingwong/Documents/code/ros-install-osx/kinetic_desktop_full_ws/devel/lib/python2.7/site-packages/geometry_msgs/msg/_PolygonStamped.py)
Symlinking /Users/jaymingwong/Documents/code/ros-install-osx/kinetic_desktop_full_ws/devel/lib/python2.7/site-packages/geometry_msgs/msg/_PolygonStamped.pyc
Linked: (/Users/jaymingwong/Documents/code/ros-install-osx/kinetic_desktop_full_ws/devel/.private/geometry_msgs/lib/python2.7/site-packages/geometry_msgs/msg/_Pose.py, /Users/jaymingwong/Documents/code/ros-install-osx/kinetic_desktop_full_ws/devel/lib/python2.7/site-packages/geometry_msgs/msg/_Pose.py)
Symlinking /Users/jaymingwong/Documents/code/ros-install-osx/kinetic_desktop_full_ws/devel/lib/python2.7/site-packages/geometry_msgs/msg/_Pose.pyc
Linked: (/Users/jaymingwong/Documents/code/ros-install-osx/kinetic_desktop_full_ws/devel/.private/geometry_msgs/lib/python2.7/site-packages/geometry_msgs/msg/_Pose2D.py, /Users/jaymingwong/Documents/code/ros-install-osx/kinetic_desktop_full_ws/devel/lib/python2.7/site-packages/geometry_msgs/msg/_Pose2D.py)
Symlinking /Users/jaymingwong/Documents/code/ros-install-osx/kinetic_desktop_full_ws/devel/lib/python2.7/site-packages/geometry_msgs/msg/_Pose2D.pyc
Linked: (/Users/jaymingwong/Documents/code/ros-install-osx/kinetic_desktop_full_ws/devel/.private/geometry_msgs/lib/python2.7/site-packages/geometry_msgs/msg/_PoseArray.py, /Users/jaymingwong/Documents/code/ros-install-osx/kinetic_desktop_full_ws/devel/lib/python2.7/site-packages/geometry_msgs/msg/_PoseArray.py)
Symlinking /Users/jaymingwong/Documents/code/ros-install-osx/kinetic_desktop_full_ws/devel/lib/python2.7/site-packages/geometry_msgs/msg/_PoseArray.pyc
Linked: (/Users/jaymingwong/Documents/code/ros-install-osx/kinetic_desktop_full_ws/devel/.private/geometry_msgs/lib/python2.7/site-packages/geometry_msgs/msg/_PoseStamped.py, /Users/jaymingwong/Documents/code/ros-install-osx/kinetic_desktop_full_ws/devel/lib/python2.7/site-packages/geometry_msgs/msg/_PoseStamped.py)
Symlinking /Users/jaymingwong/Documents/code/ros-install-osx/kinetic_desktop_full_ws/devel/lib/python2.7/site-packages/geometry_msgs/msg/_PoseStamped.pyc
Linked: (/Users/jaymingwong/Documents/code/ros-install-osx/kinetic_desktop_full_ws/devel/.private/geometry_msgs/lib/python2.7/site-packages/geometry_msgs/msg/_PoseWithCovariance.py, /Users/jaymingwong/Documents/code/ros-install-osx/kinetic_desktop_full_ws/devel/lib/python2.7/site-packages/geometry_msgs/msg/_PoseWithCovariance.py)
Symlinking /Users/jaymingwong/Documents/code/ros-install-osx/kinetic_desktop_full_ws/devel/lib/python2.7/site-packages/geometry_msgs/msg/_PoseWithCovariance.pyc
Linked: (/Users/jaymingwong/Documents/code/ros-install-osx/kinetic_desktop_full_ws/devel/.private/geometry_msgs/lib/python2.7/site-packages/geometry_msgs/msg/_PoseWithCovarianceStamped.py, /Users/jaymingwong/Documents/code/ros-install-osx/kinetic_desktop_full_ws/devel/lib/python2.7/site-packages/geometry_msgs/msg/_PoseWithCovarianceStamped.py)
Symlinking /Users/jaymingwong/Documents/code/ros-install-osx/kinetic_desktop_full_ws/devel/lib/python2.7/site-packages/geometry_msgs/msg/_PoseWithCovarianceStamped.pyc
Linked: (/Users/jaymingwong/Documents/code/ros-install-osx/kinetic_desktop_full_ws/devel/.private/geometry_msgs/lib/python2.7/site-packages/geometry_msgs/msg/_Quaternion.py, /Users/jaymingwong/Documents/code/ros-install-osx/kinetic_desktop_full_ws/devel/lib/python2.7/site-packages/geometry_msgs/msg/_Quaternion.py)
Symlinking /Users/jaymingwong/Documents/code/ros-install-osx/kinetic_desktop_full_ws/devel/lib/python2.7/site-packages/geometry_msgs/msg/_Quaternion.pyc
Linked: (/Users/jaymingwong/Documents/code/ros-install-osx/kinetic_desktop_full_ws/devel/.private/geometry_msgs/lib/python2.7/site-packages/geometry_msgs/msg/_QuaternionStamped.py, /Users/jaymingwong/Documents/code/ros-install-osx/kinetic_desktop_full_ws/devel/lib/python2.7/site-packages/geometry_msgs/msg/_QuaternionStamped.py)
Symlinking /Users/jaymingwong/Documents/code/ros-install-osx/kinetic_desktop_full_ws/devel/lib/python2.7/site-packages/geometry_msgs/msg/_QuaternionStamped.pyc
Linked: (/Users/jaymingwong/Documents/code/ros-install-osx/kinetic_desktop_full_ws/devel/.private/geometry_msgs/lib/python2.7/site-packages/geometry_msgs/msg/_Transform.py, /Users/jaymingwong/Documents/code/ros-install-osx/kinetic_desktop_full_ws/devel/lib/python2.7/site-packages/geometry_msgs/msg/_Transform.py)
Symlinking /Users/jaymingwong/Documents/code/ros-install-osx/kinetic_desktop_full_ws/devel/lib/python2.7/site-packages/geometry_msgs/msg/_Transform.pyc
Linked: (/Users/jaymingwong/Documents/code/ros-install-osx/kinetic_desktop_full_ws/devel/.private/geometry_msgs/lib/python2.7/site-packages/geometry_msgs/msg/_TransformStamped.py, /Users/jaymingwong/Documents/code/ros-install-osx/kinetic_desktop_full_ws/devel/lib/python2.7/site-packages/geometry_msgs/msg/_TransformStamped.py)
Symlinking /Users/jaymingwong/Documents/code/ros-install-osx/kinetic_desktop_full_ws/devel/lib/python2.7/site-packages/geometry_msgs/msg/_TransformStamped.pyc
Linked: (/Users/jaymingwong/Documents/code/ros-install-osx/kinetic_desktop_full_ws/devel/.private/geometry_msgs/lib/python2.7/site-packages/geometry_msgs/msg/_Twist.py, /Users/jaymingwong/Documents/code/ros-install-osx/kinetic_desktop_full_ws/devel/lib/python2.7/site-packages/geometry_msgs/msg/_Twist.py)
Symlinking /Users/jaymingwong/Documents/code/ros-install-osx/kinetic_desktop_full_ws/devel/lib/python2.7/site-packages/geometry_msgs/msg/_Twist.pyc
Linked: (/Users/jaymingwong/Documents/code/ros-install-osx/kinetic_desktop_full_ws/devel/.private/geometry_msgs/lib/python2.7/site-packages/geometry_msgs/msg/_TwistStamped.py, /Users/jaymingwong/Documents/code/ros-install-osx/kinetic_desktop_full_ws/devel/lib/python2.7/site-packages/geometry_msgs/msg/_TwistStamped.py)
Symlinking /Users/jaymingwong/Documents/code/ros-install-osx/kinetic_desktop_full_ws/devel/lib/python2.7/site-packages/geometry_msgs/msg/_TwistStamped.pyc
Linked: (/Users/jaymingwong/Documents/code/ros-install-osx/kinetic_desktop_full_ws/devel/.private/geometry_msgs/lib/python2.7/site-packages/geometry_msgs/msg/_TwistWithCovariance.py, /Users/jaymingwong/Documents/code/ros-install-osx/kinetic_desktop_full_ws/devel/lib/python2.7/site-packages/geometry_msgs/msg/_TwistWithCovariance.py)
Symlinking /Users/jaymingwong/Documents/code/ros-install-osx/kinetic_desktop_full_ws/devel/lib/python2.7/site-packages/geometry_msgs/msg/_TwistWithCovariance.pyc
Linked: (/Users/jaymingwong/Documents/code/ros-install-osx/kinetic_desktop_full_ws/devel/.private/geometry_msgs/lib/python2.7/site-packages/geometry_msgs/msg/_TwistWithCovarianceStamped.py, /Users/jaymingwong/Documents/code/ros-install-osx/kinetic_desktop_full_ws/devel/lib/python2.7/site-packages/geometry_msgs/msg/_TwistWithCovarianceStamped.py)
Symlinking /Users/jaymingwong/Documents/code/ros-install-osx/kinetic_desktop_full_ws/devel/lib/python2.7/site-packages/geometry_msgs/msg/_TwistWithCovarianceStamped.pyc
Linked: (/Users/jaymingwong/Documents/code/ros-install-osx/kinetic_desktop_full_ws/devel/.private/geometry_msgs/lib/python2.7/site-packages/geometry_msgs/msg/_Vector3.py, /Users/jaymingwong/Documents/code/ros-install-osx/kinetic_desktop_full_ws/devel/lib/python2.7/site-packages/geometry_msgs/msg/_Vector3.py)
Symlinking /Users/jaymingwong/Documents/code/ros-install-osx/kinetic_desktop_full_ws/devel/lib/python2.7/site-packages/geometry_msgs/msg/_Vector3.pyc
Linked: (/Users/jaymingwong/Documents/code/ros-install-osx/kinetic_desktop_full_ws/devel/.private/geometry_msgs/lib/python2.7/site-packages/geometry_msgs/msg/_Vector3Stamped.py, /Users/jaymingwong/Documents/code/ros-install-osx/kinetic_desktop_full_ws/devel/lib/python2.7/site-packages/geometry_msgs/msg/_Vector3Stamped.py)
Symlinking /Users/jaymingwong/Documents/code/ros-install-osx/kinetic_desktop_full_ws/devel/lib/python2.7/site-packages/geometry_msgs/msg/_Vector3Stamped.pyc
Linked: (/Users/jaymingwong/Documents/code/ros-install-osx/kinetic_desktop_full_ws/devel/.private/geometry_msgs/lib/python2.7/site-packages/geometry_msgs/msg/_Wrench.py, /Users/jaymingwong/Documents/code/ros-install-osx/kinetic_desktop_full_ws/devel/lib/python2.7/site-packages/geometry_msgs/msg/_Wrench.py)
Symlinking /Users/jaymingwong/Documents/code/ros-install-osx/kinetic_desktop_full_ws/devel/lib/python2.7/site-packages/geometry_msgs/msg/_Wrench.pyc
Linked: (/Users/jaymingwong/Documents/code/ros-install-osx/kinetic_desktop_full_ws/devel/.private/geometry_msgs/lib/python2.7/site-packages/geometry_msgs/msg/_WrenchStamped.py, /Users/jaymingwong/Documents/code/ros-install-osx/kinetic_desktop_full_ws/devel/lib/python2.7/site-packages/geometry_msgs/msg/_WrenchStamped.py)
Symlinking /Users/jaymingwong/Documents/code/ros-install-osx/kinetic_desktop_full_ws/devel/lib/python2.7/site-packages/geometry_msgs/msg/_WrenchStamped.pyc
Linked: (/Users/jaymingwong/Documents/code/ros-install-osx/kinetic_desktop_full_ws/devel/.private/geometry_msgs/share/common-lisp/ros/geometry_msgs/msg/_package.lisp, /Users/jaymingwong/Documents/code/ros-install-osx/kinetic_desktop_full_ws/devel/share/common-lisp/ros/geometry_msgs/msg/_package.lisp)
Linked: (/Users/jaymingwong/Documents/code/ros-install-osx/kinetic_desktop_full_ws/devel/.private/geometry_msgs/share/common-lisp/ros/geometry_msgs/msg/_package_Accel.lisp, /Users/jaymingwong/Documents/code/ros-install-osx/kinetic_desktop_full_ws/devel/share/common-lisp/ros/geometry_msgs/msg/_package_Accel.lisp)
Linked: (/Users/jaymingwong/Documents/code/ros-install-osx/kinetic_desktop_full_ws/devel/.private/geometry_msgs/share/common-lisp/ros/geometry_msgs/msg/_package_AccelStamped.lisp, /Users/jaymingwong/Documents/code/ros-install-osx/kinetic_desktop_full_ws/devel/share/common-lisp/ros/geometry_msgs/msg/_package_AccelStamped.lisp)
Linked: (/Users/jaymingwong/Documents/code/ros-install-osx/kinetic_desktop_full_ws/devel/.private/geometry_msgs/share/common-lisp/ros/geometry_msgs/msg/_package_AccelWithCovariance.lisp, /Users/jaymingwong/Documents/code/ros-install-osx/kinetic_desktop_full_ws/devel/share/common-lisp/ros/geometry_msgs/msg/_package_AccelWithCovariance.lisp)
Linked: (/Users/jaymingwong/Documents/code/ros-install-osx/kinetic_desktop_full_ws/devel/.private/geometry_msgs/share/common-lisp/ros/geometry_msgs/msg/_package_AccelWithCovarianceStamped.lisp, /Users/jaymingwong/Documents/code/ros-install-osx/kinetic_desktop_full_ws/devel/share/common-lisp/ros/geometry_msgs/msg/_package_AccelWithCovarianceStamped.lisp)
Linked: (/Users/jaymingwong/Documents/code/ros-install-osx/kinetic_desktop_full_ws/devel/.private/geometry_msgs/share/common-lisp/ros/geometry_msgs/msg/_package_Inertia.lisp, /Users/jaymingwong/Documents/code/ros-install-osx/kinetic_desktop_full_ws/devel/share/common-lisp/ros/geometry_msgs/msg/_package_Inertia.lisp)
Linked: (/Users/jaymingwong/Documents/code/ros-install-osx/kinetic_desktop_full_ws/devel/.private/geometry_msgs/share/common-lisp/ros/geometry_msgs/msg/_package_InertiaStamped.lisp, /Users/jaymingwong/Documents/code/ros-install-osx/kinetic_desktop_full_ws/devel/share/common-lisp/ros/geometry_msgs/msg/_package_InertiaStamped.lisp)
Linked: (/Users/jaymingwong/Documents/code/ros-install-osx/kinetic_desktop_full_ws/devel/.private/geometry_msgs/share/common-lisp/ros/geometry_msgs/msg/_package_Point.lisp, /Users/jaymingwong/Documents/code/ros-install-osx/kinetic_desktop_full_ws/devel/share/common-lisp/ros/geometry_msgs/msg/_package_Point.lisp)
Linked: (/Users/jaymingwong/Documents/code/ros-install-osx/kinetic_desktop_full_ws/devel/.private/geometry_msgs/share/common-lisp/ros/geometry_msgs/msg/_package_Point32.lisp, /Users/jaymingwong/Documents/code/ros-install-osx/kinetic_desktop_full_ws/devel/share/common-lisp/ros/geometry_msgs/msg/_package_Point32.lisp)
Linked: (/Users/jaymingwong/Documents/code/ros-install-osx/kinetic_desktop_full_ws/devel/.private/geometry_msgs/share/common-lisp/ros/geometry_msgs/msg/_package_PointStamped.lisp, /Users/jaymingwong/Documents/code/ros-install-osx/kinetic_desktop_full_ws/devel/share/common-lisp/ros/geometry_msgs/msg/_package_PointStamped.lisp)
Linked: (/Users/jaymingwong/Documents/code/ros-install-osx/kinetic_desktop_full_ws/devel/.private/geometry_msgs/share/common-lisp/ros/geometry_msgs/msg/_package_Polygon.lisp, /Users/jaymingwong/Documents/code/ros-install-osx/kinetic_desktop_full_ws/devel/share/common-lisp/ros/geometry_msgs/msg/_package_Polygon.lisp)
Linked: (/Users/jaymingwong/Documents/code/ros-install-osx/kinetic_desktop_full_ws/devel/.private/geometry_msgs/share/common-lisp/ros/geometry_msgs/msg/_package_PolygonStamped.lisp, /Users/jaymingwong/Documents/code/ros-install-osx/kinetic_desktop_full_ws/devel/share/common-lisp/ros/geometry_msgs/msg/_package_PolygonStamped.lisp)
Linked: (/Users/jaymingwong/Documents/code/ros-install-osx/kinetic_desktop_full_ws/devel/.private/geometry_msgs/share/common-lisp/ros/geometry_msgs/msg/_package_Pose.lisp, /Users/jaymingwong/Documents/code/ros-install-osx/kinetic_desktop_full_ws/devel/share/common-lisp/ros/geometry_msgs/msg/_package_Pose.lisp)
Linked: (/Users/jaymingwong/Documents/code/ros-install-osx/kinetic_desktop_full_ws/devel/.private/geometry_msgs/share/common-lisp/ros/geometry_msgs/msg/_package_Pose2D.lisp, /Users/jaymingwong/Documents/code/ros-install-osx/kinetic_desktop_full_ws/devel/share/common-lisp/ros/geometry_msgs/msg/_package_Pose2D.lisp)
Linked: (/Users/jaymingwong/Documents/code/ros-install-osx/kinetic_desktop_full_ws/devel/.private/geometry_msgs/share/common-lisp/ros/geometry_msgs/msg/_package_PoseArray.lisp, /Users/jaymingwong/Documents/code/ros-install-osx/kinetic_desktop_full_ws/devel/share/common-lisp/ros/geometry_msgs/msg/_package_PoseArray.lisp)
Linked: (/Users/jaymingwong/Documents/code/ros-install-osx/kinetic_desktop_full_ws/devel/.private/geometry_msgs/share/common-lisp/ros/geometry_msgs/msg/_package_PoseStamped.lisp, /Users/jaymingwong/Documents/code/ros-install-osx/kinetic_desktop_full_ws/devel/share/common-lisp/ros/geometry_msgs/msg/_package_PoseStamped.lisp)
Linked: (/Users/jaymingwong/Documents/code/ros-install-osx/kinetic_desktop_full_ws/devel/.private/geometry_msgs/share/common-lisp/ros/geometry_msgs/msg/_package_PoseWithCovariance.lisp, /Users/jaymingwong/Documents/code/ros-install-osx/kinetic_desktop_full_ws/devel/share/common-lisp/ros/geometry_msgs/msg/_package_PoseWithCovariance.lisp)
Linked: (/Users/jaymingwong/Documents/code/ros-install-osx/kinetic_desktop_full_ws/devel/.private/geometry_msgs/share/common-lisp/ros/geometry_msgs/msg/_package_PoseWithCovarianceStamped.lisp, /Users/jaymingwong/Documents/code/ros-install-osx/kinetic_desktop_full_ws/devel/share/common-lisp/ros/geometry_msgs/msg/_package_PoseWithCovarianceStamped.lisp)
Linked: (/Users/jaymingwong/Documents/code/ros-install-osx/kinetic_desktop_full_ws/devel/.private/geometry_msgs/share/common-lisp/ros/geometry_msgs/msg/_package_Quaternion.lisp, /Users/jaymingwong/Documents/code/ros-install-osx/kinetic_desktop_full_ws/devel/share/common-lisp/ros/geometry_msgs/msg/_package_Quaternion.lisp)
Linked: (/Users/jaymingwong/Documents/code/ros-install-osx/kinetic_desktop_full_ws/devel/.private/geometry_msgs/share/common-lisp/ros/geometry_msgs/msg/_package_QuaternionStamped.lisp, /Users/jaymingwong/Documents/code/ros-install-osx/kinetic_desktop_full_ws/devel/share/common-lisp/ros/geometry_msgs/msg/_package_QuaternionStamped.lisp)
Linked: (/Users/jaymingwong/Documents/code/ros-install-osx/kinetic_desktop_full_ws/devel/.private/geometry_msgs/share/common-lisp/ros/geometry_msgs/msg/_package_Transform.lisp, /Users/jaymingwong/Documents/code/ros-install-osx/kinetic_desktop_full_ws/devel/share/common-lisp/ros/geometry_msgs/msg/_package_Transform.lisp)
Linked: (/Users/jaymingwong/Documents/code/ros-install-osx/kinetic_desktop_full_ws/devel/.private/geometry_msgs/share/common-lisp/ros/geometry_msgs/msg/_package_TransformStamped.lisp, /Users/jaymingwong/Documents/code/ros-install-osx/kinetic_desktop_full_ws/devel/share/common-lisp/ros/geometry_msgs/msg/_package_TransformStamped.lisp)
Linked: (/Users/jaymingwong/Documents/code/ros-install-osx/kinetic_desktop_full_ws/devel/.private/geometry_msgs/share/common-lisp/ros/geometry_msgs/msg/_package_Twist.lisp, /Users/jaymingwong/Documents/code/ros-install-osx/kinetic_desktop_full_ws/devel/share/common-lisp/ros/geometry_msgs/msg/_package_Twist.lisp)
Linked: (/Users/jaymingwong/Documents/code/ros-install-osx/kinetic_desktop_full_ws/devel/.private/geometry_msgs/share/common-lisp/ros/geometry_msgs/msg/_package_TwistStamped.lisp, /Users/jaymingwong/Documents/code/ros-install-osx/kinetic_desktop_full_ws/devel/share/common-lisp/ros/geometry_msgs/msg/_package_TwistStamped.lisp)
Linked: (/Users/jaymingwong/Documents/code/ros-install-osx/kinetic_desktop_full_ws/devel/.private/geometry_msgs/share/common-lisp/ros/geometry_msgs/msg/_package_TwistWithCovariance.lisp, /Users/jaymingwong/Documents/code/ros-install-osx/kinetic_desktop_full_ws/devel/share/common-lisp/ros/geometry_msgs/msg/_package_TwistWithCovariance.lisp)
Linked: (/Users/jaymingwong/Documents/code/ros-install-osx/kinetic_desktop_full_ws/devel/.private/geometry_msgs/share/common-lisp/ros/geometry_msgs/msg/_package_TwistWithCovarianceStamped.lisp, /Users/jaymingwong/Documents/code/ros-install-osx/kinetic_desktop_full_ws/devel/share/common-lisp/ros/geometry_msgs/msg/_package_TwistWithCovarianceStamped.lisp)
Linked: (/Users/jaymingwong/Documents/code/ros-install-osx/kinetic_desktop_full_ws/devel/.private/geometry_msgs/share/common-lisp/ros/geometry_msgs/msg/_package_Vector3.lisp, /Users/jaymingwong/Documents/code/ros-install-osx/kinetic_desktop_full_ws/devel/share/common-lisp/ros/geometry_msgs/msg/_package_Vector3.lisp)
Linked: (/Users/jaymingwong/Documents/code/ros-install-osx/kinetic_desktop_full_ws/devel/.private/geometry_msgs/share/common-lisp/ros/geometry_msgs/msg/_package_Vector3Stamped.lisp, /Users/jaymingwong/Documents/code/ros-install-osx/kinetic_desktop_full_ws/devel/share/common-lisp/ros/geometry_msgs/msg/_package_Vector3Stamped.lisp)
Linked: (/Users/jaymingwong/Documents/code/ros-install-osx/kinetic_desktop_full_ws/devel/.private/geometry_msgs/share/common-lisp/ros/geometry_msgs/msg/_package_Wrench.lisp, /Users/jaymingwong/Documents/code/ros-install-osx/kinetic_desktop_full_ws/devel/share/common-lisp/ros/geometry_msgs/msg/_package_Wrench.lisp)
Linked: (/Users/jaymingwong/Documents/code/ros-install-osx/kinetic_desktop_full_ws/devel/.private/geometry_msgs/share/common-lisp/ros/geometry_msgs/msg/_package_WrenchStamped.lisp, /Users/jaymingwong/Documents/code/ros-install-osx/kinetic_desktop_full_ws/devel/share/common-lisp/ros/geometry_msgs/msg/_package_WrenchStamped.lisp)
Linked: (/Users/jaymingwong/Documents/code/ros-install-osx/kinetic_desktop_full_ws/devel/.private/geometry_msgs/share/common-lisp/ros/geometry_msgs/msg/Accel.lisp, /Users/jaymingwong/Documents/code/ros-install-osx/kinetic_desktop_full_ws/devel/share/common-lisp/ros/geometry_msgs/msg/Accel.lisp)
Linked: (/Users/jaymingwong/Documents/code/ros-install-osx/kinetic_desktop_full_ws/devel/.private/geometry_msgs/share/common-lisp/ros/geometry_msgs/msg/AccelStamped.lisp, /Users/jaymingwong/Documents/code/ros-install-osx/kinetic_desktop_full_ws/devel/share/common-lisp/ros/geometry_msgs/msg/AccelStamped.lisp)
Linked: (/Users/jaymingwong/Documents/code/ros-install-osx/kinetic_desktop_full_ws/devel/.private/geometry_msgs/share/common-lisp/ros/geometry_msgs/msg/AccelWithCovariance.lisp, /Users/jaymingwong/Documents/code/ros-install-osx/kinetic_desktop_full_ws/devel/share/common-lisp/ros/geometry_msgs/msg/AccelWithCovariance.lisp)
Linked: (/Users/jaymingwong/Documents/code/ros-install-osx/kinetic_desktop_full_ws/devel/.private/geometry_msgs/share/common-lisp/ros/geometry_msgs/msg/AccelWithCovarianceStamped.lisp, /Users/jaymingwong/Documents/code/ros-install-osx/kinetic_desktop_full_ws/devel/share/common-lisp/ros/geometry_msgs/msg/AccelWithCovarianceStamped.lisp)
Linked: (/Users/jaymingwong/Documents/code/ros-install-osx/kinetic_desktop_full_ws/devel/.private/geometry_msgs/share/common-lisp/ros/geometry_msgs/msg/geometry_msgs-msg.asd, /Users/jaymingwong/Documents/code/ros-install-osx/kinetic_desktop_full_ws/devel/share/common-lisp/ros/geometry_msgs/msg/geometry_msgs-msg.asd)
Linked: (/Users/jaymingwong/Documents/code/ros-install-osx/kinetic_desktop_full_ws/devel/.private/geometry_msgs/share/common-lisp/ros/geometry_msgs/msg/Inertia.lisp, /Users/jaymingwong/Documents/code/ros-install-osx/kinetic_desktop_full_ws/devel/share/common-lisp/ros/geometry_msgs/msg/Inertia.lisp)
Linked: (/Users/jaymingwong/Documents/code/ros-install-osx/kinetic_desktop_full_ws/devel/.private/geometry_msgs/share/common-lisp/ros/geometry_msgs/msg/InertiaStamped.lisp, /Users/jaymingwong/Documents/code/ros-install-osx/kinetic_desktop_full_ws/devel/share/common-lisp/ros/geometry_msgs/msg/InertiaStamped.lisp)
Linked: (/Users/jaymingwong/Documents/code/ros-install-osx/kinetic_desktop_full_ws/devel/.private/geometry_msgs/share/common-lisp/ros/geometry_msgs/msg/Point.lisp, /Users/jaymingwong/Documents/code/ros-install-osx/kinetic_desktop_full_ws/devel/share/common-lisp/ros/geometry_msgs/msg/Point.lisp)
Linked: (/Users/jaymingwong/Documents/code/ros-install-osx/kinetic_desktop_full_ws/devel/.private/geometry_msgs/share/common-lisp/ros/geometry_msgs/msg/Point32.lisp, /Users/jaymingwong/Documents/code/ros-install-osx/kinetic_desktop_full_ws/devel/share/common-lisp/ros/geometry_msgs/msg/Point32.lisp)
Linked: (/Users/jaymingwong/Documents/code/ros-install-osx/kinetic_desktop_full_ws/devel/.private/geometry_msgs/share/common-lisp/ros/geometry_msgs/msg/PointStamped.lisp, /Users/jaymingwong/Documents/code/ros-install-osx/kinetic_desktop_full_ws/devel/share/common-lisp/ros/geometry_msgs/msg/PointStamped.lisp)
Linked: (/Users/jaymingwong/Documents/code/ros-install-osx/kinetic_desktop_full_ws/devel/.private/geometry_msgs/share/common-lisp/ros/geometry_msgs/msg/Polygon.lisp, /Users/jaymingwong/Documents/code/ros-install-osx/kinetic_desktop_full_ws/devel/share/common-lisp/ros/geometry_msgs/msg/Polygon.lisp)
Linked: (/Users/jaymingwong/Documents/code/ros-install-osx/kinetic_desktop_full_ws/devel/.private/geometry_msgs/share/common-lisp/ros/geometry_msgs/msg/PolygonStamped.lisp, /Users/jaymingwong/Documents/code/ros-install-osx/kinetic_desktop_full_ws/devel/share/common-lisp/ros/geometry_msgs/msg/PolygonStamped.lisp)
Linked: (/Users/jaymingwong/Documents/code/ros-install-osx/kinetic_desktop_full_ws/devel/.private/geometry_msgs/share/common-lisp/ros/geometry_msgs/msg/Pose.lisp, /Users/jaymingwong/Documents/code/ros-install-osx/kinetic_desktop_full_ws/devel/share/common-lisp/ros/geometry_msgs/msg/Pose.lisp)
Linked: (/Users/jaymingwong/Documents/code/ros-install-osx/kinetic_desktop_full_ws/devel/.private/geometry_msgs/share/common-lisp/ros/geometry_msgs/msg/Pose2D.lisp, /Users/jaymingwong/Documents/code/ros-install-osx/kinetic_desktop_full_ws/devel/share/common-lisp/ros/geometry_msgs/msg/Pose2D.lisp)
Linked: (/Users/jaymingwong/Documents/code/ros-install-osx/kinetic_desktop_full_ws/devel/.private/geometry_msgs/share/common-lisp/ros/geometry_msgs/msg/PoseArray.lisp, /Users/jaymingwong/Documents/code/ros-install-osx/kinetic_desktop_full_ws/devel/share/common-lisp/ros/geometry_msgs/msg/PoseArray.lisp)
Linked: (/Users/jaymingwong/Documents/code/ros-install-osx/kinetic_desktop_full_ws/devel/.private/geometry_msgs/share/common-lisp/ros/geometry_msgs/msg/PoseStamped.lisp, /Users/jaymingwong/Documents/code/ros-install-osx/kinetic_desktop_full_ws/devel/share/common-lisp/ros/geometry_msgs/msg/PoseStamped.lisp)
Linked: (/Users/jaymingwong/Documents/code/ros-install-osx/kinetic_desktop_full_ws/devel/.private/geometry_msgs/share/common-lisp/ros/geometry_msgs/msg/PoseWithCovariance.lisp, /Users/jaymingwong/Documents/code/ros-install-osx/kinetic_desktop_full_ws/devel/share/common-lisp/ros/geometry_msgs/msg/PoseWithCovariance.lisp)
Linked: (/Users/jaymingwong/Documents/code/ros-install-osx/kinetic_desktop_full_ws/devel/.private/geometry_msgs/share/common-lisp/ros/geometry_msgs/msg/PoseWithCovarianceStamped.lisp, /Users/jaymingwong/Documents/code/ros-install-osx/kinetic_desktop_full_ws/devel/share/common-lisp/ros/geometry_msgs/msg/PoseWithCovarianceStamped.lisp)
Linked: (/Users/jaymingwong/Documents/code/ros-install-osx/kinetic_desktop_full_ws/devel/.private/geometry_msgs/share/common-lisp/ros/geometry_msgs/msg/Quaternion.lisp, /Users/jaymingwong/Documents/code/ros-install-osx/kinetic_desktop_full_ws/devel/share/common-lisp/ros/geometry_msgs/msg/Quaternion.lisp)
Linked: (/Users/jaymingwong/Documents/code/ros-install-osx/kinetic_desktop_full_ws/devel/.private/geometry_msgs/share/common-lisp/ros/geometry_msgs/msg/QuaternionStamped.lisp, /Users/jaymingwong/Documents/code/ros-install-osx/kinetic_desktop_full_ws/devel/share/common-lisp/ros/geometry_msgs/msg/QuaternionStamped.lisp)
Linked: (/Users/jaymingwong/Documents/code/ros-install-osx/kinetic_desktop_full_ws/devel/.private/geometry_msgs/share/common-lisp/ros/geometry_msgs/msg/Transform.lisp, /Users/jaymingwong/Documents/code/ros-install-osx/kinetic_desktop_full_ws/devel/share/common-lisp/ros/geometry_msgs/msg/Transform.lisp)
Linked: (/Users/jaymingwong/Documents/code/ros-install-osx/kinetic_desktop_full_ws/devel/.private/geometry_msgs/share/common-lisp/ros/geometry_msgs/msg/TransformStamped.lisp, /Users/jaymingwong/Documents/code/ros-install-osx/kinetic_desktop_full_ws/devel/share/common-lisp/ros/geometry_msgs/msg/TransformStamped.lisp)
Linked: (/Users/jaymingwong/Documents/code/ros-install-osx/kinetic_desktop_full_ws/devel/.private/geometry_msgs/share/common-lisp/ros/geometry_msgs/msg/Twist.lisp, /Users/jaymingwong/Documents/code/ros-install-osx/kinetic_desktop_full_ws/devel/share/common-lisp/ros/geometry_msgs/msg/Twist.lisp)
Linked: (/Users/jaymingwong/Documents/code/ros-install-osx/kinetic_desktop_full_ws/devel/.private/geometry_msgs/share/common-lisp/ros/geometry_msgs/msg/TwistStamped.lisp, /Users/jaymingwong/Documents/code/ros-install-osx/kinetic_desktop_full_ws/devel/share/common-lisp/ros/geometry_msgs/msg/TwistStamped.lisp)
Linked: (/Users/jaymingwong/Documents/code/ros-install-osx/kinetic_desktop_full_ws/devel/.private/geometry_msgs/share/common-lisp/ros/geometry_msgs/msg/TwistWithCovariance.lisp, /Users/jaymingwong/Documents/code/ros-install-osx/kinetic_desktop_full_ws/devel/share/common-lisp/ros/geometry_msgs/msg/TwistWithCovariance.lisp)
Linked: (/Users/jaymingwong/Documents/code/ros-install-osx/kinetic_desktop_full_ws/devel/.private/geometry_msgs/share/common-lisp/ros/geometry_msgs/msg/TwistWithCovarianceStamped.lisp, /Users/jaymingwong/Documents/code/ros-install-osx/kinetic_desktop_full_ws/devel/share/common-lisp/ros/geometry_msgs/msg/TwistWithCovarianceStamped.lisp)
Linked: (/Users/jaymingwong/Documents/code/ros-install-osx/kinetic_desktop_full_ws/devel/.private/geometry_msgs/share/common-lisp/ros/geometry_msgs/msg/Vector3.lisp, /Users/jaymingwong/Documents/code/ros-install-osx/kinetic_desktop_full_ws/devel/share/common-lisp/ros/geometry_msgs/msg/Vector3.lisp)
Linked: (/Users/jaymingwong/Documents/code/ros-install-osx/kinetic_desktop_full_ws/devel/.private/geometry_msgs/share/common-lisp/ros/geometry_msgs/msg/Vector3Stamped.lisp, /Users/jaymingwong/Documents/code/ros-install-osx/kinetic_desktop_full_ws/devel/share/common-lisp/ros/geometry_msgs/msg/Vector3Stamped.lisp)
Linked: (/Users/jaymingwong/Documents/code/ros-install-osx/kinetic_desktop_full_ws/devel/.private/geometry_msgs/share/common-lisp/ros/geometry_msgs/msg/Wrench.lisp, /Users/jaymingwong/Documents/code/ros-install-osx/kinetic_desktop_full_ws/devel/share/common-lisp/ros/geometry_msgs/msg/Wrench.lisp)
Linked: (/Users/jaymingwong/Documents/code/ros-install-osx/kinetic_desktop_full_ws/devel/.private/geometry_msgs/share/common-lisp/ros/geometry_msgs/msg/WrenchStamped.lisp, /Users/jaymingwong/Documents/code/ros-install-osx/kinetic_desktop_full_ws/devel/share/common-lisp/ros/geometry_msgs/msg/WrenchStamped.lisp)
Linked: (/Users/jaymingwong/Documents/code/ros-install-osx/kinetic_desktop_full_ws/devel/.private/geometry_msgs/share/gennodejs/ros/geometry_msgs/_index.js, /Users/jaymingwong/Documents/code/ros-install-osx/kinetic_desktop_full_ws/devel/share/gennodejs/ros/geometry_msgs/_index.js)
Linked: (/Users/jaymingwong/Documents/code/ros-install-osx/kinetic_desktop_full_ws/devel/.private/geometry_msgs/share/gennodejs/ros/geometry_msgs/msg/_index.js, /Users/jaymingwong/Documents/code/ros-install-osx/kinetic_desktop_full_ws/devel/share/gennodejs/ros/geometry_msgs/msg/_index.js)
Linked: (/Users/jaymingwong/Documents/code/ros-install-osx/kinetic_desktop_full_ws/devel/.private/geometry_msgs/share/gennodejs/ros/geometry_msgs/msg/Accel.js, /Users/jaymingwong/Documents/code/ros-install-osx/kinetic_desktop_full_ws/devel/share/gennodejs/ros/geometry_msgs/msg/Accel.js)
Linked: (/Users/jaymingwong/Documents/code/ros-install-osx/kinetic_desktop_full_ws/devel/.private/geometry_msgs/share/gennodejs/ros/geometry_msgs/msg/AccelStamped.js, /Users/jaymingwong/Documents/code/ros-install-osx/kinetic_desktop_full_ws/devel/share/gennodejs/ros/geometry_msgs/msg/AccelStamped.js)
Linked: (/Users/jaymingwong/Documents/code/ros-install-osx/kinetic_desktop_full_ws/devel/.private/geometry_msgs/share/gennodejs/ros/geometry_msgs/msg/AccelWithCovariance.js, /Users/jaymingwong/Documents/code/ros-install-osx/kinetic_desktop_full_ws/devel/share/gennodejs/ros/geometry_msgs/msg/AccelWithCovariance.js)
Linked: (/Users/jaymingwong/Documents/code/ros-install-osx/kinetic_desktop_full_ws/devel/.private/geometry_msgs/share/gennodejs/ros/geometry_msgs/msg/AccelWithCovarianceStamped.js, /Users/jaymingwong/Documents/code/ros-install-osx/kinetic_desktop_full_ws/devel/share/gennodejs/ros/geometry_msgs/msg/AccelWithCovarianceStamped.js)
Linked: (/Users/jaymingwong/Documents/code/ros-install-osx/kinetic_desktop_full_ws/devel/.private/geometry_msgs/share/gennodejs/ros/geometry_msgs/msg/Inertia.js, /Users/jaymingwong/Documents/code/ros-install-osx/kinetic_desktop_full_ws/devel/share/gennodejs/ros/geometry_msgs/msg/Inertia.js)
Linked: (/Users/jaymingwong/Documents/code/ros-install-osx/kinetic_desktop_full_ws/devel/.private/geometry_msgs/share/gennodejs/ros/geometry_msgs/msg/InertiaStamped.js, /Users/jaymingwong/Documents/code/ros-install-osx/kinetic_desktop_full_ws/devel/share/gennodejs/ros/geometry_msgs/msg/InertiaStamped.js)
Linked: (/Users/jaymingwong/Documents/code/ros-install-osx/kinetic_desktop_full_ws/devel/.private/geometry_msgs/share/gennodejs/ros/geometry_msgs/msg/Point.js, /Users/jaymingwong/Documents/code/ros-install-osx/kinetic_desktop_full_ws/devel/share/gennodejs/ros/geometry_msgs/msg/Point.js)
Linked: (/Users/jaymingwong/Documents/code/ros-install-osx/kinetic_desktop_full_ws/devel/.private/geometry_msgs/share/gennodejs/ros/geometry_msgs/msg/Point32.js, /Users/jaymingwong/Documents/code/ros-install-osx/kinetic_desktop_full_ws/devel/share/gennodejs/ros/geometry_msgs/msg/Point32.js)
Linked: (/Users/jaymingwong/Documents/code/ros-install-osx/kinetic_desktop_full_ws/devel/.private/geometry_msgs/share/gennodejs/ros/geometry_msgs/msg/PointStamped.js, /Users/jaymingwong/Documents/code/ros-install-osx/kinetic_desktop_full_ws/devel/share/gennodejs/ros/geometry_msgs/msg/PointStamped.js)
Linked: (/Users/jaymingwong/Documents/code/ros-install-osx/kinetic_desktop_full_ws/devel/.private/geometry_msgs/share/gennodejs/ros/geometry_msgs/msg/Polygon.js, /Users/jaymingwong/Documents/code/ros-install-osx/kinetic_desktop_full_ws/devel/share/gennodejs/ros/geometry_msgs/msg/Polygon.js)
Linked: (/Users/jaymingwong/Documents/code/ros-install-osx/kinetic_desktop_full_ws/devel/.private/geometry_msgs/share/gennodejs/ros/geometry_msgs/msg/PolygonStamped.js, /Users/jaymingwong/Documents/code/ros-install-osx/kinetic_desktop_full_ws/devel/share/gennodejs/ros/geometry_msgs/msg/PolygonStamped.js)
Linked: (/Users/jaymingwong/Documents/code/ros-install-osx/kinetic_desktop_full_ws/devel/.private/geometry_msgs/share/gennodejs/ros/geometry_msgs/msg/Pose.js, /Users/jaymingwong/Documents/code/ros-install-osx/kinetic_desktop_full_ws/devel/share/gennodejs/ros/geometry_msgs/msg/Pose.js)
Linked: (/Users/jaymingwong/Documents/code/ros-install-osx/kinetic_desktop_full_ws/devel/.private/geometry_msgs/share/gennodejs/ros/geometry_msgs/msg/Pose2D.js, /Users/jaymingwong/Documents/code/ros-install-osx/kinetic_desktop_full_ws/devel/share/gennodejs/ros/geometry_msgs/msg/Pose2D.js)
Linked: (/Users/jaymingwong/Documents/code/ros-install-osx/kinetic_desktop_full_ws/devel/.private/geometry_msgs/share/gennodejs/ros/geometry_msgs/msg/PoseArray.js, /Users/jaymingwong/Documents/code/ros-install-osx/kinetic_desktop_full_ws/devel/share/gennodejs/ros/geometry_msgs/msg/PoseArray.js)
Linked: (/Users/jaymingwong/Documents/code/ros-install-osx/kinetic_desktop_full_ws/devel/.private/geometry_msgs/share/gennodejs/ros/geometry_msgs/msg/PoseStamped.js, /Users/jaymingwong/Documents/code/ros-install-osx/kinetic_desktop_full_ws/devel/share/gennodejs/ros/geometry_msgs/msg/PoseStamped.js)
Linked: (/Users/jaymingwong/Documents/code/ros-install-osx/kinetic_desktop_full_ws/devel/.private/geometry_msgs/share/gennodejs/ros/geometry_msgs/msg/PoseWithCovariance.js, /Users/jaymingwong/Documents/code/ros-install-osx/kinetic_desktop_full_ws/devel/share/gennodejs/ros/geometry_msgs/msg/PoseWithCovariance.js)
Linked: (/Users/jaymingwong/Documents/code/ros-install-osx/kinetic_desktop_full_ws/devel/.private/geometry_msgs/share/gennodejs/ros/geometry_msgs/msg/PoseWithCovarianceStamped.js, /Users/jaymingwong/Documents/code/ros-install-osx/kinetic_desktop_full_ws/devel/share/gennodejs/ros/geometry_msgs/msg/PoseWithCovarianceStamped.js)
Linked: (/Users/jaymingwong/Documents/code/ros-install-osx/kinetic_desktop_full_ws/devel/.private/geometry_msgs/share/gennodejs/ros/geometry_msgs/msg/Quaternion.js, /Users/jaymingwong/Documents/code/ros-install-osx/kinetic_desktop_full_ws/devel/share/gennodejs/ros/geometry_msgs/msg/Quaternion.js)
Linked: (/Users/jaymingwong/Documents/code/ros-install-osx/kinetic_desktop_full_ws/devel/.private/geometry_msgs/share/gennodejs/ros/geometry_msgs/msg/QuaternionStamped.js, /Users/jaymingwong/Documents/code/ros-install-osx/kinetic_desktop_full_ws/devel/share/gennodejs/ros/geometry_msgs/msg/QuaternionStamped.js)
Linked: (/Users/jaymingwong/Documents/code/ros-install-osx/kinetic_desktop_full_ws/devel/.private/geometry_msgs/share/gennodejs/ros/geometry_msgs/msg/Transform.js, /Users/jaymingwong/Documents/code/ros-install-osx/kinetic_desktop_full_ws/devel/share/gennodejs/ros/geometry_msgs/msg/Transform.js)
Linked: (/Users/jaymingwong/Documents/code/ros-install-osx/kinetic_desktop_full_ws/devel/.private/geometry_msgs/share/gennodejs/ros/geometry_msgs/msg/TransformStamped.js, /Users/jaymingwong/Documents/code/ros-install-osx/kinetic_desktop_full_ws/devel/share/gennodejs/ros/geometry_msgs/msg/TransformStamped.js)
Linked: (/Users/jaymingwong/Documents/code/ros-install-osx/kinetic_desktop_full_ws/devel/.private/geometry_msgs/share/gennodejs/ros/geometry_msgs/msg/Twist.js, /Users/jaymingwong/Documents/code/ros-install-osx/kinetic_desktop_full_ws/devel/share/gennodejs/ros/geometry_msgs/msg/Twist.js)
Linked: (/Users/jaymingwong/Documents/code/ros-install-osx/kinetic_desktop_full_ws/devel/.private/geometry_msgs/share/gennodejs/ros/geometry_msgs/msg/TwistStamped.js, /Users/jaymingwong/Documents/code/ros-install-osx/kinetic_desktop_full_ws/devel/share/gennodejs/ros/geometry_msgs/msg/TwistStamped.js)
Linked: (/Users/jaymingwong/Documents/code/ros-install-osx/kinetic_desktop_full_ws/devel/.private/geometry_msgs/share/gennodejs/ros/geometry_msgs/msg/TwistWithCovariance.js, /Users/jaymingwong/Documents/code/ros-install-osx/kinetic_desktop_full_ws/devel/share/gennodejs/ros/geometry_msgs/msg/TwistWithCovariance.js)
Linked: (/Users/jaymingwong/Documents/code/ros-install-osx/kinetic_desktop_full_ws/devel/.private/geometry_msgs/share/gennodejs/ros/geometry_msgs/msg/TwistWithCovarianceStamped.js, /Users/jaymingwong/Documents/code/ros-install-osx/kinetic_desktop_full_ws/devel/share/gennodejs/ros/geometry_msgs/msg/TwistWithCovarianceStamped.js)
Linked: (/Users/jaymingwong/Documents/code/ros-install-osx/kinetic_desktop_full_ws/devel/.private/geometry_msgs/share/gennodejs/ros/geometry_msgs/msg/Vector3.js, /Users/jaymingwong/Documents/code/ros-install-osx/kinetic_desktop_full_ws/devel/share/gennodejs/ros/geometry_msgs/msg/Vector3.js)
Linked: (/Users/jaymingwong/Documents/code/ros-install-osx/kinetic_desktop_full_ws/devel/.private/geometry_msgs/share/gennodejs/ros/geometry_msgs/msg/Vector3Stamped.js, /Users/jaymingwong/Documents/code/ros-install-osx/kinetic_desktop_full_ws/devel/share/gennodejs/ros/geometry_msgs/msg/Vector3Stamped.js)
Linked: (/Users/jaymingwong/Documents/code/ros-install-osx/kinetic_desktop_full_ws/devel/.private/geometry_msgs/share/gennodejs/ros/geometry_msgs/msg/Wrench.js, /Users/jaymingwong/Documents/code/ros-install-osx/kinetic_desktop_full_ws/devel/share/gennodejs/ros/geometry_msgs/msg/Wrench.js)
Linked: (/Users/jaymingwong/Documents/code/ros-install-osx/kinetic_desktop_full_ws/devel/.private/geometry_msgs/share/gennodejs/ros/geometry_msgs/msg/WrenchStamped.js, /Users/jaymingwong/Documents/code/ros-install-osx/kinetic_desktop_full_ws/devel/share/gennodejs/ros/geometry_msgs/msg/WrenchStamped.js)
Linked: (/Users/jaymingwong/Documents/code/ros-install-osx/kinetic_desktop_full_ws/devel/.private/geometry_msgs/share/geometry_msgs/cmake/geometry_msgs-msg-extras.cmake, /Users/jaymingwong/Documents/code/ros-install-osx/kinetic_desktop_full_ws/devel/share/geometry_msgs/cmake/geometry_msgs-msg-extras.cmake)
Linked: (/Users/jaymingwong/Documents/code/ros-install-osx/kinetic_desktop_full_ws/devel/.private/geometry_msgs/share/geometry_msgs/cmake/geometry_msgs-msg-paths.cmake, /Users/jaymingwong/Documents/code/ros-install-osx/kinetic_desktop_full_ws/devel/share/geometry_msgs/cmake/geometry_msgs-msg-paths.cmake)
Linked: (/Users/jaymingwong/Documents/code/ros-install-osx/kinetic_desktop_full_ws/devel/.private/geometry_msgs/share/geometry_msgs/cmake/geometry_msgsConfig-version.cmake, /Users/jaymingwong/Documents/code/ros-install-osx/kinetic_desktop_full_ws/devel/share/geometry_msgs/cmake/geometry_msgsConfig-version.cmake)
Linked: (/Users/jaymingwong/Documents/code/ros-install-osx/kinetic_desktop_full_ws/devel/.private/geometry_msgs/share/geometry_msgs/cmake/geometry_msgsConfig.cmake, /Users/jaymingwong/Documents/code/ros-install-osx/kinetic_desktop_full_ws/devel/share/geometry_msgs/cmake/geometry_msgsConfig.cmake)
Linked: (/Users/jaymingwong/Documents/code/ros-install-osx/kinetic_desktop_full_ws/devel/.private/geometry_msgs/share/roseus/ros/geometry_msgs/manifest.l, /Users/jaymingwong/Documents/code/ros-install-osx/kinetic_desktop_full_ws/devel/share/roseus/ros/geometry_msgs/manifest.l)
Linked: (/Users/jaymingwong/Documents/code/ros-install-osx/kinetic_desktop_full_ws/devel/.private/geometry_msgs/share/roseus/ros/geometry_msgs/msg/Accel.l, /Users/jaymingwong/Documents/code/ros-install-osx/kinetic_desktop_full_ws/devel/share/roseus/ros/geometry_msgs/msg/Accel.l)
Linked: (/Users/jaymingwong/Documents/code/ros-install-osx/kinetic_desktop_full_ws/devel/.private/geometry_msgs/share/roseus/ros/geometry_msgs/msg/AccelStamped.l, /Users/jaymingwong/Documents/code/ros-install-osx/kinetic_desktop_full_ws/devel/share/roseus/ros/geometry_msgs/msg/AccelStamped.l)
Linked: (/Users/jaymingwong/Documents/code/ros-install-osx/kinetic_desktop_full_ws/devel/.private/geometry_msgs/share/roseus/ros/geometry_msgs/msg/AccelWithCovariance.l, /Users/jaymingwong/Documents/code/ros-install-osx/kinetic_desktop_full_ws/devel/share/roseus/ros/geometry_msgs/msg/AccelWithCovariance.l)
Linked: (/Users/jaymingwong/Documents/code/ros-install-osx/kinetic_desktop_full_ws/devel/.private/geometry_msgs/share/roseus/ros/geometry_msgs/msg/AccelWithCovarianceStamped.l, /Users/jaymingwong/Documents/code/ros-install-osx/kinetic_desktop_full_ws/devel/share/roseus/ros/geometry_msgs/msg/AccelWithCovarianceStamped.l)
Linked: (/Users/jaymingwong/Documents/code/ros-install-osx/kinetic_desktop_full_ws/devel/.private/geometry_msgs/share/roseus/ros/geometry_msgs/msg/Inertia.l, /Users/jaymingwong/Documents/code/ros-install-osx/kinetic_desktop_full_ws/devel/share/roseus/ros/geometry_msgs/msg/Inertia.l)
Linked: (/Users/jaymingwong/Documents/code/ros-install-osx/kinetic_desktop_full_ws/devel/.private/geometry_msgs/share/roseus/ros/geometry_msgs/msg/InertiaStamped.l, /Users/jaymingwong/Documents/code/ros-install-osx/kinetic_desktop_full_ws/devel/share/roseus/ros/geometry_msgs/msg/InertiaStamped.l)
Linked: (/Users/jaymingwong/Documents/code/ros-install-osx/kinetic_desktop_full_ws/devel/.private/geometry_msgs/share/roseus/ros/geometry_msgs/msg/Point.l, /Users/jaymingwong/Documents/code/ros-install-osx/kinetic_desktop_full_ws/devel/share/roseus/ros/geometry_msgs/msg/Point.l)
Linked: (/Users/jaymingwong/Documents/code/ros-install-osx/kinetic_desktop_full_ws/devel/.private/geometry_msgs/share/roseus/ros/geometry_msgs/msg/Point32.l, /Users/jaymingwong/Documents/code/ros-install-osx/kinetic_desktop_full_ws/devel/share/roseus/ros/geometry_msgs/msg/Point32.l)
Linked: (/Users/jaymingwong/Documents/code/ros-install-osx/kinetic_desktop_full_ws/devel/.private/geometry_msgs/share/roseus/ros/geometry_msgs/msg/PointStamped.l, /Users/jaymingwong/Documents/code/ros-install-osx/kinetic_desktop_full_ws/devel/share/roseus/ros/geometry_msgs/msg/PointStamped.l)
Linked: (/Users/jaymingwong/Documents/code/ros-install-osx/kinetic_desktop_full_ws/devel/.private/geometry_msgs/share/roseus/ros/geometry_msgs/msg/Polygon.l, /Users/jaymingwong/Documents/code/ros-install-osx/kinetic_desktop_full_ws/devel/share/roseus/ros/geometry_msgs/msg/Polygon.l)
Linked: (/Users/jaymingwong/Documents/code/ros-install-osx/kinetic_desktop_full_ws/devel/.private/geometry_msgs/share/roseus/ros/geometry_msgs/msg/PolygonStamped.l, /Users/jaymingwong/Documents/code/ros-install-osx/kinetic_desktop_full_ws/devel/share/roseus/ros/geometry_msgs/msg/PolygonStamped.l)
Linked: (/Users/jaymingwong/Documents/code/ros-install-osx/kinetic_desktop_full_ws/devel/.private/geometry_msgs/share/roseus/ros/geometry_msgs/msg/Pose.l, /Users/jaymingwong/Documents/code/ros-install-osx/kinetic_desktop_full_ws/devel/share/roseus/ros/geometry_msgs/msg/Pose.l)
Linked: (/Users/jaymingwong/Documents/code/ros-install-osx/kinetic_desktop_full_ws/devel/.private/geometry_msgs/share/roseus/ros/geometry_msgs/msg/Pose2D.l, /Users/jaymingwong/Documents/code/ros-install-osx/kinetic_desktop_full_ws/devel/share/roseus/ros/geometry_msgs/msg/Pose2D.l)
Linked: (/Users/jaymingwong/Documents/code/ros-install-osx/kinetic_desktop_full_ws/devel/.private/geometry_msgs/share/roseus/ros/geometry_msgs/msg/PoseArray.l, /Users/jaymingwong/Documents/code/ros-install-osx/kinetic_desktop_full_ws/devel/share/roseus/ros/geometry_msgs/msg/PoseArray.l)
Linked: (/Users/jaymingwong/Documents/code/ros-install-osx/kinetic_desktop_full_ws/devel/.private/geometry_msgs/share/roseus/ros/geometry_msgs/msg/PoseStamped.l, /Users/jaymingwong/Documents/code/ros-install-osx/kinetic_desktop_full_ws/devel/share/roseus/ros/geometry_msgs/msg/PoseStamped.l)
Linked: (/Users/jaymingwong/Documents/code/ros-install-osx/kinetic_desktop_full_ws/devel/.private/geometry_msgs/share/roseus/ros/geometry_msgs/msg/PoseWithCovariance.l, /Users/jaymingwong/Documents/code/ros-install-osx/kinetic_desktop_full_ws/devel/share/roseus/ros/geometry_msgs/msg/PoseWithCovariance.l)
Linked: (/Users/jaymingwong/Documents/code/ros-install-osx/kinetic_desktop_full_ws/devel/.private/geometry_msgs/share/roseus/ros/geometry_msgs/msg/PoseWithCovarianceStamped.l, /Users/jaymingwong/Documents/code/ros-install-osx/kinetic_desktop_full_ws/devel/share/roseus/ros/geometry_msgs/msg/PoseWithCovarianceStamped.l)
Linked: (/Users/jaymingwong/Documents/code/ros-install-osx/kinetic_desktop_full_ws/devel/.private/geometry_msgs/share/roseus/ros/geometry_msgs/msg/Quaternion.l, /Users/jaymingwong/Documents/code/ros-install-osx/kinetic_desktop_full_ws/devel/share/roseus/ros/geometry_msgs/msg/Quaternion.l)
Linked: (/Users/jaymingwong/Documents/code/ros-install-osx/kinetic_desktop_full_ws/devel/.private/geometry_msgs/share/roseus/ros/geometry_msgs/msg/QuaternionStamped.l, /Users/jaymingwong/Documents/code/ros-install-osx/kinetic_desktop_full_ws/devel/share/roseus/ros/geometry_msgs/msg/QuaternionStamped.l)
Linked: (/Users/jaymingwong/Documents/code/ros-install-osx/kinetic_desktop_full_ws/devel/.private/geometry_msgs/share/roseus/ros/geometry_msgs/msg/Transform.l, /Users/jaymingwong/Documents/code/ros-install-osx/kinetic_desktop_full_ws/devel/share/roseus/ros/geometry_msgs/msg/Transform.l)
Linked: (/Users/jaymingwong/Documents/code/ros-install-osx/kinetic_desktop_full_ws/devel/.private/geometry_msgs/share/roseus/ros/geometry_msgs/msg/TransformStamped.l, /Users/jaymingwong/Documents/code/ros-install-osx/kinetic_desktop_full_ws/devel/share/roseus/ros/geometry_msgs/msg/TransformStamped.l)
Linked: (/Users/jaymingwong/Documents/code/ros-install-osx/kinetic_desktop_full_ws/devel/.private/geometry_msgs/share/roseus/ros/geometry_msgs/msg/Twist.l, /Users/jaymingwong/Documents/code/ros-install-osx/kinetic_desktop_full_ws/devel/share/roseus/ros/geometry_msgs/msg/Twist.l)
Linked: (/Users/jaymingwong/Documents/code/ros-install-osx/kinetic_desktop_full_ws/devel/.private/geometry_msgs/share/roseus/ros/geometry_msgs/msg/TwistStamped.l, /Users/jaymingwong/Documents/code/ros-install-osx/kinetic_desktop_full_ws/devel/share/roseus/ros/geometry_msgs/msg/TwistStamped.l)
Linked: (/Users/jaymingwong/Documents/code/ros-install-osx/kinetic_desktop_full_ws/devel/.private/geometry_msgs/share/roseus/ros/geometry_msgs/msg/TwistWithCovariance.l, /Users/jaymingwong/Documents/code/ros-install-osx/kinetic_desktop_full_ws/devel/share/roseus/ros/geometry_msgs/msg/TwistWithCovariance.l)
Linked: (/Users/jaymingwong/Documents/code/ros-install-osx/kinetic_desktop_full_ws/devel/.private/geometry_msgs/share/roseus/ros/geometry_msgs/msg/TwistWithCovarianceStamped.l, /Users/jaymingwong/Documents/code/ros-install-osx/kinetic_desktop_full_ws/devel/share/roseus/ros/geometry_msgs/msg/TwistWithCovarianceStamped.l)
Linked: (/Users/jaymingwong/Documents/code/ros-install-osx/kinetic_desktop_full_ws/devel/.private/geometry_msgs/share/roseus/ros/geometry_msgs/msg/Vector3.l, /Users/jaymingwong/Documents/code/ros-install-osx/kinetic_desktop_full_ws/devel/share/roseus/ros/geometry_msgs/msg/Vector3.l)
Linked: (/Users/jaymingwong/Documents/code/ros-install-osx/kinetic_desktop_full_ws/devel/.private/geometry_msgs/share/roseus/ros/geometry_msgs/msg/Vector3Stamped.l, /Users/jaymingwong/Documents/code/ros-install-osx/kinetic_desktop_full_ws/devel/share/roseus/ros/geometry_msgs/msg/Vector3Stamped.l)
Linked: (/Users/jaymingwong/Documents/code/ros-install-osx/kinetic_desktop_full_ws/devel/.private/geometry_msgs/share/roseus/ros/geometry_msgs/msg/Wrench.l, /Users/jaymingwong/Documents/code/ros-install-osx/kinetic_desktop_full_ws/devel/share/roseus/ros/geometry_msgs/msg/Wrench.l)
Linked: (/Users/jaymingwong/Documents/code/ros-install-osx/kinetic_desktop_full_ws/devel/.private/geometry_msgs/share/roseus/ros/geometry_msgs/msg/WrenchStamped.l, /Users/jaymingwong/Documents/code/ros-install-osx/kinetic_desktop_full_ws/devel/share/roseus/ros/geometry_msgs/msg/WrenchStamped.l)
