[36mInstall the project...[0m
-- Install configuration: "Release"
-- Up-to-date: /opt/ros/kinetic/_setup_util.py
-- Up-to-date: /opt/ros/kinetic/env.sh
-- Up-to-date: /opt/ros/kinetic/setup.bash
-- Up-to-date: /opt/ros/kinetic/setup.sh
-- Up-to-date: /opt/ros/kinetic/setup.zsh
-- Up-to-date: /opt/ros/kinetic/.rosinstall
-- Installing: /opt/ros/kinetic/lib/pkgconfig/rqt_moveit.pc
-- Installing: /opt/ros/kinetic/share/rqt_moveit/cmake/rqt_moveitConfig.cmake
-- Installing: /opt/ros/kinetic/share/rqt_moveit/cmake/rqt_moveitConfig-version.cmake
-- Installing: /opt/ros/kinetic/share/rqt_moveit/package.xml
+ cd /Users/jaymingwong/Documents/code/ros-install-osx/kinetic_desktop_full_ws/src/rqt_moveit
+ mkdir -p /opt/ros/kinetic/lib/python2.7/site-packages
+ /usr/bin/env PYTHONPATH=/opt/ros/kinetic/lib/python2.7/site-packages:/Users/jaymingwong/Documents/code/ros-install-osx/kinetic_desktop_full_ws/build/rqt_moveit/lib/python2.7/site-packages:/opt/ros/kinetic/lib/python2.7/site-packages:/usr/local/lib/python2.7/site-packages/:/Users/jaymingwong/Documents/code/drake/build/lib/python2.7/site-packages/:/Users/jaymingwong/Documents/code/drake/build/lib/python2.7/dist-packages/:/Users/jaymingwong/Documents/code/wizard/externals/devina/devina/include/devina/lcm CATKIN_BINARY_DIR=/Users/jaymingwong/Documents/code/ros-install-osx/kinetic_desktop_full_ws/build/rqt_moveit /usr/local/bin/python2 /Users/jaymingwong/Documents/code/ros-install-osx/kinetic_desktop_full_ws/src/rqt_moveit/setup.py build --build-base /Users/jaymingwong/Documents/code/ros-install-osx/kinetic_desktop_full_ws/build/rqt_moveit install --prefix=/opt/ros/kinetic --install-scripts=/opt/ros/kinetic/bin
running build
running build_py
creating /Users/jaymingwong/Documents/code/ros-install-osx/kinetic_desktop_full_ws/build/rqt_moveit/lib
creating /Users/jaymingwong/Documents/code/ros-install-osx/kinetic_desktop_full_ws/build/rqt_moveit/lib/rqt_moveit
copying src/rqt_moveit/__init__.py -> /Users/jaymingwong/Documents/code/ros-install-osx/kinetic_desktop_full_ws/build/rqt_moveit/lib/rqt_moveit
copying src/rqt_moveit/moveit_plugin.py -> /Users/jaymingwong/Documents/code/ros-install-osx/kinetic_desktop_full_ws/build/rqt_moveit/lib/rqt_moveit
copying src/rqt_moveit/moveit_widget.py -> /Users/jaymingwong/Documents/code/ros-install-osx/kinetic_desktop_full_ws/build/rqt_moveit/lib/rqt_moveit
running install
running install_lib
creating /opt/ros/kinetic/lib/python2.7/site-packages/rqt_moveit
copying /Users/jaymingwong/Documents/code/ros-install-osx/kinetic_desktop_full_ws/build/rqt_moveit/lib/rqt_moveit/__init__.py -> /opt/ros/kinetic/lib/python2.7/site-packages/rqt_moveit
copying /Users/jaymingwong/Documents/code/ros-install-osx/kinetic_desktop_full_ws/build/rqt_moveit/lib/rqt_moveit/moveit_plugin.py -> /opt/ros/kinetic/lib/python2.7/site-packages/rqt_moveit
copying /Users/jaymingwong/Documents/code/ros-install-osx/kinetic_desktop_full_ws/build/rqt_moveit/lib/rqt_moveit/moveit_widget.py -> /opt/ros/kinetic/lib/python2.7/site-packages/rqt_moveit
byte-compiling /opt/ros/kinetic/lib/python2.7/site-packages/rqt_moveit/__init__.py to __init__.pyc
byte-compiling /opt/ros/kinetic/lib/python2.7/site-packages/rqt_moveit/moveit_plugin.py to moveit_plugin.pyc
byte-compiling /opt/ros/kinetic/lib/python2.7/site-packages/rqt_moveit/moveit_widget.py to moveit_widget.pyc
running install_egg_info
Writing /opt/ros/kinetic/lib/python2.7/site-packages/rqt_moveit-0.5.7-py2.7.egg-info
-- Installing: /opt/ros/kinetic/share/rqt_moveit/plugin.xml
-- Installing: /opt/ros/kinetic/share/rqt_moveit/resource
-- Installing: /opt/ros/kinetic/share/rqt_moveit/resource/moveit_top.ui
-- Installing: /opt/ros/kinetic/lib/rqt_moveit/rqt_moveit
