Linked: (/Users/jaymingwong/Documents/code/ros-install-osx/kinetic_desktop_full_ws/devel/.private/pcl_ros/include/pcl_ros/CropBoxConfig.h, /Users/jaymingwong/Documents/code/ros-install-osx/kinetic_desktop_full_ws/devel/include/pcl_ros/CropBoxConfig.h)
Linked: (/Users/jaymingwong/Documents/code/ros-install-osx/kinetic_desktop_full_ws/devel/.private/pcl_ros/include/pcl_ros/EuclideanClusterExtractionConfig.h, /Users/jaymingwong/Documents/code/ros-install-osx/kinetic_desktop_full_ws/devel/include/pcl_ros/EuclideanClusterExtractionConfig.h)
Linked: (/Users/jaymingwong/Documents/code/ros-install-osx/kinetic_desktop_full_ws/devel/.private/pcl_ros/include/pcl_ros/ExtractIndicesConfig.h, /Users/jaymingwong/Documents/code/ros-install-osx/kinetic_desktop_full_ws/devel/include/pcl_ros/ExtractIndicesConfig.h)
Linked: (/Users/jaymingwong/Documents/code/ros-install-osx/kinetic_desktop_full_ws/devel/.private/pcl_ros/include/pcl_ros/ExtractPolygonalPrismDataConfig.h, /Users/jaymingwong/Documents/code/ros-install-osx/kinetic_desktop_full_ws/devel/include/pcl_ros/ExtractPolygonalPrismDataConfig.h)
Linked: (/Users/jaymingwong/Documents/code/ros-install-osx/kinetic_desktop_full_ws/devel/.private/pcl_ros/include/pcl_ros/FeatureConfig.h, /Users/jaymingwong/Documents/code/ros-install-osx/kinetic_desktop_full_ws/devel/include/pcl_ros/FeatureConfig.h)
Linked: (/Users/jaymingwong/Documents/code/ros-install-osx/kinetic_desktop_full_ws/devel/.private/pcl_ros/include/pcl_ros/FilterConfig.h, /Users/jaymingwong/Documents/code/ros-install-osx/kinetic_desktop_full_ws/devel/include/pcl_ros/FilterConfig.h)
Linked: (/Users/jaymingwong/Documents/code/ros-install-osx/kinetic_desktop_full_ws/devel/.private/pcl_ros/include/pcl_ros/MLSConfig.h, /Users/jaymingwong/Documents/code/ros-install-osx/kinetic_desktop_full_ws/devel/include/pcl_ros/MLSConfig.h)
Linked: (/Users/jaymingwong/Documents/code/ros-install-osx/kinetic_desktop_full_ws/devel/.private/pcl_ros/include/pcl_ros/RadiusOutlierRemovalConfig.h, /Users/jaymingwong/Documents/code/ros-install-osx/kinetic_desktop_full_ws/devel/include/pcl_ros/RadiusOutlierRemovalConfig.h)
Linked: (/Users/jaymingwong/Documents/code/ros-install-osx/kinetic_desktop_full_ws/devel/.private/pcl_ros/include/pcl_ros/SACSegmentationConfig.h, /Users/jaymingwong/Documents/code/ros-install-osx/kinetic_desktop_full_ws/devel/include/pcl_ros/SACSegmentationConfig.h)
Linked: (/Users/jaymingwong/Documents/code/ros-install-osx/kinetic_desktop_full_ws/devel/.private/pcl_ros/include/pcl_ros/SACSegmentationFromNormalsConfig.h, /Users/jaymingwong/Documents/code/ros-install-osx/kinetic_desktop_full_ws/devel/include/pcl_ros/SACSegmentationFromNormalsConfig.h)
Linked: (/Users/jaymingwong/Documents/code/ros-install-osx/kinetic_desktop_full_ws/devel/.private/pcl_ros/include/pcl_ros/SegmentDifferencesConfig.h, /Users/jaymingwong/Documents/code/ros-install-osx/kinetic_desktop_full_ws/devel/include/pcl_ros/SegmentDifferencesConfig.h)
Linked: (/Users/jaymingwong/Documents/code/ros-install-osx/kinetic_desktop_full_ws/devel/.private/pcl_ros/include/pcl_ros/StatisticalOutlierRemovalConfig.h, /Users/jaymingwong/Documents/code/ros-install-osx/kinetic_desktop_full_ws/devel/include/pcl_ros/StatisticalOutlierRemovalConfig.h)
Linked: (/Users/jaymingwong/Documents/code/ros-install-osx/kinetic_desktop_full_ws/devel/.private/pcl_ros/include/pcl_ros/VoxelGridConfig.h, /Users/jaymingwong/Documents/code/ros-install-osx/kinetic_desktop_full_ws/devel/include/pcl_ros/VoxelGridConfig.h)
Linked: (/Users/jaymingwong/Documents/code/ros-install-osx/kinetic_desktop_full_ws/devel/.private/pcl_ros/lib/libpcl_ros_features.dylib, /Users/jaymingwong/Documents/code/ros-install-osx/kinetic_desktop_full_ws/devel/lib/libpcl_ros_features.dylib)
Linked: (/Users/jaymingwong/Documents/code/ros-install-osx/kinetic_desktop_full_ws/devel/.private/pcl_ros/lib/libpcl_ros_filters.dylib, /Users/jaymingwong/Documents/code/ros-install-osx/kinetic_desktop_full_ws/devel/lib/libpcl_ros_filters.dylib)
Linked: (/Users/jaymingwong/Documents/code/ros-install-osx/kinetic_desktop_full_ws/devel/.private/pcl_ros/lib/libpcl_ros_io.dylib, /Users/jaymingwong/Documents/code/ros-install-osx/kinetic_desktop_full_ws/devel/lib/libpcl_ros_io.dylib)
Linked: (/Users/jaymingwong/Documents/code/ros-install-osx/kinetic_desktop_full_ws/devel/.private/pcl_ros/lib/libpcl_ros_segmentation.dylib, /Users/jaymingwong/Documents/code/ros-install-osx/kinetic_desktop_full_ws/devel/lib/libpcl_ros_segmentation.dylib)
Linked: (/Users/jaymingwong/Documents/code/ros-install-osx/kinetic_desktop_full_ws/devel/.private/pcl_ros/lib/libpcl_ros_surface.dylib, /Users/jaymingwong/Documents/code/ros-install-osx/kinetic_desktop_full_ws/devel/lib/libpcl_ros_surface.dylib)
Linked: (/Users/jaymingwong/Documents/code/ros-install-osx/kinetic_desktop_full_ws/devel/.private/pcl_ros/lib/libpcl_ros_tf.dylib, /Users/jaymingwong/Documents/code/ros-install-osx/kinetic_desktop_full_ws/devel/lib/libpcl_ros_tf.dylib)
Linked: (/Users/jaymingwong/Documents/code/ros-install-osx/kinetic_desktop_full_ws/devel/.private/pcl_ros/lib/pcl_ros/bag_to_pcd, /Users/jaymingwong/Documents/code/ros-install-osx/kinetic_desktop_full_ws/devel/lib/pcl_ros/bag_to_pcd)
Linked: (/Users/jaymingwong/Documents/code/ros-install-osx/kinetic_desktop_full_ws/devel/.private/pcl_ros/lib/pcl_ros/convert_pcd_to_image, /Users/jaymingwong/Documents/code/ros-install-osx/kinetic_desktop_full_ws/devel/lib/pcl_ros/convert_pcd_to_image)
Linked: (/Users/jaymingwong/Documents/code/ros-install-osx/kinetic_desktop_full_ws/devel/.private/pcl_ros/lib/pcl_ros/convert_pointcloud_to_image, /Users/jaymingwong/Documents/code/ros-install-osx/kinetic_desktop_full_ws/devel/lib/pcl_ros/convert_pointcloud_to_image)
Linked: (/Users/jaymingwong/Documents/code/ros-install-osx/kinetic_desktop_full_ws/devel/.private/pcl_ros/lib/pcl_ros/pcd_to_pointcloud, /Users/jaymingwong/Documents/code/ros-install-osx/kinetic_desktop_full_ws/devel/lib/pcl_ros/pcd_to_pointcloud)
Linked: (/Users/jaymingwong/Documents/code/ros-install-osx/kinetic_desktop_full_ws/devel/.private/pcl_ros/lib/pcl_ros/pointcloud_to_pcd, /Users/jaymingwong/Documents/code/ros-install-osx/kinetic_desktop_full_ws/devel/lib/pcl_ros/pointcloud_to_pcd)
Linked: (/Users/jaymingwong/Documents/code/ros-install-osx/kinetic_desktop_full_ws/devel/.private/pcl_ros/lib/pkgconfig/pcl_ros.pc, /Users/jaymingwong/Documents/code/ros-install-osx/kinetic_desktop_full_ws/devel/lib/pkgconfig/pcl_ros.pc)
Linked: (/Users/jaymingwong/Documents/code/ros-install-osx/kinetic_desktop_full_ws/devel/.private/pcl_ros/lib/python2.7/site-packages/pcl_ros/__init__.py, /Users/jaymingwong/Documents/code/ros-install-osx/kinetic_desktop_full_ws/devel/lib/python2.7/site-packages/pcl_ros/__init__.py)
Linked: (/Users/jaymingwong/Documents/code/ros-install-osx/kinetic_desktop_full_ws/devel/.private/pcl_ros/lib/python2.7/site-packages/pcl_ros/cfg/__init__.py, /Users/jaymingwong/Documents/code/ros-install-osx/kinetic_desktop_full_ws/devel/lib/python2.7/site-packages/pcl_ros/cfg/__init__.py)
Symlinking /Users/jaymingwong/Documents/code/ros-install-osx/kinetic_desktop_full_ws/devel/lib/python2.7/site-packages/pcl_ros/cfg/__init__.pyc
Linked: (/Users/jaymingwong/Documents/code/ros-install-osx/kinetic_desktop_full_ws/devel/.private/pcl_ros/lib/python2.7/site-packages/pcl_ros/cfg/CropBoxConfig.py, /Users/jaymingwong/Documents/code/ros-install-osx/kinetic_desktop_full_ws/devel/lib/python2.7/site-packages/pcl_ros/cfg/CropBoxConfig.py)
Symlinking /Users/jaymingwong/Documents/code/ros-install-osx/kinetic_desktop_full_ws/devel/lib/python2.7/site-packages/pcl_ros/cfg/CropBoxConfig.pyc
Linked: (/Users/jaymingwong/Documents/code/ros-install-osx/kinetic_desktop_full_ws/devel/.private/pcl_ros/lib/python2.7/site-packages/pcl_ros/cfg/EuclideanClusterExtractionConfig.py, /Users/jaymingwong/Documents/code/ros-install-osx/kinetic_desktop_full_ws/devel/lib/python2.7/site-packages/pcl_ros/cfg/EuclideanClusterExtractionConfig.py)
Symlinking /Users/jaymingwong/Documents/code/ros-install-osx/kinetic_desktop_full_ws/devel/lib/python2.7/site-packages/pcl_ros/cfg/EuclideanClusterExtractionConfig.pyc
Linked: (/Users/jaymingwong/Documents/code/ros-install-osx/kinetic_desktop_full_ws/devel/.private/pcl_ros/lib/python2.7/site-packages/pcl_ros/cfg/ExtractIndicesConfig.py, /Users/jaymingwong/Documents/code/ros-install-osx/kinetic_desktop_full_ws/devel/lib/python2.7/site-packages/pcl_ros/cfg/ExtractIndicesConfig.py)
Symlinking /Users/jaymingwong/Documents/code/ros-install-osx/kinetic_desktop_full_ws/devel/lib/python2.7/site-packages/pcl_ros/cfg/ExtractIndicesConfig.pyc
Linked: (/Users/jaymingwong/Documents/code/ros-install-osx/kinetic_desktop_full_ws/devel/.private/pcl_ros/lib/python2.7/site-packages/pcl_ros/cfg/ExtractPolygonalPrismDataConfig.py, /Users/jaymingwong/Documents/code/ros-install-osx/kinetic_desktop_full_ws/devel/lib/python2.7/site-packages/pcl_ros/cfg/ExtractPolygonalPrismDataConfig.py)
Symlinking /Users/jaymingwong/Documents/code/ros-install-osx/kinetic_desktop_full_ws/devel/lib/python2.7/site-packages/pcl_ros/cfg/ExtractPolygonalPrismDataConfig.pyc
Linked: (/Users/jaymingwong/Documents/code/ros-install-osx/kinetic_desktop_full_ws/devel/.private/pcl_ros/lib/python2.7/site-packages/pcl_ros/cfg/FeatureConfig.py, /Users/jaymingwong/Documents/code/ros-install-osx/kinetic_desktop_full_ws/devel/lib/python2.7/site-packages/pcl_ros/cfg/FeatureConfig.py)
Symlinking /Users/jaymingwong/Documents/code/ros-install-osx/kinetic_desktop_full_ws/devel/lib/python2.7/site-packages/pcl_ros/cfg/FeatureConfig.pyc
Linked: (/Users/jaymingwong/Documents/code/ros-install-osx/kinetic_desktop_full_ws/devel/.private/pcl_ros/lib/python2.7/site-packages/pcl_ros/cfg/FilterConfig.py, /Users/jaymingwong/Documents/code/ros-install-osx/kinetic_desktop_full_ws/devel/lib/python2.7/site-packages/pcl_ros/cfg/FilterConfig.py)
Symlinking /Users/jaymingwong/Documents/code/ros-install-osx/kinetic_desktop_full_ws/devel/lib/python2.7/site-packages/pcl_ros/cfg/FilterConfig.pyc
Linked: (/Users/jaymingwong/Documents/code/ros-install-osx/kinetic_desktop_full_ws/devel/.private/pcl_ros/lib/python2.7/site-packages/pcl_ros/cfg/MLSConfig.py, /Users/jaymingwong/Documents/code/ros-install-osx/kinetic_desktop_full_ws/devel/lib/python2.7/site-packages/pcl_ros/cfg/MLSConfig.py)
Symlinking /Users/jaymingwong/Documents/code/ros-install-osx/kinetic_desktop_full_ws/devel/lib/python2.7/site-packages/pcl_ros/cfg/MLSConfig.pyc
Linked: (/Users/jaymingwong/Documents/code/ros-install-osx/kinetic_desktop_full_ws/devel/.private/pcl_ros/lib/python2.7/site-packages/pcl_ros/cfg/RadiusOutlierRemovalConfig.py, /Users/jaymingwong/Documents/code/ros-install-osx/kinetic_desktop_full_ws/devel/lib/python2.7/site-packages/pcl_ros/cfg/RadiusOutlierRemovalConfig.py)
Symlinking /Users/jaymingwong/Documents/code/ros-install-osx/kinetic_desktop_full_ws/devel/lib/python2.7/site-packages/pcl_ros/cfg/RadiusOutlierRemovalConfig.pyc
Linked: (/Users/jaymingwong/Documents/code/ros-install-osx/kinetic_desktop_full_ws/devel/.private/pcl_ros/lib/python2.7/site-packages/pcl_ros/cfg/SACSegmentationConfig.py, /Users/jaymingwong/Documents/code/ros-install-osx/kinetic_desktop_full_ws/devel/lib/python2.7/site-packages/pcl_ros/cfg/SACSegmentationConfig.py)
Symlinking /Users/jaymingwong/Documents/code/ros-install-osx/kinetic_desktop_full_ws/devel/lib/python2.7/site-packages/pcl_ros/cfg/SACSegmentationConfig.pyc
Linked: (/Users/jaymingwong/Documents/code/ros-install-osx/kinetic_desktop_full_ws/devel/.private/pcl_ros/lib/python2.7/site-packages/pcl_ros/cfg/SACSegmentationFromNormalsConfig.py, /Users/jaymingwong/Documents/code/ros-install-osx/kinetic_desktop_full_ws/devel/lib/python2.7/site-packages/pcl_ros/cfg/SACSegmentationFromNormalsConfig.py)
Symlinking /Users/jaymingwong/Documents/code/ros-install-osx/kinetic_desktop_full_ws/devel/lib/python2.7/site-packages/pcl_ros/cfg/SACSegmentationFromNormalsConfig.pyc
Linked: (/Users/jaymingwong/Documents/code/ros-install-osx/kinetic_desktop_full_ws/devel/.private/pcl_ros/lib/python2.7/site-packages/pcl_ros/cfg/SegmentDifferencesConfig.py, /Users/jaymingwong/Documents/code/ros-install-osx/kinetic_desktop_full_ws/devel/lib/python2.7/site-packages/pcl_ros/cfg/SegmentDifferencesConfig.py)
Symlinking /Users/jaymingwong/Documents/code/ros-install-osx/kinetic_desktop_full_ws/devel/lib/python2.7/site-packages/pcl_ros/cfg/SegmentDifferencesConfig.pyc
Linked: (/Users/jaymingwong/Documents/code/ros-install-osx/kinetic_desktop_full_ws/devel/.private/pcl_ros/lib/python2.7/site-packages/pcl_ros/cfg/StatisticalOutlierRemovalConfig.py, /Users/jaymingwong/Documents/code/ros-install-osx/kinetic_desktop_full_ws/devel/lib/python2.7/site-packages/pcl_ros/cfg/StatisticalOutlierRemovalConfig.py)
Symlinking /Users/jaymingwong/Documents/code/ros-install-osx/kinetic_desktop_full_ws/devel/lib/python2.7/site-packages/pcl_ros/cfg/StatisticalOutlierRemovalConfig.pyc
Linked: (/Users/jaymingwong/Documents/code/ros-install-osx/kinetic_desktop_full_ws/devel/.private/pcl_ros/lib/python2.7/site-packages/pcl_ros/cfg/VoxelGridConfig.py, /Users/jaymingwong/Documents/code/ros-install-osx/kinetic_desktop_full_ws/devel/lib/python2.7/site-packages/pcl_ros/cfg/VoxelGridConfig.py)
Symlinking /Users/jaymingwong/Documents/code/ros-install-osx/kinetic_desktop_full_ws/devel/lib/python2.7/site-packages/pcl_ros/cfg/VoxelGridConfig.pyc
Linked: (/Users/jaymingwong/Documents/code/ros-install-osx/kinetic_desktop_full_ws/devel/.private/pcl_ros/share/pcl_ros/cmake/pcl_rosConfig-version.cmake, /Users/jaymingwong/Documents/code/ros-install-osx/kinetic_desktop_full_ws/devel/share/pcl_ros/cmake/pcl_rosConfig-version.cmake)
Linked: (/Users/jaymingwong/Documents/code/ros-install-osx/kinetic_desktop_full_ws/devel/.private/pcl_ros/share/pcl_ros/cmake/pcl_rosConfig.cmake, /Users/jaymingwong/Documents/code/ros-install-osx/kinetic_desktop_full_ws/devel/share/pcl_ros/cmake/pcl_rosConfig.cmake)
Linked: (/Users/jaymingwong/Documents/code/ros-install-osx/kinetic_desktop_full_ws/devel/.private/pcl_ros/share/pcl_ros/docs/CropBoxConfig-usage.dox, /Users/jaymingwong/Documents/code/ros-install-osx/kinetic_desktop_full_ws/devel/share/pcl_ros/docs/CropBoxConfig-usage.dox)
Linked: (/Users/jaymingwong/Documents/code/ros-install-osx/kinetic_desktop_full_ws/devel/.private/pcl_ros/share/pcl_ros/docs/CropBoxConfig.dox, /Users/jaymingwong/Documents/code/ros-install-osx/kinetic_desktop_full_ws/devel/share/pcl_ros/docs/CropBoxConfig.dox)
Linked: (/Users/jaymingwong/Documents/code/ros-install-osx/kinetic_desktop_full_ws/devel/.private/pcl_ros/share/pcl_ros/docs/CropBoxConfig.wikidoc, /Users/jaymingwong/Documents/code/ros-install-osx/kinetic_desktop_full_ws/devel/share/pcl_ros/docs/CropBoxConfig.wikidoc)
Linked: (/Users/jaymingwong/Documents/code/ros-install-osx/kinetic_desktop_full_ws/devel/.private/pcl_ros/share/pcl_ros/docs/EuclideanClusterExtractionConfig-usage.dox, /Users/jaymingwong/Documents/code/ros-install-osx/kinetic_desktop_full_ws/devel/share/pcl_ros/docs/EuclideanClusterExtractionConfig-usage.dox)
Linked: (/Users/jaymingwong/Documents/code/ros-install-osx/kinetic_desktop_full_ws/devel/.private/pcl_ros/share/pcl_ros/docs/EuclideanClusterExtractionConfig.dox, /Users/jaymingwong/Documents/code/ros-install-osx/kinetic_desktop_full_ws/devel/share/pcl_ros/docs/EuclideanClusterExtractionConfig.dox)
Linked: (/Users/jaymingwong/Documents/code/ros-install-osx/kinetic_desktop_full_ws/devel/.private/pcl_ros/share/pcl_ros/docs/EuclideanClusterExtractionConfig.wikidoc, /Users/jaymingwong/Documents/code/ros-install-osx/kinetic_desktop_full_ws/devel/share/pcl_ros/docs/EuclideanClusterExtractionConfig.wikidoc)
Linked: (/Users/jaymingwong/Documents/code/ros-install-osx/kinetic_desktop_full_ws/devel/.private/pcl_ros/share/pcl_ros/docs/ExtractIndicesConfig-usage.dox, /Users/jaymingwong/Documents/code/ros-install-osx/kinetic_desktop_full_ws/devel/share/pcl_ros/docs/ExtractIndicesConfig-usage.dox)
Linked: (/Users/jaymingwong/Documents/code/ros-install-osx/kinetic_desktop_full_ws/devel/.private/pcl_ros/share/pcl_ros/docs/ExtractIndicesConfig.dox, /Users/jaymingwong/Documents/code/ros-install-osx/kinetic_desktop_full_ws/devel/share/pcl_ros/docs/ExtractIndicesConfig.dox)
Linked: (/Users/jaymingwong/Documents/code/ros-install-osx/kinetic_desktop_full_ws/devel/.private/pcl_ros/share/pcl_ros/docs/ExtractIndicesConfig.wikidoc, /Users/jaymingwong/Documents/code/ros-install-osx/kinetic_desktop_full_ws/devel/share/pcl_ros/docs/ExtractIndicesConfig.wikidoc)
Linked: (/Users/jaymingwong/Documents/code/ros-install-osx/kinetic_desktop_full_ws/devel/.private/pcl_ros/share/pcl_ros/docs/ExtractPolygonalPrismDataConfig-usage.dox, /Users/jaymingwong/Documents/code/ros-install-osx/kinetic_desktop_full_ws/devel/share/pcl_ros/docs/ExtractPolygonalPrismDataConfig-usage.dox)
Linked: (/Users/jaymingwong/Documents/code/ros-install-osx/kinetic_desktop_full_ws/devel/.private/pcl_ros/share/pcl_ros/docs/ExtractPolygonalPrismDataConfig.dox, /Users/jaymingwong/Documents/code/ros-install-osx/kinetic_desktop_full_ws/devel/share/pcl_ros/docs/ExtractPolygonalPrismDataConfig.dox)
Linked: (/Users/jaymingwong/Documents/code/ros-install-osx/kinetic_desktop_full_ws/devel/.private/pcl_ros/share/pcl_ros/docs/ExtractPolygonalPrismDataConfig.wikidoc, /Users/jaymingwong/Documents/code/ros-install-osx/kinetic_desktop_full_ws/devel/share/pcl_ros/docs/ExtractPolygonalPrismDataConfig.wikidoc)
Linked: (/Users/jaymingwong/Documents/code/ros-install-osx/kinetic_desktop_full_ws/devel/.private/pcl_ros/share/pcl_ros/docs/FeatureConfig-usage.dox, /Users/jaymingwong/Documents/code/ros-install-osx/kinetic_desktop_full_ws/devel/share/pcl_ros/docs/FeatureConfig-usage.dox)
Linked: (/Users/jaymingwong/Documents/code/ros-install-osx/kinetic_desktop_full_ws/devel/.private/pcl_ros/share/pcl_ros/docs/FeatureConfig.dox, /Users/jaymingwong/Documents/code/ros-install-osx/kinetic_desktop_full_ws/devel/share/pcl_ros/docs/FeatureConfig.dox)
Linked: (/Users/jaymingwong/Documents/code/ros-install-osx/kinetic_desktop_full_ws/devel/.private/pcl_ros/share/pcl_ros/docs/FeatureConfig.wikidoc, /Users/jaymingwong/Documents/code/ros-install-osx/kinetic_desktop_full_ws/devel/share/pcl_ros/docs/FeatureConfig.wikidoc)
Linked: (/Users/jaymingwong/Documents/code/ros-install-osx/kinetic_desktop_full_ws/devel/.private/pcl_ros/share/pcl_ros/docs/FilterConfig-usage.dox, /Users/jaymingwong/Documents/code/ros-install-osx/kinetic_desktop_full_ws/devel/share/pcl_ros/docs/FilterConfig-usage.dox)
Linked: (/Users/jaymingwong/Documents/code/ros-install-osx/kinetic_desktop_full_ws/devel/.private/pcl_ros/share/pcl_ros/docs/FilterConfig.dox, /Users/jaymingwong/Documents/code/ros-install-osx/kinetic_desktop_full_ws/devel/share/pcl_ros/docs/FilterConfig.dox)
Linked: (/Users/jaymingwong/Documents/code/ros-install-osx/kinetic_desktop_full_ws/devel/.private/pcl_ros/share/pcl_ros/docs/FilterConfig.wikidoc, /Users/jaymingwong/Documents/code/ros-install-osx/kinetic_desktop_full_ws/devel/share/pcl_ros/docs/FilterConfig.wikidoc)
Linked: (/Users/jaymingwong/Documents/code/ros-install-osx/kinetic_desktop_full_ws/devel/.private/pcl_ros/share/pcl_ros/docs/MLSConfig-usage.dox, /Users/jaymingwong/Documents/code/ros-install-osx/kinetic_desktop_full_ws/devel/share/pcl_ros/docs/MLSConfig-usage.dox)
Linked: (/Users/jaymingwong/Documents/code/ros-install-osx/kinetic_desktop_full_ws/devel/.private/pcl_ros/share/pcl_ros/docs/MLSConfig.dox, /Users/jaymingwong/Documents/code/ros-install-osx/kinetic_desktop_full_ws/devel/share/pcl_ros/docs/MLSConfig.dox)
Linked: (/Users/jaymingwong/Documents/code/ros-install-osx/kinetic_desktop_full_ws/devel/.private/pcl_ros/share/pcl_ros/docs/MLSConfig.wikidoc, /Users/jaymingwong/Documents/code/ros-install-osx/kinetic_desktop_full_ws/devel/share/pcl_ros/docs/MLSConfig.wikidoc)
Linked: (/Users/jaymingwong/Documents/code/ros-install-osx/kinetic_desktop_full_ws/devel/.private/pcl_ros/share/pcl_ros/docs/RadiusOutlierRemovalConfig-usage.dox, /Users/jaymingwong/Documents/code/ros-install-osx/kinetic_desktop_full_ws/devel/share/pcl_ros/docs/RadiusOutlierRemovalConfig-usage.dox)
Linked: (/Users/jaymingwong/Documents/code/ros-install-osx/kinetic_desktop_full_ws/devel/.private/pcl_ros/share/pcl_ros/docs/RadiusOutlierRemovalConfig.dox, /Users/jaymingwong/Documents/code/ros-install-osx/kinetic_desktop_full_ws/devel/share/pcl_ros/docs/RadiusOutlierRemovalConfig.dox)
Linked: (/Users/jaymingwong/Documents/code/ros-install-osx/kinetic_desktop_full_ws/devel/.private/pcl_ros/share/pcl_ros/docs/RadiusOutlierRemovalConfig.wikidoc, /Users/jaymingwong/Documents/code/ros-install-osx/kinetic_desktop_full_ws/devel/share/pcl_ros/docs/RadiusOutlierRemovalConfig.wikidoc)
Linked: (/Users/jaymingwong/Documents/code/ros-install-osx/kinetic_desktop_full_ws/devel/.private/pcl_ros/share/pcl_ros/docs/SACSegmentationConfig-usage.dox, /Users/jaymingwong/Documents/code/ros-install-osx/kinetic_desktop_full_ws/devel/share/pcl_ros/docs/SACSegmentationConfig-usage.dox)
Linked: (/Users/jaymingwong/Documents/code/ros-install-osx/kinetic_desktop_full_ws/devel/.private/pcl_ros/share/pcl_ros/docs/SACSegmentationConfig.dox, /Users/jaymingwong/Documents/code/ros-install-osx/kinetic_desktop_full_ws/devel/share/pcl_ros/docs/SACSegmentationConfig.dox)
Linked: (/Users/jaymingwong/Documents/code/ros-install-osx/kinetic_desktop_full_ws/devel/.private/pcl_ros/share/pcl_ros/docs/SACSegmentationConfig.wikidoc, /Users/jaymingwong/Documents/code/ros-install-osx/kinetic_desktop_full_ws/devel/share/pcl_ros/docs/SACSegmentationConfig.wikidoc)
Linked: (/Users/jaymingwong/Documents/code/ros-install-osx/kinetic_desktop_full_ws/devel/.private/pcl_ros/share/pcl_ros/docs/SACSegmentationFromNormalsConfig-usage.dox, /Users/jaymingwong/Documents/code/ros-install-osx/kinetic_desktop_full_ws/devel/share/pcl_ros/docs/SACSegmentationFromNormalsConfig-usage.dox)
Linked: (/Users/jaymingwong/Documents/code/ros-install-osx/kinetic_desktop_full_ws/devel/.private/pcl_ros/share/pcl_ros/docs/SACSegmentationFromNormalsConfig.dox, /Users/jaymingwong/Documents/code/ros-install-osx/kinetic_desktop_full_ws/devel/share/pcl_ros/docs/SACSegmentationFromNormalsConfig.dox)
Linked: (/Users/jaymingwong/Documents/code/ros-install-osx/kinetic_desktop_full_ws/devel/.private/pcl_ros/share/pcl_ros/docs/SACSegmentationFromNormalsConfig.wikidoc, /Users/jaymingwong/Documents/code/ros-install-osx/kinetic_desktop_full_ws/devel/share/pcl_ros/docs/SACSegmentationFromNormalsConfig.wikidoc)
Linked: (/Users/jaymingwong/Documents/code/ros-install-osx/kinetic_desktop_full_ws/devel/.private/pcl_ros/share/pcl_ros/docs/SegmentDifferencesConfig-usage.dox, /Users/jaymingwong/Documents/code/ros-install-osx/kinetic_desktop_full_ws/devel/share/pcl_ros/docs/SegmentDifferencesConfig-usage.dox)
Linked: (/Users/jaymingwong/Documents/code/ros-install-osx/kinetic_desktop_full_ws/devel/.private/pcl_ros/share/pcl_ros/docs/SegmentDifferencesConfig.dox, /Users/jaymingwong/Documents/code/ros-install-osx/kinetic_desktop_full_ws/devel/share/pcl_ros/docs/SegmentDifferencesConfig.dox)
Linked: (/Users/jaymingwong/Documents/code/ros-install-osx/kinetic_desktop_full_ws/devel/.private/pcl_ros/share/pcl_ros/docs/SegmentDifferencesConfig.wikidoc, /Users/jaymingwong/Documents/code/ros-install-osx/kinetic_desktop_full_ws/devel/share/pcl_ros/docs/SegmentDifferencesConfig.wikidoc)
Linked: (/Users/jaymingwong/Documents/code/ros-install-osx/kinetic_desktop_full_ws/devel/.private/pcl_ros/share/pcl_ros/docs/StatisticalOutlierRemovalConfig-usage.dox, /Users/jaymingwong/Documents/code/ros-install-osx/kinetic_desktop_full_ws/devel/share/pcl_ros/docs/StatisticalOutlierRemovalConfig-usage.dox)
Linked: (/Users/jaymingwong/Documents/code/ros-install-osx/kinetic_desktop_full_ws/devel/.private/pcl_ros/share/pcl_ros/docs/StatisticalOutlierRemovalConfig.dox, /Users/jaymingwong/Documents/code/ros-install-osx/kinetic_desktop_full_ws/devel/share/pcl_ros/docs/StatisticalOutlierRemovalConfig.dox)
Linked: (/Users/jaymingwong/Documents/code/ros-install-osx/kinetic_desktop_full_ws/devel/.private/pcl_ros/share/pcl_ros/docs/StatisticalOutlierRemovalConfig.wikidoc, /Users/jaymingwong/Documents/code/ros-install-osx/kinetic_desktop_full_ws/devel/share/pcl_ros/docs/StatisticalOutlierRemovalConfig.wikidoc)
Linked: (/Users/jaymingwong/Documents/code/ros-install-osx/kinetic_desktop_full_ws/devel/.private/pcl_ros/share/pcl_ros/docs/VoxelGridConfig-usage.dox, /Users/jaymingwong/Documents/code/ros-install-osx/kinetic_desktop_full_ws/devel/share/pcl_ros/docs/VoxelGridConfig-usage.dox)
Linked: (/Users/jaymingwong/Documents/code/ros-install-osx/kinetic_desktop_full_ws/devel/.private/pcl_ros/share/pcl_ros/docs/VoxelGridConfig.dox, /Users/jaymingwong/Documents/code/ros-install-osx/kinetic_desktop_full_ws/devel/share/pcl_ros/docs/VoxelGridConfig.dox)
Linked: (/Users/jaymingwong/Documents/code/ros-install-osx/kinetic_desktop_full_ws/devel/.private/pcl_ros/share/pcl_ros/docs/VoxelGridConfig.wikidoc, /Users/jaymingwong/Documents/code/ros-install-osx/kinetic_desktop_full_ws/devel/share/pcl_ros/docs/VoxelGridConfig.wikidoc)
