Checking md5sum on /Users/jaymingwong/Documents/code/ros-install-osx/kinetic_desktop_full_ws/src/perception_pcl/pcl_ros/samples/data/table_scene_lms400.pcd
[  0%] Built target table_scene_lms400.pcd
[  0%] Built target download_extra_data
[  0%] Built target download
[  3%] Built target pointcloud_to_pcd
[  6%] Built target convert_pointcloud_to_image
[  6%] Built target topic_tools_generate_messages_cpp
[  6%] Built target tf2_msgs_generate_messages_lisp
[  6%] Built target tf2_msgs_generate_messages_eus
[  6%] Built target tf2_msgs_generate_messages_cpp
[  6%] Built target actionlib_msgs_generate_messages_eus
[  6%] Built target actionlib_msgs_generate_messages_nodejs
[  6%] Built target actionlib_msgs_generate_messages_lisp
[  6%] Built target actionlib_msgs_generate_messages_cpp
[  6%] Built target actionlib_generate_messages_nodejs
[  6%] Built target std_msgs_generate_messages_eus
[  6%] Built target actionlib_generate_messages_eus
[  6%] Built target tf_generate_messages_cpp
[  6%] Built target topic_tools_generate_messages_py
[  6%] Built target topic_tools_generate_messages_eus
[  6%] Built target std_srvs_generate_messages_py
[  6%] Built target geometry_msgs_generate_messages_cpp
[  6%] Built target std_srvs_generate_messages_cpp
[  6%] Built target tf2_msgs_generate_messages_nodejs
[  6%] Built target geometry_msgs_generate_messages_py
[  6%] Built target tf_generate_messages_py
[  6%] Built target pcl_msgs_generate_messages_lisp
[  6%] Built target topic_tools_generate_messages_nodejs
[  6%] Built target sensor_msgs_generate_messages_nodejs
[  6%] Built target sensor_msgs_generate_messages_lisp
[  6%] Built target dynamic_reconfigure_generate_messages_lisp
[  6%] Built target pcl_msgs_generate_messages_nodejs
[  6%] Built target nodelet_topic_tools_gencfg
[  6%] Built target sensor_msgs_generate_messages_cpp
[  6%] Built target rosgraph_msgs_generate_messages_nodejs
[  6%] Built target tf_generate_messages_lisp
[  6%] Built target rosgraph_msgs_generate_messages_cpp
[  6%] Built target std_msgs_generate_messages_nodejs
[  6%] Built target std_srvs_generate_messages_lisp
[  6%] Built target rosgraph_msgs_generate_messages_eus
[  6%] Built target std_srvs_generate_messages_eus
[  6%] Built target roscpp_generate_messages_py
[  6%] Built target actionlib_msgs_generate_messages_py
[  6%] Built target dynamic_reconfigure_generate_messages_py
[  6%] Built target geometry_msgs_generate_messages_lisp
[  6%] Built target sensor_msgs_generate_messages_py
[  6%] Built target topic_tools_generate_messages_lisp
[  6%] Built target roscpp_generate_messages_nodejs
[  6%] Built target dynamic_reconfigure_generate_messages_nodejs
[  6%] Built target roscpp_generate_messages_lisp
[  6%] Built target nodelet_generate_messages_py
[  6%] Built target pcl_msgs_generate_messages_eus
[  6%] Built target roscpp_generate_messages_cpp
[  6%] Built target tf_generate_messages_nodejs
[  6%] Built target bond_generate_messages_py
[  6%] Built target nodelet_generate_messages_eus
[  6%] Built target tf2_msgs_generate_messages_py
[  6%] Built target pcl_msgs_generate_messages_cpp
[  6%] Built target nodelet_generate_messages_nodejs
[  6%] Built target bond_generate_messages_nodejs
[  6%] Built target tf_generate_messages_eus
[  6%] Built target bond_generate_messages_cpp
[  6%] Built target bond_generate_messages_eus
[  6%] Built target actionlib_generate_messages_lisp
[  6%] Built target roscpp_generate_messages_eus
[  6%] Built target nodelet_generate_messages_cpp
[  6%] Built target pcl_msgs_generate_messages_py
[  6%] Built target std_msgs_generate_messages_lisp
[  6%] Built target std_msgs_generate_messages_py
[  6%] Built target geometry_msgs_generate_messages_nodejs
[  6%] Built target rosgraph_msgs_generate_messages_lisp
[  6%] Built target bond_generate_messages_lisp
[  6%] Built target dynamic_reconfigure_gencfg
[  6%] Built target std_srvs_generate_messages_nodejs
[  6%] Built target std_msgs_generate_messages_cpp
[  6%] Built target sensor_msgs_generate_messages_eus
[  6%] Built target actionlib_generate_messages_py
[  6%] Built target geometry_msgs_generate_messages_eus
[  6%] Built target actionlib_generate_messages_cpp
[  6%] Built target nodelet_generate_messages_lisp
[  6%] Built target rosgraph_msgs_generate_messages_py
[  6%] Built target dynamic_reconfigure_generate_messages_eus
[  6%] Built target dynamic_reconfigure_generate_messages_cpp
[  9%] Built target pcl_ros_tf
[ 19%] Built target pcl_ros_io
[ 39%] Built target pcl_ros_gencfg
[ 49%] Built target pcl_ros_segmentation
[ 52%] Built target pcd_to_pointcloud
[ 73%] Built target pcl_ros_features
[ 76%] Built target bag_to_pcd
[ 79%] Built target convert_pcd_to_image
[ 93%] Built target pcl_ros_filters
[100%] Built target pcl_ros_surface
[36mInstall the project...[0m
-- Install configuration: "Release"
-- Installing: /opt/ros/kinetic/_setup_util.py
-- Installing: /opt/ros/kinetic/env.sh
-- Installing: /opt/ros/kinetic/setup.bash
-- Installing: /opt/ros/kinetic/setup.sh
-- Installing: /opt/ros/kinetic/setup.zsh
-- Installing: /opt/ros/kinetic/.rosinstall
-- Up-to-date: /opt/ros/kinetic/include/pcl_ros/EuclideanClusterExtractionConfig.h
-- Up-to-date: /opt/ros/kinetic/include/pcl_ros/ExtractIndicesConfig.h
-- Up-to-date: /opt/ros/kinetic/include/pcl_ros/ExtractPolygonalPrismDataConfig.h
-- Up-to-date: /opt/ros/kinetic/include/pcl_ros/FeatureConfig.h
-- Up-to-date: /opt/ros/kinetic/include/pcl_ros/FilterConfig.h
-- Up-to-date: /opt/ros/kinetic/include/pcl_ros/MLSConfig.h
-- Up-to-date: /opt/ros/kinetic/include/pcl_ros/SACSegmentationConfig.h
-- Up-to-date: /opt/ros/kinetic/include/pcl_ros/SACSegmentationFromNormalsConfig.h
-- Up-to-date: /opt/ros/kinetic/include/pcl_ros/SegmentDifferencesConfig.h
-- Up-to-date: /opt/ros/kinetic/include/pcl_ros/StatisticalOutlierRemovalConfig.h
-- Up-to-date: /opt/ros/kinetic/include/pcl_ros/RadiusOutlierRemovalConfig.h
-- Up-to-date: /opt/ros/kinetic/include/pcl_ros/VoxelGridConfig.h
-- Up-to-date: /opt/ros/kinetic/include/pcl_ros/CropBoxConfig.h
-- Up-to-date: /opt/ros/kinetic/lib/python2.7/site-packages/pcl_ros/__init__.py
Listing /Users/jaymingwong/Documents/code/ros-install-osx/kinetic_desktop_full_ws/devel/.private/pcl_ros/lib/python2.7/site-packages/pcl_ros/cfg ...
-- Up-to-date: /opt/ros/kinetic/lib/python2.7/site-packages/pcl_ros/cfg
-- Up-to-date: /opt/ros/kinetic/lib/python2.7/site-packages/pcl_ros/cfg/__init__.py
-- Up-to-date: /opt/ros/kinetic/lib/python2.7/site-packages/pcl_ros/cfg/__init__.pyc
-- Up-to-date: /opt/ros/kinetic/lib/python2.7/site-packages/pcl_ros/cfg/CropBoxConfig.py
-- Up-to-date: /opt/ros/kinetic/lib/python2.7/site-packages/pcl_ros/cfg/CropBoxConfig.pyc
-- Up-to-date: /opt/ros/kinetic/lib/python2.7/site-packages/pcl_ros/cfg/EuclideanClusterExtractionConfig.py
-- Up-to-date: /opt/ros/kinetic/lib/python2.7/site-packages/pcl_ros/cfg/EuclideanClusterExtractionConfig.pyc
-- Up-to-date: /opt/ros/kinetic/lib/python2.7/site-packages/pcl_ros/cfg/ExtractIndicesConfig.py
-- Up-to-date: /opt/ros/kinetic/lib/python2.7/site-packages/pcl_ros/cfg/ExtractIndicesConfig.pyc
-- Up-to-date: /opt/ros/kinetic/lib/python2.7/site-packages/pcl_ros/cfg/ExtractPolygonalPrismDataConfig.py
-- Up-to-date: /opt/ros/kinetic/lib/python2.7/site-packages/pcl_ros/cfg/ExtractPolygonalPrismDataConfig.pyc
-- Up-to-date: /opt/ros/kinetic/lib/python2.7/site-packages/pcl_ros/cfg/FeatureConfig.py
-- Up-to-date: /opt/ros/kinetic/lib/python2.7/site-packages/pcl_ros/cfg/FeatureConfig.pyc
-- Up-to-date: /opt/ros/kinetic/lib/python2.7/site-packages/pcl_ros/cfg/FilterConfig.py
-- Up-to-date: /opt/ros/kinetic/lib/python2.7/site-packages/pcl_ros/cfg/FilterConfig.pyc
-- Up-to-date: /opt/ros/kinetic/lib/python2.7/site-packages/pcl_ros/cfg/MLSConfig.py
-- Up-to-date: /opt/ros/kinetic/lib/python2.7/site-packages/pcl_ros/cfg/MLSConfig.pyc
-- Up-to-date: /opt/ros/kinetic/lib/python2.7/site-packages/pcl_ros/cfg/RadiusOutlierRemovalConfig.py
-- Up-to-date: /opt/ros/kinetic/lib/python2.7/site-packages/pcl_ros/cfg/RadiusOutlierRemovalConfig.pyc
-- Up-to-date: /opt/ros/kinetic/lib/python2.7/site-packages/pcl_ros/cfg/SACSegmentationConfig.py
-- Up-to-date: /opt/ros/kinetic/lib/python2.7/site-packages/pcl_ros/cfg/SACSegmentationConfig.pyc
-- Up-to-date: /opt/ros/kinetic/lib/python2.7/site-packages/pcl_ros/cfg/SACSegmentationFromNormalsConfig.py
-- Up-to-date: /opt/ros/kinetic/lib/python2.7/site-packages/pcl_ros/cfg/SACSegmentationFromNormalsConfig.pyc
-- Up-to-date: /opt/ros/kinetic/lib/python2.7/site-packages/pcl_ros/cfg/SegmentDifferencesConfig.py
-- Up-to-date: /opt/ros/kinetic/lib/python2.7/site-packages/pcl_ros/cfg/SegmentDifferencesConfig.pyc
-- Up-to-date: /opt/ros/kinetic/lib/python2.7/site-packages/pcl_ros/cfg/StatisticalOutlierRemovalConfig.py
-- Up-to-date: /opt/ros/kinetic/lib/python2.7/site-packages/pcl_ros/cfg/StatisticalOutlierRemovalConfig.pyc
-- Up-to-date: /opt/ros/kinetic/lib/python2.7/site-packages/pcl_ros/cfg/VoxelGridConfig.py
-- Up-to-date: /opt/ros/kinetic/lib/python2.7/site-packages/pcl_ros/cfg/VoxelGridConfig.pyc
-- Up-to-date: /opt/ros/kinetic/lib/pkgconfig/pcl_ros.pc
-- Up-to-date: /opt/ros/kinetic/share/pcl_ros/cmake/pcl_rosConfig.cmake
-- Up-to-date: /opt/ros/kinetic/share/pcl_ros/cmake/pcl_rosConfig-version.cmake
-- Up-to-date: /opt/ros/kinetic/share/pcl_ros/package.xml
-- Up-to-date: /opt/ros/kinetic/include/pcl_ros
-- Up-to-date: /opt/ros/kinetic/include/pcl_ros/features
-- Up-to-date: /opt/ros/kinetic/include/pcl_ros/features/boundary.h
-- Up-to-date: /opt/ros/kinetic/include/pcl_ros/features/feature.h
-- Up-to-date: /opt/ros/kinetic/include/pcl_ros/features/fpfh.h
-- Up-to-date: /opt/ros/kinetic/include/pcl_ros/features/fpfh_omp.h
-- Up-to-date: /opt/ros/kinetic/include/pcl_ros/features/moment_invariants.h
-- Up-to-date: /opt/ros/kinetic/include/pcl_ros/features/normal_3d.h
-- Up-to-date: /opt/ros/kinetic/include/pcl_ros/features/normal_3d_omp.h
-- Up-to-date: /opt/ros/kinetic/include/pcl_ros/features/normal_3d_tbb.h
-- Up-to-date: /opt/ros/kinetic/include/pcl_ros/features/pfh.h
-- Up-to-date: /opt/ros/kinetic/include/pcl_ros/features/principal_curvatures.h
-- Up-to-date: /opt/ros/kinetic/include/pcl_ros/features/shot.h
-- Up-to-date: /opt/ros/kinetic/include/pcl_ros/features/shot_omp.h
-- Up-to-date: /opt/ros/kinetic/include/pcl_ros/features/vfh.h
-- Up-to-date: /opt/ros/kinetic/include/pcl_ros/filters
-- Up-to-date: /opt/ros/kinetic/include/pcl_ros/filters/crop_box.h
-- Up-to-date: /opt/ros/kinetic/include/pcl_ros/filters/extract_indices.h
-- Up-to-date: /opt/ros/kinetic/include/pcl_ros/filters/filter.h
-- Up-to-date: /opt/ros/kinetic/include/pcl_ros/filters/passthrough.h
-- Up-to-date: /opt/ros/kinetic/include/pcl_ros/filters/project_inliers.h
-- Up-to-date: /opt/ros/kinetic/include/pcl_ros/filters/radius_outlier_removal.h
-- Up-to-date: /opt/ros/kinetic/include/pcl_ros/filters/statistical_outlier_removal.h
-- Up-to-date: /opt/ros/kinetic/include/pcl_ros/filters/voxel_grid.h
-- Up-to-date: /opt/ros/kinetic/include/pcl_ros/impl
-- Up-to-date: /opt/ros/kinetic/include/pcl_ros/impl/transforms.hpp
-- Up-to-date: /opt/ros/kinetic/include/pcl_ros/io
-- Up-to-date: /opt/ros/kinetic/include/pcl_ros/io/bag_io.h
-- Up-to-date: /opt/ros/kinetic/include/pcl_ros/io/concatenate_data.h
-- Up-to-date: /opt/ros/kinetic/include/pcl_ros/io/concatenate_fields.h
-- Up-to-date: /opt/ros/kinetic/include/pcl_ros/io/pcd_io.h
-- Up-to-date: /opt/ros/kinetic/include/pcl_ros/pcl_nodelet.h
-- Up-to-date: /opt/ros/kinetic/include/pcl_ros/point_cloud.h
-- Up-to-date: /opt/ros/kinetic/include/pcl_ros/publisher.h
-- Up-to-date: /opt/ros/kinetic/include/pcl_ros/segmentation
-- Up-to-date: /opt/ros/kinetic/include/pcl_ros/segmentation/extract_clusters.h
-- Up-to-date: /opt/ros/kinetic/include/pcl_ros/segmentation/extract_polygonal_prism_data.h
-- Up-to-date: /opt/ros/kinetic/include/pcl_ros/segmentation/sac_segmentation.h
-- Up-to-date: /opt/ros/kinetic/include/pcl_ros/segmentation/segment_differences.h
-- Up-to-date: /opt/ros/kinetic/include/pcl_ros/surface
-- Up-to-date: /opt/ros/kinetic/include/pcl_ros/surface/convex_hull.h
-- Up-to-date: /opt/ros/kinetic/include/pcl_ros/surface/moving_least_squares.h
-- Up-to-date: /opt/ros/kinetic/include/pcl_ros/transforms.h
-- Installing: /opt/ros/kinetic/lib/libpcl_ros_tf.dylib
-- Installing: /opt/ros/kinetic/lib/libpcl_ros_io.dylib
-- Installing: /opt/ros/kinetic/lib/libpcl_ros_features.dylib
-- Installing: /opt/ros/kinetic/lib/libpcl_ros_filters.dylib
-- Installing: /opt/ros/kinetic/lib/libpcl_ros_surface.dylib
-- Installing: /opt/ros/kinetic/lib/libpcl_ros_segmentation.dylib
-- Installing: /opt/ros/kinetic/lib/pcl_ros/pcd_to_pointcloud
-- Installing: /opt/ros/kinetic/lib/pcl_ros/pointcloud_to_pcd
-- Installing: /opt/ros/kinetic/lib/pcl_ros/bag_to_pcd
-- Installing: /opt/ros/kinetic/lib/pcl_ros/convert_pcd_to_image
-- Installing: /opt/ros/kinetic/lib/pcl_ros/convert_pointcloud_to_image
-- Up-to-date: /opt/ros/kinetic/share/pcl_ros/plugins
-- Up-to-date: /opt/ros/kinetic/share/pcl_ros/plugins/nodelet
-- Up-to-date: /opt/ros/kinetic/share/pcl_ros/plugins/nodelet/libpcl_ros_features.xml
-- Up-to-date: /opt/ros/kinetic/share/pcl_ros/plugins/nodelet/libpcl_ros_filters.xml
-- Up-to-date: /opt/ros/kinetic/share/pcl_ros/plugins/nodelet/libpcl_ros_io.xml
-- Up-to-date: /opt/ros/kinetic/share/pcl_ros/plugins/nodelet/libpcl_ros_segmentation.xml
-- Up-to-date: /opt/ros/kinetic/share/pcl_ros/plugins/nodelet/libpcl_ros_surface.xml
-- Up-to-date: /opt/ros/kinetic/share/pcl_ros/samples
-- Up-to-date: /opt/ros/kinetic/share/pcl_ros/samples/data
-- Up-to-date: /opt/ros/kinetic/share/pcl_ros/samples/data/table_scene_lms400.pcd
-- Up-to-date: /opt/ros/kinetic/share/pcl_ros/samples/pcl_ros
-- Up-to-date: /opt/ros/kinetic/share/pcl_ros/samples/pcl_ros/features
-- Up-to-date: /opt/ros/kinetic/share/pcl_ros/samples/pcl_ros/features/sample_normal_3d.launch
-- Up-to-date: /opt/ros/kinetic/share/pcl_ros/samples/pcl_ros/filters
-- Up-to-date: /opt/ros/kinetic/share/pcl_ros/samples/pcl_ros/filters/config
-- Up-to-date: /opt/ros/kinetic/share/pcl_ros/samples/pcl_ros/filters/config/statistical_outlier_removal.rviz
-- Up-to-date: /opt/ros/kinetic/share/pcl_ros/samples/pcl_ros/filters/config/voxel_grid.rviz
-- Up-to-date: /opt/ros/kinetic/share/pcl_ros/samples/pcl_ros/filters/sample_statistical_outlier_removal.launch
-- Up-to-date: /opt/ros/kinetic/share/pcl_ros/samples/pcl_ros/filters/sample_voxel_grid.launch
-- Up-to-date: /opt/ros/kinetic/share/pcl_ros/samples/pcl_ros/io
-- Up-to-date: /opt/ros/kinetic/share/pcl_ros/samples/pcl_ros/io/sample_concatenate_data.launch
-- Up-to-date: /opt/ros/kinetic/share/pcl_ros/samples/pcl_ros/segmentation
-- Up-to-date: /opt/ros/kinetic/share/pcl_ros/samples/pcl_ros/segmentation/sample_extract_clusters.launch
-- Up-to-date: /opt/ros/kinetic/share/pcl_ros/samples/pcl_ros/surface
-- Up-to-date: /opt/ros/kinetic/share/pcl_ros/samples/pcl_ros/surface/sample_convex_hull.launch
