[36mInstall the project...[0m
-- Install configuration: "Release"
-- Installing: /opt/ros/kinetic/_setup_util.py
-- Installing: /opt/ros/kinetic/env.sh
-- Installing: /opt/ros/kinetic/setup.bash
-- Installing: /opt/ros/kinetic/setup.sh
-- Installing: /opt/ros/kinetic/setup.zsh
-- Installing: /opt/ros/kinetic/.rosinstall
-- Up-to-date: /opt/ros/kinetic/lib/pkgconfig/diagnostic_analysis.pc
-- Up-to-date: /opt/ros/kinetic/share/diagnostic_analysis/cmake/diagnostic_analysisConfig.cmake
-- Up-to-date: /opt/ros/kinetic/share/diagnostic_analysis/cmake/diagnostic_analysisConfig-version.cmake
-- Up-to-date: /opt/ros/kinetic/share/diagnostic_analysis/package.xml
+ cd /Users/jaymingwong/Documents/code/ros-install-osx/kinetic_desktop_full_ws/src/diagnostics/diagnostic_analysis
+ mkdir -p /opt/ros/kinetic/lib/python2.7/site-packages
+ /usr/bin/env PYTHONPATH=/opt/ros/kinetic/lib/python2.7/site-packages:/Users/jaymingwong/Documents/code/ros-install-osx/kinetic_desktop_full_ws/build/diagnostic_analysis/lib/python2.7/site-packages:/opt/ros/kinetic/lib/python2.7/site-packages:/usr/local/lib/python2.7/site-packages/:/Users/jaymingwong/Documents/code/wizard/externals/drake/build/lib/python2.7/site-packages/:/Users/jaymingwong/Documents/code/wizard/externals/drake/build/lib/python2.7/dist-packages/:/Users/jaymingwong/Documents/code/wizard/externals/devina/devina/include/devina/lcm CATKIN_BINARY_DIR=/Users/jaymingwong/Documents/code/ros-install-osx/kinetic_desktop_full_ws/build/diagnostic_analysis /usr/local/bin/python2 /Users/jaymingwong/Documents/code/ros-install-osx/kinetic_desktop_full_ws/src/diagnostics/diagnostic_analysis/setup.py build --build-base /Users/jaymingwong/Documents/code/ros-install-osx/kinetic_desktop_full_ws/build/diagnostic_analysis install --prefix=/opt/ros/kinetic --install-scripts=/opt/ros/kinetic/bin
running build
running build_py
running install
running install_lib
running install_egg_info
Removing /opt/ros/kinetic/lib/python2.7/site-packages/diagnostic_analysis-1.9.3-py2.7.egg-info
Writing /opt/ros/kinetic/lib/python2.7/site-packages/diagnostic_analysis-1.9.3-py2.7.egg-info
-- Up-to-date: /opt/ros/kinetic/lib/diagnostic_analysis/export_csv.py
-- Up-to-date: /opt/ros/kinetic/lib/diagnostic_analysis/sparse_csv.py
