[36mInstall the project...[0m
-- Install configuration: "Release"
-- Installing: /opt/ros/kinetic/_setup_util.py
-- Installing: /opt/ros/kinetic/env.sh
-- Installing: /opt/ros/kinetic/setup.bash
-- Installing: /opt/ros/kinetic/setup.sh
-- Installing: /opt/ros/kinetic/setup.zsh
-- Installing: /opt/ros/kinetic/.rosinstall
-- Up-to-date: /opt/ros/kinetic/lib/pkgconfig/genpy.pc
-- Up-to-date: /opt/ros/kinetic/share/genpy/cmake/genpy-extras.cmake
-- Up-to-date: /opt/ros/kinetic/share/genpy/cmake/genpyConfig.cmake
-- Up-to-date: /opt/ros/kinetic/share/genpy/cmake/genpyConfig-version.cmake
-- Up-to-date: /opt/ros/kinetic/share/genpy/package.xml
-- Up-to-date: /opt/ros/kinetic/etc/ros/genmsg/genpy
+ cd /Users/jaymingwong/Documents/code/ros-install-osx/kinetic_desktop_full_ws/src/genpy
+ mkdir -p /opt/ros/kinetic/lib/python2.7/site-packages
+ /usr/bin/env PYTHONPATH=/opt/ros/kinetic/lib/python2.7/site-packages:/Users/jaymingwong/Documents/code/ros-install-osx/kinetic_desktop_full_ws/build/genpy/lib/python2.7/site-packages:/opt/ros/kinetic/lib/python2.7/site-packages:/usr/local/lib/python2.7/site-packages/:/Users/jaymingwong/Documents/code/wizard/externals/drake/build/lib/python2.7/site-packages/:/Users/jaymingwong/Documents/code/wizard/externals/drake/build/lib/python2.7/dist-packages/:/Users/jaymingwong/Documents/code/wizard/externals/devina/devina/include/devina/lcm CATKIN_BINARY_DIR=/Users/jaymingwong/Documents/code/ros-install-osx/kinetic_desktop_full_ws/build/genpy /usr/local/bin/python2 /Users/jaymingwong/Documents/code/ros-install-osx/kinetic_desktop_full_ws/src/genpy/setup.py build --build-base /Users/jaymingwong/Documents/code/ros-install-osx/kinetic_desktop_full_ws/build/genpy install --prefix=/opt/ros/kinetic --install-scripts=/opt/ros/kinetic/bin
running build
running build_py
running install
running install_lib
running install_egg_info
Removing /opt/ros/kinetic/lib/python2.7/site-packages/genpy-0.6.7-py2.7.egg-info
Writing /opt/ros/kinetic/lib/python2.7/site-packages/genpy-0.6.7-py2.7.egg-info
-- Up-to-date: /opt/ros/kinetic/lib/genpy/genmsg_py.py
-- Up-to-date: /opt/ros/kinetic/lib/genpy/gensrv_py.py
