[36mInstall the project...[0m
-- Install configuration: "Release"
-- Up-to-date: /opt/ros/kinetic/_setup_util.py
-- Up-to-date: /opt/ros/kinetic/env.sh
-- Up-to-date: /opt/ros/kinetic/setup.bash
-- Up-to-date: /opt/ros/kinetic/setup.sh
-- Up-to-date: /opt/ros/kinetic/setup.zsh
-- Up-to-date: /opt/ros/kinetic/.rosinstall
-- Installing: /opt/ros/kinetic/lib/pkgconfig/roscreate.pc
-- Installing: /opt/ros/kinetic/share/roscreate/cmake/roscreateConfig.cmake
-- Installing: /opt/ros/kinetic/share/roscreate/cmake/roscreateConfig-version.cmake
-- Installing: /opt/ros/kinetic/share/roscreate/package.xml
+ cd /Users/jaymingwong/Documents/code/ros-install-osx/kinetic_desktop_full_ws/src/ros/roscreate
+ mkdir -p /opt/ros/kinetic/lib/python2.7/site-packages
+ /usr/bin/env PYTHONPATH=/opt/ros/kinetic/lib/python2.7/site-packages:/Users/jaymingwong/Documents/code/ros-install-osx/kinetic_desktop_full_ws/build/roscreate/lib/python2.7/site-packages:/opt/ros/kinetic/lib/python2.7/site-packages:/Users/jaymingwong/Documents/code/wizard/devel/lib/python2.7/site-packages:/Users/jaymingwong/Documents/code/tbt/devel/lib/python2.7/site-packages:/Users/jaymingwong/Documents/code/ros-externals/devel/lib/python2.7/site-packages:/usr/local/lib/python2.7/site-packages/:/Users/jaymingwong/Documents/code/drake/build/lib/python2.7/site-packages/:/Users/jaymingwong/Documents/code/drake/build/lib/python2.7/dist-packages/:/Users/jaymingwong/Documents/code/wizard/externals/devina/devina/include/devina/lcm CATKIN_BINARY_DIR=/Users/jaymingwong/Documents/code/ros-install-osx/kinetic_desktop_full_ws/build/roscreate /usr/local/bin/python2 /Users/jaymingwong/Documents/code/ros-install-osx/kinetic_desktop_full_ws/src/ros/roscreate/setup.py build --build-base /Users/jaymingwong/Documents/code/ros-install-osx/kinetic_desktop_full_ws/build/roscreate install --prefix=/opt/ros/kinetic --install-scripts=/opt/ros/kinetic/bin
running build
running build_py
creating /Users/jaymingwong/Documents/code/ros-install-osx/kinetic_desktop_full_ws/build/roscreate/lib
creating /Users/jaymingwong/Documents/code/ros-install-osx/kinetic_desktop_full_ws/build/roscreate/lib/roscreate
copying src/roscreate/__init__.py -> /Users/jaymingwong/Documents/code/ros-install-osx/kinetic_desktop_full_ws/build/roscreate/lib/roscreate
copying src/roscreate/core.py -> /Users/jaymingwong/Documents/code/ros-install-osx/kinetic_desktop_full_ws/build/roscreate/lib/roscreate
copying src/roscreate/roscreatepkg.py -> /Users/jaymingwong/Documents/code/ros-install-osx/kinetic_desktop_full_ws/build/roscreate/lib/roscreate
running build_scripts
creating /Users/jaymingwong/Documents/code/ros-install-osx/kinetic_desktop_full_ws/build/roscreate/scripts-2.7
copying and adjusting scripts/roscreate-pkg -> /Users/jaymingwong/Documents/code/ros-install-osx/kinetic_desktop_full_ws/build/roscreate/scripts-2.7
changing mode of /Users/jaymingwong/Documents/code/ros-install-osx/kinetic_desktop_full_ws/build/roscreate/scripts-2.7/roscreate-pkg from 644 to 755
running install
running install_lib
creating /opt/ros/kinetic/lib/python2.7/site-packages/roscreate
copying /Users/jaymingwong/Documents/code/ros-install-osx/kinetic_desktop_full_ws/build/roscreate/lib/roscreate/__init__.py -> /opt/ros/kinetic/lib/python2.7/site-packages/roscreate
copying /Users/jaymingwong/Documents/code/ros-install-osx/kinetic_desktop_full_ws/build/roscreate/lib/roscreate/core.py -> /opt/ros/kinetic/lib/python2.7/site-packages/roscreate
copying /Users/jaymingwong/Documents/code/ros-install-osx/kinetic_desktop_full_ws/build/roscreate/lib/roscreate/roscreatepkg.py -> /opt/ros/kinetic/lib/python2.7/site-packages/roscreate
byte-compiling /opt/ros/kinetic/lib/python2.7/site-packages/roscreate/__init__.py to __init__.pyc
byte-compiling /opt/ros/kinetic/lib/python2.7/site-packages/roscreate/core.py to core.pyc
byte-compiling /opt/ros/kinetic/lib/python2.7/site-packages/roscreate/roscreatepkg.py to roscreatepkg.pyc
running install_scripts
copying /Users/jaymingwong/Documents/code/ros-install-osx/kinetic_desktop_full_ws/build/roscreate/scripts-2.7/roscreate-pkg -> /opt/ros/kinetic/bin
changing mode of /opt/ros/kinetic/bin/roscreate-pkg to 755
running install_egg_info
Writing /opt/ros/kinetic/lib/python2.7/site-packages/roscreate-1.14.4-py2.7.egg-info
-- Installing: /opt/ros/kinetic/share/roscreate/templates
-- Installing: /opt/ros/kinetic/share/roscreate/templates/CMakeLists.stack.tmpl
-- Installing: /opt/ros/kinetic/share/roscreate/templates/CMakeLists.tmpl
-- Installing: /opt/ros/kinetic/share/roscreate/templates/mainpage.tmpl
-- Installing: /opt/ros/kinetic/share/roscreate/templates/Makefile.stack.tmpl
-- Installing: /opt/ros/kinetic/share/roscreate/templates/Makefile.tmpl
-- Installing: /opt/ros/kinetic/share/roscreate/templates/manifest.tmpl
-- Installing: /opt/ros/kinetic/share/roscreate/templates/stack.tmpl
