[36mInstall the project...[0m
-- Install configuration: "Release"
-- Up-to-date: /opt/ros/kinetic/_setup_util.py
-- Up-to-date: /opt/ros/kinetic/env.sh
-- Up-to-date: /opt/ros/kinetic/setup.bash
-- Up-to-date: /opt/ros/kinetic/setup.sh
-- Up-to-date: /opt/ros/kinetic/setup.zsh
-- Up-to-date: /opt/ros/kinetic/.rosinstall
-- Up-to-date: /opt/ros/kinetic/lib/pkgconfig/rqt_logger_level.pc
-- Up-to-date: /opt/ros/kinetic/share/rqt_logger_level/cmake/rqt_logger_levelConfig.cmake
-- Up-to-date: /opt/ros/kinetic/share/rqt_logger_level/cmake/rqt_logger_levelConfig-version.cmake
-- Up-to-date: /opt/ros/kinetic/share/rqt_logger_level/package.xml
+ cd /Users/jaymingwong/Documents/code/ros-install-osx/kinetic_desktop_full_ws/src/rqt_logger_level
+ mkdir -p /opt/ros/kinetic/lib/python2.7/site-packages
+ /usr/bin/env PYTHONPATH=/opt/ros/kinetic/lib/python2.7/site-packages:/Users/jaymingwong/Documents/code/ros-install-osx/kinetic_desktop_full_ws/build/rqt_logger_level/lib/python2.7/site-packages:/opt/ros/kinetic/lib/python2.7/site-packages:/usr/local/lib/python2.7/site-packages/:/Users/jaymingwong/Documents/code/wizard/externals/drake/build/lib/python2.7/site-packages/:/Users/jaymingwong/Documents/code/wizard/externals/drake/build/lib/python2.7/dist-packages/:/Users/jaymingwong/Documents/code/wizard/externals/devina/devina/include/devina/lcm CATKIN_BINARY_DIR=/Users/jaymingwong/Documents/code/ros-install-osx/kinetic_desktop_full_ws/build/rqt_logger_level /usr/local/bin/python2 /Users/jaymingwong/Documents/code/ros-install-osx/kinetic_desktop_full_ws/src/rqt_logger_level/setup.py build --build-base /Users/jaymingwong/Documents/code/ros-install-osx/kinetic_desktop_full_ws/build/rqt_logger_level install --prefix=/opt/ros/kinetic --install-scripts=/opt/ros/kinetic/bin
running build
running build_py
running build_scripts
running install
running install_lib
running install_scripts
changing mode of /opt/ros/kinetic/bin/rqt_logger_level to 755
running install_egg_info
Removing /opt/ros/kinetic/lib/python2.7/site-packages/rqt_logger_level-0.4.8-py2.7.egg-info
Writing /opt/ros/kinetic/lib/python2.7/site-packages/rqt_logger_level-0.4.8-py2.7.egg-info
-- Up-to-date: /opt/ros/kinetic/share/rqt_logger_level/plugin.xml
-- Up-to-date: /opt/ros/kinetic/share/rqt_logger_level/resource
-- Up-to-date: /opt/ros/kinetic/share/rqt_logger_level/resource/logger_level.ui
-- Up-to-date: /opt/ros/kinetic/lib/rqt_logger_level/rqt_logger_level
