[36mInstall the project...[0m
-- Install configuration: "Release"
-- Installing: /opt/ros/kinetic/_setup_util.py
-- Installing: /opt/ros/kinetic/env.sh
-- Installing: /opt/ros/kinetic/setup.bash
-- Installing: /opt/ros/kinetic/setup.sh
-- Installing: /opt/ros/kinetic/setup.zsh
-- Installing: /opt/ros/kinetic/.rosinstall
-- Installing: /opt/ros/kinetic/lib/pkgconfig/rqt_graph.pc
-- Installing: /opt/ros/kinetic/share/rqt_graph/cmake/rqt_graphConfig.cmake
-- Installing: /opt/ros/kinetic/share/rqt_graph/cmake/rqt_graphConfig-version.cmake
-- Installing: /opt/ros/kinetic/share/rqt_graph/package.xml
+ cd /Users/jaymingwong/Documents/code/ros-install-osx/kinetic_desktop_full_ws/src/rqt_graph
+ mkdir -p /opt/ros/kinetic/lib/python2.7/site-packages
+ /usr/bin/env PYTHONPATH=/opt/ros/kinetic/lib/python2.7/site-packages:/Users/jaymingwong/Documents/code/ros-install-osx/kinetic_desktop_full_ws/build/rqt_graph/lib/python2.7/site-packages:/opt/ros/kinetic/lib/python2.7/site-packages:/usr/local/lib/python2.7/site-packages/:/Users/jaymingwong/Documents/code/drake/build/lib/python2.7/site-packages/:/Users/jaymingwong/Documents/code/drake/build/lib/python2.7/dist-packages/:/Users/jaymingwong/Documents/code/wizard/externals/devina/devina/include/devina/lcm CATKIN_BINARY_DIR=/Users/jaymingwong/Documents/code/ros-install-osx/kinetic_desktop_full_ws/build/rqt_graph /usr/local/bin/python2 /Users/jaymingwong/Documents/code/ros-install-osx/kinetic_desktop_full_ws/src/rqt_graph/setup.py build --build-base /Users/jaymingwong/Documents/code/ros-install-osx/kinetic_desktop_full_ws/build/rqt_graph install --prefix=/opt/ros/kinetic --install-scripts=/opt/ros/kinetic/bin
running build
running build_py
creating /Users/jaymingwong/Documents/code/ros-install-osx/kinetic_desktop_full_ws/build/rqt_graph/lib
creating /Users/jaymingwong/Documents/code/ros-install-osx/kinetic_desktop_full_ws/build/rqt_graph/lib/rqt_graph
copying src/rqt_graph/__init__.py -> /Users/jaymingwong/Documents/code/ros-install-osx/kinetic_desktop_full_ws/build/rqt_graph/lib/rqt_graph
copying src/rqt_graph/dotcode.py -> /Users/jaymingwong/Documents/code/ros-install-osx/kinetic_desktop_full_ws/build/rqt_graph/lib/rqt_graph
copying src/rqt_graph/interactive_graphics_view.py -> /Users/jaymingwong/Documents/code/ros-install-osx/kinetic_desktop_full_ws/build/rqt_graph/lib/rqt_graph
copying src/rqt_graph/ros_graph.py -> /Users/jaymingwong/Documents/code/ros-install-osx/kinetic_desktop_full_ws/build/rqt_graph/lib/rqt_graph
running build_scripts
creating /Users/jaymingwong/Documents/code/ros-install-osx/kinetic_desktop_full_ws/build/rqt_graph/scripts-2.7
copying and adjusting scripts/rqt_graph -> /Users/jaymingwong/Documents/code/ros-install-osx/kinetic_desktop_full_ws/build/rqt_graph/scripts-2.7
changing mode of /Users/jaymingwong/Documents/code/ros-install-osx/kinetic_desktop_full_ws/build/rqt_graph/scripts-2.7/rqt_graph from 644 to 755
running install
running install_lib
creating /opt/ros/kinetic/lib/python2.7/site-packages/rqt_graph
copying /Users/jaymingwong/Documents/code/ros-install-osx/kinetic_desktop_full_ws/build/rqt_graph/lib/rqt_graph/__init__.py -> /opt/ros/kinetic/lib/python2.7/site-packages/rqt_graph
copying /Users/jaymingwong/Documents/code/ros-install-osx/kinetic_desktop_full_ws/build/rqt_graph/lib/rqt_graph/dotcode.py -> /opt/ros/kinetic/lib/python2.7/site-packages/rqt_graph
copying /Users/jaymingwong/Documents/code/ros-install-osx/kinetic_desktop_full_ws/build/rqt_graph/lib/rqt_graph/interactive_graphics_view.py -> /opt/ros/kinetic/lib/python2.7/site-packages/rqt_graph
copying /Users/jaymingwong/Documents/code/ros-install-osx/kinetic_desktop_full_ws/build/rqt_graph/lib/rqt_graph/ros_graph.py -> /opt/ros/kinetic/lib/python2.7/site-packages/rqt_graph
byte-compiling /opt/ros/kinetic/lib/python2.7/site-packages/rqt_graph/__init__.py to __init__.pyc
byte-compiling /opt/ros/kinetic/lib/python2.7/site-packages/rqt_graph/dotcode.py to dotcode.pyc
byte-compiling /opt/ros/kinetic/lib/python2.7/site-packages/rqt_graph/interactive_graphics_view.py to interactive_graphics_view.pyc
byte-compiling /opt/ros/kinetic/lib/python2.7/site-packages/rqt_graph/ros_graph.py to ros_graph.pyc
running install_scripts
copying /Users/jaymingwong/Documents/code/ros-install-osx/kinetic_desktop_full_ws/build/rqt_graph/scripts-2.7/rqt_graph -> /opt/ros/kinetic/bin
changing mode of /opt/ros/kinetic/bin/rqt_graph to 755
running install_egg_info
Writing /opt/ros/kinetic/lib/python2.7/site-packages/rqt_graph-0.4.9-py2.7.egg-info
-- Installing: /opt/ros/kinetic/share/rqt_graph/plugin.xml
-- Installing: /opt/ros/kinetic/share/rqt_graph/resource
-- Installing: /opt/ros/kinetic/share/rqt_graph/resource/RosGraph.ui
-- Installing: /opt/ros/kinetic/lib/rqt_graph/rqt_graph
