Symlinking /Users/jaymingwong/Documents/code/ros-install-osx/kinetic_desktop_full_ws/devel/include/laser_assembler/AssembleScans.h
Symlinking /Users/jaymingwong/Documents/code/ros-install-osx/kinetic_desktop_full_ws/devel/include/laser_assembler/AssembleScans2.h
Symlinking /Users/jaymingwong/Documents/code/ros-install-osx/kinetic_desktop_full_ws/devel/include/laser_assembler/AssembleScans2Request.h
Symlinking /Users/jaymingwong/Documents/code/ros-install-osx/kinetic_desktop_full_ws/devel/include/laser_assembler/AssembleScans2Response.h
Symlinking /Users/jaymingwong/Documents/code/ros-install-osx/kinetic_desktop_full_ws/devel/include/laser_assembler/AssembleScansRequest.h
Symlinking /Users/jaymingwong/Documents/code/ros-install-osx/kinetic_desktop_full_ws/devel/include/laser_assembler/AssembleScansResponse.h
Symlinking /Users/jaymingwong/Documents/code/ros-install-osx/kinetic_desktop_full_ws/devel/lib/laser_assembler/dummy_scan_producer
Symlinking /Users/jaymingwong/Documents/code/ros-install-osx/kinetic_desktop_full_ws/devel/lib/laser_assembler/laser_scan_assembler
Symlinking /Users/jaymingwong/Documents/code/ros-install-osx/kinetic_desktop_full_ws/devel/lib/laser_assembler/laser_scan_assembler_srv
Symlinking /Users/jaymingwong/Documents/code/ros-install-osx/kinetic_desktop_full_ws/devel/lib/laser_assembler/merge_clouds
Symlinking /Users/jaymingwong/Documents/code/ros-install-osx/kinetic_desktop_full_ws/devel/lib/laser_assembler/periodic_snapshotter
Symlinking /Users/jaymingwong/Documents/code/ros-install-osx/kinetic_desktop_full_ws/devel/lib/laser_assembler/point_cloud2_assembler
Symlinking /Users/jaymingwong/Documents/code/ros-install-osx/kinetic_desktop_full_ws/devel/lib/laser_assembler/point_cloud_assembler
Symlinking /Users/jaymingwong/Documents/code/ros-install-osx/kinetic_desktop_full_ws/devel/lib/laser_assembler/point_cloud_assembler_srv
Symlinking /Users/jaymingwong/Documents/code/ros-install-osx/kinetic_desktop_full_ws/devel/lib/pkgconfig/laser_assembler.pc
Symlinking /Users/jaymingwong/Documents/code/ros-install-osx/kinetic_desktop_full_ws/devel/lib/python2.7/site-packages/laser_assembler/__init__.py
Symlinking /Users/jaymingwong/Documents/code/ros-install-osx/kinetic_desktop_full_ws/devel/lib/python2.7/site-packages/laser_assembler/srv/__init__.py
Symlinking /Users/jaymingwong/Documents/code/ros-install-osx/kinetic_desktop_full_ws/devel/lib/python2.7/site-packages/laser_assembler/srv/_AssembleScans.py
Symlinking /Users/jaymingwong/Documents/code/ros-install-osx/kinetic_desktop_full_ws/devel/lib/python2.7/site-packages/laser_assembler/srv/_AssembleScans2.py
Symlinking /Users/jaymingwong/Documents/code/ros-install-osx/kinetic_desktop_full_ws/devel/share/common-lisp/ros/laser_assembler/srv/_package.lisp
Symlinking /Users/jaymingwong/Documents/code/ros-install-osx/kinetic_desktop_full_ws/devel/share/common-lisp/ros/laser_assembler/srv/_package_AssembleScans.lisp
Symlinking /Users/jaymingwong/Documents/code/ros-install-osx/kinetic_desktop_full_ws/devel/share/common-lisp/ros/laser_assembler/srv/_package_AssembleScans2.lisp
Symlinking /Users/jaymingwong/Documents/code/ros-install-osx/kinetic_desktop_full_ws/devel/share/common-lisp/ros/laser_assembler/srv/AssembleScans.lisp
Symlinking /Users/jaymingwong/Documents/code/ros-install-osx/kinetic_desktop_full_ws/devel/share/common-lisp/ros/laser_assembler/srv/AssembleScans2.lisp
Symlinking /Users/jaymingwong/Documents/code/ros-install-osx/kinetic_desktop_full_ws/devel/share/common-lisp/ros/laser_assembler/srv/laser_assembler-srv.asd
Symlinking /Users/jaymingwong/Documents/code/ros-install-osx/kinetic_desktop_full_ws/devel/share/gennodejs/ros/laser_assembler/_index.js
Symlinking /Users/jaymingwong/Documents/code/ros-install-osx/kinetic_desktop_full_ws/devel/share/gennodejs/ros/laser_assembler/srv/_index.js
Symlinking /Users/jaymingwong/Documents/code/ros-install-osx/kinetic_desktop_full_ws/devel/share/gennodejs/ros/laser_assembler/srv/AssembleScans.js
Symlinking /Users/jaymingwong/Documents/code/ros-install-osx/kinetic_desktop_full_ws/devel/share/gennodejs/ros/laser_assembler/srv/AssembleScans2.js
Symlinking /Users/jaymingwong/Documents/code/ros-install-osx/kinetic_desktop_full_ws/devel/share/laser_assembler/cmake/laser_assembler-msg-extras.cmake
Symlinking /Users/jaymingwong/Documents/code/ros-install-osx/kinetic_desktop_full_ws/devel/share/laser_assembler/cmake/laser_assembler-msg-paths.cmake
Symlinking /Users/jaymingwong/Documents/code/ros-install-osx/kinetic_desktop_full_ws/devel/share/laser_assembler/cmake/laser_assemblerConfig-version.cmake
Symlinking /Users/jaymingwong/Documents/code/ros-install-osx/kinetic_desktop_full_ws/devel/share/laser_assembler/cmake/laser_assemblerConfig.cmake
Symlinking /Users/jaymingwong/Documents/code/ros-install-osx/kinetic_desktop_full_ws/devel/share/roseus/ros/laser_assembler/manifest.l
Symlinking /Users/jaymingwong/Documents/code/ros-install-osx/kinetic_desktop_full_ws/devel/share/roseus/ros/laser_assembler/srv/AssembleScans.l
Symlinking /Users/jaymingwong/Documents/code/ros-install-osx/kinetic_desktop_full_ws/devel/share/roseus/ros/laser_assembler/srv/AssembleScans2.l
