[  0%] Built target gen-pkgconfig
[  2%] Built target zlib
[  7%] Built target libjpeg
[ 10%] Built target libtiff
[ 13%] Built target libjasper
[ 14%] Built target libpng
[ 20%] Built target IlmImf
[ 23%] Built target ippiw
[ 23%] Built target ittnotify
[ 30%] Built target libprotobuf
[ 36%] Built target opencv_core
[ 36%] Built target gen_opencv_python_source
[ 36%] Built target opencv_flann
[ 36%] Built target opencv_hdf
[ 37%] Built target opencv_ml
[ 37%] Built target opencv_surface_matching
[ 38%] Built target opencv_viz
[ 44%] Built target opencv_imgproc
[ 44%] Built target opencv_phase_unwrapping
[ 45%] Built target opencv_objdetect
[ 45%] Built target opencv_plot
[ 46%] Built target opencv_reg
[ 48%] Built target opencv_photo
[ 49%] Built target opencv_xphoto
[ 49%] Built target opencv_freetype
[ 50%] Built target opencv_video
[ 51%] Built target opencv_fuzzy
[ 51%] Built target opencv_img_hash
[ 57%] Built target opencv_dnn
[ 58%] Built target opencv_shape
[ 60%] Built target opencv_imgcodecs
[ 61%] Built target opencv_videoio
[ 61%] Built target opencv_xobjdetect
[ 62%] Built target opencv_highgui
[ 63%] Built target opencv_superres
[ 64%] Built target opencv_bioinspired
[ 64%] Built target opencv_dpm
[ 67%] Built target opencv_features2d
[ 67%] Built target opencv_annotation
[ 67%] Built target opencv_visualisation
[ 67%] Built target opencv_version
[ 68%] Built target opencv_waldboost_detector
[ 69%] Built target opencv_line_descriptor
[ 70%] Built target opencv_saliency
[ 71%] Built target opencv_text
[ 74%] Built target opencv_calib3d
[ 74%] [34m[1mAutomatic MOC for target opencv_cvv[0m
[ 74%] Built target opencv_cvv_autogen
[ 77%] Built target opencv_datasets
[ 78%] Built target opencv_rgbd
[ 78%] Built target opencv_stereo
[ 78%] Built target opencv_structured_light
[ 81%] Built target opencv_tracking
[ 82%] Built target opencv_videostab
[ 84%] Built target opencv_xfeatures2d
[ 85%] Built target opencv_aruco
[ 88%] Built target opencv_ximgproc
[ 88%] Built target opencv_bgsegm
[ 89%] Built target opencv_face
[ 90%] Built target opencv_optflow
[ 91%] Built target opencv_traincascade
[ 91%] Built target opencv_createsamples
[ 93%] Built target opencv_stitching
[ 93%] Built target opencv_interactive-calibration
[ 93%] Built target opencv_ccalib
[100%] Built target opencv_cvv
[100%] Built target opencv_python2
