/Applications/Xcode.app/Contents/Developer/Toolchains/XcodeDefault.xctoolchain/usr/bin/ranlib: file: ../lib/liblibtiff.a(tif_jbig.c.o) has no symbols
/Applications/Xcode.app/Contents/Developer/Toolchains/XcodeDefault.xctoolchain/usr/bin/ranlib: file: ../lib/liblibtiff.a(tif_jpeg_12.c.o) has no symbols
/Applications/Xcode.app/Contents/Developer/Toolchains/XcodeDefault.xctoolchain/usr/bin/ranlib: file: ../lib/liblibtiff.a(tif_lzma.c.o) has no symbols
/Applications/Xcode.app/Contents/Developer/Toolchains/XcodeDefault.xctoolchain/usr/bin/ranlib: file: ../lib/liblibtiff.a(tif_ojpeg.c.o) has no symbols
/Applications/Xcode.app/Contents/Developer/Toolchains/XcodeDefault.xctoolchain/usr/bin/ranlib: file: ../lib/liblibtiff.a(tif_pixarlog.c.o) has no symbols
/Applications/Xcode.app/Contents/Developer/Toolchains/XcodeDefault.xctoolchain/usr/bin/ranlib: file: ../lib/liblibtiff.a(tif_jbig.c.o) has no symbols
/Applications/Xcode.app/Contents/Developer/Toolchains/XcodeDefault.xctoolchain/usr/bin/ranlib: file: ../lib/liblibtiff.a(tif_jpeg_12.c.o) has no symbols
/Applications/Xcode.app/Contents/Developer/Toolchains/XcodeDefault.xctoolchain/usr/bin/ranlib: file: ../lib/liblibtiff.a(tif_lzma.c.o) has no symbols
/Applications/Xcode.app/Contents/Developer/Toolchains/XcodeDefault.xctoolchain/usr/bin/ranlib: file: ../lib/liblibtiff.a(tif_ojpeg.c.o) has no symbols
/Applications/Xcode.app/Contents/Developer/Toolchains/XcodeDefault.xctoolchain/usr/bin/ranlib: file: ../lib/liblibtiff.a(tif_pixarlog.c.o) has no symbols
/Applications/Xcode.app/Contents/Developer/Toolchains/XcodeDefault.xctoolchain/usr/bin/ranlib: file: ../lib/libIlmImf.a(IlmThread.cpp.o) has no symbols
/Applications/Xcode.app/Contents/Developer/Toolchains/XcodeDefault.xctoolchain/usr/bin/ranlib: file: ../lib/libIlmImf.a(IlmThreadMutex.cpp.o) has no symbols
/Applications/Xcode.app/Contents/Developer/Toolchains/XcodeDefault.xctoolchain/usr/bin/ranlib: file: ../lib/libIlmImf.a(IlmThreadSemaphore.cpp.o) has no symbols
/Applications/Xcode.app/Contents/Developer/Toolchains/XcodeDefault.xctoolchain/usr/bin/ranlib: file: ../lib/libIlmImf.a(IlmThreadSemaphorePosix.cpp.o) has no symbols
/Applications/Xcode.app/Contents/Developer/Toolchains/XcodeDefault.xctoolchain/usr/bin/ranlib: file: ../lib/libIlmImf.a(IlmThread.cpp.o) has no symbols
/Applications/Xcode.app/Contents/Developer/Toolchains/XcodeDefault.xctoolchain/usr/bin/ranlib: file: ../lib/libIlmImf.a(IlmThreadMutex.cpp.o) has no symbols
/Applications/Xcode.app/Contents/Developer/Toolchains/XcodeDefault.xctoolchain/usr/bin/ranlib: file: ../lib/libIlmImf.a(IlmThreadSemaphore.cpp.o) has no symbols
/Applications/Xcode.app/Contents/Developer/Toolchains/XcodeDefault.xctoolchain/usr/bin/ranlib: file: ../lib/libIlmImf.a(IlmThreadSemaphorePosix.cpp.o) has no symbols
/Applications/Xcode.app/Contents/Developer/Toolchains/XcodeDefault.xctoolchain/usr/bin/ranlib: file: ../lib/liblibprotobuf.a(atomicops_internals_x86_gcc.cc.o) has no symbols
/Applications/Xcode.app/Contents/Developer/Toolchains/XcodeDefault.xctoolchain/usr/bin/ranlib: file: ../lib/liblibprotobuf.a(gzip_stream.cc.o) has no symbols
/Applications/Xcode.app/Contents/Developer/Toolchains/XcodeDefault.xctoolchain/usr/bin/ranlib: file: ../lib/liblibprotobuf.a(atomicops_internals_x86_gcc.cc.o) has no symbols
/Applications/Xcode.app/Contents/Developer/Toolchains/XcodeDefault.xctoolchain/usr/bin/ranlib: file: ../lib/liblibprotobuf.a(gzip_stream.cc.o) has no symbols
[1m/Users/jaymingwong/Documents/code/ros-install-osx/kinetic_desktop_full_ws/src/opencv3/modules/viz/src/clouds.cpp:80:13: [0m[0;1;35mwarning: [0m[1m'ImmediateModeRenderingOff' is deprecated [-Wdeprecated-declarations][0m
    mapper->ImmediateModeRenderingOff();
[0;1;32m            ^
[0m[1m/usr/local/Cellar/vtk/8.1.1/include/vtk-8.1/vtkMapper.h:218:3: [0m[0;1;30mnote: [0m'ImmediateModeRenderingOff' has been explicitly marked deprecated here[0m
  VTK_LEGACY(void ImmediateModeRenderingOff());
[0;1;32m  ^
[0m[1m/usr/local/Cellar/vtk/8.1.1/include/vtk-8.1/vtkSetGet.h:883:52: [0m[0;1;30mnote: [0mexpanded from macro 'VTK_LEGACY'[0m
#  define VTK_LEGACY(method) method __attribute__((deprecated))
[0;1;32m                                                   ^
[0m[1m/Users/jaymingwong/Documents/code/ros-install-osx/kinetic_desktop_full_ws/src/opencv3/modules/viz/src/clouds.cpp:120:13: [0m[0;1;35mwarning: [0m[1m'ImmediateModeRenderingOff' is deprecated [-Wdeprecated-declarations][0m
    mapper->ImmediateModeRenderingOff();
[0;1;32m            ^
[0m[1m/usr/local/Cellar/vtk/8.1.1/include/vtk-8.1/vtkMapper.h:218:3: [0m[0;1;30mnote: [0m'ImmediateModeRenderingOff' has been explicitly marked deprecated here[0m
  VTK_LEGACY(void ImmediateModeRenderingOff());
[0;1;32m  ^
[0m[1m/usr/local/Cellar/vtk/8.1.1/include/vtk-8.1/vtkSetGet.h:883:52: [0m[0;1;30mnote: [0mexpanded from macro 'VTK_LEGACY'[0m
#  define VTK_LEGACY(method) method __attribute__((deprecated))
[0;1;32m                                                   ^
[0m[1m/Users/jaymingwong/Documents/code/ros-install-osx/kinetic_desktop_full_ws/src/opencv3/modules/viz/src/clouds.cpp:146:13: [0m[0;1;35mwarning: [0m[1m'ImmediateModeRenderingOff' is deprecated [-Wdeprecated-declarations][0m
    mapper->ImmediateModeRenderingOff();
[0;1;32m            ^
[0m[1m/usr/local/Cellar/vtk/8.1.1/include/vtk-8.1/vtkMapper.h:218:3: [0m[0;1;30mnote: [0m'ImmediateModeRenderingOff' has been explicitly marked deprecated here[0m
  VTK_LEGACY(void ImmediateModeRenderingOff());
[0;1;32m  ^
[0m[1m/usr/local/Cellar/vtk/8.1.1/include/vtk-8.1/vtkSetGet.h:883:52: [0m[0;1;30mnote: [0mexpanded from macro 'VTK_LEGACY'[0m
#  define VTK_LEGACY(method) method __attribute__((deprecated))
[0;1;32m                                                   ^
[0m[1m/Users/jaymingwong/Documents/code/ros-install-osx/kinetic_desktop_full_ws/src/opencv3/modules/viz/src/clouds.cpp:185:13: [0m[0;1;35mwarning: [0m[1m'ImmediateModeRenderingOff' is deprecated [-Wdeprecated-declarations][0m
    mapper->ImmediateModeRenderingOff();
[0;1;32m            ^
[0m[1m/usr/local/Cellar/vtk/8.1.1/include/vtk-8.1/vtkMapper.h:218:3: [0m[0;1;30mnote: [0m'ImmediateModeRenderingOff' has been explicitly marked deprecated here[0m
  VTK_LEGACY(void ImmediateModeRenderingOff());
[0;1;32m  ^
[0m[1m/usr/local/Cellar/vtk/8.1.1/include/vtk-8.1/vtkSetGet.h:883:52: [0m[0;1;30mnote: [0mexpanded from macro 'VTK_LEGACY'[0m
#  define VTK_LEGACY(method) method __attribute__((deprecated))
[0;1;32m                                                   ^
[0m[1m/Users/jaymingwong/Documents/code/ros-install-osx/kinetic_desktop_full_ws/src/opencv3/modules/viz/src/clouds.cpp:214:13: [0m[0;1;35mwarning: [0m[1m'ImmediateModeRenderingOff' is deprecated [-Wdeprecated-declarations][0m
    mapper->ImmediateModeRenderingOff();
[0;1;32m            ^
[0m[1m/usr/local/Cellar/vtk/8.1.1/include/vtk-8.1/vtkMapper.h:218:3: [0m[0;1;30mnote: [0m'ImmediateModeRenderingOff' has been explicitly marked deprecated here[0m
  VTK_LEGACY(void ImmediateModeRenderingOff());
[0;1;32m  ^
[0m[1m/usr/local/Cellar/vtk/8.1.1/include/vtk-8.1/vtkSetGet.h:883:52: [0m[0;1;30mnote: [0mexpanded from macro 'VTK_LEGACY'[0m
#  define VTK_LEGACY(method) method __attribute__((deprecated))
[0;1;32m                                                   ^
[0m[1m/Users/jaymingwong/Documents/code/ros-install-osx/kinetic_desktop_full_ws/src/opencv3/modules/viz/src/clouds.cpp:419:13: [0m[0;1;35mwarning: [0m[1m'ImmediateModeRenderingOff' is deprecated [-Wdeprecated-declarations][0m
    mapper->ImmediateModeRenderingOff();
[0;1;32m            ^
[0m[1m/usr/local/Cellar/vtk/8.1.1/include/vtk-8.1/vtkMapper.h:218:3: [0m[0;1;30mnote: [0m'ImmediateModeRenderingOff' has been explicitly marked deprecated here[0m
  VTK_LEGACY(void ImmediateModeRenderingOff());
[0;1;32m  ^
[0m[1m/usr/local/Cellar/vtk/8.1.1/include/vtk-8.1/vtkSetGet.h:883:52: [0m[0;1;30mnote: [0mexpanded from macro 'VTK_LEGACY'[0m
#  define VTK_LEGACY(method) method __attribute__((deprecated))
[0;1;32m                                                   ^
[0m[1m/Users/jaymingwong/Documents/code/ros-install-osx/kinetic_desktop_full_ws/src/opencv3/modules/viz/src/clouds.cpp:471:13: [0m[0;1;35mwarning: [0m[1m'ImmediateModeRenderingOff' is deprecated [-Wdeprecated-declarations][0m
    mapper->ImmediateModeRenderingOff();
[0;1;32m            ^
[0m[1m/usr/local/Cellar/vtk/8.1.1/include/vtk-8.1/vtkMapper.h:218:3: [0m[0;1;30mnote: [0m'ImmediateModeRenderingOff' has been explicitly marked deprecated here[0m
  VTK_LEGACY(void ImmediateModeRenderingOff());
[0;1;32m  ^
[0m[1m/usr/local/Cellar/vtk/8.1.1/include/vtk-8.1/vtkSetGet.h:883:52: [0m[0;1;30mnote: [0mexpanded from macro 'VTK_LEGACY'[0m
#  define VTK_LEGACY(method) method __attribute__((deprecated))
[0;1;32m                                                   ^
[0m7 warnings generated.
[1m/Users/jaymingwong/Documents/code/ros-install-osx/kinetic_desktop_full_ws/src/opencv3/modules/viz/src/widget.cpp:94:13: [0m[0;1;35mwarning: [0m[1m'ImmediateModeRenderingOff' is deprecated [-Wdeprecated-declarations][0m
    mapper->ImmediateModeRenderingOff();
[0;1;32m            ^
[0m[1m/usr/local/Cellar/vtk/8.1.1/include/vtk-8.1/vtkMapper.h:218:3: [0m[0;1;30mnote: [0m'ImmediateModeRenderingOff' has been explicitly marked deprecated here[0m
  VTK_LEGACY(void ImmediateModeRenderingOff());
[0;1;32m  ^
[0m[1m/usr/local/Cellar/vtk/8.1.1/include/vtk-8.1/vtkSetGet.h:883:52: [0m[0;1;30mnote: [0mexpanded from macro 'VTK_LEGACY'[0m
#  define VTK_LEGACY(method) method __attribute__((deprecated))
[0;1;32m                                                   ^
[0m[1m/Users/jaymingwong/Documents/code/ros-install-osx/kinetic_desktop_full_ws/src/opencv3/modules/viz/src/widget.cpp:116:55: [0m[0;1;35mwarning: [0m[1m'SetImmediateModeRendering' is deprecated [-Wdeprecated-declarations][0m
        case IMMEDIATE_RENDERING: actor->GetMapper()->SetImmediateModeRendering(int(value)); break;
[0;1;32m                                                      ^
[0m[1m/usr/local/Cellar/vtk/8.1.1/include/vtk-8.1/vtkMapper.h:215:3: [0m[0;1;30mnote: [0m'SetImmediateModeRendering' has been explicitly marked deprecated here[0m
  VTK_LEGACY(void SetImmediateModeRendering(int));
[0;1;32m  ^
[0m[1m/usr/local/Cellar/vtk/8.1.1/include/vtk-8.1/vtkSetGet.h:883:52: [0m[0;1;30mnote: [0mexpanded from macro 'VTK_LEGACY'[0m
#  define VTK_LEGACY(method) method __attribute__((deprecated))
[0;1;32m                                                   ^
[0m[1m/Users/jaymingwong/Documents/code/ros-install-osx/kinetic_desktop_full_ws/src/opencv3/modules/viz/src/widget.cpp:194:64: [0m[0;1;35mwarning: [0m[1m'GetImmediateModeRendering' is deprecated [-Wdeprecated-declarations][0m
        case IMMEDIATE_RENDERING:  value = actor->GetMapper()->GetImmediateModeRendering();  break;
[0;1;32m                                                               ^
[0m[1m/usr/local/Cellar/vtk/8.1.1/include/vtk-8.1/vtkMapper.h:216:3: [0m[0;1;30mnote: [0m'GetImmediateModeRendering' has been explicitly marked deprecated here[0m
  VTK_LEGACY(int GetImmediateModeRendering());
[0;1;32m  ^
[0m[1m/usr/local/Cellar/vtk/8.1.1/include/vtk-8.1/vtkSetGet.h:883:52: [0m[0;1;30mnote: [0mexpanded from macro 'VTK_LEGACY'[0m
#  define VTK_LEGACY(method) method __attribute__((deprecated))
[0;1;32m                                                   ^
[0m3 warnings generated.
ld: warning: text-based stub file /System/Library/Frameworks//QuartzCore.framework/QuartzCore.tbd and library file /System/Library/Frameworks//QuartzCore.framework/QuartzCore are out of sync. Falling back to library file for linking.
[1m/Users/jaymingwong/Documents/code/ros-install-osx/kinetic_desktop_full_ws/src/opencv3/opencv_contrib/cvv/src/controller/view_controller.cpp:68:1: [0m[0;1;35mwarning: [0m[1mno previous prototype for function 'makeFilterCallTab' [-Wmissing-prototypes][0m
makeFilterCallTab(cvv::util::Reference<cvv::impl::Call> call)
[0;1;32m^
[0m[1m/Users/jaymingwong/Documents/code/ros-install-osx/kinetic_desktop_full_ws/src/opencv3/opencv_contrib/cvv/src/controller/view_controller.cpp:75:1: [0m[0;1;35mwarning: [0m[1mno previous prototype for function 'makeMatchCallTab' [-Wmissing-prototypes][0m
makeMatchCallTab(cvv::util::Reference<cvv::impl::Call> call)
[0;1;32m^
[0m[1m/Users/jaymingwong/Documents/code/ros-install-osx/kinetic_desktop_full_ws/src/opencv3/opencv_contrib/cvv/src/controller/view_controller.cpp:82:1: [0m[0;1;35mwarning: [0m[1mno previous prototype for function 'makeImageCallTab' [-Wmissing-prototypes][0m
makeImageCallTab(cvv::util::Reference<cvv::impl::Call> call)
[0;1;32m^
[0m3 warnings generated.
In file included from /Users/jaymingwong/Documents/code/ros-install-osx/kinetic_desktop_full_ws/src/opencv3/opencv_contrib/cvv/src/impl/init.cpp:21:
[1m/Users/jaymingwong/Documents/code/ros-install-osx/kinetic_desktop_full_ws/src/opencv3/opencv_contrib/cvv/src/impl/../view/linematchview.hpp:59:36: [0m[0;1;35mwarning: [0m[1m'getKeyPointSelection' overrides a member function but is not marked 'override' [-Winconsistent-missing-override][0m
        virtual std::vector<cv::KeyPoint> getKeyPointSelection()
[0;1;32m                                          ^
[0m[1m/Users/jaymingwong/Documents/code/ros-install-osx/kinetic_desktop_full_ws/src/opencv3/opencv_contrib/cvv/src/impl/../view/match_view.hpp:59:36: [0m[0;1;30mnote: [0moverridden virtual function is here[0m
        virtual std::vector<cv::KeyPoint> getKeyPointSelection()
[0;1;32m                                          ^
[0mIn file included from /Users/jaymingwong/Documents/code/ros-install-osx/kinetic_desktop_full_ws/src/opencv3/opencv_contrib/cvv/src/impl/init.cpp:21:
[1m/Users/jaymingwong/Documents/code/ros-install-osx/kinetic_desktop_full_ws/src/opencv3/opencv_contrib/cvv/src/impl/../view/linematchview.hpp:66:15: [0m[0;1;35mwarning: [0m[1m'setMatchSelection' overrides a member function but is not marked 'override' [-Winconsistent-missing-override][0m
        virtual void setMatchSelection(std::vector<cv::DMatch> selection)
[0;1;32m                     ^
[0m[1m/Users/jaymingwong/Documents/code/ros-install-osx/kinetic_desktop_full_ws/src/opencv3/opencv_contrib/cvv/src/impl/../view/match_view.hpp:67:15: [0m[0;1;30mnote: [0moverridden virtual function is here[0m
        virtual void setMatchSelection(std::vector<cv::DMatch>)
[0;1;32m                     ^
[0mIn file included from /Users/jaymingwong/Documents/code/ros-install-osx/kinetic_desktop_full_ws/src/opencv3/opencv_contrib/cvv/src/impl/init.cpp:21:
[1m/Users/jaymingwong/Documents/code/ros-install-osx/kinetic_desktop_full_ws/src/opencv3/opencv_contrib/cvv/src/impl/../view/linematchview.hpp:71:15: [0m[0;1;35mwarning: [0m[1m'setKeyPointSelection' overrides a member function but is not marked 'override' [-Winconsistent-missing-override][0m
        virtual void setKeyPointSelection(std::vector<cv::KeyPoint> selection)
[0;1;32m                     ^
[0m[1m/Users/jaymingwong/Documents/code/ros-install-osx/kinetic_desktop_full_ws/src/opencv3/opencv_contrib/cvv/src/impl/../view/match_view.hpp:71:15: [0m[0;1;30mnote: [0moverridden virtual function is here[0m
        virtual void setKeyPointSelection(std::vector<cv::KeyPoint>)
[0;1;32m                     ^
[0mIn file included from /Users/jaymingwong/Documents/code/ros-install-osx/kinetic_desktop_full_ws/src/opencv3/opencv_contrib/cvv/src/impl/init.cpp:23:
[1m/Users/jaymingwong/Documents/code/ros-install-osx/kinetic_desktop_full_ws/src/opencv3/opencv_contrib/cvv/src/impl/../view/translationsmatchview.hpp:63:36: [0m[0;1;35mwarning: [0m[1m'getKeyPointSelection' overrides a member function but is not marked 'override' [-Winconsistent-missing-override][0m
        virtual std::vector<cv::KeyPoint> getKeyPointSelection()
[0;1;32m                                          ^
[0m[1m/Users/jaymingwong/Documents/code/ros-install-osx/kinetic_desktop_full_ws/src/opencv3/opencv_contrib/cvv/src/impl/../view/match_view.hpp:59:36: [0m[0;1;30mnote: [0moverridden virtual function is here[0m
        virtual std::vector<cv::KeyPoint> getKeyPointSelection()
[0;1;32m                                          ^
[0mIn file included from /Users/jaymingwong/Documents/code/ros-install-osx/kinetic_desktop_full_ws/src/opencv3/opencv_contrib/cvv/src/impl/init.cpp:23:
[1m/Users/jaymingwong/Documents/code/ros-install-osx/kinetic_desktop_full_ws/src/opencv3/opencv_contrib/cvv/src/impl/../view/translationsmatchview.hpp:70:15: [0m[0;1;35mwarning: [0m[1m'setMatchSelection' overrides a member function but is not marked 'override' [-Winconsistent-missing-override][0m
        virtual void setMatchSelection(std::vector<cv::DMatch> selection)
[0;1;32m                     ^
[0m[1m/Users/jaymingwong/Documents/code/ros-install-osx/kinetic_desktop_full_ws/src/opencv3/opencv_contrib/cvv/src/impl/../view/match_view.hpp:67:15: [0m[0;1;30mnote: [0moverridden virtual function is here[0m
        virtual void setMatchSelection(std::vector<cv::DMatch>)
[0;1;32m                     ^
[0mIn file included from /Users/jaymingwong/Documents/code/ros-install-osx/kinetic_desktop_full_ws/src/opencv3/opencv_contrib/cvv/src/impl/init.cpp:23:
[1m/Users/jaymingwong/Documents/code/ros-install-osx/kinetic_desktop_full_ws/src/opencv3/opencv_contrib/cvv/src/impl/../view/translationsmatchview.hpp:75:15: [0m[0;1;35mwarning: [0m[1m'setKeyPointSelection' overrides a member function but is not marked 'override' [-Winconsistent-missing-override][0m
        virtual void setKeyPointSelection(std::vector<cv::KeyPoint> selection)
[0;1;32m                     ^
[0m[1m/Users/jaymingwong/Documents/code/ros-install-osx/kinetic_desktop_full_ws/src/opencv3/opencv_contrib/cvv/src/impl/../view/match_view.hpp:71:15: [0m[0;1;30mnote: [0moverridden virtual function is here[0m
        virtual void setKeyPointSelection(std::vector<cv::KeyPoint>)
[0;1;32m                     ^
[0mIn file included from /Users/jaymingwong/Documents/code/ros-install-osx/kinetic_desktop_full_ws/src/opencv3/opencv_contrib/cvv/src/impl/init.cpp:24:
[1m/Users/jaymingwong/Documents/code/ros-install-osx/kinetic_desktop_full_ws/src/opencv3/opencv_contrib/cvv/src/impl/../view/pointmatchview.hpp:61:15: [0m[0;1;35mwarning: [0m[1m'setMatchSelection' overrides a member function but is not marked 'override' [-Winconsistent-missing-override][0m
        virtual void setMatchSelection(std::vector<cv::DMatch> selection)
[0;1;32m                     ^
[0m[1m/Users/jaymingwong/Documents/code/ros-install-osx/kinetic_desktop_full_ws/src/opencv3/opencv_contrib/cvv/src/impl/../view/match_view.hpp:67:15: [0m[0;1;30mnote: [0moverridden virtual function is here[0m
        virtual void setMatchSelection(std::vector<cv::DMatch>)
[0;1;32m                     ^
[0m[1m/Users/jaymingwong/Documents/code/ros-install-osx/kinetic_desktop_full_ws/src/opencv3/opencv_contrib/cvv/src/qtutil/filter/changed_pixels_widget.cpp:17:6: [0m[0;1;35mwarning: [0m[1mno previous prototype for function 'changedPixelImage' [-Wmissing-prototypes][0m
void changedPixelImage(const cv::Mat& mat0, const cv::Mat& mat1, cv::Mat& out)
[0;1;32m     ^
[0m7 warnings generated.
1 warning generated.
[1m/Users/jaymingwong/Documents/code/ros-install-osx/kinetic_desktop_full_ws/src/opencv3/opencv_contrib/cvv/src/qtutil/matchview/keypointmanagement.cpp:145:13: [0m[0;1;35mwarning: [0m[1mmoving a temporary object prevents copy elision [-Wpessimizing-move][0m
        addSetting(std::move(util::make_unique<KeyPointSettingsSelector>(univers_)));
[0;1;32m                   ^
[0m[1m/Users/jaymingwong/Documents/code/ros-install-osx/kinetic_desktop_full_ws/src/opencv3/opencv_contrib/cvv/src/qtutil/matchview/keypointmanagement.cpp:145:13: [0m[0;1;30mnote: [0mremove std::move call here[0m
        addSetting(std::move(util::make_unique<KeyPointSettingsSelector>(univers_)));
[0;1;32m                   ^~~~~~~~~~                                                     ~
[0m[1m/Users/jaymingwong/Documents/code/ros-install-osx/kinetic_desktop_full_ws/src/opencv3/opencv_contrib/cvv/src/qtutil/matchview/keypointmanagement.cpp:179:15: [0m[0;1;35mwarning: [0m[1mmoving a temporary object prevents copy elision [-Wpessimizing-move][0m
        addSelection(std::move(util::make_unique<KeyPointSelectionSelector>(univers_)));
[0;1;32m                     ^
[0m[1m/Users/jaymingwong/Documents/code/ros-install-osx/kinetic_desktop_full_ws/src/opencv3/opencv_contrib/cvv/src/qtutil/matchview/keypointmanagement.cpp:179:15: [0m[0;1;30mnote: [0mremove std::move call here[0m
        addSelection(std::move(util::make_unique<KeyPointSelectionSelector>(univers_)));
[0;1;32m                     ^~~~~~~~~~                                                      ~
[0m2 warnings generated.
[1m/Users/jaymingwong/Documents/code/ros-install-osx/kinetic_desktop_full_ws/src/opencv3/opencv_contrib/cvv/src/qtutil/matchview/matchmanagement.cpp:140:13: [0m[0;1;35mwarning: [0m[1mmoving a temporary object prevents copy elision [-Wpessimizing-move][0m
        addSetting(std::move(util::make_unique<MatchSettingsSelector>(univers_)));
[0;1;32m                   ^
[0m[1m/Users/jaymingwong/Documents/code/ros-install-osx/kinetic_desktop_full_ws/src/opencv3/opencv_contrib/cvv/src/qtutil/matchview/matchmanagement.cpp:140:13: [0m[0;1;30mnote: [0mremove std::move call here[0m
        addSetting(std::move(util::make_unique<MatchSettingsSelector>(univers_)));
[0;1;32m                   ^~~~~~~~~~                                                  ~
[0m[1m/Users/jaymingwong/Documents/code/ros-install-osx/kinetic_desktop_full_ws/src/opencv3/opencv_contrib/cvv/src/qtutil/matchview/matchmanagement.cpp:175:15: [0m[0;1;35mwarning: [0m[1mmoving a temporary object prevents copy elision [-Wpessimizing-move][0m
        addSelection(std::move(util::make_unique<MatchSelectionSelector>(univers_)));
[0;1;32m                     ^
[0m[1m/Users/jaymingwong/Documents/code/ros-install-osx/kinetic_desktop_full_ws/src/opencv3/opencv_contrib/cvv/src/qtutil/matchview/matchmanagement.cpp:175:15: [0m[0;1;30mnote: [0mremove std::move call here[0m
        addSelection(std::move(util::make_unique<MatchSelectionSelector>(univers_)));
[0;1;32m                     ^~~~~~~~~~                                                   ~
[0m2 warnings generated.
In file included from /Users/jaymingwong/Documents/code/ros-install-osx/kinetic_desktop_full_ws/src/opencv3/opencv_contrib/cvv/src/qtutil/matchview/matchscene.cpp:11:
[1m/Users/jaymingwong/Documents/code/ros-install-osx/kinetic_desktop_full_ws/src/opencv3/opencv_contrib/cvv/src/qtutil/matchview/matchscene.hpp:47:15: [0m[0;1;35mwarning: [0m[1m'contextMenuEvent' overrides a member function but is not marked 'override' [-Winconsistent-missing-override][0m
        virtual void contextMenuEvent(QContextMenuEvent *event)
[0;1;32m                     ^
[0m[1m/usr/local/opt/qt/lib/QtWidgets.framework/Headers/qgraphicsview.h:244:10: [0m[0;1;30mnote: [0moverridden virtual function is here[0m
    void contextMenuEvent(QContextMenuEvent *event) override;
[0;1;32m         ^
[0m1 warning generated.
[1m/Users/jaymingwong/Documents/code/ros-install-osx/kinetic_desktop_full_ws/src/opencv3/opencv_contrib/cvv/src/qtutil/util.cpp:338:42: [0m[0;1;35mwarning: [0m[1mno previous prototype for function 'errorResult' [-Wmissing-prototypes][0m
std::pair<ImageConversionResult, QImage> errorResult(ImageConversionResult res,
[0;1;32m                                         ^
[0m[1m/Users/jaymingwong/Documents/code/ros-install-osx/kinetic_desktop_full_ws/src/opencv3/opencv_contrib/cvv/src/qtutil/zoomableimage.cpp:140:13: [0m[0;1;35mwarning: [0m[1mno previous prototype for function 'printPixel' [-Wmissing-prototypes][0m
std::string printPixel(const cv::Mat &mat, int i, int j)
[0;1;32m            ^
[0m1 warning generated.
1 warning generated.
[1m/Users/jaymingwong/Documents/code/ros-install-osx/kinetic_desktop_full_ws/src/opencv3/opencv_contrib/cvv/src/view/defaultfilterview.cpp:44:7: [0m[0;1;35mwarning: [0m[1mmoving a temporary object prevents copy elision [-Wpessimizing-move][0m
                    std::move(
[0;1;32m                    ^
[0m[1m/Users/jaymingwong/Documents/code/ros-install-osx/kinetic_desktop_full_ws/src/opencv3/opencv_contrib/cvv/src/view/defaultfilterview.cpp:44:7: [0m[0;1;30mnote: [0mremove std::move call here[0m
                    std::move(
[0;1;32m                    ^~~~~~~~~~
[0m[1m/Users/jaymingwong/Documents/code/ros-install-osx/kinetic_desktop_full_ws/src/opencv3/opencv_contrib/cvv/src/view/defaultfilterview.cpp:54:66: [0m[0;1;35mwarning: [0m[1mmoving a temporary object prevents copy elision [-Wpessimizing-move][0m
                accor->insert(QString("Histogram: ") + QString::number(count), std::move(util::make_unique<qtutil::HistogramOptPanel>(*histogram)));
[0;1;32m                                                                               ^
[0m[1m/Users/jaymingwong/Documents/code/ros-install-osx/kinetic_desktop_full_ws/src/opencv3/opencv_contrib/cvv/src/view/defaultfilterview.cpp:54:66: [0m[0;1;30mnote: [0mremove std::move call here[0m
                accor->insert(QString("Histogram: ") + QString::number(count), std::move(util::make_unique<qtutil::HistogramOptPanel>(*histogram)));
[0;1;32m                                                                               ^~~~~~~~~~                                                        ~
[0m2 warnings generated.
[1m/Users/jaymingwong/Documents/code/ros-install-osx/kinetic_desktop_full_ws/src/opencv3/opencv_contrib/cvv/src/view/image_view.cpp:36:3: [0m[0;1;35mwarning: [0m[1mmoving a temporary object prevents copy elision [-Wpessimizing-move][0m
                std::move(util::make_unique<qtutil::ZoomableOptPanel>(*zoomim,false)));
[0;1;32m                ^
[0m[1m/Users/jaymingwong/Documents/code/ros-install-osx/kinetic_desktop_full_ws/src/opencv3/opencv_contrib/cvv/src/view/image_view.cpp:36:3: [0m[0;1;30mnote: [0mremove std::move call here[0m
                std::move(util::make_unique<qtutil::ZoomableOptPanel>(*zoomim,false)));
[0;1;32m                ^~~~~~~~~~                                                          ~
[0m[1m/Users/jaymingwong/Documents/code/ros-install-osx/kinetic_desktop_full_ws/src/opencv3/opencv_contrib/cvv/src/view/image_view.cpp:44:39: [0m[0;1;35mwarning: [0m[1mmoving a temporary object prevents copy elision [-Wpessimizing-move][0m
        accor->insert(QString("Histogram:"), std::move(util::make_unique<qtutil::HistogramOptPanel>(*histogram)));
[0;1;32m                                             ^
[0m[1m/Users/jaymingwong/Documents/code/ros-install-osx/kinetic_desktop_full_ws/src/opencv3/opencv_contrib/cvv/src/view/image_view.cpp:44:39: [0m[0;1;30mnote: [0mremove std::move call here[0m
        accor->insert(QString("Histogram:"), std::move(util::make_unique<qtutil::HistogramOptPanel>(*histogram)));
[0;1;32m                                             ^~~~~~~~~~                                                        ~
[0m2 warnings generated.
[1m/Users/jaymingwong/Documents/code/ros-install-osx/kinetic_desktop_full_ws/src/opencv3/opencv_contrib/cvv/src/view/dual_filter_view.cpp:72:7: [0m[0;1;35mwarning: [0m[1mmoving a temporary object prevents copy elision [-Wpessimizing-move][0m
                    std::move(
[0;1;32m                    ^
[0m[1m/Users/jaymingwong/Documents/code/ros-install-osx/kinetic_desktop_full_ws/src/opencv3/opencv_contrib/cvv/src/view/dual_filter_view.cpp:72:7: [0m[0;1;30mnote: [0mremove std::move call here[0m
                    std::move(
[0;1;32m                    ^~~~~~~~~~
[0m[1m/Users/jaymingwong/Documents/code/ros-install-osx/kinetic_desktop_full_ws/src/opencv3/opencv_contrib/cvv/src/view/dual_filter_view.cpp:102:3: [0m[0;1;35mwarning: [0m[1mmoving a temporary object prevents copy elision [-Wpessimizing-move][0m
                std::move(util::make_unique<qtutil::SyncZoomWidget>(syncVec)), true, 1);
[0;1;32m                ^
[0m[1m/Users/jaymingwong/Documents/code/ros-install-osx/kinetic_desktop_full_ws/src/opencv3/opencv_contrib/cvv/src/view/dual_filter_view.cpp:102:3: [0m[0;1;30mnote: [0mremove std::move call here[0m
                std::move(util::make_unique<qtutil::SyncZoomWidget>(syncVec)), true, 1);
[0;1;32m                ^~~~~~~~~~                                                  ~
[0m[1m/Users/jaymingwong/Documents/code/ros-install-osx/kinetic_desktop_full_ws/src/opencv3/opencv_contrib/cvv/src/view/dual_filter_view.cpp:133:11: [0m[0;1;35mwarning: [0m[1msuggest braces around initialization of subobject [-Wmissing-braces][0m
        return { matVec.at(0), matVec.at(1) };
[0;1;32m                 ^~~~~~~~~~~~~~~~~~~~~~~~~~
[0m[0;32m                 {                         }
[0mIn file included from /Users/jaymingwong/Documents/code/ros-install-osx/kinetic_desktop_full_ws/src/opencv3/opencv_contrib/cvv/src/view/linematchview.cpp:7:
[1m/Users/jaymingwong/Documents/code/ros-install-osx/kinetic_desktop_full_ws/src/opencv3/opencv_contrib/cvv/src/view/../qtutil/matchview/matchscene.hpp:47:15: [0m[0;1;35mwarning: [0m[1m'contextMenuEvent' overrides a member function but is not marked 'override' [-Winconsistent-missing-override][0m
        virtual void contextMenuEvent(QContextMenuEvent *event)
[0;1;32m                     ^
[0m[1m/usr/local/opt/qt/lib/QtWidgets.framework/Headers/qgraphicsview.h:244:10: [0m[0;1;30mnote: [0moverridden virtual function is here[0m
    void contextMenuEvent(QContextMenuEvent *event) override;
[0;1;32m         ^
[0m3 warnings generated.
In file included from /Users/jaymingwong/Documents/code/ros-install-osx/kinetic_desktop_full_ws/src/opencv3/opencv_contrib/cvv/src/view/linematchview.cpp:16:
[1m/Users/jaymingwong/Documents/code/ros-install-osx/kinetic_desktop_full_ws/src/opencv3/opencv_contrib/cvv/src/view/linematchview.hpp:59:36: [0m[0;1;35mwarning: [0m[1m'getKeyPointSelection' overrides a member function but is not marked 'override' [-Winconsistent-missing-override][0m
        virtual std::vector<cv::KeyPoint> getKeyPointSelection()
[0;1;32m                                          ^
[0m[1m/Users/jaymingwong/Documents/code/ros-install-osx/kinetic_desktop_full_ws/src/opencv3/opencv_contrib/cvv/src/view/match_view.hpp:59:36: [0m[0;1;30mnote: [0moverridden virtual function is here[0m
        virtual std::vector<cv::KeyPoint> getKeyPointSelection()
[0;1;32m                                          ^
[0mIn file included from /Users/jaymingwong/Documents/code/ros-install-osx/kinetic_desktop_full_ws/src/opencv3/opencv_contrib/cvv/src/view/linematchview.cpp:16:
[1m/Users/jaymingwong/Documents/code/ros-install-osx/kinetic_desktop_full_ws/src/opencv3/opencv_contrib/cvv/src/view/linematchview.hpp:66:15: [0m[0;1;35mwarning: [0m[1m'setMatchSelection' overrides a member function but is not marked 'override' [-Winconsistent-missing-override][0m
        virtual void setMatchSelection(std::vector<cv::DMatch> selection)
[0;1;32m                     ^
[0m[1m/Users/jaymingwong/Documents/code/ros-install-osx/kinetic_desktop_full_ws/src/opencv3/opencv_contrib/cvv/src/view/match_view.hpp:67:15: [0m[0;1;30mnote: [0moverridden virtual function is here[0m
        virtual void setMatchSelection(std::vector<cv::DMatch>)
[0;1;32m                     ^
[0mIn file included from /Users/jaymingwong/Documents/code/ros-install-osx/kinetic_desktop_full_ws/src/opencv3/opencv_contrib/cvv/src/view/linematchview.cpp:16:
[1m/Users/jaymingwong/Documents/code/ros-install-osx/kinetic_desktop_full_ws/src/opencv3/opencv_contrib/cvv/src/view/linematchview.hpp:71:15: [0m[0;1;35mwarning: [0m[1m'setKeyPointSelection' overrides a member function but is not marked 'override' [-Winconsistent-missing-override][0m
        virtual void setKeyPointSelection(std::vector<cv::KeyPoint> selection)
[0;1;32m                     ^
[0m[1m/Users/jaymingwong/Documents/code/ros-install-osx/kinetic_desktop_full_ws/src/opencv3/opencv_contrib/cvv/src/view/match_view.hpp:71:15: [0m[0;1;30mnote: [0moverridden virtual function is here[0m
        virtual void setKeyPointSelection(std::vector<cv::KeyPoint>)
[0;1;32m                     ^
[0m[1m/Users/jaymingwong/Documents/code/ros-install-osx/kinetic_desktop_full_ws/src/opencv3/opencv_contrib/cvv/src/view/linematchview.cpp:69:9: [0m[0;1;35mwarning: [0m[1mmoving a temporary object prevents copy elision [-Wpessimizing-move][0m
                      std::move(util::make_unique<qtutil::ShowInRawView>(leftKeyPoints,
[0;1;32m                      ^
[0m[1m/Users/jaymingwong/Documents/code/ros-install-osx/kinetic_desktop_full_ws/src/opencv3/opencv_contrib/cvv/src/view/linematchview.cpp:69:9: [0m[0;1;30mnote: [0mremove std::move call here[0m
                      std::move(util::make_unique<qtutil::ShowInRawView>(leftKeyPoints,
[0;1;32m                      ^~~~~~~~~~
[0m[1m/Users/jaymingwong/Documents/code/ros-install-osx/kinetic_desktop_full_ws/src/opencv3/opencv_contrib/cvv/src/view/linematchview.cpp:76:9: [0m[0;1;35mwarning: [0m[1mmoving a temporary object prevents copy elision [-Wpessimizing-move][0m
                      std::move(matchscene_ptr->getSyncZoomWidget()));
[0;1;32m                      ^
[0m[1m/Users/jaymingwong/Documents/code/ros-install-osx/kinetic_desktop_full_ws/src/opencv3/opencv_contrib/cvv/src/view/linematchview.cpp:76:9: [0m[0;1;30mnote: [0mremove std::move call here[0m
                      std::move(matchscene_ptr->getSyncZoomWidget()));
[0;1;32m                      ^~~~~~~~~~                                   ~
[0m[1m/Users/jaymingwong/Documents/code/ros-install-osx/kinetic_desktop_full_ws/src/opencv3/opencv_contrib/cvv/src/view/linematchview.cpp:78:9: [0m[0;1;35mwarning: [0m[1mmoving a temporary object prevents copy elision [-Wpessimizing-move][0m
                      std::move(matchscene_ptr->getLeftMatInfoWidget()));
[0;1;32m                      ^
[0m[1m/Users/jaymingwong/Documents/code/ros-install-osx/kinetic_desktop_full_ws/src/opencv3/opencv_contrib/cvv/src/view/linematchview.cpp:78:9: [0m[0;1;30mnote: [0mremove std::move call here[0m
                      std::move(matchscene_ptr->getLeftMatInfoWidget()));
[0;1;32m                      ^~~~~~~~~~                                      ~
[0m[1m/Users/jaymingwong/Documents/code/ros-install-osx/kinetic_desktop_full_ws/src/opencv3/opencv_contrib/cvv/src/view/linematchview.cpp:80:9: [0m[0;1;35mwarning: [0m[1mmoving a temporary object prevents copy elision [-Wpessimizing-move][0m
                      std::move(matchscene_ptr->getRightMatInfoWidget()));
[0;1;32m                      ^
[0m[1m/Users/jaymingwong/Documents/code/ros-install-osx/kinetic_desktop_full_ws/src/opencv3/opencv_contrib/cvv/src/view/linematchview.cpp:80:9: [0m[0;1;30mnote: [0mremove std::move call here[0m
                      std::move(matchscene_ptr->getRightMatInfoWidget()));
[0;1;32m                      ^~~~~~~~~~                                       ~
[0m8 warnings generated.
In file included from /Users/jaymingwong/Documents/code/ros-install-osx/kinetic_desktop_full_ws/src/opencv3/opencv_contrib/cvv/src/view/pointmatchview.cpp:6:
[1m/Users/jaymingwong/Documents/code/ros-install-osx/kinetic_desktop_full_ws/src/opencv3/opencv_contrib/cvv/src/view/../qtutil/matchview/matchscene.hpp:47:15: [0m[0;1;35mwarning: [0m[1m'contextMenuEvent' overrides a member function but is not marked 'override' [-Winconsistent-missing-override][0m
        virtual void contextMenuEvent(QContextMenuEvent *event)
[0;1;32m                     ^
[0m[1m/usr/local/opt/qt/lib/QtWidgets.framework/Headers/qgraphicsview.h:244:10: [0m[0;1;30mnote: [0moverridden virtual function is here[0m
    void contextMenuEvent(QContextMenuEvent *event) override;
[0;1;32m         ^
[0mIn file included from /Users/jaymingwong/Documents/code/ros-install-osx/kinetic_desktop_full_ws/src/opencv3/opencv_contrib/cvv/src/view/pointmatchview.cpp:12:
[1m/Users/jaymingwong/Documents/code/ros-install-osx/kinetic_desktop_full_ws/src/opencv3/opencv_contrib/cvv/src/view/pointmatchview.hpp:61:15: [0m[0;1;35mwarning: [0m[1m'setMatchSelection' overrides a member function but is not marked 'override' [-Winconsistent-missing-override][0m
        virtual void setMatchSelection(std::vector<cv::DMatch> selection)
[0;1;32m                     ^
[0m[1m/Users/jaymingwong/Documents/code/ros-install-osx/kinetic_desktop_full_ws/src/opencv3/opencv_contrib/cvv/src/view/match_view.hpp:67:15: [0m[0;1;30mnote: [0moverridden virtual function is here[0m
        virtual void setMatchSelection(std::vector<cv::DMatch>)
[0;1;32m                     ^
[0m[1m/Users/jaymingwong/Documents/code/ros-install-osx/kinetic_desktop_full_ws/src/opencv3/opencv_contrib/cvv/src/view/pointmatchview.cpp:49:9: [0m[0;1;35mwarning: [0m[1mmoving a temporary object prevents copy elision [-Wpessimizing-move][0m
                      std::move(matchscene_ptr->getSyncZoomWidget()));
[0;1;32m                      ^
[0m[1m/Users/jaymingwong/Documents/code/ros-install-osx/kinetic_desktop_full_ws/src/opencv3/opencv_contrib/cvv/src/view/pointmatchview.cpp:49:9: [0m[0;1;30mnote: [0mremove std::move call here[0m
                      std::move(matchscene_ptr->getSyncZoomWidget()));
[0;1;32m                      ^~~~~~~~~~                                   ~
[0m[1m/Users/jaymingwong/Documents/code/ros-install-osx/kinetic_desktop_full_ws/src/opencv3/opencv_contrib/cvv/src/view/pointmatchview.cpp:51:9: [0m[0;1;35mwarning: [0m[1mmoving a temporary object prevents copy elision [-Wpessimizing-move][0m
                      std::move(matchscene_ptr->getLeftMatInfoWidget()));
[0;1;32m                      ^
[0m[1m/Users/jaymingwong/Documents/code/ros-install-osx/kinetic_desktop_full_ws/src/opencv3/opencv_contrib/cvv/src/view/pointmatchview.cpp:51:9: [0m[0;1;30mnote: [0mremove std::move call here[0m
                      std::move(matchscene_ptr->getLeftMatInfoWidget()));
[0;1;32m                      ^~~~~~~~~~                                      ~
[0m[1m/Users/jaymingwong/Documents/code/ros-install-osx/kinetic_desktop_full_ws/src/opencv3/opencv_contrib/cvv/src/view/pointmatchview.cpp:53:9: [0m[0;1;35mwarning: [0m[1mmoving a temporary object prevents copy elision [-Wpessimizing-move][0m
                      std::move(matchscene_ptr->getRightMatInfoWidget()));
[0;1;32m                      ^
[0m[1m/Users/jaymingwong/Documents/code/ros-install-osx/kinetic_desktop_full_ws/src/opencv3/opencv_contrib/cvv/src/view/pointmatchview.cpp:53:9: [0m[0;1;30mnote: [0mremove std::move call here[0m
                      std::move(matchscene_ptr->getRightMatInfoWidget()));
[0;1;32m                      ^~~~~~~~~~                                       ~
[0m5 warnings generated.
[1m/Users/jaymingwong/Documents/code/ros-install-osx/kinetic_desktop_full_ws/src/opencv3/opencv_contrib/cvv/src/view/singlefilterview.cpp:47:7: [0m[0;1;35mwarning: [0m[1mmoving a temporary object prevents copy elision [-Wpessimizing-move][0m
                    std::move(
[0;1;32m                    ^
[0m[1m/Users/jaymingwong/Documents/code/ros-install-osx/kinetic_desktop_full_ws/src/opencv3/opencv_contrib/cvv/src/view/singlefilterview.cpp:47:7: [0m[0;1;30mnote: [0mremove std::move call here[0m
                    std::move(
[0;1;32m                    ^~~~~~~~~~
[0m[1m/Users/jaymingwong/Documents/code/ros-install-osx/kinetic_desktop_full_ws/src/opencv3/opencv_contrib/cvv/src/view/singlefilterview.cpp:69:7: [0m[0;1;35mwarning: [0m[1mmoving a temporary object prevents copy elision [-Wpessimizing-move][0m
                    std::move(
[0;1;32m                    ^
[0m[1m/Users/jaymingwong/Documents/code/ros-install-osx/kinetic_desktop_full_ws/src/opencv3/opencv_contrib/cvv/src/view/singlefilterview.cpp:69:7: [0m[0;1;30mnote: [0mremove std::move call here[0m
                    std::move(
[0;1;32m                    ^~~~~~~~~~
[0m[1m/Users/jaymingwong/Documents/code/ros-install-osx/kinetic_desktop_full_ws/src/opencv3/opencv_contrib/cvv/src/view/singlefilterview.cpp:87:3: [0m[0;1;35mwarning: [0m[1mmoving a temporary object prevents copy elision [-Wpessimizing-move][0m
                std::move(util::make_unique<qtutil::SyncZoomWidget>(syncVec)), true, 1);
[0;1;32m                ^
[0m[1m/Users/jaymingwong/Documents/code/ros-install-osx/kinetic_desktop_full_ws/src/opencv3/opencv_contrib/cvv/src/view/singlefilterview.cpp:87:3: [0m[0;1;30mnote: [0mremove std::move call here[0m
                std::move(util::make_unique<qtutil::SyncZoomWidget>(syncVec)), true, 1);
[0;1;32m                ^~~~~~~~~~                                                  ~
[0mIn file included from /Users/jaymingwong/Documents/code/ros-install-osx/kinetic_desktop_full_ws/src/opencv3/opencv_contrib/cvv/src/view/translationsmatchview.cpp:5:
[1m/Users/jaymingwong/Documents/code/ros-install-osx/kinetic_desktop_full_ws/src/opencv3/opencv_contrib/cvv/src/view/../qtutil/matchview/matchscene.hpp:47:15: [0m[0;1;35mwarning: [0m[1m'contextMenuEvent' overrides a member function but is not marked 'override' [-Winconsistent-missing-override][0m
        virtual void contextMenuEvent(QContextMenuEvent *event)
[0;1;32m                     ^
[0m[1m/usr/local/opt/qt/lib/QtWidgets.framework/Headers/qgraphicsview.h:244:10: [0m[0;1;30mnote: [0moverridden virtual function is here[0m
    void contextMenuEvent(QContextMenuEvent *event) override;
[0;1;32m         ^
[0mIn file included from /Users/jaymingwong/Documents/code/ros-install-osx/kinetic_desktop_full_ws/src/opencv3/opencv_contrib/cvv/src/view/translationsmatchview.cpp:11:
[1m/Users/jaymingwong/Documents/code/ros-install-osx/kinetic_desktop_full_ws/src/opencv3/opencv_contrib/cvv/src/view/translationsmatchview.hpp:63:36: [0m[0;1;35mwarning: [0m[1m'getKeyPointSelection' overrides a member function but is not marked 'override' [-Winconsistent-missing-override][0m
        virtual std::vector<cv::KeyPoint> getKeyPointSelection()
[0;1;32m                                          ^
[0m[1m/Users/jaymingwong/Documents/code/ros-install-osx/kinetic_desktop_full_ws/src/opencv3/opencv_contrib/cvv/src/view/match_view.hpp:59:36: [0m[0;1;30mnote: [0moverridden virtual function is here[0m
        virtual std::vector<cv::KeyPoint> getKeyPointSelection()
[0;1;32m                                          ^
[0mIn file included from /Users/jaymingwong/Documents/code/ros-install-osx/kinetic_desktop_full_ws/src/opencv3/opencv_contrib/cvv/src/view/translationsmatchview.cpp:11:
[1m/Users/jaymingwong/Documents/code/ros-install-osx/kinetic_desktop_full_ws/src/opencv3/opencv_contrib/cvv/src/view/translationsmatchview.hpp:70:15: [0m[0;1;35mwarning: [0m[1m'setMatchSelection' overrides a member function but is not marked 'override' [-Winconsistent-missing-override][0m
        virtual void setMatchSelection(std::vector<cv::DMatch> selection)
[0;1;32m                     ^
[0m[1m/Users/jaymingwong/Documents/code/ros-install-osx/kinetic_desktop_full_ws/src/opencv3/opencv_contrib/cvv/src/view/match_view.hpp:67:15: [0m[0;1;30mnote: [0moverridden virtual function is here[0m
        virtual void setMatchSelection(std::vector<cv::DMatch>)
[0;1;32m                     ^
[0mIn file included from /Users/jaymingwong/Documents/code/ros-install-osx/kinetic_desktop_full_ws/src/opencv3/opencv_contrib/cvv/src/view/translationsmatchview.cpp:11:
[1m/Users/jaymingwong/Documents/code/ros-install-osx/kinetic_desktop_full_ws/src/opencv3/opencv_contrib/cvv/src/view/translationsmatchview.hpp:75:15: [0m[0;1;35mwarning: [0m[1m'setKeyPointSelection' overrides a member function but is not marked 'override' [-Winconsistent-missing-override][0m
        virtual void setKeyPointSelection(std::vector<cv::KeyPoint> selection)
[0;1;32m                     ^
[0m[1m/Users/jaymingwong/Documents/code/ros-install-osx/kinetic_desktop_full_ws/src/opencv3/opencv_contrib/cvv/src/view/match_view.hpp:71:15: [0m[0;1;30mnote: [0moverridden virtual function is here[0m
        virtual void setKeyPointSelection(std::vector<cv::KeyPoint>)
[0;1;32m                     ^
[0m[1m/Users/jaymingwong/Documents/code/ros-install-osx/kinetic_desktop_full_ws/src/opencv3/opencv_contrib/cvv/src/view/translationsmatchview.cpp:60:9: [0m[0;1;35mwarning: [0m[1mmoving a temporary object prevents copy elision [-Wpessimizing-move][0m
                      std::move(util::make_unique<qtutil::ShowInRawView>(leftKeyPoints,
[0;1;32m                      ^
[0m[1m/Users/jaymingwong/Documents/code/ros-install-osx/kinetic_desktop_full_ws/src/opencv3/opencv_contrib/cvv/src/view/translationsmatchview.cpp:60:9: [0m[0;1;30mnote: [0mremove std::move call here[0m
                      std::move(util::make_unique<qtutil::ShowInRawView>(leftKeyPoints,
[0;1;32m                      ^~~~~~~~~~
[0m[1m/Users/jaymingwong/Documents/code/ros-install-osx/kinetic_desktop_full_ws/src/opencv3/opencv_contrib/cvv/src/view/translationsmatchview.cpp:66:9: [0m[0;1;35mwarning: [0m[1mmoving a temporary object prevents copy elision [-Wpessimizing-move][0m
                      std::move(matchscene_ptr->getSyncZoomWidget()));
[0;1;32m                      ^
[0m[1m/Users/jaymingwong/Documents/code/ros-install-osx/kinetic_desktop_full_ws/src/opencv3/opencv_contrib/cvv/src/view/translationsmatchview.cpp:66:9: [0m[0;1;30mnote: [0mremove std::move call here[0m
                      std::move(matchscene_ptr->getSyncZoomWidget()));
[0;1;32m                      ^~~~~~~~~~                                   ~
[0m[1m/Users/jaymingwong/Documents/code/ros-install-osx/kinetic_desktop_full_ws/src/opencv3/opencv_contrib/cvv/src/view/translationsmatchview.cpp:68:9: [0m[0;1;35mwarning: [0m[1mmoving a temporary object prevents copy elision [-Wpessimizing-move][0m
                      std::move(matchscene_ptr->getLeftMatInfoWidget()));
[0;1;32m                      ^
[0m[1m/Users/jaymingwong/Documents/code/ros-install-osx/kinetic_desktop_full_ws/src/opencv3/opencv_contrib/cvv/src/view/translationsmatchview.cpp:68:9: [0m[0;1;30mnote: [0mremove std::move call here[0m
                      std::move(matchscene_ptr->getLeftMatInfoWidget()));
[0;1;32m                      ^~~~~~~~~~                                      ~
[0m[1m/Users/jaymingwong/Documents/code/ros-install-osx/kinetic_desktop_full_ws/src/opencv3/opencv_contrib/cvv/src/view/translationsmatchview.cpp:70:9: [0m[0;1;35mwarning: [0m[1mmoving a temporary object prevents copy elision [-Wpessimizing-move][0m
                      std::move(matchscene_ptr->getRightMatInfoWidget()));
[0;1;32m                      ^
[0m[1m/Users/jaymingwong/Documents/code/ros-install-osx/kinetic_desktop_full_ws/src/opencv3/opencv_contrib/cvv/src/view/translationsmatchview.cpp:70:9: [0m[0;1;30mnote: [0mremove std::move call here[0m
                      std::move(matchscene_ptr->getRightMatInfoWidget()));
[0;1;32m                      ^~~~~~~~~~                                       ~
[0m3 warnings generated.
8 warnings generated.
In file included from /Users/jaymingwong/Documents/code/ros-install-osx/kinetic_desktop_full_ws/build/opencv3/modules/cvv/opencv_cvv_autogen/mocs_compilation.cpp:6:
In file included from /Users/jaymingwong/Documents/code/ros-install-osx/kinetic_desktop_full_ws/build/opencv3/modules/cvv/opencv_cvv_autogen/3JYSCEOBDA/moc_linematchview.cpp:9:
[1m/Users/jaymingwong/Documents/code/ros-install-osx/kinetic_desktop_full_ws/build/opencv3/modules/cvv/opencv_cvv_autogen/3JYSCEOBDA/../../../../../../src/opencv3/opencv_contrib/cvv/src/view/linematchview.hpp:59:36: [0m[0;1;35mwarning: [0m[1m'getKeyPointSelection' overrides a member function but is not marked 'override' [-Winconsistent-missing-override][0m
        virtual std::vector<cv::KeyPoint> getKeyPointSelection()
[0;1;32m                                          ^
[0m[1m/Users/jaymingwong/Documents/code/ros-install-osx/kinetic_desktop_full_ws/build/opencv3/modules/cvv/opencv_cvv_autogen/3JYSCEOBDA/../../../../../../src/opencv3/opencv_contrib/cvv/src/view/match_view.hpp:59:36: [0m[0;1;30mnote: [0moverridden virtual function is here[0m
        virtual std::vector<cv::KeyPoint> getKeyPointSelection()
[0;1;32m                                          ^
[0mIn file included from /Users/jaymingwong/Documents/code/ros-install-osx/kinetic_desktop_full_ws/build/opencv3/modules/cvv/opencv_cvv_autogen/mocs_compilation.cpp:6:
In file included from /Users/jaymingwong/Documents/code/ros-install-osx/kinetic_desktop_full_ws/build/opencv3/modules/cvv/opencv_cvv_autogen/3JYSCEOBDA/moc_linematchview.cpp:9:
[1m/Users/jaymingwong/Documents/code/ros-install-osx/kinetic_desktop_full_ws/build/opencv3/modules/cvv/opencv_cvv_autogen/3JYSCEOBDA/../../../../../../src/opencv3/opencv_contrib/cvv/src/view/linematchview.hpp:66:15: [0m[0;1;35mwarning: [0m[1m'setMatchSelection' overrides a member function but is not marked 'override' [-Winconsistent-missing-override][0m
        virtual void setMatchSelection(std::vector<cv::DMatch> selection)
[0;1;32m                     ^
[0m[1m/Users/jaymingwong/Documents/code/ros-install-osx/kinetic_desktop_full_ws/build/opencv3/modules/cvv/opencv_cvv_autogen/3JYSCEOBDA/../../../../../../src/opencv3/opencv_contrib/cvv/src/view/match_view.hpp:67:15: [0m[0;1;30mnote: [0moverridden virtual function is here[0m
        virtual void setMatchSelection(std::vector<cv::DMatch>)
[0;1;32m                     ^
[0mIn file included from /Users/jaymingwong/Documents/code/ros-install-osx/kinetic_desktop_full_ws/build/opencv3/modules/cvv/opencv_cvv_autogen/mocs_compilation.cpp:6:
In file included from /Users/jaymingwong/Documents/code/ros-install-osx/kinetic_desktop_full_ws/build/opencv3/modules/cvv/opencv_cvv_autogen/3JYSCEOBDA/moc_linematchview.cpp:9:
[1m/Users/jaymingwong/Documents/code/ros-install-osx/kinetic_desktop_full_ws/build/opencv3/modules/cvv/opencv_cvv_autogen/3JYSCEOBDA/../../../../../../src/opencv3/opencv_contrib/cvv/src/view/linematchview.hpp:71:15: [0m[0;1;35mwarning: [0m[1m'setKeyPointSelection' overrides a member function but is not marked 'override' [-Winconsistent-missing-override][0m
        virtual void setKeyPointSelection(std::vector<cv::KeyPoint> selection)
[0;1;32m                     ^
[0m[1m/Users/jaymingwong/Documents/code/ros-install-osx/kinetic_desktop_full_ws/build/opencv3/modules/cvv/opencv_cvv_autogen/3JYSCEOBDA/../../../../../../src/opencv3/opencv_contrib/cvv/src/view/match_view.hpp:71:15: [0m[0;1;30mnote: [0moverridden virtual function is here[0m
        virtual void setKeyPointSelection(std::vector<cv::KeyPoint>)
[0;1;32m                     ^
[0mIn file included from /Users/jaymingwong/Documents/code/ros-install-osx/kinetic_desktop_full_ws/build/opencv3/modules/cvv/opencv_cvv_autogen/mocs_compilation.cpp:8:
In file included from /Users/jaymingwong/Documents/code/ros-install-osx/kinetic_desktop_full_ws/build/opencv3/modules/cvv/opencv_cvv_autogen/3JYSCEOBDA/moc_pointmatchview.cpp:9:
[1m/Users/jaymingwong/Documents/code/ros-install-osx/kinetic_desktop_full_ws/build/opencv3/modules/cvv/opencv_cvv_autogen/3JYSCEOBDA/../../../../../../src/opencv3/opencv_contrib/cvv/src/view/pointmatchview.hpp:61:15: [0m[0;1;35mwarning: [0m[1m'setMatchSelection' overrides a member function but is not marked 'override' [-Winconsistent-missing-override][0m
        virtual void setMatchSelection(std::vector<cv::DMatch> selection)
[0;1;32m                     ^
[0m[1m/Users/jaymingwong/Documents/code/ros-install-osx/kinetic_desktop_full_ws/build/opencv3/modules/cvv/opencv_cvv_autogen/3JYSCEOBDA/../../../../../../src/opencv3/opencv_contrib/cvv/src/view/match_view.hpp:67:15: [0m[0;1;30mnote: [0moverridden virtual function is here[0m
        virtual void setMatchSelection(std::vector<cv::DMatch>)
[0;1;32m                     ^
[0mIn file included from /Users/jaymingwong/Documents/code/ros-install-osx/kinetic_desktop_full_ws/build/opencv3/modules/cvv/opencv_cvv_autogen/mocs_compilation.cpp:11:
In file included from /Users/jaymingwong/Documents/code/ros-install-osx/kinetic_desktop_full_ws/build/opencv3/modules/cvv/opencv_cvv_autogen/3JYSCEOBDA/moc_translationsmatchview.cpp:9:
[1m/Users/jaymingwong/Documents/code/ros-install-osx/kinetic_desktop_full_ws/build/opencv3/modules/cvv/opencv_cvv_autogen/3JYSCEOBDA/../../../../../../src/opencv3/opencv_contrib/cvv/src/view/translationsmatchview.hpp:63:36: [0m[0;1;35mwarning: [0m[1m'getKeyPointSelection' overrides a member function but is not marked 'override' [-Winconsistent-missing-override][0m
        virtual std::vector<cv::KeyPoint> getKeyPointSelection()
[0;1;32m                                          ^
[0m[1m/Users/jaymingwong/Documents/code/ros-install-osx/kinetic_desktop_full_ws/build/opencv3/modules/cvv/opencv_cvv_autogen/3JYSCEOBDA/../../../../../../src/opencv3/opencv_contrib/cvv/src/view/match_view.hpp:59:36: [0m[0;1;30mnote: [0moverridden virtual function is here[0m
        virtual std::vector<cv::KeyPoint> getKeyPointSelection()
[0;1;32m                                          ^
[0mIn file included from /Users/jaymingwong/Documents/code/ros-install-osx/kinetic_desktop_full_ws/build/opencv3/modules/cvv/opencv_cvv_autogen/mocs_compilation.cpp:11:
In file included from /Users/jaymingwong/Documents/code/ros-install-osx/kinetic_desktop_full_ws/build/opencv3/modules/cvv/opencv_cvv_autogen/3JYSCEOBDA/moc_translationsmatchview.cpp:9:
[1m/Users/jaymingwong/Documents/code/ros-install-osx/kinetic_desktop_full_ws/build/opencv3/modules/cvv/opencv_cvv_autogen/3JYSCEOBDA/../../../../../../src/opencv3/opencv_contrib/cvv/src/view/translationsmatchview.hpp:70:15: [0m[0;1;35mwarning: [0m[1m'setMatchSelection' overrides a member function but is not marked 'override' [-Winconsistent-missing-override][0m
        virtual void setMatchSelection(std::vector<cv::DMatch> selection)
[0;1;32m                     ^
[0m[1m/Users/jaymingwong/Documents/code/ros-install-osx/kinetic_desktop_full_ws/build/opencv3/modules/cvv/opencv_cvv_autogen/3JYSCEOBDA/../../../../../../src/opencv3/opencv_contrib/cvv/src/view/match_view.hpp:67:15: [0m[0;1;30mnote: [0moverridden virtual function is here[0m
        virtual void setMatchSelection(std::vector<cv::DMatch>)
[0;1;32m                     ^
[0mIn file included from /Users/jaymingwong/Documents/code/ros-install-osx/kinetic_desktop_full_ws/build/opencv3/modules/cvv/opencv_cvv_autogen/mocs_compilation.cpp:11:
In file included from /Users/jaymingwong/Documents/code/ros-install-osx/kinetic_desktop_full_ws/build/opencv3/modules/cvv/opencv_cvv_autogen/3JYSCEOBDA/moc_translationsmatchview.cpp:9:
[1m/Users/jaymingwong/Documents/code/ros-install-osx/kinetic_desktop_full_ws/build/opencv3/modules/cvv/opencv_cvv_autogen/3JYSCEOBDA/../../../../../../src/opencv3/opencv_contrib/cvv/src/view/translationsmatchview.hpp:75:15: [0m[0;1;35mwarning: [0m[1m'setKeyPointSelection' overrides a member function but is not marked 'override' [-Winconsistent-missing-override][0m
        virtual void setKeyPointSelection(std::vector<cv::KeyPoint> selection)
[0;1;32m                     ^
[0m[1m/Users/jaymingwong/Documents/code/ros-install-osx/kinetic_desktop_full_ws/build/opencv3/modules/cvv/opencv_cvv_autogen/3JYSCEOBDA/../../../../../../src/opencv3/opencv_contrib/cvv/src/view/match_view.hpp:71:15: [0m[0;1;30mnote: [0moverridden virtual function is here[0m
        virtual void setKeyPointSelection(std::vector<cv::KeyPoint>)
[0;1;32m                     ^
[0mIn file included from /Users/jaymingwong/Documents/code/ros-install-osx/kinetic_desktop_full_ws/build/opencv3/modules/cvv/opencv_cvv_autogen/mocs_compilation.cpp:26:
In file included from /Users/jaymingwong/Documents/code/ros-install-osx/kinetic_desktop_full_ws/build/opencv3/modules/cvv/opencv_cvv_autogen/76EPU3OZ3M/moc_matchscene.cpp:9:
[1m/Users/jaymingwong/Documents/code/ros-install-osx/kinetic_desktop_full_ws/build/opencv3/modules/cvv/opencv_cvv_autogen/76EPU3OZ3M/../../../../../../src/opencv3/opencv_contrib/cvv/src/qtutil/matchview/matchscene.hpp:47:15: [0m[0;1;35mwarning: [0m[1m'contextMenuEvent' overrides a member function but is not marked 'override' [-Winconsistent-missing-override][0m
        virtual void contextMenuEvent(QContextMenuEvent *event)
[0;1;32m                     ^
[0m[1m/usr/local/opt/qt/lib/QtWidgets.framework/Headers/qgraphicsview.h:244:10: [0m[0;1;30mnote: [0moverridden virtual function is here[0m
    void contextMenuEvent(QContextMenuEvent *event) override;
[0;1;32m         ^
[0m8 warnings generated.
