[  1%] [32m[1mLinking CXX shared library /Users/jaymingwong/Documents/code/ros-install-osx/kinetic_desktop_full_ws/devel/.private/gazebo_plugins/lib/libgazebo_ros_template.dylib[0m
[  2%] Built target gazebo_ros_template
[  3%] [32m[1mLinking CXX shared library /Users/jaymingwong/Documents/code/ros-install-osx/kinetic_desktop_full_ws/devel/.private/gazebo_plugins/lib/libgazebo_ros_planar_move.dylib[0m
[  4%] Built target gazebo_ros_planar_move
[  6%] [32m[1mLinking CXX shared library /Users/jaymingwong/Documents/code/ros-install-osx/kinetic_desktop_full_ws/devel/.private/gazebo_plugins/lib/libgazebo_ros_video.dylib[0m
[  7%] Built target gazebo_ros_video
[  7%] Built target trajectory_msgs_generate_messages_cpp
[  7%] Built target diagnostic_msgs_generate_messages_py
[  8%] [32m[1mLinking CXX shared library /Users/jaymingwong/Documents/code/ros-install-osx/kinetic_desktop_full_ws/devel/.private/gazebo_plugins/lib/libgazebo_ros_utils.dylib[0m
[  9%] Built target gazebo_ros_utils
[  9%] Built target diagnostic_msgs_generate_messages_eus
[  9%] Built target diagnostic_msgs_generate_messages_cpp
[  9%] Built target polled_camera_generate_messages_py
[  9%] Built target polled_camera_generate_messages_lisp
[  9%] Built target polled_camera_generate_messages_cpp
[  9%] Built target polled_camera_generate_messages_nodejs
[  9%] Built target trajectory_msgs_generate_messages_eus
[  9%] Built target dynamic_reconfigure_generate_messages_eus
[  9%] Built target dynamic_reconfigure_generate_messages_cpp
[  9%] Built target dynamic_reconfigure_gencfg
[  9%] Built target std_srvs_generate_messages_eus
[  9%] Built target geometry_msgs_generate_messages_py
[  9%] Built target gazebo_msgs_generate_messages_cpp
[  9%] Built target tf2_msgs_generate_messages_nodejs
[  9%] Built target tf2_msgs_generate_messages_lisp
[  9%] Built target tf2_msgs_generate_messages_eus
[  9%] Built target tf2_msgs_generate_messages_cpp
[  9%] Built target polled_camera_generate_messages_eus
[  9%] Built target actionlib_generate_messages_nodejs
[  9%] Built target actionlib_generate_messages_eus
[  9%] Built target tf_generate_messages_cpp
[  9%] Built target actionlib_msgs_generate_messages_eus
[  9%] Built target diagnostic_msgs_generate_messages_lisp
[  9%] Built target actionlib_msgs_generate_messages_nodejs
[  9%] Built target actionlib_msgs_generate_messages_lisp
[  9%] Built target actionlib_msgs_generate_messages_cpp
[  9%] Built target nav_msgs_generate_messages_py
[  9%] Built target nav_msgs_generate_messages_cpp
[  9%] Built target nav_msgs_generate_messages_eus
[  9%] Built target tf_generate_messages_nodejs
[  9%] Built target rosgraph_msgs_generate_messages_lisp
[  9%] Built target bond_generate_messages_py
[  9%] Built target bond_generate_messages_lisp
[  9%] Built target bond_generate_messages_eus
[  9%] Built target gazebo_msgs_generate_messages_py
[  9%] Built target tf_generate_messages_eus
[  9%] Built target bond_generate_messages_cpp
[  9%] Built target nodelet_generate_messages_py
[  9%] Built target nodelet_generate_messages_eus
[  9%] Built target tf2_msgs_generate_messages_py
[  9%] Built target bond_generate_messages_nodejs
[  9%] Built target trajectory_msgs_generate_messages_lisp
[  9%] Built target nodelet_generate_messages_nodejs
[  9%] Built target trajectory_msgs_generate_messages_py
[  9%] Built target nodelet_generate_messages_lisp
[  9%] Built target rosgraph_msgs_generate_messages_py
[  9%] Built target nav_msgs_generate_messages_nodejs
[  9%] Built target sensor_msgs_generate_messages_cpp
[  9%] Built target rosgraph_msgs_generate_messages_nodejs
[  9%] Built target roscpp_generate_messages_py
[  9%] Built target nodelet_generate_messages_cpp
[  9%] Built target actionlib_generate_messages_lisp
[  9%] Built target nav_msgs_generate_messages_lisp
[  9%] Built target roscpp_generate_messages_eus
[  9%] Built target roscpp_generate_messages_cpp
[  9%] Built target dynamic_reconfigure_generate_messages_lisp
[  9%] Built target rosgraph_msgs_generate_messages_eus
[  9%] Built target std_srvs_generate_messages_lisp
[  9%] Built target std_srvs_generate_messages_py
[  9%] Built target geometry_msgs_generate_messages_cpp
[  9%] Built target std_srvs_generate_messages_cpp
[  9%] Built target roscpp_generate_messages_nodejs
[  9%] Built target actionlib_msgs_generate_messages_py
[  9%] Built target dynamic_reconfigure_generate_messages_py
[  9%] Built target geometry_msgs_generate_messages_lisp
[  9%] Built target sensor_msgs_generate_messages_py
[  9%] Built target sensor_msgs_generate_messages_nodejs
[  9%] Built target tf_generate_messages_py
[  9%] Built target std_srvs_generate_messages_nodejs
[  9%] Built target std_msgs_generate_messages_cpp
[  9%] Built target sensor_msgs_generate_messages_eus
[  9%] Built target std_msgs_generate_messages_nodejs
[  9%] Built target rosgraph_msgs_generate_messages_cpp
[  9%] Built target std_msgs_generate_messages_eus
[  9%] Built target geometry_msgs_generate_messages_nodejs
[  9%] Built target gazebo_msgs_generate_messages_nodejs
[  9%] Built target actionlib_generate_messages_py
[  9%] Built target geometry_msgs_generate_messages_eus
[  9%] Built target dynamic_reconfigure_generate_messages_nodejs
[  9%] Built target roscpp_generate_messages_lisp
[  9%] Built target tf_generate_messages_lisp
[  9%] Built target trajectory_msgs_generate_messages_nodejs
[  9%] Built target std_msgs_generate_messages_lisp
[  9%] Built target _catkin_empty_exported_target
[  9%] Built target sensor_msgs_generate_messages_lisp
[  9%] Built target gazebo_msgs_generate_messages_lisp
[  9%] Built target gazebo_msgs_generate_messages_eus
[  9%] Built target std_msgs_generate_messages_py
[  9%] Built target actionlib_generate_messages_cpp
[  9%] Built target diagnostic_msgs_generate_messages_nodejs
[ 10%] [32m[1mLinking CXX shared library /Users/jaymingwong/Documents/code/ros-install-osx/kinetic_desktop_full_ws/devel/.private/gazebo_plugins/lib/libgazebo_ros_force.dylib[0m
[ 12%] [32m[1mLinking CXX shared library /Users/jaymingwong/Documents/code/ros-install-osx/kinetic_desktop_full_ws/devel/.private/gazebo_plugins/lib/libgazebo_ros_imu.dylib[0m
[ 13%] Built target gazebo_ros_force
[ 14%] [32m[1mLinking CXX shared library /Users/jaymingwong/Documents/code/ros-install-osx/kinetic_desktop_full_ws/devel/.private/gazebo_plugins/lib/libgazebo_ros_projector.dylib[0m
[ 15%] Built target gazebo_ros_imu
[ 17%] Built target gazebo_ros_projector
[ 18%] [32m[1mLinking CXX shared library /Users/jaymingwong/Documents/code/ros-install-osx/kinetic_desktop_full_ws/devel/.private/gazebo_plugins/lib/libgazebo_ros_p3d.dylib[0m
[ 19%] Built target gazebo_ros_p3d
[ 20%] [32m[1mLinking CXX shared library /Users/jaymingwong/Documents/code/ros-install-osx/kinetic_desktop_full_ws/devel/.private/gazebo_plugins/lib/libgazebo_ros_block_laser.dylib[0m
[ 21%] [32m[1mLinking CXX shared library /Users/jaymingwong/Documents/code/ros-install-osx/kinetic_desktop_full_ws/devel/.private/gazebo_plugins/lib/libgazebo_ros_laser.dylib[0m
[ 23%] [32m[1mLinking CXX shared library /Users/jaymingwong/Documents/code/ros-install-osx/kinetic_desktop_full_ws/devel/.private/gazebo_plugins/lib/libgazebo_ros_harness.dylib[0m
[ 24%] Built target gazebo_ros_block_laser
[ 25%] Built target gazebo_ros_laser
[ 30%] Built target gazebo_plugins_gencfg
[ 31%] Built target gazebo_ros_harness
[ 32%] [32m[1mLinking CXX shared library /Users/jaymingwong/Documents/code/ros-install-osx/kinetic_desktop_full_ws/devel/.private/gazebo_plugins/lib/libvision_reconfigure.dylib[0m
[ 34%] [32m[1mLinking CXX executable /Users/jaymingwong/Documents/code/ros-install-osx/kinetic_desktop_full_ws/devel/.private/gazebo_plugins/lib/gazebo_plugins/hokuyo_node[0m
[ 35%] [32m[1mLinking CXX shared library /Users/jaymingwong/Documents/code/ros-install-osx/kinetic_desktop_full_ws/devel/.private/gazebo_plugins/lib/libgazebo_ros_gpu_laser.dylib[0m
[ 36%] Built target vision_reconfigure
[ 37%] [32m[1mLinking CXX shared library /Users/jaymingwong/Documents/code/ros-install-osx/kinetic_desktop_full_ws/devel/.private/gazebo_plugins/lib/libMultiCameraPlugin.dylib[0m
[ 39%] Built target hokuyo_node
[ 40%] Built target gazebo_ros_gpu_laser
[ 41%] Built target MultiCameraPlugin
[ 42%] [32m[1mLinking CXX shared library /Users/jaymingwong/Documents/code/ros-install-osx/kinetic_desktop_full_ws/devel/.private/gazebo_plugins/lib/libgazebo_ros_vacuum_gripper.dylib[0m
[ 43%] [32m[1mLinking CXX shared library /Users/jaymingwong/Documents/code/ros-install-osx/kinetic_desktop_full_ws/devel/.private/gazebo_plugins/lib/libgazebo_ros_range.dylib[0m
[ 45%] Built target gazebo_ros_vacuum_gripper
[ 46%] [32m[1mLinking CXX shared library /Users/jaymingwong/Documents/code/ros-install-osx/kinetic_desktop_full_ws/devel/.private/gazebo_plugins/lib/libgazebo_ros_f3d.dylib[0m
[ 47%] [32m[1mLinking CXX shared library /Users/jaymingwong/Documents/code/ros-install-osx/kinetic_desktop_full_ws/devel/.private/gazebo_plugins/lib/libgazebo_ros_diff_drive.dylib[0m
[ 48%] Built target gazebo_ros_range
[ 50%] [32m[1mLinking CXX executable /Users/jaymingwong/Documents/code/ros-install-osx/kinetic_desktop_full_ws/devel/.private/gazebo_plugins/lib/gazebo_plugins/pub_joint_trajectory_test[0m
[ 51%] Built target gazebo_ros_f3d
[ 52%] Built target gazebo_ros_diff_drive
[ 53%] Built target pub_joint_trajectory_test
[ 54%] [32m[1mLinking CXX shared library /Users/jaymingwong/Documents/code/ros-install-osx/kinetic_desktop_full_ws/devel/.private/gazebo_plugins/lib/libgazebo_ros_hand_of_god.dylib[0m
[ 57%] [32m[1mLinking CXX shared library /Users/jaymingwong/Documents/code/ros-install-osx/kinetic_desktop_full_ws/devel/.private/gazebo_plugins/lib/libgazebo_ros_ft_sensor.dylib[0m
[ 57%] [32m[1mLinking CXX shared library /Users/jaymingwong/Documents/code/ros-install-osx/kinetic_desktop_full_ws/devel/.private/gazebo_plugins/lib/libgazebo_ros_bumper.dylib[0m
[ 58%] [32m[1mLinking CXX shared library /Users/jaymingwong/Documents/code/ros-install-osx/kinetic_desktop_full_ws/devel/.private/gazebo_plugins/lib/libgazebo_ros_skid_steer_drive.dylib[0m
[ 59%] Built target gazebo_ros_hand_of_god
[ 60%] Built target gazebo_ros_ft_sensor
[ 62%] Built target gazebo_ros_bumper
[ 63%] Built target gazebo_ros_skid_steer_drive
[ 64%] [32m[1mLinking CXX shared library /Users/jaymingwong/Documents/code/ros-install-osx/kinetic_desktop_full_ws/devel/.private/gazebo_plugins/lib/libgazebo_ros_imu_sensor.dylib[0m
[ 65%] [32m[1mLinking CXX shared library /Users/jaymingwong/Documents/code/ros-install-osx/kinetic_desktop_full_ws/devel/.private/gazebo_plugins/lib/libgazebo_ros_tricycle_drive.dylib[0m
[ 67%] [32m[1mLinking CXX shared library /Users/jaymingwong/Documents/code/ros-install-osx/kinetic_desktop_full_ws/devel/.private/gazebo_plugins/lib/libgazebo_ros_joint_pose_trajectory.dylib[0m
[ 68%] Built target gazebo_ros_imu_sensor
[ 69%] Built target gazebo_ros_tricycle_drive
[ 70%] [32m[1mLinking CXX shared library /Users/jaymingwong/Documents/code/ros-install-osx/kinetic_desktop_full_ws/devel/.private/gazebo_plugins/lib/libgazebo_ros_joint_state_publisher.dylib[0m
[ 71%] Built target gazebo_ros_joint_pose_trajectory
[ 73%] [32m[1mLinking CXX shared library /Users/jaymingwong/Documents/code/ros-install-osx/kinetic_desktop_full_ws/devel/.private/gazebo_plugins/lib/libgazebo_ros_joint_trajectory.dylib[0m
[ 74%] Built target gazebo_ros_joint_state_publisher
[ 75%] [32m[1mLinking CXX shared library /Users/jaymingwong/Documents/code/ros-install-osx/kinetic_desktop_full_ws/devel/.private/gazebo_plugins/lib/libgazebo_ros_elevator.dylib[0m
[ 76%] Built target gazebo_ros_joint_trajectory
[ 78%] [32m[1mLinking CXX executable /Users/jaymingwong/Documents/code/ros-install-osx/kinetic_desktop_full_ws/devel/.private/gazebo_plugins/lib/gazebo_plugins/camera_synchronizer[0m
[ 79%] Built target gazebo_ros_elevator
[ 80%] [32m[1mLinking CXX shared library /Users/jaymingwong/Documents/code/ros-install-osx/kinetic_desktop_full_ws/devel/.private/gazebo_plugins/lib/libgazebo_ros_camera_utils.dylib[0m
[ 81%] Built target camera_synchronizer
[ 82%] Built target gazebo_ros_camera_utils
[ 84%] [32m[1mLinking CXX shared library /Users/jaymingwong/Documents/code/ros-install-osx/kinetic_desktop_full_ws/devel/.private/gazebo_plugins/lib/libgazebo_ros_depth_camera.dylib[0m
[ 85%] Built target gazebo_ros_depth_camera
[ 86%] [32m[1mLinking CXX shared library /Users/jaymingwong/Documents/code/ros-install-osx/kinetic_desktop_full_ws/devel/.private/gazebo_plugins/lib/libgazebo_ros_triggered_camera.dylib[0m
[ 87%] [32m[1mLinking CXX shared library /Users/jaymingwong/Documents/code/ros-install-osx/kinetic_desktop_full_ws/devel/.private/gazebo_plugins/lib/libgazebo_ros_camera.dylib[0m
[ 89%] Built target gazebo_ros_camera
[ 90%] Built target gazebo_ros_triggered_camera
[ 92%] [32m[1mLinking CXX shared library /Users/jaymingwong/Documents/code/ros-install-osx/kinetic_desktop_full_ws/devel/.private/gazebo_plugins/lib/libgazebo_ros_multicamera.dylib[0m
[ 92%] [32m[1mLinking CXX shared library /Users/jaymingwong/Documents/code/ros-install-osx/kinetic_desktop_full_ws/devel/.private/gazebo_plugins/lib/libgazebo_ros_prosilica.dylib[0m
[ 93%] Built target gazebo_ros_prosilica
[ 95%] Built target gazebo_ros_multicamera
[ 96%] [32m[1mLinking CXX shared library /Users/jaymingwong/Documents/code/ros-install-osx/kinetic_desktop_full_ws/devel/.private/gazebo_plugins/lib/libgazebo_ros_triggered_multicamera.dylib[0m
[ 97%] [32m[1mLinking CXX shared library /Users/jaymingwong/Documents/code/ros-install-osx/kinetic_desktop_full_ws/devel/.private/gazebo_plugins/lib/libgazebo_ros_openni_kinect.dylib[0m
[ 98%] Built target gazebo_ros_openni_kinect
[100%] Built target gazebo_ros_triggered_multicamera
