[100%] Built target rqt_rviz
[36mInstall the project...[0m
-- Install configuration: "Release"
-- Installing: /opt/ros/kinetic/_setup_util.py
-- Installing: /opt/ros/kinetic/env.sh
-- Installing: /opt/ros/kinetic/setup.bash
-- Installing: /opt/ros/kinetic/setup.sh
-- Installing: /opt/ros/kinetic/setup.zsh
-- Installing: /opt/ros/kinetic/.rosinstall
-- Up-to-date: /opt/ros/kinetic/lib/pkgconfig/rqt_rviz.pc
-- Up-to-date: /opt/ros/kinetic/share/rqt_rviz/cmake/rqt_rvizConfig.cmake
-- Up-to-date: /opt/ros/kinetic/share/rqt_rviz/cmake/rqt_rvizConfig-version.cmake
-- Up-to-date: /opt/ros/kinetic/share/rqt_rviz/package.xml
+ cd /Users/jaymingwong/Documents/code/ros-install-osx/kinetic_desktop_full_ws/src/rqt_rviz
+ mkdir -p /opt/ros/kinetic/lib/python2.7/site-packages
+ /usr/bin/env PYTHONPATH=/opt/ros/kinetic/lib/python2.7/site-packages:/Users/jaymingwong/Documents/code/ros-install-osx/kinetic_desktop_full_ws/build/rqt_rviz/lib/python2.7/site-packages:/opt/ros/kinetic/lib/python2.7/site-packages:/usr/local/lib/python2.7/site-packages/:/Users/jaymingwong/Documents/code/drake/build/lib/python2.7/site-packages/:/Users/jaymingwong/Documents/code/drake/build/lib/python2.7/dist-packages/:/Users/jaymingwong/Documents/code/wizard/externals/devina/devina/include/devina/lcm CATKIN_BINARY_DIR=/Users/jaymingwong/Documents/code/ros-install-osx/kinetic_desktop_full_ws/build/rqt_rviz /usr/local/bin/python2 /Users/jaymingwong/Documents/code/ros-install-osx/kinetic_desktop_full_ws/src/rqt_rviz/setup.py build --build-base /Users/jaymingwong/Documents/code/ros-install-osx/kinetic_desktop_full_ws/build/rqt_rviz install --prefix=/opt/ros/kinetic --install-scripts=/opt/ros/kinetic/bin
running build
running build_py
package init file 'src/rqt_rviz/__init__.py' not found (or not a regular file)
package init file 'src/rqt_rviz/__init__.py' not found (or not a regular file)
running install
running install_lib
running install_egg_info
warning: install_lib: '/Users/jaymingwong/Documents/code/ros-install-osx/kinetic_desktop_full_ws/build/rqt_rviz/lib' does not exist -- no Python modules to install

Removing /opt/ros/kinetic/lib/python2.7/site-packages/rqt_rviz-0.5.10-py2.7.egg-info
Writing /opt/ros/kinetic/lib/python2.7/site-packages/rqt_rviz-0.5.10-py2.7.egg-info
-- Up-to-date: /opt/ros/kinetic/share/rqt_rviz/plugin.xml
-- Installing: /opt/ros/kinetic/lib/librqt_rviz.dylib
-- Up-to-date: /opt/ros/kinetic/lib/rqt_rviz/rqt_rviz
-- Up-to-date: /opt/ros/kinetic/include/rqt_rviz
-- Up-to-date: /opt/ros/kinetic/include/rqt_rviz/config_dialog.h
-- Up-to-date: /opt/ros/kinetic/include/rqt_rviz/rviz.h
