[36mInstall the project...[0m
-- Install configuration: "Release"
-- Installing: /opt/ros/kinetic/_setup_util.py
-- Installing: /opt/ros/kinetic/env.sh
-- Installing: /opt/ros/kinetic/setup.bash
-- Installing: /opt/ros/kinetic/setup.sh
-- Installing: /opt/ros/kinetic/setup.zsh
-- Installing: /opt/ros/kinetic/.rosinstall
-- Up-to-date: /opt/ros/kinetic/lib/pkgconfig/rospy.pc
-- Up-to-date: /opt/ros/kinetic/share/rospy/cmake/rospyConfig.cmake
-- Up-to-date: /opt/ros/kinetic/share/rospy/cmake/rospyConfig-version.cmake
-- Up-to-date: /opt/ros/kinetic/share/rospy/package.xml
+ cd /Users/jaymingwong/Documents/code/ros-install-osx/kinetic_desktop_full_ws/src/ros_comm/rospy
+ mkdir -p /opt/ros/kinetic/lib/python2.7/site-packages
+ /usr/bin/env PYTHONPATH=/opt/ros/kinetic/lib/python2.7/site-packages:/Users/jaymingwong/Documents/code/ros-install-osx/kinetic_desktop_full_ws/build/rospy/lib/python2.7/site-packages:/opt/ros/kinetic/lib/python2.7/site-packages:/usr/local/lib/python2.7/site-packages/:/Users/jaymingwong/Documents/code/drake/build/lib/python2.7/site-packages/:/Users/jaymingwong/Documents/code/drake/build/lib/python2.7/dist-packages/:/Users/jaymingwong/Documents/code/wizard/externals/devina/devina/include/devina/lcm CATKIN_BINARY_DIR=/Users/jaymingwong/Documents/code/ros-install-osx/kinetic_desktop_full_ws/build/rospy /usr/local/bin/python2 /Users/jaymingwong/Documents/code/ros-install-osx/kinetic_desktop_full_ws/src/ros_comm/rospy/setup.py build --build-base /Users/jaymingwong/Documents/code/ros-install-osx/kinetic_desktop_full_ws/build/rospy install --prefix=/opt/ros/kinetic --install-scripts=/opt/ros/kinetic/bin
running build
running build_py
running build_scripts
running install
running install_lib
running install_scripts
changing mode of /opt/ros/kinetic/bin/rosconsole to 755
running install_egg_info
Removing /opt/ros/kinetic/lib/python2.7/site-packages/rospy-1.12.14-py2.7.egg-info
Writing /opt/ros/kinetic/lib/python2.7/site-packages/rospy-1.12.14-py2.7.egg-info
-- Up-to-date: /opt/ros/kinetic/share/rospy/rosbuild/rospy.cmake
-- Up-to-date: /opt/ros/kinetic/share/rospy/rosbuild/scripts/genmsg_py.py
-- Up-to-date: /opt/ros/kinetic/share/rospy/rosbuild/scripts/gensrv_py.py
-- Up-to-date: /opt/ros/kinetic/share/rospy/rosbuild/scripts/genutil.py
