[36mInstall the project...[0m
-- Install configuration: "Release"
-- Installing: /opt/ros/kinetic/_setup_util.py
-- Installing: /opt/ros/kinetic/env.sh
-- Installing: /opt/ros/kinetic/setup.bash
-- Installing: /opt/ros/kinetic/setup.sh
-- Installing: /opt/ros/kinetic/setup.zsh
-- Installing: /opt/ros/kinetic/.rosinstall
-- Installing: /opt/ros/kinetic/lib/pkgconfig/rqt_bag.pc
-- Installing: /opt/ros/kinetic/share/rqt_bag/cmake/rqt_bagConfig.cmake
-- Installing: /opt/ros/kinetic/share/rqt_bag/cmake/rqt_bagConfig-version.cmake
-- Installing: /opt/ros/kinetic/share/rqt_bag/package.xml
+ cd /Users/jaymingwong/Documents/code/ros-install-osx/kinetic_desktop_full_ws/src/rqt_bag/rqt_bag
+ mkdir -p /opt/ros/kinetic/lib/python2.7/site-packages
+ /usr/bin/env PYTHONPATH=/opt/ros/kinetic/lib/python2.7/site-packages:/Users/jaymingwong/Documents/code/ros-install-osx/kinetic_desktop_full_ws/build/rqt_bag/lib/python2.7/site-packages:/opt/ros/kinetic/lib/python2.7/site-packages:/usr/local/lib/python2.7/site-packages/:/Users/jaymingwong/Documents/code/drake/build/lib/python2.7/site-packages/:/Users/jaymingwong/Documents/code/drake/build/lib/python2.7/dist-packages/:/Users/jaymingwong/Documents/code/wizard/externals/devina/devina/include/devina/lcm CATKIN_BINARY_DIR=/Users/jaymingwong/Documents/code/ros-install-osx/kinetic_desktop_full_ws/build/rqt_bag /usr/local/bin/python2 /Users/jaymingwong/Documents/code/ros-install-osx/kinetic_desktop_full_ws/src/rqt_bag/rqt_bag/setup.py build --build-base /Users/jaymingwong/Documents/code/ros-install-osx/kinetic_desktop_full_ws/build/rqt_bag install --prefix=/opt/ros/kinetic --install-scripts=/opt/ros/kinetic/bin
running build
running build_py
creating /Users/jaymingwong/Documents/code/ros-install-osx/kinetic_desktop_full_ws/build/rqt_bag/lib
creating /Users/jaymingwong/Documents/code/ros-install-osx/kinetic_desktop_full_ws/build/rqt_bag/lib/rqt_bag
copying src/rqt_bag/__init__.py -> /Users/jaymingwong/Documents/code/ros-install-osx/kinetic_desktop_full_ws/build/rqt_bag/lib/rqt_bag
copying src/rqt_bag/bag.py -> /Users/jaymingwong/Documents/code/ros-install-osx/kinetic_desktop_full_ws/build/rqt_bag/lib/rqt_bag
copying src/rqt_bag/bag_helper.py -> /Users/jaymingwong/Documents/code/ros-install-osx/kinetic_desktop_full_ws/build/rqt_bag/lib/rqt_bag
copying src/rqt_bag/bag_timeline.py -> /Users/jaymingwong/Documents/code/ros-install-osx/kinetic_desktop_full_ws/build/rqt_bag/lib/rqt_bag
copying src/rqt_bag/bag_widget.py -> /Users/jaymingwong/Documents/code/ros-install-osx/kinetic_desktop_full_ws/build/rqt_bag/lib/rqt_bag
copying src/rqt_bag/index_cache_thread.py -> /Users/jaymingwong/Documents/code/ros-install-osx/kinetic_desktop_full_ws/build/rqt_bag/lib/rqt_bag
copying src/rqt_bag/message_listener_thread.py -> /Users/jaymingwong/Documents/code/ros-install-osx/kinetic_desktop_full_ws/build/rqt_bag/lib/rqt_bag
copying src/rqt_bag/message_loader_thread.py -> /Users/jaymingwong/Documents/code/ros-install-osx/kinetic_desktop_full_ws/build/rqt_bag/lib/rqt_bag
copying src/rqt_bag/node_selection.py -> /Users/jaymingwong/Documents/code/ros-install-osx/kinetic_desktop_full_ws/build/rqt_bag/lib/rqt_bag
copying src/rqt_bag/player.py -> /Users/jaymingwong/Documents/code/ros-install-osx/kinetic_desktop_full_ws/build/rqt_bag/lib/rqt_bag
copying src/rqt_bag/recorder.py -> /Users/jaymingwong/Documents/code/ros-install-osx/kinetic_desktop_full_ws/build/rqt_bag/lib/rqt_bag
copying src/rqt_bag/timeline_cache.py -> /Users/jaymingwong/Documents/code/ros-install-osx/kinetic_desktop_full_ws/build/rqt_bag/lib/rqt_bag
copying src/rqt_bag/timeline_frame.py -> /Users/jaymingwong/Documents/code/ros-install-osx/kinetic_desktop_full_ws/build/rqt_bag/lib/rqt_bag
copying src/rqt_bag/timeline_menu.py -> /Users/jaymingwong/Documents/code/ros-install-osx/kinetic_desktop_full_ws/build/rqt_bag/lib/rqt_bag
copying src/rqt_bag/topic_selection.py -> /Users/jaymingwong/Documents/code/ros-install-osx/kinetic_desktop_full_ws/build/rqt_bag/lib/rqt_bag
creating /Users/jaymingwong/Documents/code/ros-install-osx/kinetic_desktop_full_ws/build/rqt_bag/lib/rqt_bag/plugins
copying src/rqt_bag/plugins/__init__.py -> /Users/jaymingwong/Documents/code/ros-install-osx/kinetic_desktop_full_ws/build/rqt_bag/lib/rqt_bag/plugins
copying src/rqt_bag/plugins/message_view.py -> /Users/jaymingwong/Documents/code/ros-install-osx/kinetic_desktop_full_ws/build/rqt_bag/lib/rqt_bag/plugins
copying src/rqt_bag/plugins/plugin.py -> /Users/jaymingwong/Documents/code/ros-install-osx/kinetic_desktop_full_ws/build/rqt_bag/lib/rqt_bag/plugins
copying src/rqt_bag/plugins/raw_view.py -> /Users/jaymingwong/Documents/code/ros-install-osx/kinetic_desktop_full_ws/build/rqt_bag/lib/rqt_bag/plugins
copying src/rqt_bag/plugins/timeline_renderer.py -> /Users/jaymingwong/Documents/code/ros-install-osx/kinetic_desktop_full_ws/build/rqt_bag/lib/rqt_bag/plugins
copying src/rqt_bag/plugins/topic_message_view.py -> /Users/jaymingwong/Documents/code/ros-install-osx/kinetic_desktop_full_ws/build/rqt_bag/lib/rqt_bag/plugins
running build_scripts
creating /Users/jaymingwong/Documents/code/ros-install-osx/kinetic_desktop_full_ws/build/rqt_bag/scripts-2.7
copying and adjusting scripts/rqt_bag -> /Users/jaymingwong/Documents/code/ros-install-osx/kinetic_desktop_full_ws/build/rqt_bag/scripts-2.7
changing mode of /Users/jaymingwong/Documents/code/ros-install-osx/kinetic_desktop_full_ws/build/rqt_bag/scripts-2.7/rqt_bag from 644 to 755
running install
running install_lib
creating /opt/ros/kinetic/lib/python2.7/site-packages/rqt_bag
copying /Users/jaymingwong/Documents/code/ros-install-osx/kinetic_desktop_full_ws/build/rqt_bag/lib/rqt_bag/__init__.py -> /opt/ros/kinetic/lib/python2.7/site-packages/rqt_bag
copying /Users/jaymingwong/Documents/code/ros-install-osx/kinetic_desktop_full_ws/build/rqt_bag/lib/rqt_bag/bag.py -> /opt/ros/kinetic/lib/python2.7/site-packages/rqt_bag
copying /Users/jaymingwong/Documents/code/ros-install-osx/kinetic_desktop_full_ws/build/rqt_bag/lib/rqt_bag/bag_helper.py -> /opt/ros/kinetic/lib/python2.7/site-packages/rqt_bag
copying /Users/jaymingwong/Documents/code/ros-install-osx/kinetic_desktop_full_ws/build/rqt_bag/lib/rqt_bag/bag_timeline.py -> /opt/ros/kinetic/lib/python2.7/site-packages/rqt_bag
copying /Users/jaymingwong/Documents/code/ros-install-osx/kinetic_desktop_full_ws/build/rqt_bag/lib/rqt_bag/bag_widget.py -> /opt/ros/kinetic/lib/python2.7/site-packages/rqt_bag
copying /Users/jaymingwong/Documents/code/ros-install-osx/kinetic_desktop_full_ws/build/rqt_bag/lib/rqt_bag/index_cache_thread.py -> /opt/ros/kinetic/lib/python2.7/site-packages/rqt_bag
copying /Users/jaymingwong/Documents/code/ros-install-osx/kinetic_desktop_full_ws/build/rqt_bag/lib/rqt_bag/message_listener_thread.py -> /opt/ros/kinetic/lib/python2.7/site-packages/rqt_bag
copying /Users/jaymingwong/Documents/code/ros-install-osx/kinetic_desktop_full_ws/build/rqt_bag/lib/rqt_bag/message_loader_thread.py -> /opt/ros/kinetic/lib/python2.7/site-packages/rqt_bag
copying /Users/jaymingwong/Documents/code/ros-install-osx/kinetic_desktop_full_ws/build/rqt_bag/lib/rqt_bag/node_selection.py -> /opt/ros/kinetic/lib/python2.7/site-packages/rqt_bag
copying /Users/jaymingwong/Documents/code/ros-install-osx/kinetic_desktop_full_ws/build/rqt_bag/lib/rqt_bag/player.py -> /opt/ros/kinetic/lib/python2.7/site-packages/rqt_bag
creating /opt/ros/kinetic/lib/python2.7/site-packages/rqt_bag/plugins
copying /Users/jaymingwong/Documents/code/ros-install-osx/kinetic_desktop_full_ws/build/rqt_bag/lib/rqt_bag/plugins/__init__.py -> /opt/ros/kinetic/lib/python2.7/site-packages/rqt_bag/plugins
copying /Users/jaymingwong/Documents/code/ros-install-osx/kinetic_desktop_full_ws/build/rqt_bag/lib/rqt_bag/plugins/message_view.py -> /opt/ros/kinetic/lib/python2.7/site-packages/rqt_bag/plugins
copying /Users/jaymingwong/Documents/code/ros-install-osx/kinetic_desktop_full_ws/build/rqt_bag/lib/rqt_bag/plugins/plugin.py -> /opt/ros/kinetic/lib/python2.7/site-packages/rqt_bag/plugins
copying /Users/jaymingwong/Documents/code/ros-install-osx/kinetic_desktop_full_ws/build/rqt_bag/lib/rqt_bag/plugins/raw_view.py -> /opt/ros/kinetic/lib/python2.7/site-packages/rqt_bag/plugins
copying /Users/jaymingwong/Documents/code/ros-install-osx/kinetic_desktop_full_ws/build/rqt_bag/lib/rqt_bag/plugins/timeline_renderer.py -> /opt/ros/kinetic/lib/python2.7/site-packages/rqt_bag/plugins
copying /Users/jaymingwong/Documents/code/ros-install-osx/kinetic_desktop_full_ws/build/rqt_bag/lib/rqt_bag/plugins/topic_message_view.py -> /opt/ros/kinetic/lib/python2.7/site-packages/rqt_bag/plugins
copying /Users/jaymingwong/Documents/code/ros-install-osx/kinetic_desktop_full_ws/build/rqt_bag/lib/rqt_bag/recorder.py -> /opt/ros/kinetic/lib/python2.7/site-packages/rqt_bag
copying /Users/jaymingwong/Documents/code/ros-install-osx/kinetic_desktop_full_ws/build/rqt_bag/lib/rqt_bag/timeline_cache.py -> /opt/ros/kinetic/lib/python2.7/site-packages/rqt_bag
copying /Users/jaymingwong/Documents/code/ros-install-osx/kinetic_desktop_full_ws/build/rqt_bag/lib/rqt_bag/timeline_frame.py -> /opt/ros/kinetic/lib/python2.7/site-packages/rqt_bag
copying /Users/jaymingwong/Documents/code/ros-install-osx/kinetic_desktop_full_ws/build/rqt_bag/lib/rqt_bag/timeline_menu.py -> /opt/ros/kinetic/lib/python2.7/site-packages/rqt_bag
copying /Users/jaymingwong/Documents/code/ros-install-osx/kinetic_desktop_full_ws/build/rqt_bag/lib/rqt_bag/topic_selection.py -> /opt/ros/kinetic/lib/python2.7/site-packages/rqt_bag
byte-compiling /opt/ros/kinetic/lib/python2.7/site-packages/rqt_bag/__init__.py to __init__.pyc
byte-compiling /opt/ros/kinetic/lib/python2.7/site-packages/rqt_bag/bag.py to bag.pyc
byte-compiling /opt/ros/kinetic/lib/python2.7/site-packages/rqt_bag/bag_helper.py to bag_helper.pyc
byte-compiling /opt/ros/kinetic/lib/python2.7/site-packages/rqt_bag/bag_timeline.py to bag_timeline.pyc
byte-compiling /opt/ros/kinetic/lib/python2.7/site-packages/rqt_bag/bag_widget.py to bag_widget.pyc
byte-compiling /opt/ros/kinetic/lib/python2.7/site-packages/rqt_bag/index_cache_thread.py to index_cache_thread.pyc
byte-compiling /opt/ros/kinetic/lib/python2.7/site-packages/rqt_bag/message_listener_thread.py to message_listener_thread.pyc
byte-compiling /opt/ros/kinetic/lib/python2.7/site-packages/rqt_bag/message_loader_thread.py to message_loader_thread.pyc
byte-compiling /opt/ros/kinetic/lib/python2.7/site-packages/rqt_bag/node_selection.py to node_selection.pyc
byte-compiling /opt/ros/kinetic/lib/python2.7/site-packages/rqt_bag/player.py to player.pyc
byte-compiling /opt/ros/kinetic/lib/python2.7/site-packages/rqt_bag/plugins/__init__.py to __init__.pyc
byte-compiling /opt/ros/kinetic/lib/python2.7/site-packages/rqt_bag/plugins/message_view.py to message_view.pyc
byte-compiling /opt/ros/kinetic/lib/python2.7/site-packages/rqt_bag/plugins/plugin.py to plugin.pyc
byte-compiling /opt/ros/kinetic/lib/python2.7/site-packages/rqt_bag/plugins/raw_view.py to raw_view.pyc
byte-compiling /opt/ros/kinetic/lib/python2.7/site-packages/rqt_bag/plugins/timeline_renderer.py to timeline_renderer.pyc
byte-compiling /opt/ros/kinetic/lib/python2.7/site-packages/rqt_bag/plugins/topic_message_view.py to topic_message_view.pyc
byte-compiling /opt/ros/kinetic/lib/python2.7/site-packages/rqt_bag/recorder.py to recorder.pyc
byte-compiling /opt/ros/kinetic/lib/python2.7/site-packages/rqt_bag/timeline_cache.py to timeline_cache.pyc
byte-compiling /opt/ros/kinetic/lib/python2.7/site-packages/rqt_bag/timeline_frame.py to timeline_frame.pyc
byte-compiling /opt/ros/kinetic/lib/python2.7/site-packages/rqt_bag/timeline_menu.py to timeline_menu.pyc
byte-compiling /opt/ros/kinetic/lib/python2.7/site-packages/rqt_bag/topic_selection.py to topic_selection.pyc
running install_scripts
copying /Users/jaymingwong/Documents/code/ros-install-osx/kinetic_desktop_full_ws/build/rqt_bag/scripts-2.7/rqt_bag -> /opt/ros/kinetic/bin
changing mode of /opt/ros/kinetic/bin/rqt_bag to 755
running install_egg_info
Writing /opt/ros/kinetic/lib/python2.7/site-packages/rqt_bag-0.4.12-py2.7.egg-info
-- Installing: /opt/ros/kinetic/share/rqt_bag/plugin.xml
-- Installing: /opt/ros/kinetic/share/rqt_bag/launch
-- Installing: /opt/ros/kinetic/share/rqt_bag/launch/rqt_bag.launch
-- Installing: /opt/ros/kinetic/share/rqt_bag/resource
-- Installing: /opt/ros/kinetic/share/rqt_bag/resource/bag_widget.ui
-- Installing: /opt/ros/kinetic/lib/rqt_bag/rqt_bag
