[36mInstall the project...[0m
-- Install configuration: "Release"
-- Up-to-date: /opt/ros/kinetic/_setup_util.py
-- Up-to-date: /opt/ros/kinetic/env.sh
-- Up-to-date: /opt/ros/kinetic/setup.bash
-- Up-to-date: /opt/ros/kinetic/setup.sh
-- Up-to-date: /opt/ros/kinetic/setup.zsh
-- Up-to-date: /opt/ros/kinetic/.rosinstall
-- Installing: /opt/ros/kinetic/lib/pkgconfig/geneus.pc
-- Installing: /opt/ros/kinetic/share/geneus/cmake/geneus-extras.cmake
-- Installing: /opt/ros/kinetic/share/geneus/cmake/geneusConfig.cmake
-- Installing: /opt/ros/kinetic/share/geneus/cmake/geneusConfig-version.cmake
-- Installing: /opt/ros/kinetic/share/geneus/package.xml
-- Installing: /opt/ros/kinetic/etc/ros/genmsg/geneus
-- Installing: /opt/ros/kinetic/share/roseus/rospack_nosubdirs
+ cd /Users/jaymingwong/Documents/code/ros-install-osx/kinetic_desktop_full_ws/src/geneus
+ mkdir -p /opt/ros/kinetic/lib/python2.7/site-packages
+ /usr/bin/env PYTHONPATH=/opt/ros/kinetic/lib/python2.7/site-packages:/Users/jaymingwong/Documents/code/ros-install-osx/kinetic_desktop_full_ws/build/geneus/lib/python2.7/site-packages:/opt/ros/kinetic/lib/python2.7/site-packages:/Users/jaymingwong/Documents/code/wizard/devel/lib/python2.7/site-packages:/Users/jaymingwong/Documents/code/tbt/devel/lib/python2.7/site-packages:/Users/jaymingwong/Documents/code/ros-externals/devel/lib/python2.7/site-packages:/usr/local/lib/python2.7/site-packages/:/Users/jaymingwong/Documents/code/drake/build/lib/python2.7/site-packages/:/Users/jaymingwong/Documents/code/drake/build/lib/python2.7/dist-packages/:/Users/jaymingwong/Documents/code/wizard/externals/devina/devina/include/devina/lcm CATKIN_BINARY_DIR=/Users/jaymingwong/Documents/code/ros-install-osx/kinetic_desktop_full_ws/build/geneus /usr/local/bin/python2 /Users/jaymingwong/Documents/code/ros-install-osx/kinetic_desktop_full_ws/src/geneus/setup.py build --build-base /Users/jaymingwong/Documents/code/ros-install-osx/kinetic_desktop_full_ws/build/geneus install --prefix=/opt/ros/kinetic --install-scripts=/opt/ros/kinetic/bin
running build
running build_py
creating /Users/jaymingwong/Documents/code/ros-install-osx/kinetic_desktop_full_ws/build/geneus/lib
creating /Users/jaymingwong/Documents/code/ros-install-osx/kinetic_desktop_full_ws/build/geneus/lib/geneus
copying src/geneus/__init__.py -> /Users/jaymingwong/Documents/code/ros-install-osx/kinetic_desktop_full_ws/build/geneus/lib/geneus
copying src/geneus/generate.py -> /Users/jaymingwong/Documents/code/ros-install-osx/kinetic_desktop_full_ws/build/geneus/lib/geneus
copying src/geneus/geneus_main.py -> /Users/jaymingwong/Documents/code/ros-install-osx/kinetic_desktop_full_ws/build/geneus/lib/geneus
running install
running install_lib
creating /opt/ros/kinetic/lib/python2.7/site-packages/geneus
copying /Users/jaymingwong/Documents/code/ros-install-osx/kinetic_desktop_full_ws/build/geneus/lib/geneus/__init__.py -> /opt/ros/kinetic/lib/python2.7/site-packages/geneus
copying /Users/jaymingwong/Documents/code/ros-install-osx/kinetic_desktop_full_ws/build/geneus/lib/geneus/generate.py -> /opt/ros/kinetic/lib/python2.7/site-packages/geneus
copying /Users/jaymingwong/Documents/code/ros-install-osx/kinetic_desktop_full_ws/build/geneus/lib/geneus/geneus_main.py -> /opt/ros/kinetic/lib/python2.7/site-packages/geneus
byte-compiling /opt/ros/kinetic/lib/python2.7/site-packages/geneus/__init__.py to __init__.pyc
byte-compiling /opt/ros/kinetic/lib/python2.7/site-packages/geneus/generate.py to generate.pyc
byte-compiling /opt/ros/kinetic/lib/python2.7/site-packages/geneus/geneus_main.py to geneus_main.pyc
running install_egg_info
Writing /opt/ros/kinetic/lib/python2.7/site-packages/geneus-2.2.6-py2.7.egg-info
-- Installing: /opt/ros/kinetic/lib/geneus/gen_eus.py
