[36mInstall the project...[0m
-- Install configuration: "Release"
-- Installing: /opt/ros/kinetic/_setup_util.py
-- Installing: /opt/ros/kinetic/env.sh
-- Installing: /opt/ros/kinetic/setup.bash
-- Installing: /opt/ros/kinetic/setup.sh
-- Installing: /opt/ros/kinetic/setup.zsh
-- Installing: /opt/ros/kinetic/.rosinstall
-- Installing: /opt/ros/kinetic/lib/pkgconfig/rqt_shell.pc
-- Installing: /opt/ros/kinetic/share/rqt_shell/cmake/rqt_shellConfig.cmake
-- Installing: /opt/ros/kinetic/share/rqt_shell/cmake/rqt_shellConfig-version.cmake
-- Installing: /opt/ros/kinetic/share/rqt_shell/package.xml
+ cd /Users/jaymingwong/Documents/code/ros-install-osx/kinetic_desktop_full_ws/src/rqt_shell
+ mkdir -p /opt/ros/kinetic/lib/python2.7/site-packages
+ /usr/bin/env PYTHONPATH=/opt/ros/kinetic/lib/python2.7/site-packages:/Users/jaymingwong/Documents/code/ros-install-osx/kinetic_desktop_full_ws/build/rqt_shell/lib/python2.7/site-packages:/opt/ros/kinetic/lib/python2.7/site-packages:/usr/local/lib/python2.7/site-packages/:/Users/jaymingwong/Documents/code/drake/build/lib/python2.7/site-packages/:/Users/jaymingwong/Documents/code/drake/build/lib/python2.7/dist-packages/:/Users/jaymingwong/Documents/code/wizard/externals/devina/devina/include/devina/lcm CATKIN_BINARY_DIR=/Users/jaymingwong/Documents/code/ros-install-osx/kinetic_desktop_full_ws/build/rqt_shell /usr/local/bin/python2 /Users/jaymingwong/Documents/code/ros-install-osx/kinetic_desktop_full_ws/src/rqt_shell/setup.py build --build-base /Users/jaymingwong/Documents/code/ros-install-osx/kinetic_desktop_full_ws/build/rqt_shell install --prefix=/opt/ros/kinetic --install-scripts=/opt/ros/kinetic/bin
running build
running build_py
creating /Users/jaymingwong/Documents/code/ros-install-osx/kinetic_desktop_full_ws/build/rqt_shell/lib
creating /Users/jaymingwong/Documents/code/ros-install-osx/kinetic_desktop_full_ws/build/rqt_shell/lib/rqt_shell
copying src/rqt_shell/__init__.py -> /Users/jaymingwong/Documents/code/ros-install-osx/kinetic_desktop_full_ws/build/rqt_shell/lib/rqt_shell
copying src/rqt_shell/shell.py -> /Users/jaymingwong/Documents/code/ros-install-osx/kinetic_desktop_full_ws/build/rqt_shell/lib/rqt_shell
copying src/rqt_shell/shell_text_edit.py -> /Users/jaymingwong/Documents/code/ros-install-osx/kinetic_desktop_full_ws/build/rqt_shell/lib/rqt_shell
copying src/rqt_shell/shell_widget.py -> /Users/jaymingwong/Documents/code/ros-install-osx/kinetic_desktop_full_ws/build/rqt_shell/lib/rqt_shell
copying src/rqt_shell/spyder_shell_widget.py -> /Users/jaymingwong/Documents/code/ros-install-osx/kinetic_desktop_full_ws/build/rqt_shell/lib/rqt_shell
copying src/rqt_shell/xterm_widget.py -> /Users/jaymingwong/Documents/code/ros-install-osx/kinetic_desktop_full_ws/build/rqt_shell/lib/rqt_shell
running build_scripts
creating /Users/jaymingwong/Documents/code/ros-install-osx/kinetic_desktop_full_ws/build/rqt_shell/scripts-2.7
copying and adjusting scripts/rqt_shell -> /Users/jaymingwong/Documents/code/ros-install-osx/kinetic_desktop_full_ws/build/rqt_shell/scripts-2.7
changing mode of /Users/jaymingwong/Documents/code/ros-install-osx/kinetic_desktop_full_ws/build/rqt_shell/scripts-2.7/rqt_shell from 644 to 755
running install
running install_lib
creating /opt/ros/kinetic/lib/python2.7/site-packages/rqt_shell
copying /Users/jaymingwong/Documents/code/ros-install-osx/kinetic_desktop_full_ws/build/rqt_shell/lib/rqt_shell/__init__.py -> /opt/ros/kinetic/lib/python2.7/site-packages/rqt_shell
copying /Users/jaymingwong/Documents/code/ros-install-osx/kinetic_desktop_full_ws/build/rqt_shell/lib/rqt_shell/shell.py -> /opt/ros/kinetic/lib/python2.7/site-packages/rqt_shell
copying /Users/jaymingwong/Documents/code/ros-install-osx/kinetic_desktop_full_ws/build/rqt_shell/lib/rqt_shell/shell_text_edit.py -> /opt/ros/kinetic/lib/python2.7/site-packages/rqt_shell
copying /Users/jaymingwong/Documents/code/ros-install-osx/kinetic_desktop_full_ws/build/rqt_shell/lib/rqt_shell/shell_widget.py -> /opt/ros/kinetic/lib/python2.7/site-packages/rqt_shell
copying /Users/jaymingwong/Documents/code/ros-install-osx/kinetic_desktop_full_ws/build/rqt_shell/lib/rqt_shell/spyder_shell_widget.py -> /opt/ros/kinetic/lib/python2.7/site-packages/rqt_shell
copying /Users/jaymingwong/Documents/code/ros-install-osx/kinetic_desktop_full_ws/build/rqt_shell/lib/rqt_shell/xterm_widget.py -> /opt/ros/kinetic/lib/python2.7/site-packages/rqt_shell
byte-compiling /opt/ros/kinetic/lib/python2.7/site-packages/rqt_shell/__init__.py to __init__.pyc
byte-compiling /opt/ros/kinetic/lib/python2.7/site-packages/rqt_shell/shell.py to shell.pyc
byte-compiling /opt/ros/kinetic/lib/python2.7/site-packages/rqt_shell/shell_text_edit.py to shell_text_edit.pyc
byte-compiling /opt/ros/kinetic/lib/python2.7/site-packages/rqt_shell/shell_widget.py to shell_widget.pyc
byte-compiling /opt/ros/kinetic/lib/python2.7/site-packages/rqt_shell/spyder_shell_widget.py to spyder_shell_widget.pyc
byte-compiling /opt/ros/kinetic/lib/python2.7/site-packages/rqt_shell/xterm_widget.py to xterm_widget.pyc
running install_scripts
copying /Users/jaymingwong/Documents/code/ros-install-osx/kinetic_desktop_full_ws/build/rqt_shell/scripts-2.7/rqt_shell -> /opt/ros/kinetic/bin
changing mode of /opt/ros/kinetic/bin/rqt_shell to 755
running install_egg_info
Writing /opt/ros/kinetic/lib/python2.7/site-packages/rqt_shell-0.4.9-py2.7.egg-info
-- Installing: /opt/ros/kinetic/share/rqt_shell/plugin.xml
-- Installing: /opt/ros/kinetic/share/rqt_shell/resource
-- Installing: /opt/ros/kinetic/share/rqt_shell/resource/shell_widget.ui
-- Installing: /opt/ros/kinetic/lib/rqt_shell/rqt_shell
