[36mInstall the project...[0m
-- Install configuration: "Release"
-- Installing: /opt/ros/kinetic/_setup_util.py
-- Installing: /opt/ros/kinetic/env.sh
-- Installing: /opt/ros/kinetic/setup.bash
-- Installing: /opt/ros/kinetic/setup.sh
-- Installing: /opt/ros/kinetic/setup.zsh
-- Installing: /opt/ros/kinetic/.rosinstall
-- Up-to-date: /opt/ros/kinetic/lib/pkgconfig/rqt_shell.pc
-- Up-to-date: /opt/ros/kinetic/share/rqt_shell/cmake/rqt_shellConfig.cmake
-- Up-to-date: /opt/ros/kinetic/share/rqt_shell/cmake/rqt_shellConfig-version.cmake
-- Up-to-date: /opt/ros/kinetic/share/rqt_shell/package.xml
+ cd /Users/jaymingwong/Documents/code/ros-install-osx/kinetic_desktop_full_ws/src/rqt_shell
+ mkdir -p /opt/ros/kinetic/lib/python2.7/site-packages
+ /usr/bin/env PYTHONPATH=/opt/ros/kinetic/lib/python2.7/site-packages:/Users/jaymingwong/Documents/code/ros-install-osx/kinetic_desktop_full_ws/build/rqt_shell/lib/python2.7/site-packages:/opt/ros/kinetic/lib/python2.7/site-packages:/usr/local/lib/python2.7/site-packages/:/Users/jaymingwong/Documents/code/wizard/externals/drake/build/lib/python2.7/site-packages/:/Users/jaymingwong/Documents/code/wizard/externals/drake/build/lib/python2.7/dist-packages/:/Users/jaymingwong/Documents/code/wizard/externals/devina/devina/include/devina/lcm CATKIN_BINARY_DIR=/Users/jaymingwong/Documents/code/ros-install-osx/kinetic_desktop_full_ws/build/rqt_shell /usr/local/bin/python2 /Users/jaymingwong/Documents/code/ros-install-osx/kinetic_desktop_full_ws/src/rqt_shell/setup.py build --build-base /Users/jaymingwong/Documents/code/ros-install-osx/kinetic_desktop_full_ws/build/rqt_shell install --prefix=/opt/ros/kinetic --install-scripts=/opt/ros/kinetic/bin
running build
running build_py
running build_scripts
running install
running install_lib
running install_scripts
changing mode of /opt/ros/kinetic/bin/rqt_shell to 755
running install_egg_info
Removing /opt/ros/kinetic/lib/python2.7/site-packages/rqt_shell-0.4.9-py2.7.egg-info
Writing /opt/ros/kinetic/lib/python2.7/site-packages/rqt_shell-0.4.9-py2.7.egg-info
-- Up-to-date: /opt/ros/kinetic/share/rqt_shell/plugin.xml
-- Up-to-date: /opt/ros/kinetic/share/rqt_shell/resource
-- Up-to-date: /opt/ros/kinetic/share/rqt_shell/resource/shell_widget.ui
-- Up-to-date: /opt/ros/kinetic/lib/rqt_shell/rqt_shell
