[36mInstall the project...[0m
-- Install configuration: "Release"
-- Installing: /opt/ros/kinetic/_setup_util.py
-- Installing: /opt/ros/kinetic/env.sh
-- Installing: /opt/ros/kinetic/setup.bash
-- Installing: /opt/ros/kinetic/setup.sh
-- Installing: /opt/ros/kinetic/setup.zsh
-- Installing: /opt/ros/kinetic/.rosinstall
-- Installing: /opt/ros/kinetic/lib/pkgconfig/rqt_web.pc
-- Installing: /opt/ros/kinetic/share/rqt_web/cmake/rqt_webConfig.cmake
-- Installing: /opt/ros/kinetic/share/rqt_web/cmake/rqt_webConfig-version.cmake
-- Installing: /opt/ros/kinetic/share/rqt_web/package.xml
+ cd /Users/jaymingwong/Documents/code/ros-install-osx/kinetic_desktop_full_ws/src/rqt_web
+ mkdir -p /opt/ros/kinetic/lib/python2.7/site-packages
+ /usr/bin/env PYTHONPATH=/opt/ros/kinetic/lib/python2.7/site-packages:/Users/jaymingwong/Documents/code/ros-install-osx/kinetic_desktop_full_ws/build/rqt_web/lib/python2.7/site-packages:/opt/ros/kinetic/lib/python2.7/site-packages:/usr/local/lib/python2.7/site-packages/:/Users/jaymingwong/Documents/code/drake/build/lib/python2.7/site-packages/:/Users/jaymingwong/Documents/code/drake/build/lib/python2.7/dist-packages/:/Users/jaymingwong/Documents/code/wizard/externals/devina/devina/include/devina/lcm CATKIN_BINARY_DIR=/Users/jaymingwong/Documents/code/ros-install-osx/kinetic_desktop_full_ws/build/rqt_web /usr/local/bin/python2 /Users/jaymingwong/Documents/code/ros-install-osx/kinetic_desktop_full_ws/src/rqt_web/setup.py build --build-base /Users/jaymingwong/Documents/code/ros-install-osx/kinetic_desktop_full_ws/build/rqt_web install --prefix=/opt/ros/kinetic --install-scripts=/opt/ros/kinetic/bin
running build
running build_py
creating /Users/jaymingwong/Documents/code/ros-install-osx/kinetic_desktop_full_ws/build/rqt_web/lib
creating /Users/jaymingwong/Documents/code/ros-install-osx/kinetic_desktop_full_ws/build/rqt_web/lib/rqt_web
copying src/rqt_web/__init__.py -> /Users/jaymingwong/Documents/code/ros-install-osx/kinetic_desktop_full_ws/build/rqt_web/lib/rqt_web
copying src/rqt_web/web.py -> /Users/jaymingwong/Documents/code/ros-install-osx/kinetic_desktop_full_ws/build/rqt_web/lib/rqt_web
copying src/rqt_web/web_widget.py -> /Users/jaymingwong/Documents/code/ros-install-osx/kinetic_desktop_full_ws/build/rqt_web/lib/rqt_web
running install
running install_lib
creating /opt/ros/kinetic/lib/python2.7/site-packages/rqt_web
copying /Users/jaymingwong/Documents/code/ros-install-osx/kinetic_desktop_full_ws/build/rqt_web/lib/rqt_web/__init__.py -> /opt/ros/kinetic/lib/python2.7/site-packages/rqt_web
copying /Users/jaymingwong/Documents/code/ros-install-osx/kinetic_desktop_full_ws/build/rqt_web/lib/rqt_web/web.py -> /opt/ros/kinetic/lib/python2.7/site-packages/rqt_web
copying /Users/jaymingwong/Documents/code/ros-install-osx/kinetic_desktop_full_ws/build/rqt_web/lib/rqt_web/web_widget.py -> /opt/ros/kinetic/lib/python2.7/site-packages/rqt_web
byte-compiling /opt/ros/kinetic/lib/python2.7/site-packages/rqt_web/__init__.py to __init__.pyc
byte-compiling /opt/ros/kinetic/lib/python2.7/site-packages/rqt_web/web.py to web.pyc
byte-compiling /opt/ros/kinetic/lib/python2.7/site-packages/rqt_web/web_widget.py to web_widget.pyc
running install_egg_info
Writing /opt/ros/kinetic/lib/python2.7/site-packages/rqt_web-0.4.8-py2.7.egg-info
-- Installing: /opt/ros/kinetic/share/rqt_web/plugin.xml
-- Installing: /opt/ros/kinetic/share/rqt_web/resource
-- Installing: /opt/ros/kinetic/share/rqt_web/resource/web_widget.ui
-- Installing: /opt/ros/kinetic/lib/rqt_web/rqt_web
