[  0%] Built target tf2_msgs_generate_messages_cpp
[  0%] Built target std_srvs_generate_messages_py
[  0%] Built target std_srvs_generate_messages_lisp
[ 12%] [32m[1mLinking CXX executable /Users/jaymingwong/Documents/code/ros-install-osx/kinetic_desktop_full_ws/devel/.private/turtle_tf/lib/turtle_tf/turtle_tf_listener_debug[0m
[ 12%] Built target std_srvs_generate_messages_cpp
[ 25%] Built target turtle_tf_listener_debug
[ 25%] Built target turtlesim_generate_messages_py
[ 25%] Built target turtlesim_generate_messages_nodejs
[ 25%] Built target turtlesim_generate_messages_lisp
[ 25%] Built target turtlesim_generate_messages_eus
[ 25%] Built target turtlesim_generate_messages_cpp
[ 25%] Built target tf2_msgs_generate_messages_py
[ 25%] Built target tf2_msgs_generate_messages_nodejs
[ 25%] Built target tf2_msgs_generate_messages_lisp
[ 25%] Built target tf2_msgs_generate_messages_eus
[ 25%] Built target actionlib_msgs_generate_messages_nodejs
[ 25%] Built target actionlib_msgs_generate_messages_lisp
[ 25%] Built target actionlib_msgs_generate_messages_cpp
[ 25%] Built target geometry_msgs_generate_messages_lisp
[ 25%] Built target sensor_msgs_generate_messages_py
[ 25%] Built target actionlib_msgs_generate_messages_py
[ 25%] Built target roscpp_generate_messages_eus
[ 25%] Built target actionlib_generate_messages_lisp
[ 25%] Built target std_msgs_generate_messages_cpp
[ 25%] Built target actionlib_generate_messages_cpp
[ 25%] Built target sensor_msgs_generate_messages_nodejs
[ 25%] Built target actionlib_generate_messages_nodejs
[ 25%] Built target sensor_msgs_generate_messages_lisp
[ 25%] Built target std_srvs_generate_messages_nodejs
[ 25%] Built target tf_generate_messages_py
[ 25%] Built target sensor_msgs_generate_messages_eus
[ 25%] Built target geometry_msgs_generate_messages_eus
[ 25%] Built target actionlib_generate_messages_py
[ 25%] Built target tf_generate_messages_nodejs
[ 25%] Built target std_msgs_generate_messages_nodejs
[ 25%] Built target rosgraph_msgs_generate_messages_eus
[ 25%] Built target tf_generate_messages_lisp
[ 25%] Built target tf_generate_messages_cpp
[ 25%] Built target rosgraph_msgs_generate_messages_py
[ 25%] Built target rosgraph_msgs_generate_messages_nodejs
[ 25%] Built target roscpp_generate_messages_nodejs
[ 25%] Built target tf_generate_messages_eus
[ 25%] Built target std_srvs_generate_messages_eus
[ 25%] Built target roscpp_generate_messages_py
[ 25%] Built target roscpp_generate_messages_cpp
[ 25%] Built target rosgraph_msgs_generate_messages_lisp
[ 25%] Built target std_msgs_generate_messages_lisp
[ 25%] Built target actionlib_msgs_generate_messages_eus
[ 25%] Built target std_msgs_generate_messages_py
[ 25%] Built target geometry_msgs_generate_messages_nodejs
[ 25%] Built target std_msgs_generate_messages_eus
[ 25%] Built target geometry_msgs_generate_messages_py
[ 25%] Built target actionlib_generate_messages_eus
[ 25%] Built target sensor_msgs_generate_messages_cpp
[ 25%] Built target rosgraph_msgs_generate_messages_cpp
[ 25%] Built target geometry_msgs_generate_messages_cpp
[ 25%] Built target roscpp_generate_messages_lisp
[ 37%] [32m[1mLinking CXX executable /Users/jaymingwong/Documents/code/ros-install-osx/kinetic_desktop_full_ws/devel/.private/turtle_tf/lib/turtle_tf/turtle_tf_message_filter[0m
[ 50%] Built target turtle_tf_message_filter
[ 62%] [32m[1mLinking CXX executable /Users/jaymingwong/Documents/code/ros-install-osx/kinetic_desktop_full_ws/devel/.private/turtle_tf/lib/turtle_tf/turtle_tf_listener[0m
[ 75%] Built target turtle_tf_listener
[ 87%] [32m[1mLinking CXX executable /Users/jaymingwong/Documents/code/ros-install-osx/kinetic_desktop_full_ws/devel/.private/turtle_tf/lib/turtle_tf/turtle_tf_broadcaster[0m
[100%] Built target turtle_tf_broadcaster
