[ 25%] Built target turtle_tf_listener_debug
[ 25%] Built target tf2_msgs_generate_messages_cpp
[ 25%] Built target std_srvs_generate_messages_py
[ 25%] Built target std_srvs_generate_messages_lisp
[ 25%] Built target std_srvs_generate_messages_cpp
[ 25%] Built target turtlesim_generate_messages_py
[ 25%] Built target turtlesim_generate_messages_nodejs
[ 25%] Built target turtlesim_generate_messages_lisp
[ 25%] Built target turtlesim_generate_messages_eus
[ 25%] Built target turtlesim_generate_messages_cpp
[ 25%] Built target tf2_msgs_generate_messages_py
[ 25%] Built target tf2_msgs_generate_messages_nodejs
[ 25%] Built target tf2_msgs_generate_messages_lisp
[ 25%] Built target tf2_msgs_generate_messages_eus
[ 25%] Built target actionlib_msgs_generate_messages_nodejs
[ 25%] Built target actionlib_msgs_generate_messages_lisp
[ 25%] Built target actionlib_msgs_generate_messages_cpp
[ 25%] Built target geometry_msgs_generate_messages_lisp
[ 25%] Built target sensor_msgs_generate_messages_py
[ 25%] Built target actionlib_msgs_generate_messages_py
[ 25%] Built target roscpp_generate_messages_eus
[ 25%] Built target actionlib_generate_messages_lisp
[ 25%] Built target std_msgs_generate_messages_cpp
[ 25%] Built target actionlib_generate_messages_cpp
[ 25%] Built target sensor_msgs_generate_messages_nodejs
[ 25%] Built target actionlib_generate_messages_nodejs
[ 25%] Built target sensor_msgs_generate_messages_lisp
[ 25%] Built target std_srvs_generate_messages_nodejs
[ 25%] Built target tf_generate_messages_py
[ 25%] Built target sensor_msgs_generate_messages_eus
[ 25%] Built target geometry_msgs_generate_messages_eus
[ 25%] Built target actionlib_generate_messages_py
[ 25%] Built target tf_generate_messages_nodejs
[ 25%] Built target std_msgs_generate_messages_nodejs
[ 25%] Built target rosgraph_msgs_generate_messages_eus
[ 25%] Built target tf_generate_messages_lisp
[ 25%] Built target tf_generate_messages_cpp
[ 25%] Built target rosgraph_msgs_generate_messages_py
[ 25%] Built target rosgraph_msgs_generate_messages_nodejs
[ 25%] Built target roscpp_generate_messages_nodejs
[ 25%] Built target tf_generate_messages_eus
[ 25%] Built target std_srvs_generate_messages_eus
[ 25%] Built target roscpp_generate_messages_py
[ 25%] Built target roscpp_generate_messages_cpp
[ 25%] Built target rosgraph_msgs_generate_messages_lisp
[ 25%] Built target std_msgs_generate_messages_lisp
[ 25%] Built target actionlib_msgs_generate_messages_eus
[ 25%] Built target std_msgs_generate_messages_py
[ 25%] Built target geometry_msgs_generate_messages_nodejs
[ 25%] Built target std_msgs_generate_messages_eus
[ 25%] Built target geometry_msgs_generate_messages_py
[ 25%] Built target actionlib_generate_messages_eus
[ 25%] Built target sensor_msgs_generate_messages_cpp
[ 25%] Built target rosgraph_msgs_generate_messages_cpp
[ 25%] Built target geometry_msgs_generate_messages_cpp
[ 25%] Built target roscpp_generate_messages_lisp
[ 50%] Built target turtle_tf_message_filter
[ 75%] Built target turtle_tf_listener
[100%] Built target turtle_tf_broadcaster
[36mInstall the project...[0m
-- Install configuration: "Release"
-- Installing: /opt/ros/kinetic/_setup_util.py
-- Installing: /opt/ros/kinetic/env.sh
-- Installing: /opt/ros/kinetic/setup.bash
-- Installing: /opt/ros/kinetic/setup.sh
-- Installing: /opt/ros/kinetic/setup.zsh
-- Installing: /opt/ros/kinetic/.rosinstall
-- Installing: /opt/ros/kinetic/lib/pkgconfig/turtle_tf.pc
-- Installing: /opt/ros/kinetic/share/turtle_tf/cmake/turtle_tfConfig.cmake
-- Installing: /opt/ros/kinetic/share/turtle_tf/cmake/turtle_tfConfig-version.cmake
-- Installing: /opt/ros/kinetic/share/turtle_tf/package.xml
-- Installing: /opt/ros/kinetic/lib/turtle_tf/dynamic_tf_broadcaster.py
-- Installing: /opt/ros/kinetic/lib/turtle_tf/fixed_tf_broadcaster.py
-- Installing: /opt/ros/kinetic/lib/turtle_tf/turtle_tf_broadcaster.py
-- Installing: /opt/ros/kinetic/lib/turtle_tf/turtle_tf_listener.py
-- Installing: /opt/ros/kinetic/lib/turtle_tf/turtle_tf_listener_wait.py
-- Installing: /opt/ros/kinetic/lib/turtle_tf/turtle_tf_message_broadcaster.py
-- Installing: /opt/ros/kinetic/lib/turtle_tf/turtle_tf_broadcaster
-- Installing: /opt/ros/kinetic/lib/turtle_tf/turtle_tf_listener
-- Installing: /opt/ros/kinetic/lib/turtle_tf/turtle_tf_listener_debug
-- Installing: /opt/ros/kinetic/share/turtle_tf/launch
-- Installing: /opt/ros/kinetic/share/turtle_tf/launch/start_debug_demo.launch
-- Installing: /opt/ros/kinetic/share/turtle_tf/launch/turtle_tf_demo.launch
-- Installing: /opt/ros/kinetic/share/turtle_tf/launch/turtle_tf_sensor.launch
-- Installing: /opt/ros/kinetic/share/turtle_tf/rviz
-- Installing: /opt/ros/kinetic/share/turtle_tf/rviz/turtle_rviz.rviz
-- Installing: /opt/ros/kinetic/share/turtle_tf/rviz/turtle_rviz_groovy.rviz
