[36mInstall the project...[0m
-- Install configuration: "Release"
-- Installing: /opt/ros/kinetic/_setup_util.py
-- Installing: /opt/ros/kinetic/env.sh
-- Installing: /opt/ros/kinetic/setup.bash
-- Installing: /opt/ros/kinetic/setup.sh
-- Installing: /opt/ros/kinetic/setup.zsh
-- Installing: /opt/ros/kinetic/.rosinstall
-- Installing: /opt/ros/kinetic/lib/pkgconfig/rqt_launch.pc
-- Installing: /opt/ros/kinetic/share/rqt_launch/cmake/rqt_launchConfig.cmake
-- Installing: /opt/ros/kinetic/share/rqt_launch/cmake/rqt_launchConfig-version.cmake
-- Installing: /opt/ros/kinetic/share/rqt_launch/package.xml
+ cd /Users/jaymingwong/Documents/code/ros-install-osx/kinetic_desktop_full_ws/src/rqt_launch
+ mkdir -p /opt/ros/kinetic/lib/python2.7/site-packages
+ /usr/bin/env PYTHONPATH=/opt/ros/kinetic/lib/python2.7/site-packages:/Users/jaymingwong/Documents/code/ros-install-osx/kinetic_desktop_full_ws/build/rqt_launch/lib/python2.7/site-packages:/opt/ros/kinetic/lib/python2.7/site-packages:/usr/local/lib/python2.7/site-packages/:/Users/jaymingwong/Documents/code/drake/build/lib/python2.7/site-packages/:/Users/jaymingwong/Documents/code/drake/build/lib/python2.7/dist-packages/:/Users/jaymingwong/Documents/code/wizard/externals/devina/devina/include/devina/lcm CATKIN_BINARY_DIR=/Users/jaymingwong/Documents/code/ros-install-osx/kinetic_desktop_full_ws/build/rqt_launch /usr/local/bin/python2 /Users/jaymingwong/Documents/code/ros-install-osx/kinetic_desktop_full_ws/src/rqt_launch/setup.py build --build-base /Users/jaymingwong/Documents/code/ros-install-osx/kinetic_desktop_full_ws/build/rqt_launch install --prefix=/opt/ros/kinetic --install-scripts=/opt/ros/kinetic/bin
running build
running build_py
creating /Users/jaymingwong/Documents/code/ros-install-osx/kinetic_desktop_full_ws/build/rqt_launch/lib
creating /Users/jaymingwong/Documents/code/ros-install-osx/kinetic_desktop_full_ws/build/rqt_launch/lib/rqt_launch
copying src/rqt_launch/__init__.py -> /Users/jaymingwong/Documents/code/ros-install-osx/kinetic_desktop_full_ws/build/rqt_launch/lib/rqt_launch
copying src/rqt_launch/launch_main.py -> /Users/jaymingwong/Documents/code/ros-install-osx/kinetic_desktop_full_ws/build/rqt_launch/lib/rqt_launch
copying src/rqt_launch/launch_plugin.py -> /Users/jaymingwong/Documents/code/ros-install-osx/kinetic_desktop_full_ws/build/rqt_launch/lib/rqt_launch
copying src/rqt_launch/launch_widget.py -> /Users/jaymingwong/Documents/code/ros-install-osx/kinetic_desktop_full_ws/build/rqt_launch/lib/rqt_launch
copying src/rqt_launch/name_surrogate.py -> /Users/jaymingwong/Documents/code/ros-install-osx/kinetic_desktop_full_ws/build/rqt_launch/lib/rqt_launch
copying src/rqt_launch/node_controller.py -> /Users/jaymingwong/Documents/code/ros-install-osx/kinetic_desktop_full_ws/build/rqt_launch/lib/rqt_launch
copying src/rqt_launch/node_delegate.py -> /Users/jaymingwong/Documents/code/ros-install-osx/kinetic_desktop_full_ws/build/rqt_launch/lib/rqt_launch
copying src/rqt_launch/node_proxy.py -> /Users/jaymingwong/Documents/code/ros-install-osx/kinetic_desktop_full_ws/build/rqt_launch/lib/rqt_launch
copying src/rqt_launch/node_widget.py -> /Users/jaymingwong/Documents/code/ros-install-osx/kinetic_desktop_full_ws/build/rqt_launch/lib/rqt_launch
copying src/rqt_launch/status_indicator.py -> /Users/jaymingwong/Documents/code/ros-install-osx/kinetic_desktop_full_ws/build/rqt_launch/lib/rqt_launch
running install
running install_lib
creating /opt/ros/kinetic/lib/python2.7/site-packages/rqt_launch
copying /Users/jaymingwong/Documents/code/ros-install-osx/kinetic_desktop_full_ws/build/rqt_launch/lib/rqt_launch/__init__.py -> /opt/ros/kinetic/lib/python2.7/site-packages/rqt_launch
copying /Users/jaymingwong/Documents/code/ros-install-osx/kinetic_desktop_full_ws/build/rqt_launch/lib/rqt_launch/launch_main.py -> /opt/ros/kinetic/lib/python2.7/site-packages/rqt_launch
copying /Users/jaymingwong/Documents/code/ros-install-osx/kinetic_desktop_full_ws/build/rqt_launch/lib/rqt_launch/launch_plugin.py -> /opt/ros/kinetic/lib/python2.7/site-packages/rqt_launch
copying /Users/jaymingwong/Documents/code/ros-install-osx/kinetic_desktop_full_ws/build/rqt_launch/lib/rqt_launch/launch_widget.py -> /opt/ros/kinetic/lib/python2.7/site-packages/rqt_launch
copying /Users/jaymingwong/Documents/code/ros-install-osx/kinetic_desktop_full_ws/build/rqt_launch/lib/rqt_launch/name_surrogate.py -> /opt/ros/kinetic/lib/python2.7/site-packages/rqt_launch
copying /Users/jaymingwong/Documents/code/ros-install-osx/kinetic_desktop_full_ws/build/rqt_launch/lib/rqt_launch/node_controller.py -> /opt/ros/kinetic/lib/python2.7/site-packages/rqt_launch
copying /Users/jaymingwong/Documents/code/ros-install-osx/kinetic_desktop_full_ws/build/rqt_launch/lib/rqt_launch/node_delegate.py -> /opt/ros/kinetic/lib/python2.7/site-packages/rqt_launch
copying /Users/jaymingwong/Documents/code/ros-install-osx/kinetic_desktop_full_ws/build/rqt_launch/lib/rqt_launch/node_proxy.py -> /opt/ros/kinetic/lib/python2.7/site-packages/rqt_launch
copying /Users/jaymingwong/Documents/code/ros-install-osx/kinetic_desktop_full_ws/build/rqt_launch/lib/rqt_launch/node_widget.py -> /opt/ros/kinetic/lib/python2.7/site-packages/rqt_launch
copying /Users/jaymingwong/Documents/code/ros-install-osx/kinetic_desktop_full_ws/build/rqt_launch/lib/rqt_launch/status_indicator.py -> /opt/ros/kinetic/lib/python2.7/site-packages/rqt_launch
byte-compiling /opt/ros/kinetic/lib/python2.7/site-packages/rqt_launch/__init__.py to __init__.pyc
byte-compiling /opt/ros/kinetic/lib/python2.7/site-packages/rqt_launch/launch_main.py to launch_main.pyc
byte-compiling /opt/ros/kinetic/lib/python2.7/site-packages/rqt_launch/launch_plugin.py to launch_plugin.pyc
byte-compiling /opt/ros/kinetic/lib/python2.7/site-packages/rqt_launch/launch_widget.py to launch_widget.pyc
byte-compiling /opt/ros/kinetic/lib/python2.7/site-packages/rqt_launch/name_surrogate.py to name_surrogate.pyc
byte-compiling /opt/ros/kinetic/lib/python2.7/site-packages/rqt_launch/node_controller.py to node_controller.pyc
byte-compiling /opt/ros/kinetic/lib/python2.7/site-packages/rqt_launch/node_delegate.py to node_delegate.pyc
byte-compiling /opt/ros/kinetic/lib/python2.7/site-packages/rqt_launch/node_proxy.py to node_proxy.pyc
byte-compiling /opt/ros/kinetic/lib/python2.7/site-packages/rqt_launch/node_widget.py to node_widget.pyc
byte-compiling /opt/ros/kinetic/lib/python2.7/site-packages/rqt_launch/status_indicator.py to status_indicator.pyc
running install_egg_info
Writing /opt/ros/kinetic/lib/python2.7/site-packages/rqt_launch-0.4.8-py2.7.egg-info
-- Installing: /opt/ros/kinetic/share/rqt_launch/plugin.xml
-- Installing: /opt/ros/kinetic/share/rqt_launch/resource
-- Installing: /opt/ros/kinetic/share/rqt_launch/resource/launch_widget.ui
-- Installing: /opt/ros/kinetic/share/rqt_launch/resource/node_widget.ui
-- Installing: /opt/ros/kinetic/lib/rqt_launch/rqt_launch
