[36mInstall the project...[0m
-- Install configuration: "Release"
-- Installing: /opt/ros/kinetic/_setup_util.py
-- Installing: /opt/ros/kinetic/env.sh
-- Installing: /opt/ros/kinetic/setup.bash
-- Installing: /opt/ros/kinetic/setup.sh
-- Installing: /opt/ros/kinetic/setup.zsh
-- Installing: /opt/ros/kinetic/.rosinstall
-- Installing: /opt/ros/kinetic/lib/pkgconfig/rqt_runtime_monitor.pc
-- Installing: /opt/ros/kinetic/share/rqt_runtime_monitor/cmake/rqt_runtime_monitorConfig.cmake
-- Installing: /opt/ros/kinetic/share/rqt_runtime_monitor/cmake/rqt_runtime_monitorConfig-version.cmake
-- Installing: /opt/ros/kinetic/share/rqt_runtime_monitor/package.xml
+ cd /Users/jaymingwong/Documents/code/ros-install-osx/kinetic_desktop_full_ws/src/rqt_runtime_monitor
+ mkdir -p /opt/ros/kinetic/lib/python2.7/site-packages
+ /usr/bin/env PYTHONPATH=/opt/ros/kinetic/lib/python2.7/site-packages:/Users/jaymingwong/Documents/code/ros-install-osx/kinetic_desktop_full_ws/build/rqt_runtime_monitor/lib/python2.7/site-packages:/opt/ros/kinetic/lib/python2.7/site-packages:/usr/local/lib/python2.7/site-packages/:/Users/jaymingwong/Documents/code/drake/build/lib/python2.7/site-packages/:/Users/jaymingwong/Documents/code/drake/build/lib/python2.7/dist-packages/:/Users/jaymingwong/Documents/code/wizard/externals/devina/devina/include/devina/lcm CATKIN_BINARY_DIR=/Users/jaymingwong/Documents/code/ros-install-osx/kinetic_desktop_full_ws/build/rqt_runtime_monitor /usr/local/bin/python2 /Users/jaymingwong/Documents/code/ros-install-osx/kinetic_desktop_full_ws/src/rqt_runtime_monitor/setup.py build --build-base /Users/jaymingwong/Documents/code/ros-install-osx/kinetic_desktop_full_ws/build/rqt_runtime_monitor install --prefix=/opt/ros/kinetic --install-scripts=/opt/ros/kinetic/bin
running build
running build_py
creating /Users/jaymingwong/Documents/code/ros-install-osx/kinetic_desktop_full_ws/build/rqt_runtime_monitor/lib
creating /Users/jaymingwong/Documents/code/ros-install-osx/kinetic_desktop_full_ws/build/rqt_runtime_monitor/lib/rqt_runtime_monitor
copying src/rqt_runtime_monitor/__init__.py -> /Users/jaymingwong/Documents/code/ros-install-osx/kinetic_desktop_full_ws/build/rqt_runtime_monitor/lib/rqt_runtime_monitor
copying src/rqt_runtime_monitor/runtime_monitor.py -> /Users/jaymingwong/Documents/code/ros-install-osx/kinetic_desktop_full_ws/build/rqt_runtime_monitor/lib/rqt_runtime_monitor
copying src/rqt_runtime_monitor/runtime_monitor_widget.py -> /Users/jaymingwong/Documents/code/ros-install-osx/kinetic_desktop_full_ws/build/rqt_runtime_monitor/lib/rqt_runtime_monitor
running install
running install_lib
creating /opt/ros/kinetic/lib/python2.7/site-packages/rqt_runtime_monitor
copying /Users/jaymingwong/Documents/code/ros-install-osx/kinetic_desktop_full_ws/build/rqt_runtime_monitor/lib/rqt_runtime_monitor/__init__.py -> /opt/ros/kinetic/lib/python2.7/site-packages/rqt_runtime_monitor
copying /Users/jaymingwong/Documents/code/ros-install-osx/kinetic_desktop_full_ws/build/rqt_runtime_monitor/lib/rqt_runtime_monitor/runtime_monitor.py -> /opt/ros/kinetic/lib/python2.7/site-packages/rqt_runtime_monitor
copying /Users/jaymingwong/Documents/code/ros-install-osx/kinetic_desktop_full_ws/build/rqt_runtime_monitor/lib/rqt_runtime_monitor/runtime_monitor_widget.py -> /opt/ros/kinetic/lib/python2.7/site-packages/rqt_runtime_monitor
byte-compiling /opt/ros/kinetic/lib/python2.7/site-packages/rqt_runtime_monitor/__init__.py to __init__.pyc
byte-compiling /opt/ros/kinetic/lib/python2.7/site-packages/rqt_runtime_monitor/runtime_monitor.py to runtime_monitor.pyc
byte-compiling /opt/ros/kinetic/lib/python2.7/site-packages/rqt_runtime_monitor/runtime_monitor_widget.py to runtime_monitor_widget.pyc
running install_egg_info
Writing /opt/ros/kinetic/lib/python2.7/site-packages/rqt_runtime_monitor-0.5.7-py2.7.egg-info
-- Installing: /opt/ros/kinetic/share/rqt_runtime_monitor/plugin.xml
-- Installing: /opt/ros/kinetic/share/rqt_runtime_monitor/resource
-- Installing: /opt/ros/kinetic/share/rqt_runtime_monitor/resource/runtime_monitor_widget.ui
-- Installing: /opt/ros/kinetic/lib/rqt_runtime_monitor/rqt_runtime_monitor
