[  0%] Built target rosgraph_msgs_generate_messages_lisp
[  0%] Built target tf2_msgs_generate_messages_py
[  0%] Built target tf2_msgs_generate_messages_lisp
[  0%] Built target tf2_msgs_generate_messages_eus
[  0%] Built target std_msgs_generate_messages_eus
[  0%] Built target geometry_msgs_generate_messages_nodejs
[  0%] Built target actionlib_msgs_generate_messages_py
[  0%] Built target geometry_msgs_generate_messages_lisp
[  0%] Built target rosgraph_msgs_generate_messages_py
[  0%] Built target rosgraph_msgs_generate_messages_nodejs
[  0%] Built target std_msgs_generate_messages_nodejs
[  0%] Built target rosgraph_msgs_generate_messages_eus
[  0%] Built target roscpp_generate_messages_py
[  0%] Built target roscpp_generate_messages_nodejs
[  0%] Built target geometry_msgs_generate_messages_cpp
[  0%] Built target roscpp_generate_messages_lisp
[  0%] Built target actionlib_generate_messages_lisp
[  0%] Built target roscpp_generate_messages_eus
[  0%] Built target roscpp_generate_messages_cpp
[  0%] Built target _catkin_empty_exported_target
[  0%] Built target std_msgs_generate_messages_lisp
[  0%] Built target actionlib_msgs_generate_messages_eus
[  0%] Built target std_msgs_generate_messages_py
[  0%] Built target actionlib_generate_messages_nodejs
[  0%] Built target actionlib_msgs_generate_messages_cpp
[  0%] Built target actionlib_msgs_generate_messages_nodejs
[  0%] Built target actionlib_msgs_generate_messages_lisp
[  0%] Built target tf2_msgs_generate_messages_cpp
[  0%] Built target std_msgs_generate_messages_cpp
[  0%] Built target actionlib_generate_messages_cpp
[  0%] Built target geometry_msgs_generate_messages_eus
[  0%] Built target actionlib_generate_messages_py
[  0%] Built target tf2_msgs_generate_messages_nodejs
[  0%] Built target rosgraph_msgs_generate_messages_cpp
[  0%] Built target actionlib_generate_messages_eus
[  0%] Built target geometry_msgs_generate_messages_py
[ 63%] Built target tf2_ros
[ 81%] Built target tf2_ros_buffer_server
[100%] Built target tf2_ros_static_transform_publisher
[36mInstall the project...[0m
-- Install configuration: "Release"
-- Installing: /opt/ros/kinetic/_setup_util.py
-- Installing: /opt/ros/kinetic/env.sh
-- Installing: /opt/ros/kinetic/setup.bash
-- Installing: /opt/ros/kinetic/setup.sh
-- Installing: /opt/ros/kinetic/setup.zsh
-- Installing: /opt/ros/kinetic/.rosinstall
+ cd /Users/jaymingwong/Documents/code/ros-install-osx/kinetic_desktop_full_ws/src/geometry2/tf2_ros
+ mkdir -p /opt/ros/kinetic/lib/python2.7/site-packages
+ /usr/bin/env PYTHONPATH=/opt/ros/kinetic/lib/python2.7/site-packages:/Users/jaymingwong/Documents/code/ros-install-osx/kinetic_desktop_full_ws/build/tf2_ros/lib/python2.7/site-packages:/opt/ros/kinetic/lib/python2.7/site-packages:/usr/local/lib/python2.7/site-packages/:/Users/jaymingwong/Documents/code/drake/build/lib/python2.7/site-packages/:/Users/jaymingwong/Documents/code/drake/build/lib/python2.7/dist-packages/:/Users/jaymingwong/Documents/code/wizard/externals/devina/devina/include/devina/lcm CATKIN_BINARY_DIR=/Users/jaymingwong/Documents/code/ros-install-osx/kinetic_desktop_full_ws/build/tf2_ros /usr/local/bin/python2 /Users/jaymingwong/Documents/code/ros-install-osx/kinetic_desktop_full_ws/src/geometry2/tf2_ros/setup.py build --build-base /Users/jaymingwong/Documents/code/ros-install-osx/kinetic_desktop_full_ws/build/tf2_ros install --prefix=/opt/ros/kinetic --install-scripts=/opt/ros/kinetic/bin
running build
running build_py
running install
running install_lib
running install_egg_info
Removing /opt/ros/kinetic/lib/python2.7/site-packages/tf2_ros-0.6.2-py2.7.egg-info
Writing /opt/ros/kinetic/lib/python2.7/site-packages/tf2_ros-0.6.2-py2.7.egg-info
-- Up-to-date: /opt/ros/kinetic/lib/pkgconfig/tf2_ros.pc
-- Up-to-date: /opt/ros/kinetic/share/tf2_ros/cmake/tf2_rosConfig.cmake
-- Up-to-date: /opt/ros/kinetic/share/tf2_ros/cmake/tf2_rosConfig-version.cmake
-- Up-to-date: /opt/ros/kinetic/share/tf2_ros/package.xml
-- Installing: /opt/ros/kinetic/lib/libtf2_ros.dylib
-- Installing: /opt/ros/kinetic/lib/tf2_ros/buffer_server
-- Installing: /opt/ros/kinetic/lib/tf2_ros/static_transform_publisher
-- Up-to-date: /opt/ros/kinetic/include/tf2_ros
-- Up-to-date: /opt/ros/kinetic/include/tf2_ros/buffer.h
-- Up-to-date: /opt/ros/kinetic/include/tf2_ros/buffer_client.h
-- Up-to-date: /opt/ros/kinetic/include/tf2_ros/buffer_interface.h
-- Up-to-date: /opt/ros/kinetic/include/tf2_ros/buffer_server.h
-- Up-to-date: /opt/ros/kinetic/include/tf2_ros/message_filter.h
-- Up-to-date: /opt/ros/kinetic/include/tf2_ros/static_transform_broadcaster.h
-- Up-to-date: /opt/ros/kinetic/include/tf2_ros/transform_broadcaster.h
-- Up-to-date: /opt/ros/kinetic/include/tf2_ros/transform_listener.h
