[ 50%] Built target rosbag
[ 75%] Built target play
[100%] Built target record
[36mInstall the project...[0m
-- Install configuration: "Release"
-- Up-to-date: /opt/ros/kinetic/_setup_util.py
-- Up-to-date: /opt/ros/kinetic/env.sh
-- Up-to-date: /opt/ros/kinetic/setup.bash
-- Up-to-date: /opt/ros/kinetic/setup.sh
-- Up-to-date: /opt/ros/kinetic/setup.zsh
-- Up-to-date: /opt/ros/kinetic/.rosinstall
+ cd /Users/jaymingwong/Documents/code/ros-install-osx/kinetic_desktop_full_ws/src/ros_comm/rosbag
+ mkdir -p /opt/ros/kinetic/lib/python2.7/site-packages
+ /usr/bin/env PYTHONPATH=/opt/ros/kinetic/lib/python2.7/site-packages:/Users/jaymingwong/Documents/code/ros-install-osx/kinetic_desktop_full_ws/build/rosbag/lib/python2.7/site-packages:/opt/ros/kinetic/lib/python2.7/site-packages:/usr/local/lib/python2.7/site-packages/:/Users/jaymingwong/Documents/code/drake/build/lib/python2.7/site-packages/:/Users/jaymingwong/Documents/code/drake/build/lib/python2.7/dist-packages/:/Users/jaymingwong/Documents/code/wizard/externals/devina/devina/include/devina/lcm CATKIN_BINARY_DIR=/Users/jaymingwong/Documents/code/ros-install-osx/kinetic_desktop_full_ws/build/rosbag /usr/local/bin/python2 /Users/jaymingwong/Documents/code/ros-install-osx/kinetic_desktop_full_ws/src/ros_comm/rosbag/setup.py build --build-base /Users/jaymingwong/Documents/code/ros-install-osx/kinetic_desktop_full_ws/build/rosbag install --prefix=/opt/ros/kinetic --install-scripts=/opt/ros/kinetic/bin
running build
running build_py
creating /Users/jaymingwong/Documents/code/ros-install-osx/kinetic_desktop_full_ws/build/rosbag/lib
creating /Users/jaymingwong/Documents/code/ros-install-osx/kinetic_desktop_full_ws/build/rosbag/lib/rosbag
copying src/rosbag/__init__.py -> /Users/jaymingwong/Documents/code/ros-install-osx/kinetic_desktop_full_ws/build/rosbag/lib/rosbag
copying src/rosbag/bag.py -> /Users/jaymingwong/Documents/code/ros-install-osx/kinetic_desktop_full_ws/build/rosbag/lib/rosbag
copying src/rosbag/migration.py -> /Users/jaymingwong/Documents/code/ros-install-osx/kinetic_desktop_full_ws/build/rosbag/lib/rosbag
copying src/rosbag/rosbag_main.py -> /Users/jaymingwong/Documents/code/ros-install-osx/kinetic_desktop_full_ws/build/rosbag/lib/rosbag
running build_scripts
creating /Users/jaymingwong/Documents/code/ros-install-osx/kinetic_desktop_full_ws/build/rosbag/scripts-2.7
copying and adjusting scripts/rosbag -> /Users/jaymingwong/Documents/code/ros-install-osx/kinetic_desktop_full_ws/build/rosbag/scripts-2.7
changing mode of /Users/jaymingwong/Documents/code/ros-install-osx/kinetic_desktop_full_ws/build/rosbag/scripts-2.7/rosbag from 644 to 755
running install
running install_lib
creating /opt/ros/kinetic/lib/python2.7/site-packages/rosbag
copying /Users/jaymingwong/Documents/code/ros-install-osx/kinetic_desktop_full_ws/build/rosbag/lib/rosbag/__init__.py -> /opt/ros/kinetic/lib/python2.7/site-packages/rosbag
copying /Users/jaymingwong/Documents/code/ros-install-osx/kinetic_desktop_full_ws/build/rosbag/lib/rosbag/bag.py -> /opt/ros/kinetic/lib/python2.7/site-packages/rosbag
copying /Users/jaymingwong/Documents/code/ros-install-osx/kinetic_desktop_full_ws/build/rosbag/lib/rosbag/migration.py -> /opt/ros/kinetic/lib/python2.7/site-packages/rosbag
copying /Users/jaymingwong/Documents/code/ros-install-osx/kinetic_desktop_full_ws/build/rosbag/lib/rosbag/rosbag_main.py -> /opt/ros/kinetic/lib/python2.7/site-packages/rosbag
byte-compiling /opt/ros/kinetic/lib/python2.7/site-packages/rosbag/__init__.py to __init__.pyc
byte-compiling /opt/ros/kinetic/lib/python2.7/site-packages/rosbag/bag.py to bag.pyc
byte-compiling /opt/ros/kinetic/lib/python2.7/site-packages/rosbag/migration.py to migration.pyc
byte-compiling /opt/ros/kinetic/lib/python2.7/site-packages/rosbag/rosbag_main.py to rosbag_main.pyc
running install_scripts
copying /Users/jaymingwong/Documents/code/ros-install-osx/kinetic_desktop_full_ws/build/rosbag/scripts-2.7/rosbag -> /opt/ros/kinetic/bin
changing mode of /opt/ros/kinetic/bin/rosbag to 755
running install_egg_info
Writing /opt/ros/kinetic/lib/python2.7/site-packages/rosbag-1.12.14-py2.7.egg-info
-- Installing: /opt/ros/kinetic/lib/pkgconfig/rosbag.pc
-- Installing: /opt/ros/kinetic/share/rosbag/cmake/rosbagConfig.cmake
-- Installing: /opt/ros/kinetic/share/rosbag/cmake/rosbagConfig-version.cmake
-- Installing: /opt/ros/kinetic/share/rosbag/package.xml
-- Up-to-date: /opt/ros/kinetic/include/rosbag
-- Installing: /opt/ros/kinetic/include/rosbag/player.h
-- Installing: /opt/ros/kinetic/include/rosbag/recorder.h
-- Installing: /opt/ros/kinetic/include/rosbag/time_translator.h
-- Installing: /opt/ros/kinetic/lib/librosbag.dylib
-- Installing: /opt/ros/kinetic/lib/rosbag/record
-- Installing: /opt/ros/kinetic/lib/rosbag/play
-- Installing: /opt/ros/kinetic/lib/rosbag/bag2png.py
-- Installing: /opt/ros/kinetic/lib/rosbag/bagsort.py
-- Installing: /opt/ros/kinetic/lib/rosbag/fastrebag.py
-- Installing: /opt/ros/kinetic/lib/rosbag/fixbag.py
-- Installing: /opt/ros/kinetic/lib/rosbag/fixbag_batch.py
-- Installing: /opt/ros/kinetic/lib/rosbag/fix_md5sums.py
-- Installing: /opt/ros/kinetic/lib/rosbag/fix_moved_messages.py
-- Installing: /opt/ros/kinetic/lib/rosbag/fix_msg_defs.py
-- Installing: /opt/ros/kinetic/lib/rosbag/makerule.py
-- Installing: /opt/ros/kinetic/lib/rosbag/savemsg.py
-- Installing: /opt/ros/kinetic/lib/rosbag/topic_renamer.py
