[ 50%] Built target rosbag
[ 75%] Built target play
[100%] Built target record
[36mInstall the project...[0m
-- Install configuration: "Release"
-- Installing: /opt/ros/kinetic/_setup_util.py
-- Installing: /opt/ros/kinetic/env.sh
-- Installing: /opt/ros/kinetic/setup.bash
-- Installing: /opt/ros/kinetic/setup.sh
-- Installing: /opt/ros/kinetic/setup.zsh
-- Installing: /opt/ros/kinetic/.rosinstall
+ cd /Users/jaymingwong/Documents/code/ros-install-osx/kinetic_desktop_full_ws/src/ros_comm/rosbag
+ mkdir -p /opt/ros/kinetic/lib/python2.7/site-packages
+ /usr/bin/env PYTHONPATH=/opt/ros/kinetic/lib/python2.7/site-packages:/Users/jaymingwong/Documents/code/ros-install-osx/kinetic_desktop_full_ws/build/rosbag/lib/python2.7/site-packages:/opt/ros/kinetic/lib/python2.7/site-packages:/usr/local/lib/python2.7/site-packages/:/Users/jaymingwong/Documents/code/wizard/externals/drake/build/lib/python2.7/site-packages/:/Users/jaymingwong/Documents/code/wizard/externals/drake/build/lib/python2.7/dist-packages/:/Users/jaymingwong/Documents/code/wizard/externals/devina/devina/include/devina/lcm CATKIN_BINARY_DIR=/Users/jaymingwong/Documents/code/ros-install-osx/kinetic_desktop_full_ws/build/rosbag /usr/local/bin/python2 /Users/jaymingwong/Documents/code/ros-install-osx/kinetic_desktop_full_ws/src/ros_comm/rosbag/setup.py build --build-base /Users/jaymingwong/Documents/code/ros-install-osx/kinetic_desktop_full_ws/build/rosbag install --prefix=/opt/ros/kinetic --install-scripts=/opt/ros/kinetic/bin
running build
running build_py
running build_scripts
running install
running install_lib
running install_scripts
changing mode of /opt/ros/kinetic/bin/rosbag to 755
running install_egg_info
Removing /opt/ros/kinetic/lib/python2.7/site-packages/rosbag-1.12.14-py2.7.egg-info
Writing /opt/ros/kinetic/lib/python2.7/site-packages/rosbag-1.12.14-py2.7.egg-info
-- Up-to-date: /opt/ros/kinetic/lib/pkgconfig/rosbag.pc
-- Up-to-date: /opt/ros/kinetic/share/rosbag/cmake/rosbagConfig.cmake
-- Up-to-date: /opt/ros/kinetic/share/rosbag/cmake/rosbagConfig-version.cmake
-- Up-to-date: /opt/ros/kinetic/share/rosbag/package.xml
-- Up-to-date: /opt/ros/kinetic/include/rosbag
-- Up-to-date: /opt/ros/kinetic/include/rosbag/player.h
-- Up-to-date: /opt/ros/kinetic/include/rosbag/recorder.h
-- Up-to-date: /opt/ros/kinetic/include/rosbag/time_translator.h
-- Installing: /opt/ros/kinetic/lib/librosbag.dylib
-- Installing: /opt/ros/kinetic/lib/rosbag/record
-- Installing: /opt/ros/kinetic/lib/rosbag/play
-- Up-to-date: /opt/ros/kinetic/lib/rosbag/bag2png.py
-- Up-to-date: /opt/ros/kinetic/lib/rosbag/bagsort.py
-- Up-to-date: /opt/ros/kinetic/lib/rosbag/fastrebag.py
-- Up-to-date: /opt/ros/kinetic/lib/rosbag/fixbag.py
-- Up-to-date: /opt/ros/kinetic/lib/rosbag/fixbag_batch.py
-- Up-to-date: /opt/ros/kinetic/lib/rosbag/fix_md5sums.py
-- Up-to-date: /opt/ros/kinetic/lib/rosbag/fix_moved_messages.py
-- Up-to-date: /opt/ros/kinetic/lib/rosbag/fix_msg_defs.py
-- Up-to-date: /opt/ros/kinetic/lib/rosbag/makerule.py
-- Up-to-date: /opt/ros/kinetic/lib/rosbag/savemsg.py
-- Up-to-date: /opt/ros/kinetic/lib/rosbag/topic_renamer.py
