[36mInstall the project...[0m
-- Install configuration: "Release"
-- Installing: /opt/ros/kinetic/_setup_util.py
-- Installing: /opt/ros/kinetic/env.sh
-- Installing: /opt/ros/kinetic/setup.bash
-- Installing: /opt/ros/kinetic/setup.sh
-- Installing: /opt/ros/kinetic/setup.zsh
-- Installing: /opt/ros/kinetic/.rosinstall
-- Installing: /opt/ros/kinetic/lib/pkgconfig/rqt_service_caller.pc
-- Installing: /opt/ros/kinetic/share/rqt_service_caller/cmake/rqt_service_callerConfig.cmake
-- Installing: /opt/ros/kinetic/share/rqt_service_caller/cmake/rqt_service_callerConfig-version.cmake
-- Installing: /opt/ros/kinetic/share/rqt_service_caller/package.xml
+ cd /Users/jaymingwong/Documents/code/ros-install-osx/kinetic_desktop_full_ws/src/rqt_service_caller
+ mkdir -p /opt/ros/kinetic/lib/python2.7/site-packages
+ /usr/bin/env PYTHONPATH=/opt/ros/kinetic/lib/python2.7/site-packages:/Users/jaymingwong/Documents/code/ros-install-osx/kinetic_desktop_full_ws/build/rqt_service_caller/lib/python2.7/site-packages:/opt/ros/kinetic/lib/python2.7/site-packages:/usr/local/lib/python2.7/site-packages/:/Users/jaymingwong/Documents/code/drake/build/lib/python2.7/site-packages/:/Users/jaymingwong/Documents/code/drake/build/lib/python2.7/dist-packages/:/Users/jaymingwong/Documents/code/wizard/externals/devina/devina/include/devina/lcm CATKIN_BINARY_DIR=/Users/jaymingwong/Documents/code/ros-install-osx/kinetic_desktop_full_ws/build/rqt_service_caller /usr/local/bin/python2 /Users/jaymingwong/Documents/code/ros-install-osx/kinetic_desktop_full_ws/src/rqt_service_caller/setup.py build --build-base /Users/jaymingwong/Documents/code/ros-install-osx/kinetic_desktop_full_ws/build/rqt_service_caller install --prefix=/opt/ros/kinetic --install-scripts=/opt/ros/kinetic/bin
running build
running build_py
creating /Users/jaymingwong/Documents/code/ros-install-osx/kinetic_desktop_full_ws/build/rqt_service_caller/lib
creating /Users/jaymingwong/Documents/code/ros-install-osx/kinetic_desktop_full_ws/build/rqt_service_caller/lib/rqt_service_caller
copying src/rqt_service_caller/__init__.py -> /Users/jaymingwong/Documents/code/ros-install-osx/kinetic_desktop_full_ws/build/rqt_service_caller/lib/rqt_service_caller
copying src/rqt_service_caller/service_caller.py -> /Users/jaymingwong/Documents/code/ros-install-osx/kinetic_desktop_full_ws/build/rqt_service_caller/lib/rqt_service_caller
copying src/rqt_service_caller/service_caller_widget.py -> /Users/jaymingwong/Documents/code/ros-install-osx/kinetic_desktop_full_ws/build/rqt_service_caller/lib/rqt_service_caller
running install
running install_lib
creating /opt/ros/kinetic/lib/python2.7/site-packages/rqt_service_caller
copying /Users/jaymingwong/Documents/code/ros-install-osx/kinetic_desktop_full_ws/build/rqt_service_caller/lib/rqt_service_caller/__init__.py -> /opt/ros/kinetic/lib/python2.7/site-packages/rqt_service_caller
copying /Users/jaymingwong/Documents/code/ros-install-osx/kinetic_desktop_full_ws/build/rqt_service_caller/lib/rqt_service_caller/service_caller.py -> /opt/ros/kinetic/lib/python2.7/site-packages/rqt_service_caller
copying /Users/jaymingwong/Documents/code/ros-install-osx/kinetic_desktop_full_ws/build/rqt_service_caller/lib/rqt_service_caller/service_caller_widget.py -> /opt/ros/kinetic/lib/python2.7/site-packages/rqt_service_caller
byte-compiling /opt/ros/kinetic/lib/python2.7/site-packages/rqt_service_caller/__init__.py to __init__.pyc
byte-compiling /opt/ros/kinetic/lib/python2.7/site-packages/rqt_service_caller/service_caller.py to service_caller.pyc
byte-compiling /opt/ros/kinetic/lib/python2.7/site-packages/rqt_service_caller/service_caller_widget.py to service_caller_widget.pyc
running install_egg_info
Writing /opt/ros/kinetic/lib/python2.7/site-packages/rqt_service_caller-0.4.8-py2.7.egg-info
-- Installing: /opt/ros/kinetic/share/rqt_service_caller/plugin.xml
-- Installing: /opt/ros/kinetic/share/rqt_service_caller/resource
-- Installing: /opt/ros/kinetic/share/rqt_service_caller/resource/ServiceCaller.ui
-- Installing: /opt/ros/kinetic/lib/rqt_service_caller/rqt_service_caller
