[36mInstall the project...[0m
-- Install configuration: "Release"
-- Installing: /opt/ros/kinetic/_setup_util.py
-- Installing: /opt/ros/kinetic/env.sh
-- Installing: /opt/ros/kinetic/setup.bash
-- Installing: /opt/ros/kinetic/setup.sh
-- Installing: /opt/ros/kinetic/setup.zsh
-- Installing: /opt/ros/kinetic/.rosinstall
-- Installing: /opt/ros/kinetic/lib/pkgconfig/roswtf.pc
-- Installing: /opt/ros/kinetic/share/roswtf/cmake/roswtfConfig.cmake
-- Installing: /opt/ros/kinetic/share/roswtf/cmake/roswtfConfig-version.cmake
-- Installing: /opt/ros/kinetic/share/roswtf/package.xml
+ cd /Users/jaymingwong/Documents/code/ros-install-osx/kinetic_desktop_full_ws/src/ros_comm/roswtf
+ mkdir -p /opt/ros/kinetic/lib/python2.7/site-packages
+ /usr/bin/env PYTHONPATH=/opt/ros/kinetic/lib/python2.7/site-packages:/Users/jaymingwong/Documents/code/ros-install-osx/kinetic_desktop_full_ws/build/roswtf/lib/python2.7/site-packages:/opt/ros/kinetic/lib/python2.7/site-packages:/usr/local/lib/python2.7/site-packages/:/Users/jaymingwong/Documents/code/drake/build/lib/python2.7/site-packages/:/Users/jaymingwong/Documents/code/drake/build/lib/python2.7/dist-packages/:/Users/jaymingwong/Documents/code/wizard/externals/devina/devina/include/devina/lcm CATKIN_BINARY_DIR=/Users/jaymingwong/Documents/code/ros-install-osx/kinetic_desktop_full_ws/build/roswtf /usr/local/bin/python2 /Users/jaymingwong/Documents/code/ros-install-osx/kinetic_desktop_full_ws/src/ros_comm/roswtf/setup.py build --build-base /Users/jaymingwong/Documents/code/ros-install-osx/kinetic_desktop_full_ws/build/roswtf install --prefix=/opt/ros/kinetic --install-scripts=/opt/ros/kinetic/bin
running build
running build_py
creating /Users/jaymingwong/Documents/code/ros-install-osx/kinetic_desktop_full_ws/build/roswtf/lib
creating /Users/jaymingwong/Documents/code/ros-install-osx/kinetic_desktop_full_ws/build/roswtf/lib/roswtf
copying src/roswtf/__init__.py -> /Users/jaymingwong/Documents/code/ros-install-osx/kinetic_desktop_full_ws/build/roswtf/lib/roswtf
copying src/roswtf/context.py -> /Users/jaymingwong/Documents/code/ros-install-osx/kinetic_desktop_full_ws/build/roswtf/lib/roswtf
copying src/roswtf/environment.py -> /Users/jaymingwong/Documents/code/ros-install-osx/kinetic_desktop_full_ws/build/roswtf/lib/roswtf
copying src/roswtf/graph.py -> /Users/jaymingwong/Documents/code/ros-install-osx/kinetic_desktop_full_ws/build/roswtf/lib/roswtf
copying src/roswtf/model.py -> /Users/jaymingwong/Documents/code/ros-install-osx/kinetic_desktop_full_ws/build/roswtf/lib/roswtf
copying src/roswtf/network.py -> /Users/jaymingwong/Documents/code/ros-install-osx/kinetic_desktop_full_ws/build/roswtf/lib/roswtf
copying src/roswtf/packages.py -> /Users/jaymingwong/Documents/code/ros-install-osx/kinetic_desktop_full_ws/build/roswtf/lib/roswtf
copying src/roswtf/plugins.py -> /Users/jaymingwong/Documents/code/ros-install-osx/kinetic_desktop_full_ws/build/roswtf/lib/roswtf
copying src/roswtf/py_pip_deb_checks.py -> /Users/jaymingwong/Documents/code/ros-install-osx/kinetic_desktop_full_ws/build/roswtf/lib/roswtf
copying src/roswtf/rosdep_db.py -> /Users/jaymingwong/Documents/code/ros-install-osx/kinetic_desktop_full_ws/build/roswtf/lib/roswtf
copying src/roswtf/roslaunchwtf.py -> /Users/jaymingwong/Documents/code/ros-install-osx/kinetic_desktop_full_ws/build/roswtf/lib/roswtf
copying src/roswtf/rules.py -> /Users/jaymingwong/Documents/code/ros-install-osx/kinetic_desktop_full_ws/build/roswtf/lib/roswtf
copying src/roswtf/stacks.py -> /Users/jaymingwong/Documents/code/ros-install-osx/kinetic_desktop_full_ws/build/roswtf/lib/roswtf
running build_scripts
creating /Users/jaymingwong/Documents/code/ros-install-osx/kinetic_desktop_full_ws/build/roswtf/scripts-2.7
copying and adjusting scripts/roswtf -> /Users/jaymingwong/Documents/code/ros-install-osx/kinetic_desktop_full_ws/build/roswtf/scripts-2.7
changing mode of /Users/jaymingwong/Documents/code/ros-install-osx/kinetic_desktop_full_ws/build/roswtf/scripts-2.7/roswtf from 644 to 755
running install
running install_lib
creating /opt/ros/kinetic/lib/python2.7/site-packages/roswtf
copying /Users/jaymingwong/Documents/code/ros-install-osx/kinetic_desktop_full_ws/build/roswtf/lib/roswtf/__init__.py -> /opt/ros/kinetic/lib/python2.7/site-packages/roswtf
copying /Users/jaymingwong/Documents/code/ros-install-osx/kinetic_desktop_full_ws/build/roswtf/lib/roswtf/context.py -> /opt/ros/kinetic/lib/python2.7/site-packages/roswtf
copying /Users/jaymingwong/Documents/code/ros-install-osx/kinetic_desktop_full_ws/build/roswtf/lib/roswtf/environment.py -> /opt/ros/kinetic/lib/python2.7/site-packages/roswtf
copying /Users/jaymingwong/Documents/code/ros-install-osx/kinetic_desktop_full_ws/build/roswtf/lib/roswtf/graph.py -> /opt/ros/kinetic/lib/python2.7/site-packages/roswtf
copying /Users/jaymingwong/Documents/code/ros-install-osx/kinetic_desktop_full_ws/build/roswtf/lib/roswtf/model.py -> /opt/ros/kinetic/lib/python2.7/site-packages/roswtf
copying /Users/jaymingwong/Documents/code/ros-install-osx/kinetic_desktop_full_ws/build/roswtf/lib/roswtf/network.py -> /opt/ros/kinetic/lib/python2.7/site-packages/roswtf
copying /Users/jaymingwong/Documents/code/ros-install-osx/kinetic_desktop_full_ws/build/roswtf/lib/roswtf/packages.py -> /opt/ros/kinetic/lib/python2.7/site-packages/roswtf
copying /Users/jaymingwong/Documents/code/ros-install-osx/kinetic_desktop_full_ws/build/roswtf/lib/roswtf/plugins.py -> /opt/ros/kinetic/lib/python2.7/site-packages/roswtf
copying /Users/jaymingwong/Documents/code/ros-install-osx/kinetic_desktop_full_ws/build/roswtf/lib/roswtf/py_pip_deb_checks.py -> /opt/ros/kinetic/lib/python2.7/site-packages/roswtf
copying /Users/jaymingwong/Documents/code/ros-install-osx/kinetic_desktop_full_ws/build/roswtf/lib/roswtf/rosdep_db.py -> /opt/ros/kinetic/lib/python2.7/site-packages/roswtf
copying /Users/jaymingwong/Documents/code/ros-install-osx/kinetic_desktop_full_ws/build/roswtf/lib/roswtf/roslaunchwtf.py -> /opt/ros/kinetic/lib/python2.7/site-packages/roswtf
copying /Users/jaymingwong/Documents/code/ros-install-osx/kinetic_desktop_full_ws/build/roswtf/lib/roswtf/rules.py -> /opt/ros/kinetic/lib/python2.7/site-packages/roswtf
copying /Users/jaymingwong/Documents/code/ros-install-osx/kinetic_desktop_full_ws/build/roswtf/lib/roswtf/stacks.py -> /opt/ros/kinetic/lib/python2.7/site-packages/roswtf
byte-compiling /opt/ros/kinetic/lib/python2.7/site-packages/roswtf/__init__.py to __init__.pyc
byte-compiling /opt/ros/kinetic/lib/python2.7/site-packages/roswtf/context.py to context.pyc
byte-compiling /opt/ros/kinetic/lib/python2.7/site-packages/roswtf/environment.py to environment.pyc
byte-compiling /opt/ros/kinetic/lib/python2.7/site-packages/roswtf/graph.py to graph.pyc
byte-compiling /opt/ros/kinetic/lib/python2.7/site-packages/roswtf/model.py to model.pyc
byte-compiling /opt/ros/kinetic/lib/python2.7/site-packages/roswtf/network.py to network.pyc
byte-compiling /opt/ros/kinetic/lib/python2.7/site-packages/roswtf/packages.py to packages.pyc
byte-compiling /opt/ros/kinetic/lib/python2.7/site-packages/roswtf/plugins.py to plugins.pyc
byte-compiling /opt/ros/kinetic/lib/python2.7/site-packages/roswtf/py_pip_deb_checks.py to py_pip_deb_checks.pyc
byte-compiling /opt/ros/kinetic/lib/python2.7/site-packages/roswtf/rosdep_db.py to rosdep_db.pyc
byte-compiling /opt/ros/kinetic/lib/python2.7/site-packages/roswtf/roslaunchwtf.py to roslaunchwtf.pyc
byte-compiling /opt/ros/kinetic/lib/python2.7/site-packages/roswtf/rules.py to rules.pyc
byte-compiling /opt/ros/kinetic/lib/python2.7/site-packages/roswtf/stacks.py to stacks.pyc
running install_scripts
copying /Users/jaymingwong/Documents/code/ros-install-osx/kinetic_desktop_full_ws/build/roswtf/scripts-2.7/roswtf -> /opt/ros/kinetic/bin
changing mode of /opt/ros/kinetic/bin/roswtf to 755
running install_egg_info
Writing /opt/ros/kinetic/lib/python2.7/site-packages/roswtf-1.12.14-py2.7.egg-info
