[100%] Built target roscpp_serialization
[36mInstall the project...[0m
-- Install configuration: "Release"
-- Installing: /opt/ros/kinetic/_setup_util.py
-- Installing: /opt/ros/kinetic/env.sh
-- Installing: /opt/ros/kinetic/setup.bash
-- Installing: /opt/ros/kinetic/setup.sh
-- Installing: /opt/ros/kinetic/setup.zsh
-- Installing: /opt/ros/kinetic/.rosinstall
-- Up-to-date: /opt/ros/kinetic/lib/pkgconfig/roscpp_serialization.pc
-- Up-to-date: /opt/ros/kinetic/share/roscpp_serialization/cmake/roscpp_serializationConfig.cmake
-- Up-to-date: /opt/ros/kinetic/share/roscpp_serialization/cmake/roscpp_serializationConfig-version.cmake
-- Up-to-date: /opt/ros/kinetic/share/roscpp_serialization/package.xml
-- Up-to-date: /opt/ros/kinetic/lib/libroscpp_serialization.dylib
error: /Applications/Xcode.app/Contents/Developer/Toolchains/XcodeDefault.xctoolchain/usr/bin/install_name_tool: for: /opt/ros/kinetic/lib/libroscpp_serialization.dylib (for architecture x86_64) option "-add_rpath /opt/ros/kinetic/lib" would duplicate path, file already has LC_RPATH for: /opt/ros/kinetic/lib
-- Up-to-date: /opt/ros/kinetic/include
-- Up-to-date: /opt/ros/kinetic/include/ros
-- Up-to-date: /opt/ros/kinetic/include/ros/roscpp_serialization_macros.h
-- Up-to-date: /opt/ros/kinetic/include/ros/serialization.h
-- Up-to-date: /opt/ros/kinetic/include/ros/serialized_message.h
