[100%] Built target rqt_image_view
[36mInstall the project...[0m
-- Install configuration: "Release"
-- Installing: /opt/ros/kinetic/_setup_util.py
-- Installing: /opt/ros/kinetic/env.sh
-- Installing: /opt/ros/kinetic/setup.bash
-- Installing: /opt/ros/kinetic/setup.sh
-- Installing: /opt/ros/kinetic/setup.zsh
-- Installing: /opt/ros/kinetic/.rosinstall
-- Up-to-date: /opt/ros/kinetic/lib/pkgconfig/rqt_image_view.pc
-- Up-to-date: /opt/ros/kinetic/share/rqt_image_view/cmake/rqt_image_viewConfig.cmake
-- Up-to-date: /opt/ros/kinetic/share/rqt_image_view/cmake/rqt_image_viewConfig-version.cmake
-- Up-to-date: /opt/ros/kinetic/share/rqt_image_view/package.xml
+ cd /Users/jaymingwong/Documents/code/ros-install-osx/kinetic_desktop_full_ws/src/rqt_image_view
+ mkdir -p /opt/ros/kinetic/lib/python2.7/site-packages
+ /usr/bin/env PYTHONPATH=/opt/ros/kinetic/lib/python2.7/site-packages:/Users/jaymingwong/Documents/code/ros-install-osx/kinetic_desktop_full_ws/build/rqt_image_view/lib/python2.7/site-packages:/opt/ros/kinetic/lib/python2.7/site-packages:/usr/local/lib/python2.7/site-packages/:/Users/jaymingwong/Documents/code/wizard/externals/drake/build/lib/python2.7/site-packages/:/Users/jaymingwong/Documents/code/wizard/externals/drake/build/lib/python2.7/dist-packages/:/Users/jaymingwong/Documents/code/wizard/externals/devina/devina/include/devina/lcm CATKIN_BINARY_DIR=/Users/jaymingwong/Documents/code/ros-install-osx/kinetic_desktop_full_ws/build/rqt_image_view /usr/local/bin/python2 /Users/jaymingwong/Documents/code/ros-install-osx/kinetic_desktop_full_ws/src/rqt_image_view/setup.py build --build-base /Users/jaymingwong/Documents/code/ros-install-osx/kinetic_desktop_full_ws/build/rqt_image_view install --prefix=/opt/ros/kinetic --install-scripts=/opt/ros/kinetic/bin
running build
running build_py
package init file 'src/rqt_image_view/__init__.py' not found (or not a regular file)
package init file 'src/rqt_image_view/__init__.py' not found (or not a regular file)
running build_scripts
running install
running install_lib
running install_scripts
warning: install_lib: '/Users/jaymingwong/Documents/code/ros-install-osx/kinetic_desktop_full_ws/build/rqt_image_view/lib' does not exist -- no Python modules to install

changing mode of /opt/ros/kinetic/bin/rqt_image_view to 755
running install_egg_info
Removing /opt/ros/kinetic/lib/python2.7/site-packages/rqt_image_view-0.4.13-py2.7.egg-info
Writing /opt/ros/kinetic/lib/python2.7/site-packages/rqt_image_view-0.4.13-py2.7.egg-info
-- Up-to-date: /opt/ros/kinetic/share/rqt_image_view/plugin.xml
-- Installing: /opt/ros/kinetic/lib/librqt_image_view.dylib
-- Up-to-date: /opt/ros/kinetic/lib/rqt_image_view/rqt_image_view
-- Up-to-date: /opt/ros/kinetic/include/rqt_image_view
-- Up-to-date: /opt/ros/kinetic/include/rqt_image_view/image_view.h
-- Up-to-date: /opt/ros/kinetic/include/rqt_image_view/ratio_layouted_frame.h
