[36mInstall the project...[0m
-- Install configuration: "Release"
-- Installing: /opt/ros/kinetic/_setup_util.py
-- Installing: /opt/ros/kinetic/env.sh
-- Installing: /opt/ros/kinetic/setup.bash
-- Installing: /opt/ros/kinetic/setup.sh
-- Installing: /opt/ros/kinetic/setup.zsh
-- Installing: /opt/ros/kinetic/.rosinstall
-- Up-to-date: /opt/ros/kinetic/etc/catkin/profile.d/05.catkin_make.bash
-- Up-to-date: /opt/ros/kinetic/etc/catkin/profile.d/05.catkin_make_isolated.bash
-- Up-to-date: /opt/ros/kinetic/lib/pkgconfig/catkin.pc
-- Up-to-date: /opt/ros/kinetic/share/catkin/cmake/catkinConfig.cmake
-- Up-to-date: /opt/ros/kinetic/share/catkin/cmake/catkinConfig-version.cmake
-- Up-to-date: /opt/ros/kinetic/share/catkin/package.xml
-- Up-to-date: /opt/ros/kinetic/share/catkin/LICENSE
-- Up-to-date: /opt/ros/kinetic/share/catkin/cmake
-- Up-to-date: /opt/ros/kinetic/share/catkin/cmake/all.cmake
-- Up-to-date: /opt/ros/kinetic/share/catkin/cmake/assert.cmake
-- Up-to-date: /opt/ros/kinetic/share/catkin/cmake/atomic_configure_file.cmake
-- Up-to-date: /opt/ros/kinetic/share/catkin/cmake/catkin_add_env_hooks.cmake
-- Up-to-date: /opt/ros/kinetic/share/catkin/cmake/catkin_destinations.cmake
-- Up-to-date: /opt/ros/kinetic/share/catkin/cmake/catkin_download.cmake
-- Up-to-date: /opt/ros/kinetic/share/catkin/cmake/catkin_generate_environment.cmake
-- Up-to-date: /opt/ros/kinetic/share/catkin/cmake/catkin_install_python.cmake
-- Up-to-date: /opt/ros/kinetic/share/catkin/cmake/catkin_libraries.cmake
-- Up-to-date: /opt/ros/kinetic/share/catkin/cmake/catkin_metapackage.cmake
-- Up-to-date: /opt/ros/kinetic/share/catkin/cmake/catkin_package.cmake
-- Up-to-date: /opt/ros/kinetic/share/catkin/cmake/catkin_package_xml.cmake
-- Up-to-date: /opt/ros/kinetic/share/catkin/cmake/catkin_python_setup.cmake
-- Up-to-date: /opt/ros/kinetic/share/catkin/cmake/catkin_symlink_install.cmake
-- Up-to-date: /opt/ros/kinetic/share/catkin/cmake/catkin_workspace.cmake
-- Up-to-date: /opt/ros/kinetic/share/catkin/cmake/custom_install.cmake
-- Up-to-date: /opt/ros/kinetic/share/catkin/cmake/debug_message.cmake
-- Up-to-date: /opt/ros/kinetic/share/catkin/cmake/em
-- Up-to-date: /opt/ros/kinetic/share/catkin/cmake/em/order_packages.cmake.em
-- Up-to-date: /opt/ros/kinetic/share/catkin/cmake/em/pkg.pc.em
-- Up-to-date: /opt/ros/kinetic/share/catkin/cmake/em_expand.cmake
-- Up-to-date: /opt/ros/kinetic/share/catkin/cmake/empy.cmake
-- Up-to-date: /opt/ros/kinetic/share/catkin/cmake/env-hooks
-- Up-to-date: /opt/ros/kinetic/share/catkin/cmake/env-hooks/05.catkin_make.bash
-- Up-to-date: /opt/ros/kinetic/share/catkin/cmake/env-hooks/05.catkin_make_isolated.bash
-- Up-to-date: /opt/ros/kinetic/share/catkin/cmake/find_program_required.cmake
-- Up-to-date: /opt/ros/kinetic/share/catkin/cmake/interrogate_setup_dot_py.py
-- Up-to-date: /opt/ros/kinetic/share/catkin/cmake/legacy.cmake
-- Up-to-date: /opt/ros/kinetic/share/catkin/cmake/list_append_deduplicate.cmake
-- Up-to-date: /opt/ros/kinetic/share/catkin/cmake/list_append_unique.cmake
-- Up-to-date: /opt/ros/kinetic/share/catkin/cmake/list_insert_in_workspace_order.cmake
-- Up-to-date: /opt/ros/kinetic/share/catkin/cmake/order_paths.py
-- Up-to-date: /opt/ros/kinetic/share/catkin/cmake/parse_package_xml.py
-- Up-to-date: /opt/ros/kinetic/share/catkin/cmake/platform
-- Up-to-date: /opt/ros/kinetic/share/catkin/cmake/platform/lsb.cmake
-- Up-to-date: /opt/ros/kinetic/share/catkin/cmake/platform/ubuntu.cmake
-- Up-to-date: /opt/ros/kinetic/share/catkin/cmake/platform/windows.cmake
-- Up-to-date: /opt/ros/kinetic/share/catkin/cmake/python.cmake
-- Up-to-date: /opt/ros/kinetic/share/catkin/cmake/safe_execute_process.cmake
-- Up-to-date: /opt/ros/kinetic/share/catkin/cmake/shell.cmake
-- Up-to-date: /opt/ros/kinetic/share/catkin/cmake/stamp.cmake
-- Up-to-date: /opt/ros/kinetic/share/catkin/cmake/string_starts_with.cmake
-- Up-to-date: /opt/ros/kinetic/share/catkin/cmake/symlink_install
-- Up-to-date: /opt/ros/kinetic/share/catkin/cmake/symlink_install/catkin_install_logic.cmake
-- Up-to-date: /opt/ros/kinetic/share/catkin/cmake/symlink_install/catkin_symlink_install.cmake.in
-- Up-to-date: /opt/ros/kinetic/share/catkin/cmake/symlink_install/catkin_symlink_install_append_install_code.cmake
-- Up-to-date: /opt/ros/kinetic/share/catkin/cmake/symlink_install/catkin_symlink_install_directory.cmake
-- Up-to-date: /opt/ros/kinetic/share/catkin/cmake/symlink_install/catkin_symlink_install_files.cmake
-- Up-to-date: /opt/ros/kinetic/share/catkin/cmake/symlink_install/catkin_symlink_install_programs.cmake
-- Up-to-date: /opt/ros/kinetic/share/catkin/cmake/symlink_install/catkin_symlink_install_targets.cmake
-- Up-to-date: /opt/ros/kinetic/share/catkin/cmake/symlink_install/install.cmake
-- Up-to-date: /opt/ros/kinetic/share/catkin/cmake/templates
-- Up-to-date: /opt/ros/kinetic/share/catkin/cmake/templates/__init__.py.in
-- Up-to-date: /opt/ros/kinetic/share/catkin/cmake/templates/_setup_util.py.in
-- Up-to-date: /opt/ros/kinetic/share/catkin/cmake/templates/cfg-extras.context.py.in
-- Up-to-date: /opt/ros/kinetic/share/catkin/cmake/templates/Doxyfile.in
-- Up-to-date: /opt/ros/kinetic/share/catkin/cmake/templates/env-hook.context.py.in
-- Up-to-date: /opt/ros/kinetic/share/catkin/cmake/templates/env.bat.in
-- Up-to-date: /opt/ros/kinetic/share/catkin/cmake/templates/env.sh.in
-- Up-to-date: /opt/ros/kinetic/share/catkin/cmake/templates/generate_cached_setup.py.in
-- Up-to-date: /opt/ros/kinetic/share/catkin/cmake/templates/order_packages.context.py.in
-- Up-to-date: /opt/ros/kinetic/share/catkin/cmake/templates/pkg.context.pc.in
-- Up-to-date: /opt/ros/kinetic/share/catkin/cmake/templates/pkgConfig-version.cmake.in
-- Up-to-date: /opt/ros/kinetic/share/catkin/cmake/templates/pkgConfig.cmake.in
-- Up-to-date: /opt/ros/kinetic/share/catkin/cmake/templates/python_distutils_install.bat.in
-- Up-to-date: /opt/ros/kinetic/share/catkin/cmake/templates/python_distutils_install.sh.in
-- Up-to-date: /opt/ros/kinetic/share/catkin/cmake/templates/relay.py.in
-- Up-to-date: /opt/ros/kinetic/share/catkin/cmake/templates/rosinstall.in
-- Up-to-date: /opt/ros/kinetic/share/catkin/cmake/templates/safe_execute_install.cmake.in
-- Up-to-date: /opt/ros/kinetic/share/catkin/cmake/templates/script.bash.in
-- Up-to-date: /opt/ros/kinetic/share/catkin/cmake/templates/script.in
-- Up-to-date: /opt/ros/kinetic/share/catkin/cmake/templates/script.py.in
-- Up-to-date: /opt/ros/kinetic/share/catkin/cmake/templates/script.sh.in
-- Up-to-date: /opt/ros/kinetic/share/catkin/cmake/templates/setup.bash.in
-- Up-to-date: /opt/ros/kinetic/share/catkin/cmake/templates/setup.bat.in
-- Up-to-date: /opt/ros/kinetic/share/catkin/cmake/templates/setup.sh.in
-- Up-to-date: /opt/ros/kinetic/share/catkin/cmake/templates/setup.zsh.in
-- Up-to-date: /opt/ros/kinetic/share/catkin/cmake/test
-- Up-to-date: /opt/ros/kinetic/share/catkin/cmake/test/catkin_download_test_data.cmake
-- Up-to-date: /opt/ros/kinetic/share/catkin/cmake/test/download_checkmd5.py
-- Up-to-date: /opt/ros/kinetic/share/catkin/cmake/test/gtest.cmake
-- Up-to-date: /opt/ros/kinetic/share/catkin/cmake/test/nosetests.cmake
-- Up-to-date: /opt/ros/kinetic/share/catkin/cmake/test/remove_test_results.py
-- Up-to-date: /opt/ros/kinetic/share/catkin/cmake/test/run_tests.py
-- Up-to-date: /opt/ros/kinetic/share/catkin/cmake/test/tests.cmake
-- Up-to-date: /opt/ros/kinetic/share/catkin/cmake/tools
-- Up-to-date: /opt/ros/kinetic/share/catkin/cmake/tools/bz2.cmake
-- Up-to-date: /opt/ros/kinetic/share/catkin/cmake/tools/doxygen.cmake
-- Up-to-date: /opt/ros/kinetic/share/catkin/cmake/tools/libraries.cmake
-- Up-to-date: /opt/ros/kinetic/share/catkin/cmake/tools/rt.cmake
-- Up-to-date: /opt/ros/kinetic/share/catkin/cmake/tools/threads.cmake
-- Up-to-date: /opt/ros/kinetic/share/catkin/cmake/toplevel.cmake
+ cd /Users/jaymingwong/Documents/code/ros-install-osx/kinetic_desktop_full_ws/src/catkin
+ mkdir -p /opt/ros/kinetic/lib/python2.7/site-packages
+ /usr/bin/env PYTHONPATH=/opt/ros/kinetic/lib/python2.7/site-packages:/Users/jaymingwong/Documents/code/ros-install-osx/kinetic_desktop_full_ws/build/catkin/lib/python2.7/site-packages:/opt/ros/kinetic/lib/python2.7/site-packages:/usr/local/lib/python2.7/site-packages/:/Users/jaymingwong/Documents/code/wizard/externals/drake/build/lib/python2.7/site-packages/:/Users/jaymingwong/Documents/code/wizard/externals/drake/build/lib/python2.7/dist-packages/:/Users/jaymingwong/Documents/code/wizard/externals/devina/devina/include/devina/lcm CATKIN_BINARY_DIR=/Users/jaymingwong/Documents/code/ros-install-osx/kinetic_desktop_full_ws/build/catkin /usr/local/bin/python2 /Users/jaymingwong/Documents/code/ros-install-osx/kinetic_desktop_full_ws/src/catkin/setup.py build --build-base /Users/jaymingwong/Documents/code/ros-install-osx/kinetic_desktop_full_ws/build/catkin install --prefix=/opt/ros/kinetic --install-scripts=/opt/ros/kinetic/bin
running build
running build_py
running build_scripts
running install
running install_lib
running install_scripts
changing mode of /opt/ros/kinetic/bin/catkin_find to 755
changing mode of /opt/ros/kinetic/bin/catkin_init_workspace to 755
changing mode of /opt/ros/kinetic/bin/catkin_make to 755
changing mode of /opt/ros/kinetic/bin/catkin_make_isolated to 755
changing mode of /opt/ros/kinetic/bin/catkin_test_results to 755
changing mode of /opt/ros/kinetic/bin/catkin_topological_order to 755
running install_egg_info
Removing /opt/ros/kinetic/lib/python2.7/site-packages/catkin-0.7.14-py2.7.egg-info
Writing /opt/ros/kinetic/lib/python2.7/site-packages/catkin-0.7.14-py2.7.egg-info
