[100%] Built target interactive_markers
[36mInstall the project...[0m
-- Install configuration: "Release"
-- Installing: /opt/ros/kinetic/_setup_util.py
-- Installing: /opt/ros/kinetic/env.sh
-- Installing: /opt/ros/kinetic/setup.bash
-- Installing: /opt/ros/kinetic/setup.sh
-- Installing: /opt/ros/kinetic/setup.zsh
-- Installing: /opt/ros/kinetic/.rosinstall
-- Installing: /opt/ros/kinetic/lib/pkgconfig/interactive_markers.pc
-- Installing: /opt/ros/kinetic/share/interactive_markers/cmake/interactive_markersConfig.cmake
-- Installing: /opt/ros/kinetic/share/interactive_markers/cmake/interactive_markersConfig-version.cmake
-- Installing: /opt/ros/kinetic/share/interactive_markers/package.xml
+ cd /Users/jaymingwong/Documents/code/ros-install-osx/kinetic_desktop_full_ws/src/interactive_markers
+ mkdir -p /opt/ros/kinetic/lib/python2.7/site-packages
+ /usr/bin/env PYTHONPATH=/opt/ros/kinetic/lib/python2.7/site-packages:/Users/jaymingwong/Documents/code/ros-install-osx/kinetic_desktop_full_ws/build/interactive_markers/lib/python2.7/site-packages:/opt/ros/kinetic/lib/python2.7/site-packages:/usr/local/lib/python2.7/site-packages/:/Users/jaymingwong/Documents/code/drake/build/lib/python2.7/site-packages/:/Users/jaymingwong/Documents/code/drake/build/lib/python2.7/dist-packages/:/Users/jaymingwong/Documents/code/wizard/externals/devina/devina/include/devina/lcm CATKIN_BINARY_DIR=/Users/jaymingwong/Documents/code/ros-install-osx/kinetic_desktop_full_ws/build/interactive_markers /usr/local/bin/python2 /Users/jaymingwong/Documents/code/ros-install-osx/kinetic_desktop_full_ws/src/interactive_markers/setup.py build --build-base /Users/jaymingwong/Documents/code/ros-install-osx/kinetic_desktop_full_ws/build/interactive_markers install --prefix=/opt/ros/kinetic --install-scripts=/opt/ros/kinetic/bin
running build
running build_py
creating /Users/jaymingwong/Documents/code/ros-install-osx/kinetic_desktop_full_ws/build/interactive_markers/lib
creating /Users/jaymingwong/Documents/code/ros-install-osx/kinetic_desktop_full_ws/build/interactive_markers/lib/interactive_markers
copying src/interactive_markers/__init__.py -> /Users/jaymingwong/Documents/code/ros-install-osx/kinetic_desktop_full_ws/build/interactive_markers/lib/interactive_markers
copying src/interactive_markers/interactive_marker_server.py -> /Users/jaymingwong/Documents/code/ros-install-osx/kinetic_desktop_full_ws/build/interactive_markers/lib/interactive_markers
copying src/interactive_markers/menu_handler.py -> /Users/jaymingwong/Documents/code/ros-install-osx/kinetic_desktop_full_ws/build/interactive_markers/lib/interactive_markers
running install
running install_lib
creating /opt/ros/kinetic/lib/python2.7/site-packages/interactive_markers
copying /Users/jaymingwong/Documents/code/ros-install-osx/kinetic_desktop_full_ws/build/interactive_markers/lib/interactive_markers/__init__.py -> /opt/ros/kinetic/lib/python2.7/site-packages/interactive_markers
copying /Users/jaymingwong/Documents/code/ros-install-osx/kinetic_desktop_full_ws/build/interactive_markers/lib/interactive_markers/interactive_marker_server.py -> /opt/ros/kinetic/lib/python2.7/site-packages/interactive_markers
copying /Users/jaymingwong/Documents/code/ros-install-osx/kinetic_desktop_full_ws/build/interactive_markers/lib/interactive_markers/menu_handler.py -> /opt/ros/kinetic/lib/python2.7/site-packages/interactive_markers
byte-compiling /opt/ros/kinetic/lib/python2.7/site-packages/interactive_markers/__init__.py to __init__.pyc
byte-compiling /opt/ros/kinetic/lib/python2.7/site-packages/interactive_markers/interactive_marker_server.py to interactive_marker_server.pyc
byte-compiling /opt/ros/kinetic/lib/python2.7/site-packages/interactive_markers/menu_handler.py to menu_handler.pyc
running install_egg_info
Writing /opt/ros/kinetic/lib/python2.7/site-packages/interactive_markers-1.11.4-py2.7.egg-info
-- Installing: /opt/ros/kinetic/lib/libinteractive_markers.dylib
-- Installing: /opt/ros/kinetic/include/interactive_markers
-- Installing: /opt/ros/kinetic/include/interactive_markers/detail
-- Installing: /opt/ros/kinetic/include/interactive_markers/detail/message_context.h
-- Installing: /opt/ros/kinetic/include/interactive_markers/detail/single_client.h
-- Installing: /opt/ros/kinetic/include/interactive_markers/detail/state_machine.h
-- Installing: /opt/ros/kinetic/include/interactive_markers/interactive_marker_client.h
-- Installing: /opt/ros/kinetic/include/interactive_markers/interactive_marker_server.h
-- Installing: /opt/ros/kinetic/include/interactive_markers/menu_handler.h
-- Installing: /opt/ros/kinetic/include/interactive_markers/tools.h
