[36mInstall the project...[0m
-- Install configuration: "Release"
-- Installing: /opt/ros/kinetic/_setup_util.py
-- Installing: /opt/ros/kinetic/env.sh
-- Installing: /opt/ros/kinetic/setup.bash
-- Installing: /opt/ros/kinetic/setup.sh
-- Installing: /opt/ros/kinetic/setup.zsh
-- Installing: /opt/ros/kinetic/.rosinstall
-- Installing: /opt/ros/kinetic/lib/pkgconfig/gencpp.pc
-- Installing: /opt/ros/kinetic/share/gencpp/cmake/gencpp-extras.cmake
-- Installing: /opt/ros/kinetic/share/gencpp/cmake/gencppConfig.cmake
-- Installing: /opt/ros/kinetic/share/gencpp/cmake/gencppConfig-version.cmake
-- Installing: /opt/ros/kinetic/share/gencpp/package.xml
-- Installing: /opt/ros/kinetic/etc/ros/genmsg/gencpp
+ cd /Users/jaymingwong/Documents/code/ros-install-osx/kinetic_desktop_full_ws/src/gencpp
+ mkdir -p /opt/ros/kinetic/lib/python2.7/site-packages
+ /usr/bin/env PYTHONPATH=/opt/ros/kinetic/lib/python2.7/site-packages:/Users/jaymingwong/Documents/code/ros-install-osx/kinetic_desktop_full_ws/build/gencpp/lib/python2.7/site-packages:/opt/ros/kinetic/lib/python2.7/site-packages:/Users/jaymingwong/Documents/code/wizard/devel/lib/python2.7/site-packages:/Users/jaymingwong/Documents/code/tbt/devel/lib/python2.7/site-packages:/Users/jaymingwong/Documents/code/ros-externals/devel/lib/python2.7/site-packages:/usr/local/lib/python2.7/site-packages/:/Users/jaymingwong/Documents/code/drake/build/lib/python2.7/site-packages/:/Users/jaymingwong/Documents/code/drake/build/lib/python2.7/dist-packages/:/Users/jaymingwong/Documents/code/wizard/externals/devina/devina/include/devina/lcm CATKIN_BINARY_DIR=/Users/jaymingwong/Documents/code/ros-install-osx/kinetic_desktop_full_ws/build/gencpp /usr/local/bin/python2 /Users/jaymingwong/Documents/code/ros-install-osx/kinetic_desktop_full_ws/src/gencpp/setup.py build --build-base /Users/jaymingwong/Documents/code/ros-install-osx/kinetic_desktop_full_ws/build/gencpp install --prefix=/opt/ros/kinetic --install-scripts=/opt/ros/kinetic/bin
running build
running build_py
creating /Users/jaymingwong/Documents/code/ros-install-osx/kinetic_desktop_full_ws/build/gencpp/lib
creating /Users/jaymingwong/Documents/code/ros-install-osx/kinetic_desktop_full_ws/build/gencpp/lib/gencpp
copying src/gencpp/__init__.py -> /Users/jaymingwong/Documents/code/ros-install-osx/kinetic_desktop_full_ws/build/gencpp/lib/gencpp
running install
running install_lib
creating /opt/ros/kinetic/lib/python2.7/site-packages/gencpp
copying /Users/jaymingwong/Documents/code/ros-install-osx/kinetic_desktop_full_ws/build/gencpp/lib/gencpp/__init__.py -> /opt/ros/kinetic/lib/python2.7/site-packages/gencpp
byte-compiling /opt/ros/kinetic/lib/python2.7/site-packages/gencpp/__init__.py to __init__.pyc
running install_egg_info
Writing /opt/ros/kinetic/lib/python2.7/site-packages/gencpp-0.6.0-py2.7.egg-info
-- Installing: /opt/ros/kinetic/share/gencpp/msg.h.template
-- Installing: /opt/ros/kinetic/share/gencpp/srv.h.template
-- Installing: /opt/ros/kinetic/lib/gencpp/gen_cpp.py
