Not searching for unused variables given on the command line.
[36m--[0m The C compiler identification is AppleClang 9.0.0.9000038
[36m--[0m The CXX compiler identification is AppleClang 9.0.0.9000038
[36m--[0m Check for working C compiler: /Applications/Xcode.app/Contents/Developer/Toolchains/XcodeDefault.xctoolchain/usr/bin/clang
[36m--[0m Check for working C compiler: /Applications/Xcode.app/Contents/Developer/Toolchains/XcodeDefault.xctoolchain/usr/bin/clang -- works
[36m--[0m Detecting C compiler ABI info
[36m--[0m Detecting C compiler ABI info - done
[36m--[0m Detecting C compile features
[36m--[0m Detecting C compile features - done
[36m--[0m Check for working CXX compiler: /Applications/Xcode.app/Contents/Developer/Toolchains/XcodeDefault.xctoolchain/usr/bin/clang++
[36m--[0m Check for working CXX compiler: /Applications/Xcode.app/Contents/Developer/Toolchains/XcodeDefault.xctoolchain/usr/bin/clang++ -- works
[36m--[0m Detecting CXX compiler ABI info
[36m--[0m Detecting CXX compiler ABI info - done
[36m--[0m Detecting CXX compile features
[36m--[0m Detecting CXX compile features - done
[36m--[0m Using CATKIN_DEVEL_PREFIX: /Users/jaymingwong/Documents/code/ros-install-osx/kinetic_desktop_full_ws/devel/.private/gazebo_ros
[36m--[0m Using CMAKE_PREFIX_PATH: /opt/ros/kinetic;/usr/local/opt/qt
[36m--[0m This workspace overlays: /opt/ros/kinetic
[36m--[0m Found PythonInterp: /usr/local/bin/python2 (found version "2.7.15")
[36m--[0m Using PYTHON_EXECUTABLE: /usr/local/bin/python2
[36m--[0m Using default Python package layout
[36m--[0m Found PY_em: /usr/local/lib/python2.7/site-packages/em.pyc
[36m--[0m Using empy: /usr/local/lib/python2.7/site-packages/em.pyc
[36m--[0m Using CATKIN_ENABLE_TESTING: 1
[36m--[0m Call enable_testing()
[36m--[0m Using CATKIN_TEST_RESULTS_DIR: /Users/jaymingwong/Documents/code/ros-install-osx/kinetic_desktop_full_ws/build/gazebo_ros/test_results
[36m--[0m Found gtest: gtests will be built
[36m--[0m nosetests not found, Python tests can not be run (try installing package 'python-nose')
[36m--[0m catkin 0.7.14
[36m--[0m Found PkgConfig: /usr/local/bin/pkg-config (found version "0.29.2")
[36m--[0m Checking for module 'bullet>=2.82'
[36m--[0m   Found bullet, version 2.87
[36m--[0m Found Simbody: /usr/local/Cellar/simbody/3.5.4_2/include/simbody
[36m--[0m Found Threads: TRUE
[36m--[0m Boost version: 1.67.0
[36m--[0m Found the following Boost libraries:
[36m--[0m   thread
[36m--[0m   signals
[36m--[0m   system
[36m--[0m   filesystem
[36m--[0m   program_options
[36m--[0m   regex
[36m--[0m   iostreams
[36m--[0m   date_time
[36m--[0m   chrono
[36m--[0m   atomic
[36m--[0m Found Protobuf: /usr/local/lib/libprotobuf.dylib (found version "3.6.0")
[36m--[0m Boost version: 1.67.0
[36m--[0m Looking for OGRE...
[36m--[0m OGRE_PREFIX_WATCH changed.
[36m--[0m Checking for module 'OGRE'
[36m--[0m   Found OGRE, version 1.9.0
[36m--[0m Found Ogre Ghadamon (1.9.0)
[36m--[0m Found OGRE: optimized;/usr/local/Cellar/ogre1.9/1.9-20160714-108ab0bcc69603dba32c0ffd4bbbc39051f421c9_6/lib/libOgreMain.dylib;debug;/usr/local/Cellar/ogre1.9/1.9-20160714-108ab0bcc69603dba32c0ffd4bbbc39051f421c9_6/lib/libOgreMain.dylib
CMake Warning (dev) at /usr/local/Cellar/cmake/3.11.4/share/cmake/Modules/FindBoost.cmake:954 (if):
  Policy CMP0054 is not set: Only interpret if() arguments as variables or
  keywords when unquoted.  Run "cmake --help-policy CMP0054" for policy
  details.  Use the cmake_policy command to set the policy and suppress this
  warning.

  Quoted variables like "chrono" will no longer be dereferenced when the
  policy is set to NEW.  Since the policy is not set the OLD behavior will be
  used.
[36mCall Stack (most recent call first):[0m
  /usr/local/Cellar/cmake/3.11.4/share/cmake/Modules/FindBoost.cmake:1618 (_Boost_MISSING_DEPENDENCIES)
  /usr/local/Cellar/ogre1.9/1.9-20160714-108ab0bcc69603dba32c0ffd4bbbc39051f421c9_6/share/OGRE/cmake/modules/FindOGRE.cmake:322 (find_package)
  /usr/local/lib/cmake/gazebo/gazebo-config.cmake:162 (find_package)
  /opt/ros/kinetic/share/gazebo_dev/cmake/gazebo_dev-extras.cmake:2 (find_package)
  /opt/ros/kinetic/share/gazebo_dev/cmake/gazebo_devConfig.cmake:197 (include)

  /opt/ros/kinetic/share/catkin/cmake/catkinConfig.cmake:107 (find_package)
  CMakeLists.txt:4 (find_package)
This warning is for project developers.  Use -Wno-dev to suppress it.

[36m--[0m Looking for OGRE_Paging...
[36m--[0m Found OGRE_Paging: optimized;/usr/local/Cellar/ogre1.9/1.9-20160714-108ab0bcc69603dba32c0ffd4bbbc39051f421c9_6/lib/libOgrePaging.dylib;debug;/usr/local/Cellar/ogre1.9/1.9-20160714-108ab0bcc69603dba32c0ffd4bbbc39051f421c9_6/lib/libOgrePaging.dylib
[36m--[0m Looking for OGRE_Terrain...
[36m--[0m Found OGRE_Terrain: optimized;/usr/local/Cellar/ogre1.9/1.9-20160714-108ab0bcc69603dba32c0ffd4bbbc39051f421c9_6/lib/libOgreTerrain.dylib;debug;/usr/local/Cellar/ogre1.9/1.9-20160714-108ab0bcc69603dba32c0ffd4bbbc39051f421c9_6/lib/libOgreTerrain.dylib
[36m--[0m Looking for OGRE_Property...
[36m--[0m Found OGRE_Property: optimized;/usr/local/Cellar/ogre1.9/1.9-20160714-108ab0bcc69603dba32c0ffd4bbbc39051f421c9_6/lib/libOgreProperty.dylib;debug;/usr/local/Cellar/ogre1.9/1.9-20160714-108ab0bcc69603dba32c0ffd4bbbc39051f421c9_6/lib/libOgreProperty.dylib
[36m--[0m Looking for OGRE_RTShaderSystem...
[36m--[0m Found OGRE_RTShaderSystem: optimized;/usr/local/Cellar/ogre1.9/1.9-20160714-108ab0bcc69603dba32c0ffd4bbbc39051f421c9_6/lib/libOgreRTShaderSystem.dylib;debug;/usr/local/Cellar/ogre1.9/1.9-20160714-108ab0bcc69603dba32c0ffd4bbbc39051f421c9_6/lib/libOgreRTShaderSystem.dylib
[36m--[0m Looking for OGRE_Volume...
[36m--[0m Found OGRE_Volume: optimized;/usr/local/Cellar/ogre1.9/1.9-20160714-108ab0bcc69603dba32c0ffd4bbbc39051f421c9_6/lib/libOgreVolume.dylib;debug;/usr/local/Cellar/ogre1.9/1.9-20160714-108ab0bcc69603dba32c0ffd4bbbc39051f421c9_6/lib/libOgreVolume.dylib
[36m--[0m Looking for OGRE_Overlay...
[36m--[0m Found OGRE_Overlay: optimized;/usr/local/Cellar/ogre1.9/1.9-20160714-108ab0bcc69603dba32c0ffd4bbbc39051f421c9_6/lib/libOgreOverlay.dylib;debug;/usr/local/Cellar/ogre1.9/1.9-20160714-108ab0bcc69603dba32c0ffd4bbbc39051f421c9_6/lib/libOgreOverlay.dylib
[36m--[0m Checking for module 'libzmq>=3.2.0'
[36m--[0m   Found libzmq, version 4.2.5
[36m--[0m Looking for zmq pkgconfig file - found
[36m--[0m Checking for module 'uuid'
[36m--[0m   Found uuid, version 1.6.2
[36m--[0m Looking for ignition-msgs - found
[36m--[0m Gazebo version: 8.5
[36m--[0m Using these message generators: gencpp;geneus;genlisp;gennodejs;genpy
[36m--[0m Checking for module 'libxml-2.0'
[36m--[0m   Found libxml-2.0, version 2.9.4
[36m--[0m Boost version: 1.67.0
[36m--[0m Found the following Boost libraries:
[36m--[0m   thread
[36m--[0m   chrono
[36m--[0m   system
[36m--[0m   date_time
[36m--[0m   atomic
[36m--[0m Found TinyXML: /usr/local/lib/libtinyxml.dylib
[36m--[0m Configuring done
[36m--[0m Generating done
[36m--[0m Build files have been written to: /Users/jaymingwong/Documents/code/ros-install-osx/kinetic_desktop_full_ws/build/gazebo_ros
