[36mInstall the project...[0m
-- Install configuration: "Release"
-- Installing: /opt/ros/kinetic/_setup_util.py
-- Installing: /opt/ros/kinetic/env.sh
-- Installing: /opt/ros/kinetic/setup.bash
-- Installing: /opt/ros/kinetic/setup.sh
-- Installing: /opt/ros/kinetic/setup.zsh
-- Installing: /opt/ros/kinetic/.rosinstall
+ cd /Users/jaymingwong/Documents/code/ros-install-osx/kinetic_desktop_full_ws/src/executive_smach/smach_ros
+ mkdir -p /opt/ros/kinetic/lib/python2.7/site-packages
+ /usr/bin/env PYTHONPATH=/opt/ros/kinetic/lib/python2.7/site-packages:/Users/jaymingwong/Documents/code/ros-install-osx/kinetic_desktop_full_ws/build/smach_ros/lib/python2.7/site-packages:/opt/ros/kinetic/lib/python2.7/site-packages:/usr/local/lib/python2.7/site-packages/:/Users/jaymingwong/Documents/code/drake/build/lib/python2.7/site-packages/:/Users/jaymingwong/Documents/code/drake/build/lib/python2.7/dist-packages/:/Users/jaymingwong/Documents/code/wizard/externals/devina/devina/include/devina/lcm CATKIN_BINARY_DIR=/Users/jaymingwong/Documents/code/ros-install-osx/kinetic_desktop_full_ws/build/smach_ros /usr/local/bin/python2 /Users/jaymingwong/Documents/code/ros-install-osx/kinetic_desktop_full_ws/src/executive_smach/smach_ros/setup.py build --build-base /Users/jaymingwong/Documents/code/ros-install-osx/kinetic_desktop_full_ws/build/smach_ros install --prefix=/opt/ros/kinetic --install-scripts=/opt/ros/kinetic/bin
running build
running build_py
creating /Users/jaymingwong/Documents/code/ros-install-osx/kinetic_desktop_full_ws/build/smach_ros/lib
creating /Users/jaymingwong/Documents/code/ros-install-osx/kinetic_desktop_full_ws/build/smach_ros/lib/smach_ros
copying src/smach_ros/__init__.py -> /Users/jaymingwong/Documents/code/ros-install-osx/kinetic_desktop_full_ws/build/smach_ros/lib/smach_ros
copying src/smach_ros/action_server_wrapper.py -> /Users/jaymingwong/Documents/code/ros-install-osx/kinetic_desktop_full_ws/build/smach_ros/lib/smach_ros
copying src/smach_ros/condition_state.py -> /Users/jaymingwong/Documents/code/ros-install-osx/kinetic_desktop_full_ws/build/smach_ros/lib/smach_ros
copying src/smach_ros/introspection.py -> /Users/jaymingwong/Documents/code/ros-install-osx/kinetic_desktop_full_ws/build/smach_ros/lib/smach_ros
copying src/smach_ros/monitor_state.py -> /Users/jaymingwong/Documents/code/ros-install-osx/kinetic_desktop_full_ws/build/smach_ros/lib/smach_ros
copying src/smach_ros/service_state.py -> /Users/jaymingwong/Documents/code/ros-install-osx/kinetic_desktop_full_ws/build/smach_ros/lib/smach_ros
copying src/smach_ros/simple_action_state.py -> /Users/jaymingwong/Documents/code/ros-install-osx/kinetic_desktop_full_ws/build/smach_ros/lib/smach_ros
copying src/smach_ros/util.py -> /Users/jaymingwong/Documents/code/ros-install-osx/kinetic_desktop_full_ws/build/smach_ros/lib/smach_ros
running install
running install_lib
creating /opt/ros/kinetic/lib/python2.7/site-packages/smach_ros
copying /Users/jaymingwong/Documents/code/ros-install-osx/kinetic_desktop_full_ws/build/smach_ros/lib/smach_ros/__init__.py -> /opt/ros/kinetic/lib/python2.7/site-packages/smach_ros
copying /Users/jaymingwong/Documents/code/ros-install-osx/kinetic_desktop_full_ws/build/smach_ros/lib/smach_ros/action_server_wrapper.py -> /opt/ros/kinetic/lib/python2.7/site-packages/smach_ros
copying /Users/jaymingwong/Documents/code/ros-install-osx/kinetic_desktop_full_ws/build/smach_ros/lib/smach_ros/condition_state.py -> /opt/ros/kinetic/lib/python2.7/site-packages/smach_ros
copying /Users/jaymingwong/Documents/code/ros-install-osx/kinetic_desktop_full_ws/build/smach_ros/lib/smach_ros/introspection.py -> /opt/ros/kinetic/lib/python2.7/site-packages/smach_ros
copying /Users/jaymingwong/Documents/code/ros-install-osx/kinetic_desktop_full_ws/build/smach_ros/lib/smach_ros/monitor_state.py -> /opt/ros/kinetic/lib/python2.7/site-packages/smach_ros
copying /Users/jaymingwong/Documents/code/ros-install-osx/kinetic_desktop_full_ws/build/smach_ros/lib/smach_ros/service_state.py -> /opt/ros/kinetic/lib/python2.7/site-packages/smach_ros
copying /Users/jaymingwong/Documents/code/ros-install-osx/kinetic_desktop_full_ws/build/smach_ros/lib/smach_ros/simple_action_state.py -> /opt/ros/kinetic/lib/python2.7/site-packages/smach_ros
copying /Users/jaymingwong/Documents/code/ros-install-osx/kinetic_desktop_full_ws/build/smach_ros/lib/smach_ros/util.py -> /opt/ros/kinetic/lib/python2.7/site-packages/smach_ros
byte-compiling /opt/ros/kinetic/lib/python2.7/site-packages/smach_ros/__init__.py to __init__.pyc
byte-compiling /opt/ros/kinetic/lib/python2.7/site-packages/smach_ros/action_server_wrapper.py to action_server_wrapper.pyc
byte-compiling /opt/ros/kinetic/lib/python2.7/site-packages/smach_ros/condition_state.py to condition_state.pyc
byte-compiling /opt/ros/kinetic/lib/python2.7/site-packages/smach_ros/introspection.py to introspection.pyc
byte-compiling /opt/ros/kinetic/lib/python2.7/site-packages/smach_ros/monitor_state.py to monitor_state.pyc
byte-compiling /opt/ros/kinetic/lib/python2.7/site-packages/smach_ros/service_state.py to service_state.pyc
byte-compiling /opt/ros/kinetic/lib/python2.7/site-packages/smach_ros/simple_action_state.py to simple_action_state.pyc
byte-compiling /opt/ros/kinetic/lib/python2.7/site-packages/smach_ros/util.py to util.pyc
running install_egg_info
Writing /opt/ros/kinetic/lib/python2.7/site-packages/smach_ros-2.0.1-py2.7.egg-info
-- Installing: /opt/ros/kinetic/lib/pkgconfig/smach_ros.pc
-- Installing: /opt/ros/kinetic/share/smach_ros/cmake/smach_rosConfig.cmake
-- Installing: /opt/ros/kinetic/share/smach_ros/cmake/smach_rosConfig-version.cmake
-- Installing: /opt/ros/kinetic/share/smach_ros/package.xml
