[  5%] [32m[1mLinking CXX executable /Users/jaymingwong/Documents/code/ros-install-osx/kinetic_desktop_full_ws/devel/.private/image_view/lib/image_view/disparity_view[0m
[ 11%] Built target disparity_view
[ 17%] Built target image_view_gencfg
[35m[1mScanning dependencies of target image_view[0m
[ 23%] [32mBuilding CXX object CMakeFiles/image_view.dir/src/nodelets/image_nodelet.cpp.o[0m
[ 29%] [32m[1mLinking CXX executable /Users/jaymingwong/Documents/code/ros-install-osx/kinetic_desktop_full_ws/devel/.private/image_view/lib/image_view/extract_images[0m
[ 35%] Built target extract_images
[ 41%] [32mBuilding CXX object CMakeFiles/image_view.dir/src/nodelets/disparity_nodelet.cpp.o[0m
[ 47%] [32m[1mLinking CXX executable /Users/jaymingwong/Documents/code/ros-install-osx/kinetic_desktop_full_ws/devel/.private/image_view/lib/image_view/video_recorder[0m
[ 52%] Built target video_recorder
[ 58%] [32m[1mLinking CXX executable /Users/jaymingwong/Documents/code/ros-install-osx/kinetic_desktop_full_ws/devel/.private/image_view/lib/image_view/image_saver[0m
[ 64%] Built target image_saver
[35m[1mScanning dependencies of target stereo_view[0m
[ 70%] [32mBuilding CXX object CMakeFiles/stereo_view.dir/src/nodes/stereo_view.cpp.o[0m
[ 76%] [32m[1mLinking CXX shared library /Users/jaymingwong/Documents/code/ros-install-osx/kinetic_desktop_full_ws/devel/.private/image_view/lib/libimage_view.dylib[0m
[ 82%] Built target image_view
[ 88%] [32m[1mLinking CXX executable /Users/jaymingwong/Documents/code/ros-install-osx/kinetic_desktop_full_ws/devel/.private/image_view/lib/image_view/image_view[0m
[ 94%] Built target image_view_exe
[100%] [32m[1mLinking CXX executable /Users/jaymingwong/Documents/code/ros-install-osx/kinetic_desktop_full_ws/devel/.private/image_view/lib/image_view/stereo_view[0m
[100%] Built target stereo_view
