[  2%] [32m[1mLinking CXX executable /Users/jaymingwong/Documents/code/ros-install-osx/kinetic_desktop_full_ws/devel/.private/roscpp_tutorials/lib/roscpp_tutorials/time_api_sleep[0m
[  4%] Built target time_api_sleep
[  4%] Built target std_msgs_generate_messages_cpp
[  4%] Built target _roscpp_tutorials_generate_messages_check_deps_TwoInts
[  4%] Built target std_msgs_generate_messages_nodejs
[  4%] Built target std_msgs_generate_messages_lisp
[  4%] Built target std_msgs_generate_messages_py
[  4%] Built target std_msgs_generate_messages_eus
[  6%] Built target roscpp_tutorials_generate_messages_cpp
[  8%] Built target roscpp_tutorials_generate_messages_nodejs
[ 10%] Built target roscpp_tutorials_generate_messages_lisp
[ 14%] Built target roscpp_tutorials_generate_messages_py
[ 19%] Built target roscpp_tutorials_generate_messages_eus
[ 19%] Built target roscpp_tutorials_gencpp
[ 19%] Built target roscpp_tutorials_generate_messages
[ 21%] [32m[1mLinking CXX executable /Users/jaymingwong/Documents/code/ros-install-osx/kinetic_desktop_full_ws/devel/.private/roscpp_tutorials/lib/roscpp_tutorials/listener_async_spin[0m
[ 23%] Built target listener_async_spin
[ 25%] [32m[1mLinking CXX executable /Users/jaymingwong/Documents/code/ros-install-osx/kinetic_desktop_full_ws/devel/.private/roscpp_tutorials/lib/roscpp_tutorials/listener_multiple[0m
[ 27%] Built target listener_multiple
[ 29%] [32m[1mLinking CXX executable /Users/jaymingwong/Documents/code/ros-install-osx/kinetic_desktop_full_ws/devel/.private/roscpp_tutorials/lib/roscpp_tutorials/anonymous_listener[0m
[ 31%] Built target anonymous_listener
[ 34%] [32m[1mLinking CXX executable /Users/jaymingwong/Documents/code/ros-install-osx/kinetic_desktop_full_ws/devel/.private/roscpp_tutorials/lib/roscpp_tutorials/timers[0m
[ 36%] [32m[1mLinking CXX executable /Users/jaymingwong/Documents/code/ros-install-osx/kinetic_desktop_full_ws/devel/.private/roscpp_tutorials/lib/roscpp_tutorials/listener[0m
[ 38%] Built target timers
[ 40%] Built target listener
[ 42%] [32m[1mLinking CXX executable /Users/jaymingwong/Documents/code/ros-install-osx/kinetic_desktop_full_ws/devel/.private/roscpp_tutorials/lib/roscpp_tutorials/add_two_ints_client[0m
[ 44%] [32m[1mLinking CXX executable /Users/jaymingwong/Documents/code/ros-install-osx/kinetic_desktop_full_ws/devel/.private/roscpp_tutorials/lib/roscpp_tutorials/listener_unreliable[0m
[ 46%] Built target add_two_ints_client
[ 48%] Built target listener_unreliable
[ 51%] [32m[1mLinking CXX executable /Users/jaymingwong/Documents/code/ros-install-osx/kinetic_desktop_full_ws/devel/.private/roscpp_tutorials/lib/roscpp_tutorials/notify_connect[0m
[ 53%] Built target notify_connect
[ 55%] [32m[1mLinking CXX executable /Users/jaymingwong/Documents/code/ros-install-osx/kinetic_desktop_full_ws/devel/.private/roscpp_tutorials/lib/roscpp_tutorials/parameters[0m
[ 57%] Built target parameters
[ 59%] [32m[1mLinking CXX executable /Users/jaymingwong/Documents/code/ros-install-osx/kinetic_desktop_full_ws/devel/.private/roscpp_tutorials/lib/roscpp_tutorials/custom_callback_processing[0m
[ 61%] [32m[1mLinking CXX executable /Users/jaymingwong/Documents/code/ros-install-osx/kinetic_desktop_full_ws/devel/.private/roscpp_tutorials/lib/roscpp_tutorials/node_handle_namespaces[0m
[ 63%] Built target node_handle_namespaces
[ 65%] Built target custom_callback_processing
[ 68%] [32m[1mLinking CXX executable /Users/jaymingwong/Documents/code/ros-install-osx/kinetic_desktop_full_ws/devel/.private/roscpp_tutorials/lib/roscpp_tutorials/listener_class[0m
[ 70%] [32m[1mLinking CXX executable /Users/jaymingwong/Documents/code/ros-install-osx/kinetic_desktop_full_ws/devel/.private/roscpp_tutorials/lib/roscpp_tutorials/listener_with_tracked_object[0m
[ 72%] [32m[1mLinking CXX executable /Users/jaymingwong/Documents/code/ros-install-osx/kinetic_desktop_full_ws/devel/.private/roscpp_tutorials/lib/roscpp_tutorials/babbler[0m
[ 74%] Built target listener_class
[ 76%] Built target listener_with_tracked_object
[ 78%] [32m[1mLinking CXX executable /Users/jaymingwong/Documents/code/ros-install-osx/kinetic_desktop_full_ws/devel/.private/roscpp_tutorials/lib/roscpp_tutorials/listener_threaded_spin[0m
[ 80%] Built target babbler
[ 82%] Built target listener_threaded_spin
[ 85%] [32m[1mLinking CXX executable /Users/jaymingwong/Documents/code/ros-install-osx/kinetic_desktop_full_ws/devel/.private/roscpp_tutorials/lib/roscpp_tutorials/add_two_ints_server_class[0m
[ 87%] [32m[1mLinking CXX executable /Users/jaymingwong/Documents/code/ros-install-osx/kinetic_desktop_full_ws/devel/.private/roscpp_tutorials/lib/roscpp_tutorials/add_two_ints_server[0m
[ 89%] Built target add_two_ints_server_class
[ 91%] [32m[1mLinking CXX executable /Users/jaymingwong/Documents/code/ros-install-osx/kinetic_desktop_full_ws/devel/.private/roscpp_tutorials/lib/roscpp_tutorials/talker[0m
[ 93%] Built target add_two_ints_server
[ 95%] [32m[1mLinking CXX executable /Users/jaymingwong/Documents/code/ros-install-osx/kinetic_desktop_full_ws/devel/.private/roscpp_tutorials/lib/roscpp_tutorials/listener_with_userdata[0m
[ 97%] Built target talker
[100%] Built target listener_with_userdata
