Linked: (/Users/jaymingwong/Documents/code/ros-install-osx/kinetic_desktop_full_ws/devel/.private/roscpp_tutorials/include/roscpp_tutorials/TwoInts.h, /Users/jaymingwong/Documents/code/ros-install-osx/kinetic_desktop_full_ws/devel/include/roscpp_tutorials/TwoInts.h)
Linked: (/Users/jaymingwong/Documents/code/ros-install-osx/kinetic_desktop_full_ws/devel/.private/roscpp_tutorials/include/roscpp_tutorials/TwoIntsRequest.h, /Users/jaymingwong/Documents/code/ros-install-osx/kinetic_desktop_full_ws/devel/include/roscpp_tutorials/TwoIntsRequest.h)
Linked: (/Users/jaymingwong/Documents/code/ros-install-osx/kinetic_desktop_full_ws/devel/.private/roscpp_tutorials/include/roscpp_tutorials/TwoIntsResponse.h, /Users/jaymingwong/Documents/code/ros-install-osx/kinetic_desktop_full_ws/devel/include/roscpp_tutorials/TwoIntsResponse.h)
Linked: (/Users/jaymingwong/Documents/code/ros-install-osx/kinetic_desktop_full_ws/devel/.private/roscpp_tutorials/lib/pkgconfig/roscpp_tutorials.pc, /Users/jaymingwong/Documents/code/ros-install-osx/kinetic_desktop_full_ws/devel/lib/pkgconfig/roscpp_tutorials.pc)
Linked: (/Users/jaymingwong/Documents/code/ros-install-osx/kinetic_desktop_full_ws/devel/.private/roscpp_tutorials/lib/python2.7/site-packages/roscpp_tutorials/__init__.py, /Users/jaymingwong/Documents/code/ros-install-osx/kinetic_desktop_full_ws/devel/lib/python2.7/site-packages/roscpp_tutorials/__init__.py)
Symlinking /Users/jaymingwong/Documents/code/ros-install-osx/kinetic_desktop_full_ws/devel/lib/python2.7/site-packages/roscpp_tutorials/__init__.pyc
Linked: (/Users/jaymingwong/Documents/code/ros-install-osx/kinetic_desktop_full_ws/devel/.private/roscpp_tutorials/lib/python2.7/site-packages/roscpp_tutorials/srv/__init__.py, /Users/jaymingwong/Documents/code/ros-install-osx/kinetic_desktop_full_ws/devel/lib/python2.7/site-packages/roscpp_tutorials/srv/__init__.py)
Symlinking /Users/jaymingwong/Documents/code/ros-install-osx/kinetic_desktop_full_ws/devel/lib/python2.7/site-packages/roscpp_tutorials/srv/__init__.pyc
Linked: (/Users/jaymingwong/Documents/code/ros-install-osx/kinetic_desktop_full_ws/devel/.private/roscpp_tutorials/lib/python2.7/site-packages/roscpp_tutorials/srv/_TwoInts.py, /Users/jaymingwong/Documents/code/ros-install-osx/kinetic_desktop_full_ws/devel/lib/python2.7/site-packages/roscpp_tutorials/srv/_TwoInts.py)
Symlinking /Users/jaymingwong/Documents/code/ros-install-osx/kinetic_desktop_full_ws/devel/lib/python2.7/site-packages/roscpp_tutorials/srv/_TwoInts.pyc
Linked: (/Users/jaymingwong/Documents/code/ros-install-osx/kinetic_desktop_full_ws/devel/.private/roscpp_tutorials/lib/roscpp_tutorials/add_two_ints_client, /Users/jaymingwong/Documents/code/ros-install-osx/kinetic_desktop_full_ws/devel/lib/roscpp_tutorials/add_two_ints_client)
Linked: (/Users/jaymingwong/Documents/code/ros-install-osx/kinetic_desktop_full_ws/devel/.private/roscpp_tutorials/lib/roscpp_tutorials/add_two_ints_server, /Users/jaymingwong/Documents/code/ros-install-osx/kinetic_desktop_full_ws/devel/lib/roscpp_tutorials/add_two_ints_server)
Linked: (/Users/jaymingwong/Documents/code/ros-install-osx/kinetic_desktop_full_ws/devel/.private/roscpp_tutorials/lib/roscpp_tutorials/add_two_ints_server_class, /Users/jaymingwong/Documents/code/ros-install-osx/kinetic_desktop_full_ws/devel/lib/roscpp_tutorials/add_two_ints_server_class)
Linked: (/Users/jaymingwong/Documents/code/ros-install-osx/kinetic_desktop_full_ws/devel/.private/roscpp_tutorials/lib/roscpp_tutorials/anonymous_listener, /Users/jaymingwong/Documents/code/ros-install-osx/kinetic_desktop_full_ws/devel/lib/roscpp_tutorials/anonymous_listener)
Linked: (/Users/jaymingwong/Documents/code/ros-install-osx/kinetic_desktop_full_ws/devel/.private/roscpp_tutorials/lib/roscpp_tutorials/babbler, /Users/jaymingwong/Documents/code/ros-install-osx/kinetic_desktop_full_ws/devel/lib/roscpp_tutorials/babbler)
Linked: (/Users/jaymingwong/Documents/code/ros-install-osx/kinetic_desktop_full_ws/devel/.private/roscpp_tutorials/lib/roscpp_tutorials/custom_callback_processing, /Users/jaymingwong/Documents/code/ros-install-osx/kinetic_desktop_full_ws/devel/lib/roscpp_tutorials/custom_callback_processing)
Linked: (/Users/jaymingwong/Documents/code/ros-install-osx/kinetic_desktop_full_ws/devel/.private/roscpp_tutorials/lib/roscpp_tutorials/listener, /Users/jaymingwong/Documents/code/ros-install-osx/kinetic_desktop_full_ws/devel/lib/roscpp_tutorials/listener)
Linked: (/Users/jaymingwong/Documents/code/ros-install-osx/kinetic_desktop_full_ws/devel/.private/roscpp_tutorials/lib/roscpp_tutorials/listener_async_spin, /Users/jaymingwong/Documents/code/ros-install-osx/kinetic_desktop_full_ws/devel/lib/roscpp_tutorials/listener_async_spin)
Linked: (/Users/jaymingwong/Documents/code/ros-install-osx/kinetic_desktop_full_ws/devel/.private/roscpp_tutorials/lib/roscpp_tutorials/listener_class, /Users/jaymingwong/Documents/code/ros-install-osx/kinetic_desktop_full_ws/devel/lib/roscpp_tutorials/listener_class)
Linked: (/Users/jaymingwong/Documents/code/ros-install-osx/kinetic_desktop_full_ws/devel/.private/roscpp_tutorials/lib/roscpp_tutorials/listener_multiple, /Users/jaymingwong/Documents/code/ros-install-osx/kinetic_desktop_full_ws/devel/lib/roscpp_tutorials/listener_multiple)
Linked: (/Users/jaymingwong/Documents/code/ros-install-osx/kinetic_desktop_full_ws/devel/.private/roscpp_tutorials/lib/roscpp_tutorials/listener_threaded_spin, /Users/jaymingwong/Documents/code/ros-install-osx/kinetic_desktop_full_ws/devel/lib/roscpp_tutorials/listener_threaded_spin)
Linked: (/Users/jaymingwong/Documents/code/ros-install-osx/kinetic_desktop_full_ws/devel/.private/roscpp_tutorials/lib/roscpp_tutorials/listener_unreliable, /Users/jaymingwong/Documents/code/ros-install-osx/kinetic_desktop_full_ws/devel/lib/roscpp_tutorials/listener_unreliable)
Linked: (/Users/jaymingwong/Documents/code/ros-install-osx/kinetic_desktop_full_ws/devel/.private/roscpp_tutorials/lib/roscpp_tutorials/listener_with_tracked_object, /Users/jaymingwong/Documents/code/ros-install-osx/kinetic_desktop_full_ws/devel/lib/roscpp_tutorials/listener_with_tracked_object)
Linked: (/Users/jaymingwong/Documents/code/ros-install-osx/kinetic_desktop_full_ws/devel/.private/roscpp_tutorials/lib/roscpp_tutorials/listener_with_userdata, /Users/jaymingwong/Documents/code/ros-install-osx/kinetic_desktop_full_ws/devel/lib/roscpp_tutorials/listener_with_userdata)
Linked: (/Users/jaymingwong/Documents/code/ros-install-osx/kinetic_desktop_full_ws/devel/.private/roscpp_tutorials/lib/roscpp_tutorials/node_handle_namespaces, /Users/jaymingwong/Documents/code/ros-install-osx/kinetic_desktop_full_ws/devel/lib/roscpp_tutorials/node_handle_namespaces)
Linked: (/Users/jaymingwong/Documents/code/ros-install-osx/kinetic_desktop_full_ws/devel/.private/roscpp_tutorials/lib/roscpp_tutorials/notify_connect, /Users/jaymingwong/Documents/code/ros-install-osx/kinetic_desktop_full_ws/devel/lib/roscpp_tutorials/notify_connect)
Linked: (/Users/jaymingwong/Documents/code/ros-install-osx/kinetic_desktop_full_ws/devel/.private/roscpp_tutorials/lib/roscpp_tutorials/parameters, /Users/jaymingwong/Documents/code/ros-install-osx/kinetic_desktop_full_ws/devel/lib/roscpp_tutorials/parameters)
Linked: (/Users/jaymingwong/Documents/code/ros-install-osx/kinetic_desktop_full_ws/devel/.private/roscpp_tutorials/lib/roscpp_tutorials/talker, /Users/jaymingwong/Documents/code/ros-install-osx/kinetic_desktop_full_ws/devel/lib/roscpp_tutorials/talker)
Linked: (/Users/jaymingwong/Documents/code/ros-install-osx/kinetic_desktop_full_ws/devel/.private/roscpp_tutorials/lib/roscpp_tutorials/time_api_sleep, /Users/jaymingwong/Documents/code/ros-install-osx/kinetic_desktop_full_ws/devel/lib/roscpp_tutorials/time_api_sleep)
Linked: (/Users/jaymingwong/Documents/code/ros-install-osx/kinetic_desktop_full_ws/devel/.private/roscpp_tutorials/lib/roscpp_tutorials/timers, /Users/jaymingwong/Documents/code/ros-install-osx/kinetic_desktop_full_ws/devel/lib/roscpp_tutorials/timers)
Linked: (/Users/jaymingwong/Documents/code/ros-install-osx/kinetic_desktop_full_ws/devel/.private/roscpp_tutorials/share/common-lisp/ros/roscpp_tutorials/srv/_package.lisp, /Users/jaymingwong/Documents/code/ros-install-osx/kinetic_desktop_full_ws/devel/share/common-lisp/ros/roscpp_tutorials/srv/_package.lisp)
Linked: (/Users/jaymingwong/Documents/code/ros-install-osx/kinetic_desktop_full_ws/devel/.private/roscpp_tutorials/share/common-lisp/ros/roscpp_tutorials/srv/_package_TwoInts.lisp, /Users/jaymingwong/Documents/code/ros-install-osx/kinetic_desktop_full_ws/devel/share/common-lisp/ros/roscpp_tutorials/srv/_package_TwoInts.lisp)
Linked: (/Users/jaymingwong/Documents/code/ros-install-osx/kinetic_desktop_full_ws/devel/.private/roscpp_tutorials/share/common-lisp/ros/roscpp_tutorials/srv/roscpp_tutorials-srv.asd, /Users/jaymingwong/Documents/code/ros-install-osx/kinetic_desktop_full_ws/devel/share/common-lisp/ros/roscpp_tutorials/srv/roscpp_tutorials-srv.asd)
Linked: (/Users/jaymingwong/Documents/code/ros-install-osx/kinetic_desktop_full_ws/devel/.private/roscpp_tutorials/share/common-lisp/ros/roscpp_tutorials/srv/TwoInts.lisp, /Users/jaymingwong/Documents/code/ros-install-osx/kinetic_desktop_full_ws/devel/share/common-lisp/ros/roscpp_tutorials/srv/TwoInts.lisp)
Linked: (/Users/jaymingwong/Documents/code/ros-install-osx/kinetic_desktop_full_ws/devel/.private/roscpp_tutorials/share/gennodejs/ros/roscpp_tutorials/_index.js, /Users/jaymingwong/Documents/code/ros-install-osx/kinetic_desktop_full_ws/devel/share/gennodejs/ros/roscpp_tutorials/_index.js)
Linked: (/Users/jaymingwong/Documents/code/ros-install-osx/kinetic_desktop_full_ws/devel/.private/roscpp_tutorials/share/gennodejs/ros/roscpp_tutorials/srv/_index.js, /Users/jaymingwong/Documents/code/ros-install-osx/kinetic_desktop_full_ws/devel/share/gennodejs/ros/roscpp_tutorials/srv/_index.js)
Linked: (/Users/jaymingwong/Documents/code/ros-install-osx/kinetic_desktop_full_ws/devel/.private/roscpp_tutorials/share/gennodejs/ros/roscpp_tutorials/srv/TwoInts.js, /Users/jaymingwong/Documents/code/ros-install-osx/kinetic_desktop_full_ws/devel/share/gennodejs/ros/roscpp_tutorials/srv/TwoInts.js)
Linked: (/Users/jaymingwong/Documents/code/ros-install-osx/kinetic_desktop_full_ws/devel/.private/roscpp_tutorials/share/roscpp_tutorials/cmake/roscpp_tutorials-msg-extras.cmake, /Users/jaymingwong/Documents/code/ros-install-osx/kinetic_desktop_full_ws/devel/share/roscpp_tutorials/cmake/roscpp_tutorials-msg-extras.cmake)
Linked: (/Users/jaymingwong/Documents/code/ros-install-osx/kinetic_desktop_full_ws/devel/.private/roscpp_tutorials/share/roscpp_tutorials/cmake/roscpp_tutorials-msg-paths.cmake, /Users/jaymingwong/Documents/code/ros-install-osx/kinetic_desktop_full_ws/devel/share/roscpp_tutorials/cmake/roscpp_tutorials-msg-paths.cmake)
Linked: (/Users/jaymingwong/Documents/code/ros-install-osx/kinetic_desktop_full_ws/devel/.private/roscpp_tutorials/share/roscpp_tutorials/cmake/roscpp_tutorialsConfig-version.cmake, /Users/jaymingwong/Documents/code/ros-install-osx/kinetic_desktop_full_ws/devel/share/roscpp_tutorials/cmake/roscpp_tutorialsConfig-version.cmake)
Linked: (/Users/jaymingwong/Documents/code/ros-install-osx/kinetic_desktop_full_ws/devel/.private/roscpp_tutorials/share/roscpp_tutorials/cmake/roscpp_tutorialsConfig.cmake, /Users/jaymingwong/Documents/code/ros-install-osx/kinetic_desktop_full_ws/devel/share/roscpp_tutorials/cmake/roscpp_tutorialsConfig.cmake)
Linked: (/Users/jaymingwong/Documents/code/ros-install-osx/kinetic_desktop_full_ws/devel/.private/roscpp_tutorials/share/roseus/ros/roscpp_tutorials/manifest.l, /Users/jaymingwong/Documents/code/ros-install-osx/kinetic_desktop_full_ws/devel/share/roseus/ros/roscpp_tutorials/manifest.l)
Linked: (/Users/jaymingwong/Documents/code/ros-install-osx/kinetic_desktop_full_ws/devel/.private/roscpp_tutorials/share/roseus/ros/roscpp_tutorials/srv/TwoInts.l, /Users/jaymingwong/Documents/code/ros-install-osx/kinetic_desktop_full_ws/devel/share/roseus/ros/roscpp_tutorials/srv/TwoInts.l)
