[36mInstall the project...[0m
-- Install configuration: "Release"
-- Installing: /opt/ros/kinetic/_setup_util.py
-- Installing: /opt/ros/kinetic/env.sh
-- Installing: /opt/ros/kinetic/setup.bash
-- Installing: /opt/ros/kinetic/setup.sh
-- Installing: /opt/ros/kinetic/setup.zsh
-- Installing: /opt/ros/kinetic/.rosinstall
-- Installing: /opt/ros/kinetic/lib/pkgconfig/smclib.pc
-- Installing: /opt/ros/kinetic/share/smclib/cmake/smclibConfig.cmake
-- Installing: /opt/ros/kinetic/share/smclib/cmake/smclibConfig-version.cmake
-- Installing: /opt/ros/kinetic/share/smclib/package.xml
+ cd /Users/jaymingwong/Documents/code/ros-install-osx/kinetic_desktop_full_ws/src/bond_core/smclib
+ mkdir -p /opt/ros/kinetic/lib/python2.7/site-packages
+ /usr/bin/env PYTHONPATH=/opt/ros/kinetic/lib/python2.7/site-packages:/Users/jaymingwong/Documents/code/ros-install-osx/kinetic_desktop_full_ws/build/smclib/lib/python2.7/site-packages:/opt/ros/kinetic/lib/python2.7/site-packages:/Users/jaymingwong/Documents/code/wizard/devel/lib/python2.7/site-packages:/Users/jaymingwong/Documents/code/tbt/devel/lib/python2.7/site-packages:/Users/jaymingwong/Documents/code/ros-externals/devel/lib/python2.7/site-packages:/usr/local/lib/python2.7/site-packages/:/Users/jaymingwong/Documents/code/drake/build/lib/python2.7/site-packages/:/Users/jaymingwong/Documents/code/drake/build/lib/python2.7/dist-packages/:/Users/jaymingwong/Documents/code/wizard/externals/devina/devina/include/devina/lcm CATKIN_BINARY_DIR=/Users/jaymingwong/Documents/code/ros-install-osx/kinetic_desktop_full_ws/build/smclib /usr/local/bin/python2 /Users/jaymingwong/Documents/code/ros-install-osx/kinetic_desktop_full_ws/src/bond_core/smclib/setup.py build --build-base /Users/jaymingwong/Documents/code/ros-install-osx/kinetic_desktop_full_ws/build/smclib install --prefix=/opt/ros/kinetic --install-scripts=/opt/ros/kinetic/bin
running build
running build_py
creating /Users/jaymingwong/Documents/code/ros-install-osx/kinetic_desktop_full_ws/build/smclib/lib
creating /Users/jaymingwong/Documents/code/ros-install-osx/kinetic_desktop_full_ws/build/smclib/lib/smclib
copying python/smclib/__init__.py -> /Users/jaymingwong/Documents/code/ros-install-osx/kinetic_desktop_full_ws/build/smclib/lib/smclib
copying python/smclib/statemap.py -> /Users/jaymingwong/Documents/code/ros-install-osx/kinetic_desktop_full_ws/build/smclib/lib/smclib
running install
running install_lib
creating /opt/ros/kinetic/lib/python2.7/site-packages/smclib
copying /Users/jaymingwong/Documents/code/ros-install-osx/kinetic_desktop_full_ws/build/smclib/lib/smclib/__init__.py -> /opt/ros/kinetic/lib/python2.7/site-packages/smclib
copying /Users/jaymingwong/Documents/code/ros-install-osx/kinetic_desktop_full_ws/build/smclib/lib/smclib/statemap.py -> /opt/ros/kinetic/lib/python2.7/site-packages/smclib
byte-compiling /opt/ros/kinetic/lib/python2.7/site-packages/smclib/__init__.py to __init__.pyc
byte-compiling /opt/ros/kinetic/lib/python2.7/site-packages/smclib/statemap.py to statemap.pyc
running install_egg_info
Writing /opt/ros/kinetic/lib/python2.7/site-packages/smclib-1.8.1-py2.7.egg-info
-- Installing: /opt/ros/kinetic/include/smclib
-- Installing: /opt/ros/kinetic/include/smclib/statemap.h
