[36mInstall the project...[0m
-- Install configuration: "Release"
-- Installing: /opt/ros/kinetic/_setup_util.py
-- Installing: /opt/ros/kinetic/env.sh
-- Installing: /opt/ros/kinetic/setup.bash
-- Installing: /opt/ros/kinetic/setup.sh
-- Installing: /opt/ros/kinetic/setup.zsh
-- Installing: /opt/ros/kinetic/.rosinstall
-- Installing: /opt/ros/kinetic/lib/pkgconfig/rqt_publisher.pc
-- Installing: /opt/ros/kinetic/share/rqt_publisher/cmake/rqt_publisherConfig.cmake
-- Installing: /opt/ros/kinetic/share/rqt_publisher/cmake/rqt_publisherConfig-version.cmake
-- Installing: /opt/ros/kinetic/share/rqt_publisher/package.xml
+ cd /Users/jaymingwong/Documents/code/ros-install-osx/kinetic_desktop_full_ws/src/rqt_publisher
+ mkdir -p /opt/ros/kinetic/lib/python2.7/site-packages
+ /usr/bin/env PYTHONPATH=/opt/ros/kinetic/lib/python2.7/site-packages:/Users/jaymingwong/Documents/code/ros-install-osx/kinetic_desktop_full_ws/build/rqt_publisher/lib/python2.7/site-packages:/opt/ros/kinetic/lib/python2.7/site-packages:/usr/local/lib/python2.7/site-packages/:/Users/jaymingwong/Documents/code/drake/build/lib/python2.7/site-packages/:/Users/jaymingwong/Documents/code/drake/build/lib/python2.7/dist-packages/:/Users/jaymingwong/Documents/code/wizard/externals/devina/devina/include/devina/lcm CATKIN_BINARY_DIR=/Users/jaymingwong/Documents/code/ros-install-osx/kinetic_desktop_full_ws/build/rqt_publisher /usr/local/bin/python2 /Users/jaymingwong/Documents/code/ros-install-osx/kinetic_desktop_full_ws/src/rqt_publisher/setup.py build --build-base /Users/jaymingwong/Documents/code/ros-install-osx/kinetic_desktop_full_ws/build/rqt_publisher install --prefix=/opt/ros/kinetic --install-scripts=/opt/ros/kinetic/bin
running build
running build_py
creating /Users/jaymingwong/Documents/code/ros-install-osx/kinetic_desktop_full_ws/build/rqt_publisher/lib
creating /Users/jaymingwong/Documents/code/ros-install-osx/kinetic_desktop_full_ws/build/rqt_publisher/lib/rqt_publisher
copying src/rqt_publisher/__init__.py -> /Users/jaymingwong/Documents/code/ros-install-osx/kinetic_desktop_full_ws/build/rqt_publisher/lib/rqt_publisher
copying src/rqt_publisher/publisher.py -> /Users/jaymingwong/Documents/code/ros-install-osx/kinetic_desktop_full_ws/build/rqt_publisher/lib/rqt_publisher
copying src/rqt_publisher/publisher_tree_model.py -> /Users/jaymingwong/Documents/code/ros-install-osx/kinetic_desktop_full_ws/build/rqt_publisher/lib/rqt_publisher
copying src/rqt_publisher/publisher_tree_widget.py -> /Users/jaymingwong/Documents/code/ros-install-osx/kinetic_desktop_full_ws/build/rqt_publisher/lib/rqt_publisher
copying src/rqt_publisher/publisher_widget.py -> /Users/jaymingwong/Documents/code/ros-install-osx/kinetic_desktop_full_ws/build/rqt_publisher/lib/rqt_publisher
running install
running install_lib
creating /opt/ros/kinetic/lib/python2.7/site-packages/rqt_publisher
copying /Users/jaymingwong/Documents/code/ros-install-osx/kinetic_desktop_full_ws/build/rqt_publisher/lib/rqt_publisher/__init__.py -> /opt/ros/kinetic/lib/python2.7/site-packages/rqt_publisher
copying /Users/jaymingwong/Documents/code/ros-install-osx/kinetic_desktop_full_ws/build/rqt_publisher/lib/rqt_publisher/publisher.py -> /opt/ros/kinetic/lib/python2.7/site-packages/rqt_publisher
copying /Users/jaymingwong/Documents/code/ros-install-osx/kinetic_desktop_full_ws/build/rqt_publisher/lib/rqt_publisher/publisher_tree_model.py -> /opt/ros/kinetic/lib/python2.7/site-packages/rqt_publisher
copying /Users/jaymingwong/Documents/code/ros-install-osx/kinetic_desktop_full_ws/build/rqt_publisher/lib/rqt_publisher/publisher_tree_widget.py -> /opt/ros/kinetic/lib/python2.7/site-packages/rqt_publisher
copying /Users/jaymingwong/Documents/code/ros-install-osx/kinetic_desktop_full_ws/build/rqt_publisher/lib/rqt_publisher/publisher_widget.py -> /opt/ros/kinetic/lib/python2.7/site-packages/rqt_publisher
byte-compiling /opt/ros/kinetic/lib/python2.7/site-packages/rqt_publisher/__init__.py to __init__.pyc
byte-compiling /opt/ros/kinetic/lib/python2.7/site-packages/rqt_publisher/publisher.py to publisher.pyc
byte-compiling /opt/ros/kinetic/lib/python2.7/site-packages/rqt_publisher/publisher_tree_model.py to publisher_tree_model.pyc
byte-compiling /opt/ros/kinetic/lib/python2.7/site-packages/rqt_publisher/publisher_tree_widget.py to publisher_tree_widget.pyc
byte-compiling /opt/ros/kinetic/lib/python2.7/site-packages/rqt_publisher/publisher_widget.py to publisher_widget.pyc
running install_egg_info
Writing /opt/ros/kinetic/lib/python2.7/site-packages/rqt_publisher-0.4.8-py2.7.egg-info
-- Installing: /opt/ros/kinetic/share/rqt_publisher/plugin.xml
-- Installing: /opt/ros/kinetic/share/rqt_publisher/resource
-- Installing: /opt/ros/kinetic/share/rqt_publisher/resource/Publisher.ui
-- Installing: /opt/ros/kinetic/lib/rqt_publisher/rqt_publisher
