[100%] Built target roslib
[36mInstall the project...[0m
-- Install configuration: "Release"
-- Installing: /opt/ros/kinetic/_setup_util.py
-- Installing: /opt/ros/kinetic/env.sh
-- Installing: /opt/ros/kinetic/setup.bash
-- Installing: /opt/ros/kinetic/setup.sh
-- Installing: /opt/ros/kinetic/setup.zsh
-- Installing: /opt/ros/kinetic/.rosinstall
-- Up-to-date: /opt/ros/kinetic/lib/pkgconfig/roslib.pc
-- Up-to-date: /opt/ros/kinetic/share/roslib/cmake/roslib-extras.cmake
-- Up-to-date: /opt/ros/kinetic/share/roslib/cmake/roslibConfig.cmake
-- Up-to-date: /opt/ros/kinetic/share/roslib/cmake/roslibConfig-version.cmake
-- Up-to-date: /opt/ros/kinetic/share/roslib/package.xml
+ cd /Users/jaymingwong/Documents/code/ros-install-osx/kinetic_desktop_full_ws/src/ros/roslib
+ mkdir -p /opt/ros/kinetic/lib/python2.7/site-packages
+ /usr/bin/env PYTHONPATH=/opt/ros/kinetic/lib/python2.7/site-packages:/Users/jaymingwong/Documents/code/ros-install-osx/kinetic_desktop_full_ws/build/roslib/lib/python2.7/site-packages:/opt/ros/kinetic/lib/python2.7/site-packages:/usr/local/lib/python2.7/site-packages/:/Users/jaymingwong/Documents/code/wizard/externals/drake/build/lib/python2.7/site-packages/:/Users/jaymingwong/Documents/code/wizard/externals/drake/build/lib/python2.7/dist-packages/:/Users/jaymingwong/Documents/code/wizard/externals/devina/devina/include/devina/lcm CATKIN_BINARY_DIR=/Users/jaymingwong/Documents/code/ros-install-osx/kinetic_desktop_full_ws/build/roslib /usr/local/bin/python2 /Users/jaymingwong/Documents/code/ros-install-osx/kinetic_desktop_full_ws/src/ros/roslib/setup.py build --build-base /Users/jaymingwong/Documents/code/ros-install-osx/kinetic_desktop_full_ws/build/roslib install --prefix=/opt/ros/kinetic --install-scripts=/opt/ros/kinetic/bin
running build
running build_py
running install
running install_lib
running install_egg_info
Removing /opt/ros/kinetic/lib/python2.7/site-packages/roslib-1.14.4-py2.7.egg-info
Writing /opt/ros/kinetic/lib/python2.7/site-packages/roslib-1.14.4-py2.7.egg-info
-- Installing: /opt/ros/kinetic/lib/libroslib.dylib
-- Up-to-date: /opt/ros/kinetic/include
-- Up-to-date: /opt/ros/kinetic/include/ros
-- Up-to-date: /opt/ros/kinetic/include/ros/package.h
-- Up-to-date: /opt/ros/kinetic/lib/roslib/gendeps
