[36mInstall the project...[0m
-- Install configuration: "Release"
-- Installing: /opt/ros/kinetic/_setup_util.py
-- Installing: /opt/ros/kinetic/env.sh
-- Installing: /opt/ros/kinetic/setup.bash
-- Installing: /opt/ros/kinetic/setup.sh
-- Installing: /opt/ros/kinetic/setup.zsh
-- Installing: /opt/ros/kinetic/.rosinstall
-- Up-to-date: /opt/ros/kinetic/lib/pkgconfig/rqt_reconfigure.pc
-- Up-to-date: /opt/ros/kinetic/share/rqt_reconfigure/cmake/rqt_reconfigureConfig.cmake
-- Up-to-date: /opt/ros/kinetic/share/rqt_reconfigure/cmake/rqt_reconfigureConfig-version.cmake
-- Up-to-date: /opt/ros/kinetic/share/rqt_reconfigure/package.xml
+ cd /Users/jaymingwong/Documents/code/ros-install-osx/kinetic_desktop_full_ws/src/rqt_reconfigure
+ mkdir -p /opt/ros/kinetic/lib/python2.7/site-packages
+ /usr/bin/env PYTHONPATH=/opt/ros/kinetic/lib/python2.7/site-packages:/Users/jaymingwong/Documents/code/ros-install-osx/kinetic_desktop_full_ws/build/rqt_reconfigure/lib/python2.7/site-packages:/opt/ros/kinetic/lib/python2.7/site-packages:/usr/local/lib/python2.7/site-packages/:/Users/jaymingwong/Documents/code/drake/build/lib/python2.7/site-packages/:/Users/jaymingwong/Documents/code/drake/build/lib/python2.7/dist-packages/:/Users/jaymingwong/Documents/code/wizard/externals/devina/devina/include/devina/lcm CATKIN_BINARY_DIR=/Users/jaymingwong/Documents/code/ros-install-osx/kinetic_desktop_full_ws/build/rqt_reconfigure /usr/local/bin/python2 /Users/jaymingwong/Documents/code/ros-install-osx/kinetic_desktop_full_ws/src/rqt_reconfigure/setup.py build --build-base /Users/jaymingwong/Documents/code/ros-install-osx/kinetic_desktop_full_ws/build/rqt_reconfigure install --prefix=/opt/ros/kinetic --install-scripts=/opt/ros/kinetic/bin
running build
running build_py
running install
running install_lib
running install_egg_info
Removing /opt/ros/kinetic/lib/python2.7/site-packages/rqt_reconfigure-0.4.10-py2.7.egg-info
Writing /opt/ros/kinetic/lib/python2.7/site-packages/rqt_reconfigure-0.4.10-py2.7.egg-info
-- Up-to-date: /opt/ros/kinetic/share/rqt_reconfigure/plugin.xml
-- Up-to-date: /opt/ros/kinetic/share/rqt_reconfigure/resource
-- Up-to-date: /opt/ros/kinetic/share/rqt_reconfigure/resource/editor_bool.ui
-- Up-to-date: /opt/ros/kinetic/share/rqt_reconfigure/resource/editor_enum.ui
-- Up-to-date: /opt/ros/kinetic/share/rqt_reconfigure/resource/editor_number.ui
-- Up-to-date: /opt/ros/kinetic/share/rqt_reconfigure/resource/editor_string.ui
-- Up-to-date: /opt/ros/kinetic/share/rqt_reconfigure/resource/node_selector.ui
-- Up-to-date: /opt/ros/kinetic/share/rqt_reconfigure/resource/param_main.ui
-- Up-to-date: /opt/ros/kinetic/share/rqt_reconfigure/resource/param_timeline.ui
-- Up-to-date: /opt/ros/kinetic/share/rqt_reconfigure/resource/paramedit_pane.ui
-- Up-to-date: /opt/ros/kinetic/share/rqt_reconfigure/resource/singlenode_parameditor.ui
-- Up-to-date: /opt/ros/kinetic/share/rqt_reconfigure/resource/text_filter_widget.ui
-- Up-to-date: /opt/ros/kinetic/lib/rqt_reconfigure/rqt_reconfigure
