[  0%] [34m[1mAutomatic MOC for target rviz[0m
[  0%] Built target rviz_autogen
[ 47%] Built target rviz
[ 47%] [34m[1mAutomatic MOC for target executable[0m
[ 47%] Built target executable_autogen
[ 48%] Built target executable
[ 48%] [34m[1mAutomatic MOC for target rviz_default_plugin[0m
[ 48%] Built target rviz_default_plugin_autogen
[ 80%] Built target rviz_default_plugin
[ 80%] [34m[1mAutomatic MOC for target rviz_image_view[0m
[ 80%] Built target rviz_image_view_autogen
[ 82%] Built target rviz_image_view
[ 84%] [34m[1mAutomatic MOC for target two_render_widgets[0m
[ 84%] Built target two_render_widgets_autogen
[ 85%] Built target two_render_widgets
[ 86%] [34m[1mAutomatic MOC for target render_points_test[0m
[ 86%] Built target render_points_test_autogen
[ 88%] Built target render_points_test
[ 88%] [34m[1mAutomatic MOC for target color_editor_test[0m
[ 88%] Built target color_editor_test_autogen
[ 89%] Built target color_editor_test
[ 89%] [34m[1mAutomatic MOC for target new_display_dialog_test[0m
[ 89%] Built target new_display_dialog_test_autogen
[ 90%] Built target new_display_dialog_test
[ 90%] [34m[1mAutomatic MOC for target interactive_marker_test[0m
[ 90%] Built target interactive_marker_test_autogen
[ 92%] Built target interactive_marker_test
[ 92%] [34m[1mAutomatic MOC for target line_edit_with_button_test[0m
[ 92%] Built target line_edit_with_button_test_autogen
[ 94%] Built target line_edit_with_button_test
[ 96%] [34m[1mAutomatic MOC for target render_panel_test[0m
[ 96%] Built target render_panel_test_autogen
[ 97%] Built target render_panel_test
[ 97%] [34m[1mAutomatic MOC for target connect_test[0m
[ 97%] Built target connect_test_autogen
[ 98%] Built target connect_test
[ 98%] [34m[1mCompiling generated code for rviz_sip Python bindings...[0m
ld: warning: directory not found for option '-F0'
[100%] [34m[1mMeta target for rviz_sip Python bindings...[0m
[100%] Built target librviz_sip
[36mInstall the project...[0m
-- Install configuration: "Release"
-- Installing: /opt/ros/kinetic/_setup_util.py
-- Installing: /opt/ros/kinetic/env.sh
-- Installing: /opt/ros/kinetic/setup.bash
-- Installing: /opt/ros/kinetic/setup.sh
-- Installing: /opt/ros/kinetic/setup.zsh
-- Installing: /opt/ros/kinetic/.rosinstall
+ cd /Users/jaymingwong/Documents/code/ros-install-osx/kinetic_desktop_full_ws/src/rviz
+ mkdir -p /opt/ros/kinetic/lib/python2.7/site-packages
+ /usr/bin/env PYTHONPATH=/opt/ros/kinetic/lib/python2.7/site-packages:/Users/jaymingwong/Documents/code/ros-install-osx/kinetic_desktop_full_ws/build/rviz/lib/python2.7/site-packages:/opt/ros/kinetic/lib/python2.7/site-packages:/usr/local/lib/python2.7/site-packages/:/Users/jaymingwong/Documents/code/drake/build/lib/python2.7/site-packages/:/Users/jaymingwong/Documents/code/drake/build/lib/python2.7/dist-packages/:/Users/jaymingwong/Documents/code/wizard/externals/devina/devina/include/devina/lcm CATKIN_BINARY_DIR=/Users/jaymingwong/Documents/code/ros-install-osx/kinetic_desktop_full_ws/build/rviz /usr/local/bin/python2 /Users/jaymingwong/Documents/code/ros-install-osx/kinetic_desktop_full_ws/src/rviz/setup.py build --build-base /Users/jaymingwong/Documents/code/ros-install-osx/kinetic_desktop_full_ws/build/rviz install --prefix=/opt/ros/kinetic --install-scripts=/opt/ros/kinetic/bin
running build
running build_py
creating /Users/jaymingwong/Documents/code/ros-install-osx/kinetic_desktop_full_ws/build/rviz/lib
creating /Users/jaymingwong/Documents/code/ros-install-osx/kinetic_desktop_full_ws/build/rviz/lib/rviz
copying src/python_bindings/rviz/__init__.py -> /Users/jaymingwong/Documents/code/ros-install-osx/kinetic_desktop_full_ws/build/rviz/lib/rviz
running install
running install_lib
creating /opt/ros/kinetic/lib/python2.7/site-packages/rviz
copying /Users/jaymingwong/Documents/code/ros-install-osx/kinetic_desktop_full_ws/build/rviz/lib/rviz/__init__.py -> /opt/ros/kinetic/lib/python2.7/site-packages/rviz
byte-compiling /opt/ros/kinetic/lib/python2.7/site-packages/rviz/__init__.py to __init__.pyc
running install_egg_info
Writing /opt/ros/kinetic/lib/python2.7/site-packages/rviz-1.12.13-py2.7.egg-info
-- Installing: /opt/ros/kinetic/lib/pkgconfig/rviz.pc
-- Installing: /opt/ros/kinetic/share/rviz/cmake/rviz-extras.cmake
-- Installing: /opt/ros/kinetic/share/rviz/cmake/rvizConfig.cmake
-- Installing: /opt/ros/kinetic/share/rviz/cmake/rvizConfig-version.cmake
-- Installing: /opt/ros/kinetic/share/rviz/package.xml
-- Installing: /opt/ros/kinetic/share/rviz/ogre_media
-- Installing: /opt/ros/kinetic/share/rviz/ogre_media/fonts
-- Installing: /opt/ros/kinetic/share/rviz/ogre_media/fonts/liberation-sans
-- Installing: /opt/ros/kinetic/share/rviz/ogre_media/fonts/liberation-sans/LiberationSans-Bold.ttf
-- Installing: /opt/ros/kinetic/share/rviz/ogre_media/fonts/liberation-sans/LiberationSans-BoldItalic.ttf
-- Installing: /opt/ros/kinetic/share/rviz/ogre_media/fonts/liberation-sans/LiberationSans-Italic.ttf
-- Installing: /opt/ros/kinetic/share/rviz/ogre_media/fonts/liberation-sans/LiberationSans-Regular.ttf
-- Installing: /opt/ros/kinetic/share/rviz/ogre_media/fonts/liberation-sans/SIL Open Font License.txt
-- Installing: /opt/ros/kinetic/share/rviz/ogre_media/fonts/liberation_sans.fontdef
-- Installing: /opt/ros/kinetic/share/rviz/ogre_media/fonts/README.md
-- Installing: /opt/ros/kinetic/share/rviz/ogre_media/materials
-- Installing: /opt/ros/kinetic/share/rviz/ogre_media/materials/glsl120
-- Installing: /opt/ros/kinetic/share/rviz/ogre_media/materials/glsl120/black.frag
-- Installing: /opt/ros/kinetic/share/rviz/ogre_media/materials/glsl120/depth.frag
-- Installing: /opt/ros/kinetic/share/rviz/ogre_media/materials/glsl120/depth.vert
-- Installing: /opt/ros/kinetic/share/rviz/ogre_media/materials/glsl120/depth_circle.frag
-- Installing: /opt/ros/kinetic/share/rviz/ogre_media/materials/glsl120/flat_color.frag
-- Installing: /opt/ros/kinetic/share/rviz/ogre_media/materials/glsl120/flat_color_circle.frag
-- Installing: /opt/ros/kinetic/share/rviz/ogre_media/materials/glsl120/glsl120.program
-- Installing: /opt/ros/kinetic/share/rviz/ogre_media/materials/glsl120/include
-- Installing: /opt/ros/kinetic/share/rviz/ogre_media/materials/glsl120/include/circle_impl.frag
-- Installing: /opt/ros/kinetic/share/rviz/ogre_media/materials/glsl120/include/pack_depth.frag
-- Installing: /opt/ros/kinetic/share/rviz/ogre_media/materials/glsl120/include/pass_depth.vert
-- Installing: /opt/ros/kinetic/share/rviz/ogre_media/materials/glsl120/indexed_8bit_image.frag
-- Installing: /opt/ros/kinetic/share/rviz/ogre_media/materials/glsl120/indexed_8bit_image.vert
-- Installing: /opt/ros/kinetic/share/rviz/ogre_media/materials/glsl120/nogp
-- Installing: /opt/ros/kinetic/share/rviz/ogre_media/materials/glsl120/nogp/billboard.vert
-- Installing: /opt/ros/kinetic/share/rviz/ogre_media/materials/glsl120/nogp/billboard_tile.vert
-- Installing: /opt/ros/kinetic/share/rviz/ogre_media/materials/glsl120/nogp/box.frag
-- Installing: /opt/ros/kinetic/share/rviz/ogre_media/materials/glsl120/nogp/box.vert
-- Installing: /opt/ros/kinetic/share/rviz/ogre_media/materials/glsl120/nogp/nogp.program
-- Installing: /opt/ros/kinetic/share/rviz/ogre_media/materials/glsl120/pass_color.frag
-- Installing: /opt/ros/kinetic/share/rviz/ogre_media/materials/glsl120/pass_color_circle.frag
-- Installing: /opt/ros/kinetic/share/rviz/ogre_media/materials/glsl120/pickcolor.frag
-- Installing: /opt/ros/kinetic/share/rviz/ogre_media/materials/glsl120/pickcolor_circle.frag
-- Installing: /opt/ros/kinetic/share/rviz/ogre_media/materials/glsl120/point.vert
-- Installing: /opt/ros/kinetic/share/rviz/ogre_media/materials/glsl120/shaded_circle.frag
-- Installing: /opt/ros/kinetic/share/rviz/ogre_media/materials/glsl120/smooth_square.frag
-- Installing: /opt/ros/kinetic/share/rviz/ogre_media/materials/glsl120/test_glsl.sh
-- Installing: /opt/ros/kinetic/share/rviz/ogre_media/materials/glsl150
-- Installing: /opt/ros/kinetic/share/rviz/ogre_media/materials/glsl150/billboard.geom
-- Installing: /opt/ros/kinetic/share/rviz/ogre_media/materials/glsl150/box.geom
-- Installing: /opt/ros/kinetic/share/rviz/ogre_media/materials/glsl150/glsl150.program
-- Installing: /opt/ros/kinetic/share/rviz/ogre_media/materials/glsl150/pass_pos_color.vert
-- Installing: /opt/ros/kinetic/share/rviz/ogre_media/materials/scripts
-- Installing: /opt/ros/kinetic/share/rviz/ogre_media/materials/scripts/default_pick_and_depth.material
-- Installing: /opt/ros/kinetic/share/rviz/ogre_media/materials/scripts/indexed_8bit_image.material
-- Installing: /opt/ros/kinetic/share/rviz/ogre_media/materials/scripts/point_cloud_point.material
-- Installing: /opt/ros/kinetic/share/rviz/ogre_media/materials/scripts/point_cloud_tile.material
-- Installing: /opt/ros/kinetic/share/rviz/ogre_media/materials/scripts120
-- Installing: /opt/ros/kinetic/share/rviz/ogre_media/materials/scripts120/point_cloud_box.material
-- Installing: /opt/ros/kinetic/share/rviz/ogre_media/materials/scripts120/point_cloud_flat_square.material
-- Installing: /opt/ros/kinetic/share/rviz/ogre_media/materials/scripts120/point_cloud_sphere.material
-- Installing: /opt/ros/kinetic/share/rviz/ogre_media/materials/scripts120/point_cloud_square.material
-- Installing: /opt/ros/kinetic/share/rviz/ogre_media/materials/scripts150
-- Installing: /opt/ros/kinetic/share/rviz/ogre_media/materials/scripts150/point_cloud_box.material
-- Installing: /opt/ros/kinetic/share/rviz/ogre_media/materials/scripts150/point_cloud_flat_square.material
-- Installing: /opt/ros/kinetic/share/rviz/ogre_media/materials/scripts150/point_cloud_sphere.material
-- Installing: /opt/ros/kinetic/share/rviz/ogre_media/materials/scripts150/point_cloud_square.material
-- Installing: /opt/ros/kinetic/share/rviz/ogre_media/models
-- Installing: /opt/ros/kinetic/share/rviz/ogre_media/models/rviz_cone.mesh
-- Installing: /opt/ros/kinetic/share/rviz/ogre_media/models/rviz_cube.mesh
-- Installing: /opt/ros/kinetic/share/rviz/ogre_media/models/rviz_cylinder.mesh
-- Installing: /opt/ros/kinetic/share/rviz/ogre_media/models/rviz_sphere.mesh
-- Installing: /opt/ros/kinetic/share/rviz/ogre_media/plugins.cfg
-- Installing: /opt/ros/kinetic/share/rviz/ogre_media/textures
-- Installing: /opt/ros/kinetic/share/rviz/ogre_media/textures/no_image.png
-- Installing: /opt/ros/kinetic/share/rviz/icons
-- Installing: /opt/ros/kinetic/share/rviz/icons/classes
-- Installing: /opt/ros/kinetic/share/rviz/icons/classes/Axes.png
-- Installing: /opt/ros/kinetic/share/rviz/icons/classes/Camera.png
-- Installing: /opt/ros/kinetic/share/rviz/icons/classes/DepthCloud.png
-- Installing: /opt/ros/kinetic/share/rviz/icons/classes/Displays.svg
-- Installing: /opt/ros/kinetic/share/rviz/icons/classes/Effort.png
-- Installing: /opt/ros/kinetic/share/rviz/icons/classes/FluidPressure.png
-- Installing: /opt/ros/kinetic/share/rviz/icons/classes/FocusCamera.svg
-- Installing: /opt/ros/kinetic/share/rviz/icons/classes/Grid.png
-- Installing: /opt/ros/kinetic/share/rviz/icons/classes/GridCells.png
-- Installing: /opt/ros/kinetic/share/rviz/icons/classes/Group.png
-- Installing: /opt/ros/kinetic/share/rviz/icons/classes/Help.svg
-- Installing: /opt/ros/kinetic/share/rviz/icons/classes/Illuminance.png
-- Installing: /opt/ros/kinetic/share/rviz/icons/classes/Image.png
-- Installing: /opt/ros/kinetic/share/rviz/icons/classes/Interact.png
-- Installing: /opt/ros/kinetic/share/rviz/icons/classes/InteractiveMarkers.png
-- Installing: /opt/ros/kinetic/share/rviz/icons/classes/LaserScan.png
-- Installing: /opt/ros/kinetic/share/rviz/icons/classes/Map.png
-- Installing: /opt/ros/kinetic/share/rviz/icons/classes/Marker.png
-- Installing: /opt/ros/kinetic/share/rviz/icons/classes/MarkerArray.png
-- Installing: /opt/ros/kinetic/share/rviz/icons/classes/Measure.svg
-- Installing: /opt/ros/kinetic/share/rviz/icons/classes/MoveCamera.png
-- Installing: /opt/ros/kinetic/share/rviz/icons/classes/Odometry.png
-- Installing: /opt/ros/kinetic/share/rviz/icons/classes/Path.png
-- Installing: /opt/ros/kinetic/share/rviz/icons/classes/PointCloud.png
-- Installing: /opt/ros/kinetic/share/rviz/icons/classes/PointCloud2.png
-- Installing: /opt/ros/kinetic/share/rviz/icons/classes/PointStamped.png
-- Installing: /opt/ros/kinetic/share/rviz/icons/classes/Polygon.png
-- Installing: /opt/ros/kinetic/share/rviz/icons/classes/Pose.png
-- Installing: /opt/ros/kinetic/share/rviz/icons/classes/PoseArray.png
-- Installing: /opt/ros/kinetic/share/rviz/icons/classes/PublishPoint.svg
-- Installing: /opt/ros/kinetic/share/rviz/icons/classes/Range.png
-- Installing: /opt/ros/kinetic/share/rviz/icons/classes/RelativeHumidity.png
-- Installing: /opt/ros/kinetic/share/rviz/icons/classes/RobotJoint.png
-- Installing: /opt/ros/kinetic/share/rviz/icons/classes/RobotLink.png
-- Installing: /opt/ros/kinetic/share/rviz/icons/classes/RobotLinkNoGeom.png
-- Installing: /opt/ros/kinetic/share/rviz/icons/classes/RobotModel.png
-- Installing: /opt/ros/kinetic/share/rviz/icons/classes/Select.png
-- Installing: /opt/ros/kinetic/share/rviz/icons/classes/Selection.png
-- Installing: /opt/ros/kinetic/share/rviz/icons/classes/SetGoal.png
-- Installing: /opt/ros/kinetic/share/rviz/icons/classes/SetInitialPose.png
-- Installing: /opt/ros/kinetic/share/rviz/icons/classes/src
-- Installing: /opt/ros/kinetic/share/rviz/icons/classes/src/Arrow.xcf
-- Installing: /opt/ros/kinetic/share/rviz/icons/classes/src/Axes.xcf
-- Installing: /opt/ros/kinetic/share/rviz/icons/classes/src/GridCells.xcf
-- Installing: /opt/ros/kinetic/share/rviz/icons/classes/src/InteractiveMarker.xcf
-- Installing: /opt/ros/kinetic/share/rviz/icons/classes/src/Map.xcf
-- Installing: /opt/ros/kinetic/share/rviz/icons/classes/src/MarkerArray.xcf
-- Installing: /opt/ros/kinetic/share/rviz/icons/classes/src/Poly.xcf
-- Installing: /opt/ros/kinetic/share/rviz/icons/classes/src/Polygon.xcf
-- Installing: /opt/ros/kinetic/share/rviz/icons/classes/src/PoseArray.xcf
-- Installing: /opt/ros/kinetic/share/rviz/icons/classes/src/Range.xcf
-- Installing: /opt/ros/kinetic/share/rviz/icons/classes/src/RobotModel.xcf
-- Installing: /opt/ros/kinetic/share/rviz/icons/classes/src/TF.xcf
-- Installing: /opt/ros/kinetic/share/rviz/icons/classes/Temperature.png
-- Installing: /opt/ros/kinetic/share/rviz/icons/classes/TF.png
-- Installing: /opt/ros/kinetic/share/rviz/icons/classes/Time.svg
-- Installing: /opt/ros/kinetic/share/rviz/icons/classes/Tool Properties.png
-- Installing: /opt/ros/kinetic/share/rviz/icons/classes/Views.svg
-- Installing: /opt/ros/kinetic/share/rviz/icons/classes/WrenchStamped.png
-- Installing: /opt/ros/kinetic/share/rviz/icons/crosshair.svg
-- Installing: /opt/ros/kinetic/share/rviz/icons/cursor.svg
-- Installing: /opt/ros/kinetic/share/rviz/icons/default_class_icon.png
-- Installing: /opt/ros/kinetic/share/rviz/icons/default_package_icon.png
-- Installing: /opt/ros/kinetic/share/rviz/icons/error.png
-- Installing: /opt/ros/kinetic/share/rviz/icons/failed_display.png
-- Installing: /opt/ros/kinetic/share/rviz/icons/forbidden.svg
-- Installing: /opt/ros/kinetic/share/rviz/icons/left_dock.svg
-- Installing: /opt/ros/kinetic/share/rviz/icons/menu.svg
-- Installing: /opt/ros/kinetic/share/rviz/icons/minus.png
-- Installing: /opt/ros/kinetic/share/rviz/icons/move1d.svg
-- Installing: /opt/ros/kinetic/share/rviz/icons/move2d.svg
-- Installing: /opt/ros/kinetic/share/rviz/icons/move_z.svg
-- Installing: /opt/ros/kinetic/share/rviz/icons/moverotate.svg
-- Installing: /opt/ros/kinetic/share/rviz/icons/ok.png
-- Installing: /opt/ros/kinetic/share/rviz/icons/options.png
-- Installing: /opt/ros/kinetic/share/rviz/icons/package.png
-- Installing: /opt/ros/kinetic/share/rviz/icons/plus.png
-- Installing: /opt/ros/kinetic/share/rviz/icons/right_dock.svg
-- Installing: /opt/ros/kinetic/share/rviz/icons/rotate.svg
-- Installing: /opt/ros/kinetic/share/rviz/icons/rotate_cam.svg
-- Installing: /opt/ros/kinetic/share/rviz/icons/visibility.svg
-- Installing: /opt/ros/kinetic/share/rviz/icons/warning.png
-- Installing: /opt/ros/kinetic/share/rviz/icons/zoom.svg
-- Installing: /opt/ros/kinetic/share/rviz/images
-- Installing: /opt/ros/kinetic/share/rviz/images/splash.png
-- Installing: /opt/ros/kinetic/share/rviz/images/splash_overlay.png
-- Installing: /opt/ros/kinetic/share/rviz/default.rviz
-- Installing: /opt/ros/kinetic/share/rviz/plugin_description.xml
-- Installing: /opt/ros/kinetic/lib/rviz/rviz
-- Installing: /opt/ros/kinetic/lib/librviz.dylib
-- Installing: /opt/ros/kinetic/include/rviz
-- Installing: /opt/ros/kinetic/include/rviz/add_display_dialog.h
-- Installing: /opt/ros/kinetic/include/rviz/bit_allocator.h
-- Installing: /opt/ros/kinetic/include/rviz/class_id_recording_factory.h
-- Installing: /opt/ros/kinetic/include/rviz/config.h
-- Installing: /opt/ros/kinetic/include/rviz/default_plugin
-- Installing: /opt/ros/kinetic/include/rviz/default_plugin/axes_display.h
-- Installing: /opt/ros/kinetic/include/rviz/default_plugin/camera_display.h
-- Installing: /opt/ros/kinetic/include/rviz/default_plugin/covariance_property.h
-- Installing: /opt/ros/kinetic/include/rviz/default_plugin/covariance_visual.h
-- Installing: /opt/ros/kinetic/include/rviz/default_plugin/depth_cloud_display.h
-- Installing: /opt/ros/kinetic/include/rviz/default_plugin/depth_cloud_mld.h
-- Installing: /opt/ros/kinetic/include/rviz/default_plugin/effort_display.h
-- Installing: /opt/ros/kinetic/include/rviz/default_plugin/effort_visual.h
-- Installing: /opt/ros/kinetic/include/rviz/default_plugin/fluid_pressure_display.h
-- Installing: /opt/ros/kinetic/include/rviz/default_plugin/grid_cells_display.h
-- Installing: /opt/ros/kinetic/include/rviz/default_plugin/grid_display.h
-- Installing: /opt/ros/kinetic/include/rviz/default_plugin/illuminance_display.h
-- Installing: /opt/ros/kinetic/include/rviz/default_plugin/image_display.h
-- Installing: /opt/ros/kinetic/include/rviz/default_plugin/interactive_marker_display.h
-- Installing: /opt/ros/kinetic/include/rviz/default_plugin/interactive_markers
-- Installing: /opt/ros/kinetic/include/rviz/default_plugin/interactive_markers/integer_action.h
-- Installing: /opt/ros/kinetic/include/rviz/default_plugin/interactive_markers/interactive_marker.h
-- Installing: /opt/ros/kinetic/include/rviz/default_plugin/interactive_markers/interactive_marker_control.h
-- Installing: /opt/ros/kinetic/include/rviz/default_plugin/laser_scan_display.h
-- Installing: /opt/ros/kinetic/include/rviz/default_plugin/map_display.h
-- Installing: /opt/ros/kinetic/include/rviz/default_plugin/marker_array_display.h
-- Installing: /opt/ros/kinetic/include/rviz/default_plugin/marker_display.h
-- Installing: /opt/ros/kinetic/include/rviz/default_plugin/marker_utils.h
-- Installing: /opt/ros/kinetic/include/rviz/default_plugin/markers
-- Installing: /opt/ros/kinetic/include/rviz/default_plugin/markers/arrow_marker.h
-- Installing: /opt/ros/kinetic/include/rviz/default_plugin/markers/line_list_marker.h
-- Installing: /opt/ros/kinetic/include/rviz/default_plugin/markers/line_strip_marker.h
-- Installing: /opt/ros/kinetic/include/rviz/default_plugin/markers/marker_base.h
-- Installing: /opt/ros/kinetic/include/rviz/default_plugin/markers/marker_selection_handler.h
-- Installing: /opt/ros/kinetic/include/rviz/default_plugin/markers/mesh_resource_marker.h
-- Installing: /opt/ros/kinetic/include/rviz/default_plugin/markers/points_marker.h
-- Installing: /opt/ros/kinetic/include/rviz/default_plugin/markers/shape_marker.h
-- Installing: /opt/ros/kinetic/include/rviz/default_plugin/markers/text_view_facing_marker.h
-- Installing: /opt/ros/kinetic/include/rviz/default_plugin/markers/triangle_list_marker.h
-- Installing: /opt/ros/kinetic/include/rviz/default_plugin/odometry_display.h
-- Installing: /opt/ros/kinetic/include/rviz/default_plugin/path_display.h
-- Installing: /opt/ros/kinetic/include/rviz/default_plugin/point_cloud2_display.h
-- Installing: /opt/ros/kinetic/include/rviz/default_plugin/point_cloud_common.h
-- Installing: /opt/ros/kinetic/include/rviz/default_plugin/point_cloud_display.h
-- Installing: /opt/ros/kinetic/include/rviz/default_plugin/point_cloud_transformer.h
-- Installing: /opt/ros/kinetic/include/rviz/default_plugin/point_cloud_transformers.h
-- Installing: /opt/ros/kinetic/include/rviz/default_plugin/point_display.h
-- Installing: /opt/ros/kinetic/include/rviz/default_plugin/point_visual.h
-- Installing: /opt/ros/kinetic/include/rviz/default_plugin/polygon_display.h
-- Installing: /opt/ros/kinetic/include/rviz/default_plugin/pose_array_display.h
-- Installing: /opt/ros/kinetic/include/rviz/default_plugin/pose_display.h
-- Installing: /opt/ros/kinetic/include/rviz/default_plugin/pose_with_covariance_display.h
-- Installing: /opt/ros/kinetic/include/rviz/default_plugin/range_display.h
-- Installing: /opt/ros/kinetic/include/rviz/default_plugin/relative_humidity_display.h
-- Installing: /opt/ros/kinetic/include/rviz/default_plugin/robot_model_display.h
-- Installing: /opt/ros/kinetic/include/rviz/default_plugin/temperature_display.h
-- Installing: /opt/ros/kinetic/include/rviz/default_plugin/tf_display.h
-- Installing: /opt/ros/kinetic/include/rviz/default_plugin/tools
-- Installing: /opt/ros/kinetic/include/rviz/default_plugin/tools/focus_tool.h
-- Installing: /opt/ros/kinetic/include/rviz/default_plugin/tools/goal_tool.h
-- Installing: /opt/ros/kinetic/include/rviz/default_plugin/tools/initial_pose_tool.h
-- Installing: /opt/ros/kinetic/include/rviz/default_plugin/tools/interaction_tool.h
-- Installing: /opt/ros/kinetic/include/rviz/default_plugin/tools/measure_tool.h
-- Installing: /opt/ros/kinetic/include/rviz/default_plugin/tools/move_tool.h
-- Installing: /opt/ros/kinetic/include/rviz/default_plugin/tools/point_tool.h
-- Installing: /opt/ros/kinetic/include/rviz/default_plugin/tools/pose_tool.h
-- Installing: /opt/ros/kinetic/include/rviz/default_plugin/tools/selection_tool.h
-- Installing: /opt/ros/kinetic/include/rviz/default_plugin/view_controllers
-- Installing: /opt/ros/kinetic/include/rviz/default_plugin/view_controllers/fixed_orientation_ortho_view_controller.h
-- Installing: /opt/ros/kinetic/include/rviz/default_plugin/view_controllers/fps_view_controller.h
-- Installing: /opt/ros/kinetic/include/rviz/default_plugin/view_controllers/orbit_view_controller.h
-- Installing: /opt/ros/kinetic/include/rviz/default_plugin/view_controllers/third_person_follower_view_controller.h
-- Installing: /opt/ros/kinetic/include/rviz/default_plugin/view_controllers/xy_orbit_view_controller.h
-- Installing: /opt/ros/kinetic/include/rviz/default_plugin/wrench_display.h
-- Installing: /opt/ros/kinetic/include/rviz/default_plugin/wrench_visual.h
-- Installing: /opt/ros/kinetic/include/rviz/display.h
-- Installing: /opt/ros/kinetic/include/rviz/display_context.h
-- Installing: /opt/ros/kinetic/include/rviz/display_factory.h
-- Installing: /opt/ros/kinetic/include/rviz/display_group.h
-- Installing: /opt/ros/kinetic/include/rviz/displays_panel.h
-- Installing: /opt/ros/kinetic/include/rviz/env_config.h
-- Installing: /opt/ros/kinetic/include/rviz/factory.h
-- Installing: /opt/ros/kinetic/include/rviz/failed_display.h
-- Installing: /opt/ros/kinetic/include/rviz/failed_panel.h
-- Installing: /opt/ros/kinetic/include/rviz/failed_tool.h
-- Installing: /opt/ros/kinetic/include/rviz/failed_view_controller.h
-- Installing: /opt/ros/kinetic/include/rviz/frame_manager.h
-- Installing: /opt/ros/kinetic/include/rviz/frame_position_tracking_view_controller.h
-- Installing: /opt/ros/kinetic/include/rviz/geometry.h
-- Installing: /opt/ros/kinetic/include/rviz/help_panel.h
-- Installing: /opt/ros/kinetic/include/rviz/helpers
-- Installing: /opt/ros/kinetic/include/rviz/helpers/color.h
-- Installing: /opt/ros/kinetic/include/rviz/image
-- Installing: /opt/ros/kinetic/include/rviz/image/image_display_base.h
-- Installing: /opt/ros/kinetic/include/rviz/image/ros_image_texture.h
-- Installing: /opt/ros/kinetic/include/rviz/interactive_object.h
-- Installing: /opt/ros/kinetic/include/rviz/load_resource.h
-- Installing: /opt/ros/kinetic/include/rviz/loading_dialog.h
-- Installing: /opt/ros/kinetic/include/rviz/mesh_loader.h
-- Installing: /opt/ros/kinetic/include/rviz/message_filter_display.h
-- Installing: /opt/ros/kinetic/include/rviz/msg_conversions.h
-- Installing: /opt/ros/kinetic/include/rviz/new_object_dialog.h
-- Installing: /opt/ros/kinetic/include/rviz/ogre_helpers
-- Installing: /opt/ros/kinetic/include/rviz/ogre_helpers/apply_visibility_bits.h
-- Installing: /opt/ros/kinetic/include/rviz/ogre_helpers/arrow.h
-- Installing: /opt/ros/kinetic/include/rviz/ogre_helpers/axes.h
-- Installing: /opt/ros/kinetic/include/rviz/ogre_helpers/billboard_line.h
-- Installing: /opt/ros/kinetic/include/rviz/ogre_helpers/camera_base.h
-- Installing: /opt/ros/kinetic/include/rviz/ogre_helpers/custom_parameter_indices.h
-- Installing: /opt/ros/kinetic/include/rviz/ogre_helpers/grid.h
-- Installing: /opt/ros/kinetic/include/rviz/ogre_helpers/initialization.h
-- Installing: /opt/ros/kinetic/include/rviz/ogre_helpers/line.h
-- Installing: /opt/ros/kinetic/include/rviz/ogre_helpers/mesh_shape.h
-- Installing: /opt/ros/kinetic/include/rviz/ogre_helpers/movable_text.h
-- Installing: /opt/ros/kinetic/include/rviz/ogre_helpers/object.h
-- Installing: /opt/ros/kinetic/include/rviz/ogre_helpers/ogre_logging.h
-- Installing: /opt/ros/kinetic/include/rviz/ogre_helpers/ogre_render_queue_clearer.h
-- Installing: /opt/ros/kinetic/include/rviz/ogre_helpers/orbit_camera.h
-- Installing: /opt/ros/kinetic/include/rviz/ogre_helpers/orthographic.h
-- Installing: /opt/ros/kinetic/include/rviz/ogre_helpers/point_cloud.h
-- Installing: /opt/ros/kinetic/include/rviz/ogre_helpers/qt_ogre_render_window.h
-- Installing: /opt/ros/kinetic/include/rviz/ogre_helpers/render_system.h
-- Installing: /opt/ros/kinetic/include/rviz/ogre_helpers/render_widget.h
-- Installing: /opt/ros/kinetic/include/rviz/ogre_helpers/shape.h
-- Installing: /opt/ros/kinetic/include/rviz/ogre_helpers/stl_loader.h
-- Installing: /opt/ros/kinetic/include/rviz/panel.h
-- Installing: /opt/ros/kinetic/include/rviz/panel_dock_widget.h
-- Installing: /opt/ros/kinetic/include/rviz/panel_factory.h
-- Installing: /opt/ros/kinetic/include/rviz/pluginlib_factory.h
-- Installing: /opt/ros/kinetic/include/rviz/properties
-- Installing: /opt/ros/kinetic/include/rviz/properties/bool_property.h
-- Installing: /opt/ros/kinetic/include/rviz/properties/color_editor.h
-- Installing: /opt/ros/kinetic/include/rviz/properties/color_property.h
-- Installing: /opt/ros/kinetic/include/rviz/properties/combo_box.h
-- Installing: /opt/ros/kinetic/include/rviz/properties/display_group_visibility_property.h
-- Installing: /opt/ros/kinetic/include/rviz/properties/display_visibility_property.h
-- Installing: /opt/ros/kinetic/include/rviz/properties/editable_combo_box.h
-- Installing: /opt/ros/kinetic/include/rviz/properties/editable_enum_property.h
-- Installing: /opt/ros/kinetic/include/rviz/properties/enum_property.h
-- Installing: /opt/ros/kinetic/include/rviz/properties/float_edit.h
-- Installing: /opt/ros/kinetic/include/rviz/properties/float_property.h
-- Installing: /opt/ros/kinetic/include/rviz/properties/int_property.h
-- Installing: /opt/ros/kinetic/include/rviz/properties/line_edit_with_button.h
-- Installing: /opt/ros/kinetic/include/rviz/properties/parse_color.h
-- Installing: /opt/ros/kinetic/include/rviz/properties/property.h
-- Installing: /opt/ros/kinetic/include/rviz/properties/property_tree_delegate.h
-- Installing: /opt/ros/kinetic/include/rviz/properties/property_tree_model.h
-- Installing: /opt/ros/kinetic/include/rviz/properties/property_tree_widget.h
-- Installing: /opt/ros/kinetic/include/rviz/properties/property_tree_with_help.h
-- Installing: /opt/ros/kinetic/include/rviz/properties/quaternion_property.h
-- Installing: /opt/ros/kinetic/include/rviz/properties/ros_topic_property.h
-- Installing: /opt/ros/kinetic/include/rviz/properties/splitter_handle.h
-- Installing: /opt/ros/kinetic/include/rviz/properties/status_list.h
-- Installing: /opt/ros/kinetic/include/rviz/properties/status_property.h
-- Installing: /opt/ros/kinetic/include/rviz/properties/string_property.h
-- Installing: /opt/ros/kinetic/include/rviz/properties/tf_frame_property.h
-- Installing: /opt/ros/kinetic/include/rviz/properties/vector_property.h
-- Installing: /opt/ros/kinetic/include/rviz/render_panel.h
-- Installing: /opt/ros/kinetic/include/rviz/robot
-- Installing: /opt/ros/kinetic/include/rviz/robot/link_updater.h
-- Installing: /opt/ros/kinetic/include/rviz/robot/robot.h
-- Installing: /opt/ros/kinetic/include/rviz/robot/robot_joint.h
-- Installing: /opt/ros/kinetic/include/rviz/robot/robot_link.h
-- Installing: /opt/ros/kinetic/include/rviz/robot/tf_link_updater.h
-- Installing: /opt/ros/kinetic/include/rviz/scaled_image_widget.h
-- Installing: /opt/ros/kinetic/include/rviz/screenshot_dialog.h
-- Installing: /opt/ros/kinetic/include/rviz/selection
-- Installing: /opt/ros/kinetic/include/rviz/selection/forwards.h
-- Installing: /opt/ros/kinetic/include/rviz/selection/selection_handler.h
-- Installing: /opt/ros/kinetic/include/rviz/selection/selection_manager.h
-- Installing: /opt/ros/kinetic/include/rviz/selection_panel.h
-- Installing: /opt/ros/kinetic/include/rviz/splash_screen.h
-- Installing: /opt/ros/kinetic/include/rviz/time_panel.h
-- Installing: /opt/ros/kinetic/include/rviz/tool.h
-- Installing: /opt/ros/kinetic/include/rviz/tool_manager.h
-- Installing: /opt/ros/kinetic/include/rviz/tool_properties_panel.h
-- Installing: /opt/ros/kinetic/include/rviz/uniform_string_stream.h
-- Installing: /opt/ros/kinetic/include/rviz/validate_floats.h
-- Installing: /opt/ros/kinetic/include/rviz/validate_quaternions.h
-- Installing: /opt/ros/kinetic/include/rviz/view_controller.h
-- Installing: /opt/ros/kinetic/include/rviz/view_manager.h
-- Installing: /opt/ros/kinetic/include/rviz/viewport_mouse_event.h
-- Installing: /opt/ros/kinetic/include/rviz/views_panel.h
-- Installing: /opt/ros/kinetic/include/rviz/visualization_frame.h
-- Installing: /opt/ros/kinetic/include/rviz/visualization_manager.h
-- Installing: /opt/ros/kinetic/include/rviz/visualizer_app.h
-- Installing: /opt/ros/kinetic/include/rviz/wait_for_master_dialog.h
-- Installing: /opt/ros/kinetic/include/rviz/widget_geometry_change_detector.h
-- Installing: /opt/ros/kinetic/include/rviz/window_manager_interface.h
-- Installing: /opt/ros/kinetic/include/rviz/yaml_config_reader.h
-- Installing: /opt/ros/kinetic/include/rviz/yaml_config_writer.h
-- Installing: /opt/ros/kinetic/bin/rviz
-- Installing: /opt/ros/kinetic/lib/librviz_default_plugin.dylib
-- Installing: /opt/ros/kinetic/share/rviz/cmake/default_plugin_location.cmake
-- Installing: /opt/ros/kinetic/lib/python2.7/site-packages/rviz/librviz_sip.so
