Symlinking /Users/jaymingwong/Documents/code/ros-install-osx/kinetic_desktop_full_ws/devel/bin/sip/rviz_sip/Makefile
Symlinking /Users/jaymingwong/Documents/code/ros-install-osx/kinetic_desktop_full_ws/devel/bin/sip/rviz_sip/pyqtscripting.sbf
Symlinking /Users/jaymingwong/Documents/code/ros-install-osx/kinetic_desktop_full_ws/devel/bin/sip/rviz_sip/sipAPIlibrviz_sip.h
Symlinking /Users/jaymingwong/Documents/code/ros-install-osx/kinetic_desktop_full_ws/devel/bin/sip/rviz_sip/siplibrviz_sipcmodule.cpp
Symlinking /Users/jaymingwong/Documents/code/ros-install-osx/kinetic_desktop_full_ws/devel/bin/sip/rviz_sip/siplibrviz_sipcmodule.o
Symlinking /Users/jaymingwong/Documents/code/ros-install-osx/kinetic_desktop_full_ws/devel/bin/sip/rviz_sip/siplibrviz_siprviz.cpp
Symlinking /Users/jaymingwong/Documents/code/ros-install-osx/kinetic_desktop_full_ws/devel/bin/sip/rviz_sip/siplibrviz_siprviz.o
Symlinking /Users/jaymingwong/Documents/code/ros-install-osx/kinetic_desktop_full_ws/devel/bin/sip/rviz_sip/siplibrviz_siprvizBoolProperty.cpp
Symlinking /Users/jaymingwong/Documents/code/ros-install-osx/kinetic_desktop_full_ws/devel/bin/sip/rviz_sip/siplibrviz_siprvizBoolProperty.o
Symlinking /Users/jaymingwong/Documents/code/ros-install-osx/kinetic_desktop_full_ws/devel/bin/sip/rviz_sip/siplibrviz_siprvizConfig.cpp
Symlinking /Users/jaymingwong/Documents/code/ros-install-osx/kinetic_desktop_full_ws/devel/bin/sip/rviz_sip/siplibrviz_siprvizConfig.o
Symlinking /Users/jaymingwong/Documents/code/ros-install-osx/kinetic_desktop_full_ws/devel/bin/sip/rviz_sip/siplibrviz_siprvizConfigMapIterator.cpp
Symlinking /Users/jaymingwong/Documents/code/ros-install-osx/kinetic_desktop_full_ws/devel/bin/sip/rviz_sip/siplibrviz_siprvizConfigMapIterator.o
Symlinking /Users/jaymingwong/Documents/code/ros-install-osx/kinetic_desktop_full_ws/devel/bin/sip/rviz_sip/siplibrviz_siprvizDisplay.cpp
Symlinking /Users/jaymingwong/Documents/code/ros-install-osx/kinetic_desktop_full_ws/devel/bin/sip/rviz_sip/siplibrviz_siprvizDisplay.o
Symlinking /Users/jaymingwong/Documents/code/ros-install-osx/kinetic_desktop_full_ws/devel/bin/sip/rviz_sip/siplibrviz_siprvizDisplayGroup.cpp
Symlinking /Users/jaymingwong/Documents/code/ros-install-osx/kinetic_desktop_full_ws/devel/bin/sip/rviz_sip/siplibrviz_siprvizDisplayGroup.o
Symlinking /Users/jaymingwong/Documents/code/ros-install-osx/kinetic_desktop_full_ws/devel/bin/sip/rviz_sip/siplibrviz_siprvizOgreLogging.cpp
Symlinking /Users/jaymingwong/Documents/code/ros-install-osx/kinetic_desktop_full_ws/devel/bin/sip/rviz_sip/siplibrviz_siprvizOgreLogging.o
Symlinking /Users/jaymingwong/Documents/code/ros-install-osx/kinetic_desktop_full_ws/devel/bin/sip/rviz_sip/siplibrviz_siprvizPanelDockWidget.cpp
Symlinking /Users/jaymingwong/Documents/code/ros-install-osx/kinetic_desktop_full_ws/devel/bin/sip/rviz_sip/siplibrviz_siprvizPanelDockWidget.o
Symlinking /Users/jaymingwong/Documents/code/ros-install-osx/kinetic_desktop_full_ws/devel/bin/sip/rviz_sip/siplibrviz_siprvizProperty.cpp
Symlinking /Users/jaymingwong/Documents/code/ros-install-osx/kinetic_desktop_full_ws/devel/bin/sip/rviz_sip/siplibrviz_siprvizProperty.o
Symlinking /Users/jaymingwong/Documents/code/ros-install-osx/kinetic_desktop_full_ws/devel/bin/sip/rviz_sip/siplibrviz_siprvizTool.cpp
Symlinking /Users/jaymingwong/Documents/code/ros-install-osx/kinetic_desktop_full_ws/devel/bin/sip/rviz_sip/siplibrviz_siprvizTool.o
Symlinking /Users/jaymingwong/Documents/code/ros-install-osx/kinetic_desktop_full_ws/devel/bin/sip/rviz_sip/siplibrviz_siprvizToolManager.cpp
Symlinking /Users/jaymingwong/Documents/code/ros-install-osx/kinetic_desktop_full_ws/devel/bin/sip/rviz_sip/siplibrviz_siprvizToolManager.o
Symlinking /Users/jaymingwong/Documents/code/ros-install-osx/kinetic_desktop_full_ws/devel/bin/sip/rviz_sip/siplibrviz_siprvizViewController.cpp
Symlinking /Users/jaymingwong/Documents/code/ros-install-osx/kinetic_desktop_full_ws/devel/bin/sip/rviz_sip/siplibrviz_siprvizViewController.o
Symlinking /Users/jaymingwong/Documents/code/ros-install-osx/kinetic_desktop_full_ws/devel/bin/sip/rviz_sip/siplibrviz_siprvizViewManager.cpp
Symlinking /Users/jaymingwong/Documents/code/ros-install-osx/kinetic_desktop_full_ws/devel/bin/sip/rviz_sip/siplibrviz_siprvizViewManager.o
Symlinking /Users/jaymingwong/Documents/code/ros-install-osx/kinetic_desktop_full_ws/devel/bin/sip/rviz_sip/siplibrviz_siprvizVisualizationFrame.cpp
Symlinking /Users/jaymingwong/Documents/code/ros-install-osx/kinetic_desktop_full_ws/devel/bin/sip/rviz_sip/siplibrviz_siprvizVisualizationFrame.o
Symlinking /Users/jaymingwong/Documents/code/ros-install-osx/kinetic_desktop_full_ws/devel/bin/sip/rviz_sip/siplibrviz_siprvizVisualizationManager.cpp
Symlinking /Users/jaymingwong/Documents/code/ros-install-osx/kinetic_desktop_full_ws/devel/bin/sip/rviz_sip/siplibrviz_siprvizVisualizationManager.o
Symlinking /Users/jaymingwong/Documents/code/ros-install-osx/kinetic_desktop_full_ws/devel/bin/sip/rviz_sip/siplibrviz_siprvizYamlConfigReader.cpp
Symlinking /Users/jaymingwong/Documents/code/ros-install-osx/kinetic_desktop_full_ws/devel/bin/sip/rviz_sip/siplibrviz_siprvizYamlConfigReader.o
Symlinking /Users/jaymingwong/Documents/code/ros-install-osx/kinetic_desktop_full_ws/devel/bin/sip/rviz_sip/siplibrviz_siprvizYamlConfigWriter.cpp
Symlinking /Users/jaymingwong/Documents/code/ros-install-osx/kinetic_desktop_full_ws/devel/bin/sip/rviz_sip/siplibrviz_siprvizYamlConfigWriter.o
Symlinking /Users/jaymingwong/Documents/code/ros-install-osx/kinetic_desktop_full_ws/devel/lib/librviz.dylib
Symlinking /Users/jaymingwong/Documents/code/ros-install-osx/kinetic_desktop_full_ws/devel/lib/librviz_default_plugin.dylib
Symlinking /Users/jaymingwong/Documents/code/ros-install-osx/kinetic_desktop_full_ws/devel/lib/pkgconfig/rviz.pc
Symlinking /Users/jaymingwong/Documents/code/ros-install-osx/kinetic_desktop_full_ws/devel/lib/python2.7/site-packages/rviz/__init__.py
Symlinking /Users/jaymingwong/Documents/code/ros-install-osx/kinetic_desktop_full_ws/devel/lib/python2.7/site-packages/rviz/librviz_sip.so
Symlinking /Users/jaymingwong/Documents/code/ros-install-osx/kinetic_desktop_full_ws/devel/lib/rviz/color_editor_test
Symlinking /Users/jaymingwong/Documents/code/ros-install-osx/kinetic_desktop_full_ws/devel/lib/rviz/connect_test
Symlinking /Users/jaymingwong/Documents/code/ros-install-osx/kinetic_desktop_full_ws/devel/lib/rviz/image_view
Symlinking /Users/jaymingwong/Documents/code/ros-install-osx/kinetic_desktop_full_ws/devel/lib/rviz/interactive_marker_test
Symlinking /Users/jaymingwong/Documents/code/ros-install-osx/kinetic_desktop_full_ws/devel/lib/rviz/line_edit_with_button_test
Symlinking /Users/jaymingwong/Documents/code/ros-install-osx/kinetic_desktop_full_ws/devel/lib/rviz/new_display_dialog_test
Symlinking /Users/jaymingwong/Documents/code/ros-install-osx/kinetic_desktop_full_ws/devel/lib/rviz/render_panel_test
Symlinking /Users/jaymingwong/Documents/code/ros-install-osx/kinetic_desktop_full_ws/devel/lib/rviz/render_points_test
Symlinking /Users/jaymingwong/Documents/code/ros-install-osx/kinetic_desktop_full_ws/devel/lib/rviz/rviz
Symlinking /Users/jaymingwong/Documents/code/ros-install-osx/kinetic_desktop_full_ws/devel/lib/rviz/two_render_widgets
Symlinking /Users/jaymingwong/Documents/code/ros-install-osx/kinetic_desktop_full_ws/devel/share/rviz/cmake/default_plugin_location.cmake
Symlinking /Users/jaymingwong/Documents/code/ros-install-osx/kinetic_desktop_full_ws/devel/share/rviz/cmake/rviz-extras.cmake
Symlinking /Users/jaymingwong/Documents/code/ros-install-osx/kinetic_desktop_full_ws/devel/share/rviz/cmake/rvizConfig-version.cmake
Symlinking /Users/jaymingwong/Documents/code/ros-install-osx/kinetic_desktop_full_ws/devel/share/rviz/cmake/rvizConfig.cmake
