[35m[1mScanning dependencies of target rviz_autogen[0m
[  0%] [34m[1mAutomatic MOC for target rviz[0m
[  0%] Built target rviz_autogen
[35m[1mScanning dependencies of target interactive_marker_test_autogen[0m
[  0%] [34m[1mAutomatic MOC for target interactive_marker_test[0m
[  0%] Built target interactive_marker_test_autogen
[35m[1mScanning dependencies of target connect_test_autogen[0m
[  0%] [34m[1mAutomatic MOC for target connect_test[0m
[  0%] Built target connect_test_autogen
[35m[1mScanning dependencies of target rviz[0m
[35m[1mScanning dependencies of target interactive_marker_test[0m
[  0%] [32mBuilding CXX object src/test/CMakeFiles/interactive_marker_test.dir/interactive_marker_test.cpp.o[0m
[  0%] [32mBuilding CXX object src/rviz/CMakeFiles/rviz.dir/bit_allocator.cpp.o[0m
[  0%] [32mBuilding CXX object src/rviz/CMakeFiles/rviz.dir/config.cpp.o[0m
[  1%] [32mBuilding CXX object src/rviz/CMakeFiles/rviz.dir/display.cpp.o[0m
[  2%] [32mBuilding CXX object src/test/CMakeFiles/interactive_marker_test.dir/interactive_marker_test_autogen/mocs_compilation.cpp.o[0m
[35m[1mScanning dependencies of target connect_test[0m
[  2%] [32mBuilding CXX object src/test/CMakeFiles/connect_test.dir/connect_test.cpp.o[0m
[  2%] [32m[1mLinking CXX executable /Users/jaymingwong/Documents/code/ros-install-osx/kinetic_desktop_full_ws/devel/.private/rviz/lib/rviz/interactive_marker_test[0m
[  2%] Built target interactive_marker_test
[  2%] [32mBuilding CXX object src/rviz/CMakeFiles/rviz.dir/display_factory.cpp.o[0m
[  2%] [32mBuilding CXX object src/test/CMakeFiles/connect_test.dir/connect_test_autogen/mocs_compilation.cpp.o[0m
[  3%] [32m[1mLinking CXX executable /Users/jaymingwong/Documents/code/ros-install-osx/kinetic_desktop_full_ws/devel/.private/rviz/lib/rviz/connect_test[0m
[  3%] Built target connect_test
[  3%] [32mBuilding CXX object src/rviz/CMakeFiles/rviz.dir/display_group.cpp.o[0m
[  5%] [32mBuilding CXX object src/rviz/CMakeFiles/rviz.dir/displays_panel.cpp.o[0m
[  5%] [32mBuilding CXX object src/rviz/CMakeFiles/rviz.dir/failed_display.cpp.o[0m
[  5%] [32mBuilding CXX object src/rviz/CMakeFiles/rviz.dir/failed_panel.cpp.o[0m
[  6%] [32mBuilding CXX object src/rviz/CMakeFiles/rviz.dir/failed_tool.cpp.o[0m
[  6%] [32mBuilding CXX object src/rviz/CMakeFiles/rviz.dir/failed_view_controller.cpp.o[0m
[  6%] [32mBuilding CXX object src/rviz/CMakeFiles/rviz.dir/frame_manager.cpp.o[0m
[  7%] [32mBuilding CXX object src/rviz/CMakeFiles/rviz.dir/load_resource.cpp.o[0m
[  7%] [32mBuilding CXX object src/rviz/CMakeFiles/rviz.dir/frame_position_tracking_view_controller.cpp.o[0m
[  9%] [32mBuilding CXX object src/rviz/CMakeFiles/rviz.dir/geometry.cpp.o[0m
[  9%] [32mBuilding CXX object src/rviz/CMakeFiles/rviz.dir/help_panel.cpp.o[0m
[  9%] [32mBuilding CXX object src/rviz/CMakeFiles/rviz.dir/image/ros_image_texture.cpp.o[0m
[ 10%] [32mBuilding CXX object src/rviz/CMakeFiles/rviz.dir/image/image_display_base.cpp.o[0m
[ 10%] [32mBuilding CXX object src/rviz/CMakeFiles/rviz.dir/loading_dialog.cpp.o[0m
[ 10%] [32mBuilding CXX object src/rviz/CMakeFiles/rviz.dir/mesh_loader.cpp.o[0m
[ 11%] [32mBuilding CXX object src/rviz/CMakeFiles/rviz.dir/new_object_dialog.cpp.o[0m
[ 11%] [32mBuilding CXX object src/rviz/CMakeFiles/rviz.dir/add_display_dialog.cpp.o[0m
[ 11%] [32mBuilding CXX object src/rviz/CMakeFiles/rviz.dir/ogre_helpers/apply_visibility_bits.cpp.o[0m
[ 13%] [32mBuilding CXX object src/rviz/CMakeFiles/rviz.dir/ogre_helpers/arrow.cpp.o[0m
[ 13%] [32mBuilding CXX object src/rviz/CMakeFiles/rviz.dir/ogre_helpers/axes.cpp.o[0m
[ 14%] [32mBuilding CXX object src/rviz/CMakeFiles/rviz.dir/ogre_helpers/billboard_line.cpp.o[0m
[ 14%] [32mBuilding CXX object src/rviz/CMakeFiles/rviz.dir/ogre_helpers/camera_base.cpp.o[0m
[ 14%] [32mBuilding CXX object src/rviz/CMakeFiles/rviz.dir/ogre_helpers/grid.cpp.o[0m
[ 15%] [32mBuilding CXX object src/rviz/CMakeFiles/rviz.dir/ogre_helpers/initialization.cpp.o[0m
[ 15%] [32mBuilding CXX object src/rviz/CMakeFiles/rviz.dir/ogre_helpers/line.cpp.o[0m
[ 15%] [32mBuilding CXX object src/rviz/CMakeFiles/rviz.dir/ogre_helpers/movable_text.cpp.o[0m
[ 17%] [32mBuilding CXX object src/rviz/CMakeFiles/rviz.dir/ogre_helpers/object.cpp.o[0m
[ 17%] [32mBuilding CXX object src/rviz/CMakeFiles/rviz.dir/ogre_helpers/ogre_logging.cpp.o[0m
[ 17%] [32mBuilding CXX object src/rviz/CMakeFiles/rviz.dir/ogre_helpers/ogre_render_queue_clearer.cpp.o[0m
[ 18%] [32mBuilding CXX object src/rviz/CMakeFiles/rviz.dir/ogre_helpers/orthographic.cpp.o[0m
[ 18%] [32mBuilding CXX object src/rviz/CMakeFiles/rviz.dir/ogre_helpers/point_cloud.cpp.o[0m
[ 19%] [32mBuilding CXX object src/rviz/CMakeFiles/rviz.dir/ogre_helpers/qt_ogre_render_window.cpp.o[0m
[ 19%] [32mBuilding CXX object src/rviz/CMakeFiles/rviz.dir/ogre_helpers/render_system.cpp.o[0m
[ 19%] [32mBuilding CXX object src/rviz/CMakeFiles/rviz.dir/ogre_helpers/render_widget.cpp.o[0m
[ 21%] [32mBuilding CXX object src/rviz/CMakeFiles/rviz.dir/ogre_helpers/shape.cpp.o[0m
[ 21%] [32mBuilding CXX object src/rviz/CMakeFiles/rviz.dir/ogre_helpers/mesh_shape.cpp.o[0m
[ 21%] [32mBuilding CXX object src/rviz/CMakeFiles/rviz.dir/ogre_helpers/stl_loader.cpp.o[0m
[ 22%] [32mBuilding CXX object src/rviz/CMakeFiles/rviz.dir/panel.cpp.o[0m
[ 22%] [32mBuilding CXX object src/rviz/CMakeFiles/rviz.dir/panel_dock_widget.cpp.o[0m
[ 22%] [32mBuilding CXX object src/rviz/CMakeFiles/rviz.dir/panel_factory.cpp.o[0m
[ 23%] [32mBuilding CXX object src/rviz/CMakeFiles/rviz.dir/properties/bool_property.cpp.o[0m
[ 23%] [32mBuilding CXX object src/rviz/CMakeFiles/rviz.dir/properties/color_editor.cpp.o[0m
[ 25%] [32mBuilding CXX object src/rviz/CMakeFiles/rviz.dir/properties/color_property.cpp.o[0m
[ 25%] [32mBuilding CXX object src/rviz/CMakeFiles/rviz.dir/properties/combo_box.cpp.o[0m
[ 25%] [32mBuilding CXX object src/rviz/CMakeFiles/rviz.dir/properties/display_visibility_property.cpp.o[0m
[ 26%] [32mBuilding CXX object src/rviz/CMakeFiles/rviz.dir/properties/display_group_visibility_property.cpp.o[0m
[ 26%] [32mBuilding CXX object src/rviz/CMakeFiles/rviz.dir/properties/editable_combo_box.cpp.o[0m
[ 26%] [32mBuilding CXX object src/rviz/CMakeFiles/rviz.dir/properties/editable_enum_property.cpp.o[0m
[ 27%] [32mBuilding CXX object src/rviz/CMakeFiles/rviz.dir/properties/enum_property.cpp.o[0m
[ 27%] [32mBuilding CXX object src/rviz/CMakeFiles/rviz.dir/properties/float_edit.cpp.o[0m
[ 27%] [32mBuilding CXX object src/rviz/CMakeFiles/rviz.dir/properties/float_property.cpp.o[0m
[ 28%] [32mBuilding CXX object src/rviz/CMakeFiles/rviz.dir/properties/int_property.cpp.o[0m
[ 28%] [32mBuilding CXX object src/rviz/CMakeFiles/rviz.dir/properties/line_edit_with_button.cpp.o[0m
[ 30%] [32mBuilding CXX object src/rviz/CMakeFiles/rviz.dir/properties/parse_color.cpp.o[0m
[ 30%] [32mBuilding CXX object src/rviz/CMakeFiles/rviz.dir/properties/property.cpp.o[0m
[ 30%] [32mBuilding CXX object src/rviz/CMakeFiles/rviz.dir/properties/property_tree_delegate.cpp.o[0m
[ 31%] [32mBuilding CXX object src/rviz/CMakeFiles/rviz.dir/properties/property_tree_model.cpp.o[0m
[ 31%] [32mBuilding CXX object src/rviz/CMakeFiles/rviz.dir/properties/property_tree_widget.cpp.o[0m
[ 31%] [32mBuilding CXX object src/rviz/CMakeFiles/rviz.dir/properties/property_tree_with_help.cpp.o[0m
[ 32%] [32mBuilding CXX object src/rviz/CMakeFiles/rviz.dir/properties/quaternion_property.cpp.o[0m
[ 32%] [32mBuilding CXX object src/rviz/CMakeFiles/rviz.dir/properties/ros_topic_property.cpp.o[0m
[ 32%] [32mBuilding CXX object src/rviz/CMakeFiles/rviz.dir/properties/splitter_handle.cpp.o[0m
[ 34%] [32mBuilding CXX object src/rviz/CMakeFiles/rviz.dir/properties/status_list.cpp.o[0m
[ 34%] [32mBuilding CXX object src/rviz/CMakeFiles/rviz.dir/properties/status_property.cpp.o[0m
[ 35%] [32mBuilding CXX object src/rviz/CMakeFiles/rviz.dir/properties/string_property.cpp.o[0m
[ 35%] [32mBuilding CXX object src/rviz/CMakeFiles/rviz.dir/properties/tf_frame_property.cpp.o[0m
[ 35%] [32mBuilding CXX object src/rviz/CMakeFiles/rviz.dir/properties/vector_property.cpp.o[0m
[ 36%] [32mBuilding CXX object src/rviz/CMakeFiles/rviz.dir/render_panel.cpp.o[0m
[ 36%] [32mBuilding CXX object src/rviz/CMakeFiles/rviz.dir/robot/robot_link.cpp.o[0m
[ 36%] [32mBuilding CXX object src/rviz/CMakeFiles/rviz.dir/robot/robot_joint.cpp.o[0m
[ 38%] [32mBuilding CXX object src/rviz/CMakeFiles/rviz.dir/robot/robot.cpp.o[0m
[ 38%] [32mBuilding CXX object src/rviz/CMakeFiles/rviz.dir/robot/tf_link_updater.cpp.o[0m
[ 38%] [32mBuilding CXX object src/rviz/CMakeFiles/rviz.dir/scaled_image_widget.cpp.o[0m
[ 39%] [32mBuilding CXX object src/rviz/CMakeFiles/rviz.dir/screenshot_dialog.cpp.o[0m
[ 39%] [32mBuilding CXX object src/rviz/CMakeFiles/rviz.dir/selection_panel.cpp.o[0m
[ 39%] [32mBuilding CXX object src/rviz/CMakeFiles/rviz.dir/selection/selection_handler.cpp.o[0m
[ 40%] [32mBuilding CXX object src/rviz/CMakeFiles/rviz.dir/selection/selection_manager.cpp.o[0m
[ 40%] [32mBuilding CXX object src/rviz/CMakeFiles/rviz.dir/splash_screen.cpp.o[0m
[ 42%] [32mBuilding CXX object src/rviz/CMakeFiles/rviz.dir/time_panel.cpp.o[0m
[ 42%] [32mBuilding CXX object src/rviz/CMakeFiles/rviz.dir/tool.cpp.o[0m
[ 42%] [32mBuilding CXX object src/rviz/CMakeFiles/rviz.dir/tool_manager.cpp.o[0m
[ 43%] [32mBuilding CXX object src/rviz/CMakeFiles/rviz.dir/uniform_string_stream.cpp.o[0m
[ 43%] [32mBuilding CXX object src/rviz/CMakeFiles/rviz.dir/view_controller.cpp.o[0m
[ 43%] [32mBuilding CXX object src/rviz/CMakeFiles/rviz.dir/view_manager.cpp.o[0m
[ 44%] [32mBuilding CXX object src/rviz/CMakeFiles/rviz.dir/views_panel.cpp.o[0m
[ 44%] [32mBuilding CXX object src/rviz/CMakeFiles/rviz.dir/visualization_frame.cpp.o[0m
[ 44%] [32mBuilding CXX object src/rviz/CMakeFiles/rviz.dir/visualization_manager.cpp.o[0m
[ 46%] [32mBuilding CXX object src/rviz/CMakeFiles/rviz.dir/visualizer_app.cpp.o[0m
[ 46%] [32mBuilding CXX object src/rviz/CMakeFiles/rviz.dir/wait_for_master_dialog.cpp.o[0m
[ 47%] [32mBuilding CXX object src/rviz/CMakeFiles/rviz.dir/widget_geometry_change_detector.cpp.o[0m
[ 47%] [32mBuilding CXX object src/rviz/CMakeFiles/rviz.dir/tool_properties_panel.cpp.o[0m
[ 47%] [32mBuilding CXX object src/rviz/CMakeFiles/rviz.dir/yaml_config_reader.cpp.o[0m
[ 48%] [32mBuilding CXX object src/rviz/CMakeFiles/rviz.dir/yaml_config_writer.cpp.o[0m
[ 48%] [32mBuilding CXX object src/rviz/CMakeFiles/rviz.dir/env_config.cpp.o[0m
[ 48%] [32mBuilding CXX object src/rviz/CMakeFiles/rviz.dir/rviz_autogen/mocs_compilation.cpp.o[0m
[1m/Users/jaymingwong/Documents/code/ros-install-osx/kinetic_desktop_full_ws/src/rviz/src/rviz/visualizer_app.cpp:121:3: [0m[0;1;35mwarning: [0m[1m'GetCurrentProcess' is deprecated: first deprecated in macOS 10.9 [-Wdeprecated-declarations][0m
  GetCurrentProcess(&PSN);
[0;1;32m  ^
[0m[1m/System/Library/Frameworks/ApplicationServices.framework/Frameworks/HIServices.framework/Headers/Processes.h:415:1: [0m[0;1;30mnote: [0m'GetCurrentProcess' has been explicitly marked deprecated here[0m
MacGetCurrentProcess(ProcessSerialNumber * PSN)               AVAILABLE_MAC_OS_X_VERSION_10_0_AND_LATER_BUT_DEPRECATED_IN_MAC_OS_X_VERSION_10_9;
[0;1;32m^
[0m[1m/System/Library/Frameworks/ApplicationServices.framework/Frameworks/HIServices.framework/Headers/Processes.h:412:34: [0m[0;1;30mnote: [0mexpanded from macro 'MacGetCurrentProcess'[0m
    #define MacGetCurrentProcess GetCurrentProcess
[0;1;32m                                 ^
[0m[1m/Users/jaymingwong/Documents/code/ros-install-osx/kinetic_desktop_full_ws/src/rviz/src/rviz/visualizer_app.cpp:123:3: [0m[0;1;35mwarning: [0m[1m'SetFrontProcess' is deprecated: first deprecated in macOS 10.9 [-Wdeprecated-declarations][0m
  SetFrontProcess(&PSN);
[0;1;32m  ^
[0m[1m/System/Library/Frameworks/ApplicationServices.framework/Frameworks/HIServices.framework/Headers/Processes.h:603:1: [0m[0;1;30mnote: [0m'SetFrontProcess' has been explicitly marked deprecated here[0m
SetFrontProcess(const ProcessSerialNumber * PSN)              AVAILABLE_MAC_OS_X_VERSION_10_0_AND_LATER_BUT_DEPRECATED_IN_MAC_OS_X_VERSION_10_9;
[0;1;32m^
[0m2 warnings generated.
[ 50%] [32m[1mLinking CXX shared library /Users/jaymingwong/Documents/code/ros-install-osx/kinetic_desktop_full_ws/devel/.private/rviz/lib/librviz.dylib[0m
[ 50%] Built target rviz
[35m[1mScanning dependencies of target rviz_default_plugin_autogen[0m
[35m[1mScanning dependencies of target executable_autogen[0m
[35m[1mScanning dependencies of target new_display_dialog_test_autogen[0m
[35m[1mScanning dependencies of target render_points_test_autogen[0m
[35m[1mScanning dependencies of target rviz_image_view_autogen[0m
[35m[1mScanning dependencies of target color_editor_test_autogen[0m
[35m[1mScanning dependencies of target two_render_widgets_autogen[0m
[35m[1mScanning dependencies of target line_edit_with_button_test_autogen[0m
[ 50%] [34m[1mAutomatic MOC for target new_display_dialog_test[0m
[ 50%] [34m[1mAutomatic MOC for target color_editor_test[0m
[ 51%] [34m[1mAutomatic MOC for target render_points_test[0m
[ 51%] [34m[1mAutomatic MOC for target rviz_image_view[0m
[ 52%] [34m[1mAutomatic MOC for target two_render_widgets[0m
[ 52%] [34m[1mAutomatic MOC for target line_edit_with_button_test[0m
[ 52%] [34m[1mAutomatic MOC for target executable[0m
[ 52%] [34m[1mAutomatic MOC for target rviz_default_plugin[0m
[ 52%] Built target color_editor_test_autogen
[ 52%] Built target new_display_dialog_test_autogen
[ 52%] Built target two_render_widgets_autogen
[ 52%] Built target line_edit_with_button_test_autogen
[ 52%] Built target executable_autogen
[35m[1mScanning dependencies of target render_panel_test_autogen[0m
[ 52%] Built target rviz_image_view_autogen
[35m[1mScanning dependencies of target librviz_sip[0m
[35m[1mScanning dependencies of target two_render_widgets[0m
[35m[1mScanning dependencies of target color_editor_test[0m
[35m[1mScanning dependencies of target new_display_dialog_test[0m
[ 53%] [34m[1mAutomatic MOC for target render_panel_test[0m
[ 53%] [34m[1mRunning SIP generator for rviz_sip Python bindings...[0m
[35m[1mScanning dependencies of target line_edit_with_button_test[0m
[ 53%] [32mBuilding CXX object src/test/CMakeFiles/color_editor_test.dir/color_editor_test.cpp.o[0m
[ 55%] [32mBuilding CXX object src/test/CMakeFiles/line_edit_with_button_test.dir/line_edit_with_button_test.cpp.o[0m
[ 55%] Built target render_panel_test_autogen
[ 56%] [32mBuilding CXX object src/test/CMakeFiles/color_editor_test.dir/color_editor_test_autogen/mocs_compilation.cpp.o[0m
[ 56%] [32mBuilding CXX object src/test/CMakeFiles/line_edit_with_button_test.dir/line_edit_with_button_test_autogen/mocs_compilation.cpp.o[0m
[35m[1mScanning dependencies of target executable[0m
[ 56%] Built target render_points_test_autogen
[35m[1mScanning dependencies of target rviz_image_view[0m
[ 56%] [32mBuilding CXX object src/rviz/CMakeFiles/executable.dir/main.cpp.o[0m
[ 57%] [32mBuilding CXX object src/test/CMakeFiles/two_render_widgets.dir/two_render_widgets.cpp.o[0m
[ 57%] [32mBuilding CXX object src/test/CMakeFiles/new_display_dialog_test.dir/new_display_dialog_test.cpp.o[0m
[ 59%] [32mBuilding CXX object src/image_view/CMakeFiles/rviz_image_view.dir/image_view.cpp.o[0m
[ 60%] [32m[1mLinking CXX executable /Users/jaymingwong/Documents/code/ros-install-osx/kinetic_desktop_full_ws/devel/.private/rviz/lib/rviz/line_edit_with_button_test[0m
[ 60%] [32m[1mLinking CXX executable /Users/jaymingwong/Documents/code/ros-install-osx/kinetic_desktop_full_ws/devel/.private/rviz/lib/rviz/color_editor_test[0m
[ 60%] Built target color_editor_test
[ 61%] [32mBuilding CXX object src/rviz/CMakeFiles/executable.dir/executable_autogen/mocs_compilation.cpp.o[0m
[ 61%] [32mBuilding CXX object src/test/CMakeFiles/two_render_widgets.dir/two_render_widgets_autogen/mocs_compilation.cpp.o[0m
[ 63%] [32mBuilding CXX object src/test/CMakeFiles/new_display_dialog_test.dir/new_display_dialog_test_autogen/mocs_compilation.cpp.o[0m
[ 63%] [32mBuilding CXX object src/image_view/CMakeFiles/rviz_image_view.dir/main.cpp.o[0m
[ 63%] Built target line_edit_with_button_test
[ 63%] [32mBuilding CXX object src/image_view/CMakeFiles/rviz_image_view.dir/rviz_image_view_autogen/mocs_compilation.cpp.o[0m
[ 63%] [32m[1mLinking CXX executable /Users/jaymingwong/Documents/code/ros-install-osx/kinetic_desktop_full_ws/devel/.private/rviz/lib/rviz/rviz[0m
[ 63%] Built target executable
[35m[1mScanning dependencies of target render_points_test[0m
[ 63%] [32mBuilding CXX object src/test/CMakeFiles/render_points_test.dir/render_points_test.cpp.o[0m
[ 63%] [32m[1mLinking CXX executable /Users/jaymingwong/Documents/code/ros-install-osx/kinetic_desktop_full_ws/devel/.private/rviz/lib/rviz/two_render_widgets[0m
[ 63%] Built target two_render_widgets
[ 63%] [32mBuilding CXX object src/test/CMakeFiles/render_points_test.dir/__/rviz/ogre_helpers/orbit_camera.cpp.o[0m
[ 63%] [34m[1mCompiling generated code for rviz_sip Python bindings...[0m
[1m/Users/jaymingwong/Documents/code/ros-install-osx/kinetic_desktop_full_ws/src/rviz/src/image_view/main.cpp:50:3: [0m[0;1;35mwarning: [0m[1m'GetCurrentProcess' is deprecated: first deprecated in macOS 10.9 [-Wdeprecated-declarations][0m
  GetCurrentProcess(&PSN);
[0;1;32m  ^
[0m[1m/System/Library/Frameworks/ApplicationServices.framework/Frameworks/HIServices.framework/Headers/Processes.h:415:1: [0m[0;1;30mnote: [0m'GetCurrentProcess' has been explicitly marked deprecated here[0m
MacGetCurrentProcess(ProcessSerialNumber * PSN)               AVAILABLE_MAC_OS_X_VERSION_10_0_AND_LATER_BUT_DEPRECATED_IN_MAC_OS_X_VERSION_10_9;
[0;1;32m^
[0m[1m/System/Library/Frameworks/ApplicationServices.framework/Frameworks/HIServices.framework/Headers/Processes.h:412:34: [0m[0;1;30mnote: [0mexpanded from macro 'MacGetCurrentProcess'[0m
    #define MacGetCurrentProcess GetCurrentProcess
[0;1;32m                                 ^
[0m[1m/Users/jaymingwong/Documents/code/ros-install-osx/kinetic_desktop_full_ws/src/rviz/src/image_view/main.cpp:52:3: [0m[0;1;35mwarning: [0m[1m'SetFrontProcess' is deprecated: first deprecated in macOS 10.9 [-Wdeprecated-declarations][0m
  SetFrontProcess(&PSN);
[0;1;32m  ^
[0m[1m/System/Library/Frameworks/ApplicationServices.framework/Frameworks/HIServices.framework/Headers/Processes.h:603:1: [0m[0;1;30mnote: [0m'SetFrontProcess' has been explicitly marked deprecated here[0m
SetFrontProcess(const ProcessSerialNumber * PSN)              AVAILABLE_MAC_OS_X_VERSION_10_0_AND_LATER_BUT_DEPRECATED_IN_MAC_OS_X_VERSION_10_9;
[0;1;32m^
[35m[1mScanning dependencies of target render_panel_test[0m
[0m2 warnings generated.
[ 64%] [32mBuilding CXX object src/test/CMakeFiles/render_points_test.dir/render_points_test_autogen/mocs_compilation.cpp.o[0m
[ 64%] [32m[1mLinking CXX executable /Users/jaymingwong/Documents/code/ros-install-osx/kinetic_desktop_full_ws/devel/.private/rviz/lib/rviz/new_display_dialog_test[0m
[ 64%] Built target new_display_dialog_test
[ 64%] Built target rviz_default_plugin_autogen
[ 65%] [32mBuilding CXX object src/test/CMakeFiles/render_panel_test.dir/render_panel_test.cpp.o[0m
[ 67%] [32m[1mLinking CXX executable /Users/jaymingwong/Documents/code/ros-install-osx/kinetic_desktop_full_ws/devel/.private/rviz/lib/rviz/image_view[0m
[ 67%] Built target rviz_image_view
[ 67%] [32mBuilding CXX object src/test/CMakeFiles/render_panel_test.dir/render_panel_test_autogen/mocs_compilation.cpp.o[0m
[35m[1mScanning dependencies of target rviz_default_plugin[0m
In file included from tool_manager.sip:8:
In file included from /Users/jaymingwong/Documents/code/ros-install-osx/kinetic_desktop_full_ws/src/rviz/src/rviz/tool_manager.h:36:
In file included from /Users/jaymingwong/Documents/code/ros-install-osx/kinetic_desktop_full_ws/src/rviz/src/rviz/pluginlib_factory.h:40:
In file included from /opt/ros/kinetic/include/pluginlib/class_loader.h:35:
In file included from /opt/ros/kinetic/include/pluginlib/./class_loader.hpp:350:
[1m/opt/ros/kinetic/include/pluginlib/./class_loader_imp.hpp:68:26: [0m[0;1;35mwarning: [0m[1mfunction 'catkinFindLib' is not needed and will not be emitted [-Wunneeded-internal-declaration][0m
std::vector<std::string> catkinFindLib()
[0;1;32m                         ^
[0m1 warning generated.
[ 67%] [32m[1mLinking CXX executable /Users/jaymingwong/Documents/code/ros-install-osx/kinetic_desktop_full_ws/devel/.private/rviz/lib/rviz/render_points_test[0m
[ 67%] Built target render_points_test
In file included from tool_manager.sip:8:
In file included from /Users/jaymingwong/Documents/code/ros-install-osx/kinetic_desktop_full_ws/src/rviz/src/rviz/tool_manager.h:36:
In file included from /Users/jaymingwong/Documents/code/ros-install-osx/kinetic_desktop_full_ws/src/rviz/src/rviz/pluginlib_factory.h:40:
In file included from /opt/ros/kinetic/include/pluginlib/class_loader.h:35:
In file included from /opt/ros/kinetic/include/pluginlib/./class_loader.hpp:350:
[1m/opt/ros/kinetic/include/pluginlib/./class_loader_imp.hpp:68:26: [0m[0;1;35mwarning: [0m[1mfunction 'catkinFindLib' is not needed and will not be emitted [-Wunneeded-internal-declaration][0m
std::vector<std::string> catkinFindLib()
[0;1;32m                         ^
[ 67%] [32m[1mLinking CXX executable /Users/jaymingwong/Documents/code/ros-install-osx/kinetic_desktop_full_ws/devel/.private/rviz/lib/rviz/render_panel_test[0m
[0m1 warning generated.
[ 67%] Built target render_panel_test
In file included from view_manager.sip:8:
In file included from /Users/jaymingwong/Documents/code/ros-install-osx/kinetic_desktop_full_ws/src/rviz/src/rviz/view_manager.h:36:
In file included from /Users/jaymingwong/Documents/code/ros-install-osx/kinetic_desktop_full_ws/src/rviz/src/rviz/pluginlib_factory.h:40:
In file included from /opt/ros/kinetic/include/pluginlib/class_loader.h:35:
In file included from /opt/ros/kinetic/include/pluginlib/./class_loader.hpp:350:
[1m/opt/ros/kinetic/include/pluginlib/./class_loader_imp.hpp:68:26: [0m[0;1;35mwarning: [0m[1mfunction 'catkinFindLib' is not needed and will not be emitted [-Wunneeded-internal-declaration][0m
std::vector<std::string> catkinFindLib()
[0;1;32m                         ^
[0m1 warning generated.
[ 67%] [32mBuilding CXX object src/rviz/default_plugin/CMakeFiles/rviz_default_plugin.dir/axes_display.cpp.o[0m
[ 68%] [32mBuilding CXX object src/rviz/default_plugin/CMakeFiles/rviz_default_plugin.dir/camera_display.cpp.o[0m
[ 68%] [32mBuilding CXX object src/rviz/default_plugin/CMakeFiles/rviz_default_plugin.dir/covariance_visual.cpp.o[0m
[ 69%] [32mBuilding CXX object src/rviz/default_plugin/CMakeFiles/rviz_default_plugin.dir/covariance_property.cpp.o[0m
[ 69%] [32mBuilding CXX object src/rviz/default_plugin/CMakeFiles/rviz_default_plugin.dir/depth_cloud_mld.cpp.o[0m
[ 69%] [32mBuilding CXX object src/rviz/default_plugin/CMakeFiles/rviz_default_plugin.dir/depth_cloud_display.cpp.o[0m
[ 71%] [32mBuilding CXX object src/rviz/default_plugin/CMakeFiles/rviz_default_plugin.dir/effort_display.cpp.o[0m
In file included from view_manager.sip:8:
In file included from /Users/jaymingwong/Documents/code/ros-install-osx/kinetic_desktop_full_ws/src/rviz/src/rviz/view_manager.h:36:
In file included from /Users/jaymingwong/Documents/code/ros-install-osx/kinetic_desktop_full_ws/src/rviz/src/rviz/pluginlib_factory.h:40:
In file included from /opt/ros/kinetic/include/pluginlib/class_loader.h:35:
In file included from /opt/ros/kinetic/include/pluginlib/./class_loader.hpp:350:
[1m/opt/ros/kinetic/include/pluginlib/./class_loader_imp.hpp:68:26: [0m[0;1;35mwarning: [0m[1mfunction 'catkinFindLib' is not needed and will not be emitted [-Wunneeded-internal-declaration][0m
std::vector<std::string> catkinFindLib()
[0;1;32m                         ^
[0m1 warning generated.
ld: warning: directory not found for option '-F0'
[ 72%] [34m[1mMeta target for rviz_sip Python bindings...[0m
[ 72%] Built target librviz_sip
[ 72%] [32mBuilding CXX object src/rviz/default_plugin/CMakeFiles/rviz_default_plugin.dir/effort_visual.cpp.o[0m
[ 72%] [32mBuilding CXX object src/rviz/default_plugin/CMakeFiles/rviz_default_plugin.dir/fluid_pressure_display.cpp.o[0m
[ 73%] [32mBuilding CXX object src/rviz/default_plugin/CMakeFiles/rviz_default_plugin.dir/grid_cells_display.cpp.o[0m
[ 73%] [32mBuilding CXX object src/rviz/default_plugin/CMakeFiles/rviz_default_plugin.dir/grid_display.cpp.o[0m
[ 73%] [32mBuilding CXX object src/rviz/default_plugin/CMakeFiles/rviz_default_plugin.dir/illuminance_display.cpp.o[0m
[ 75%] [32mBuilding CXX object src/rviz/default_plugin/CMakeFiles/rviz_default_plugin.dir/image_display.cpp.o[0m
[ 75%] [32mBuilding CXX object src/rviz/default_plugin/CMakeFiles/rviz_default_plugin.dir/interactive_marker_display.cpp.o[0m
[ 76%] [32mBuilding CXX object src/rviz/default_plugin/CMakeFiles/rviz_default_plugin.dir/interactive_markers/integer_action.cpp.o[0m
[ 76%] [32mBuilding CXX object src/rviz/default_plugin/CMakeFiles/rviz_default_plugin.dir/interactive_markers/interactive_marker_control.cpp.o[0m
[ 76%] [32mBuilding CXX object src/rviz/default_plugin/CMakeFiles/rviz_default_plugin.dir/interactive_markers/interactive_marker.cpp.o[0m
[ 77%] [32mBuilding CXX object src/rviz/default_plugin/CMakeFiles/rviz_default_plugin.dir/laser_scan_display.cpp.o[0m
[ 77%] [32mBuilding CXX object src/rviz/default_plugin/CMakeFiles/rviz_default_plugin.dir/map_display.cpp.o[0m
[ 77%] [32mBuilding CXX object src/rviz/default_plugin/CMakeFiles/rviz_default_plugin.dir/marker_array_display.cpp.o[0m
[ 78%] [32mBuilding CXX object src/rviz/default_plugin/CMakeFiles/rviz_default_plugin.dir/marker_display.cpp.o[0m
[ 78%] [32mBuilding CXX object src/rviz/default_plugin/CMakeFiles/rviz_default_plugin.dir/markers/arrow_marker.cpp.o[0m
[ 78%] [32mBuilding CXX object src/rviz/default_plugin/CMakeFiles/rviz_default_plugin.dir/markers/line_list_marker.cpp.o[0m
[ 80%] [32mBuilding CXX object src/rviz/default_plugin/CMakeFiles/rviz_default_plugin.dir/markers/line_strip_marker.cpp.o[0m
[ 80%] [32mBuilding CXX object src/rviz/default_plugin/CMakeFiles/rviz_default_plugin.dir/markers/marker_base.cpp.o[0m
[1m/Users/jaymingwong/Documents/code/ros-install-osx/kinetic_desktop_full_ws/src/rviz/src/rviz/default_plugin/map_display.cpp:212:3: [0m[0;1;35mwarning: [0m[1m'delete' applied to a pointer that was allocated with 'new[]'; did you mean 'delete[]'? [-Wmismatched-new-delete][0m
  delete pixels;
[0;1;32m  ^
[0m[0;32m        []
[0m[1m/Users/jaymingwong/Documents/code/ros-install-osx/kinetic_desktop_full_ws/src/rviz/src/rviz/default_plugin/map_display.cpp:182:27: [0m[0;1;30mnote: [0mallocated with 'new[]' here[0m
  unsigned char* pixels = new unsigned char[pixels_size];
[0;1;32m                          ^
[ 81%] [32mBuilding CXX object src/rviz/default_plugin/CMakeFiles/rviz_default_plugin.dir/markers/marker_selection_handler.cpp.o[0m
[ 81%] [32mBuilding CXX object src/rviz/default_plugin/CMakeFiles/rviz_default_plugin.dir/markers/mesh_resource_marker.cpp.o[0m
[ 81%] [32mBuilding CXX object src/rviz/default_plugin/CMakeFiles/rviz_default_plugin.dir/markers/points_marker.cpp.o[0m
[0m1 warning generated.
[ 82%] [32mBuilding CXX object src/rviz/default_plugin/CMakeFiles/rviz_default_plugin.dir/markers/shape_marker.cpp.o[0m
[ 82%] [32mBuilding CXX object src/rviz/default_plugin/CMakeFiles/rviz_default_plugin.dir/markers/text_view_facing_marker.cpp.o[0m
[ 82%] [32mBuilding CXX object src/rviz/default_plugin/CMakeFiles/rviz_default_plugin.dir/markers/triangle_list_marker.cpp.o[0m
[ 84%] [32mBuilding CXX object src/rviz/default_plugin/CMakeFiles/rviz_default_plugin.dir/odometry_display.cpp.o[0m
[ 84%] [32mBuilding CXX object src/rviz/default_plugin/CMakeFiles/rviz_default_plugin.dir/path_display.cpp.o[0m
[ 84%] [32mBuilding CXX object src/rviz/default_plugin/CMakeFiles/rviz_default_plugin.dir/point_display.cpp.o[0m
[ 85%] [32mBuilding CXX object src/rviz/default_plugin/CMakeFiles/rviz_default_plugin.dir/point_visual.cpp.o[0m
[ 85%] [32mBuilding CXX object src/rviz/default_plugin/CMakeFiles/rviz_default_plugin.dir/point_cloud2_display.cpp.o[0m
[ 86%] [32mBuilding CXX object src/rviz/default_plugin/CMakeFiles/rviz_default_plugin.dir/point_cloud_common.cpp.o[0m
[ 86%] [32mBuilding CXX object src/rviz/default_plugin/CMakeFiles/rviz_default_plugin.dir/point_cloud_display.cpp.o[0m
[ 86%] [32mBuilding CXX object src/rviz/default_plugin/CMakeFiles/rviz_default_plugin.dir/point_cloud_transformers.cpp.o[0m
[ 88%] [32mBuilding CXX object src/rviz/default_plugin/CMakeFiles/rviz_default_plugin.dir/polygon_display.cpp.o[0m
[ 88%] [32mBuilding CXX object src/rviz/default_plugin/CMakeFiles/rviz_default_plugin.dir/pose_array_display.cpp.o[0m
[ 88%] [32mBuilding CXX object src/rviz/default_plugin/CMakeFiles/rviz_default_plugin.dir/pose_display.cpp.o[0m
[ 89%] [32mBuilding CXX object src/rviz/default_plugin/CMakeFiles/rviz_default_plugin.dir/pose_with_covariance_display.cpp.o[0m
[ 89%] [32mBuilding CXX object src/rviz/default_plugin/CMakeFiles/rviz_default_plugin.dir/range_display.cpp.o[0m
[ 89%] [32mBuilding CXX object src/rviz/default_plugin/CMakeFiles/rviz_default_plugin.dir/relative_humidity_display.cpp.o[0m
[ 90%] [32mBuilding CXX object src/rviz/default_plugin/CMakeFiles/rviz_default_plugin.dir/robot_model_display.cpp.o[0m
[ 90%] [32mBuilding CXX object src/rviz/default_plugin/CMakeFiles/rviz_default_plugin.dir/temperature_display.cpp.o[0m
[ 90%] [32mBuilding CXX object src/rviz/default_plugin/CMakeFiles/rviz_default_plugin.dir/tf_display.cpp.o[0m
[ 92%] [32mBuilding CXX object src/rviz/default_plugin/CMakeFiles/rviz_default_plugin.dir/tools/focus_tool.cpp.o[0m
[ 92%] [32mBuilding CXX object src/rviz/default_plugin/CMakeFiles/rviz_default_plugin.dir/tools/measure_tool.cpp.o[0m
[ 93%] [32mBuilding CXX object src/rviz/default_plugin/CMakeFiles/rviz_default_plugin.dir/tools/move_tool.cpp.o[0m
[ 93%] [32mBuilding CXX object src/rviz/default_plugin/CMakeFiles/rviz_default_plugin.dir/tools/point_tool.cpp.o[0m
[ 93%] [32mBuilding CXX object src/rviz/default_plugin/CMakeFiles/rviz_default_plugin.dir/tools/pose_tool.cpp.o[0m
[ 94%] [32mBuilding CXX object src/rviz/default_plugin/CMakeFiles/rviz_default_plugin.dir/tools/goal_tool.cpp.o[0m
[ 94%] [32mBuilding CXX object src/rviz/default_plugin/CMakeFiles/rviz_default_plugin.dir/tools/initial_pose_tool.cpp.o[0m
[ 94%] [32mBuilding CXX object src/rviz/default_plugin/CMakeFiles/rviz_default_plugin.dir/tools/selection_tool.cpp.o[0m
[ 96%] [32mBuilding CXX object src/rviz/default_plugin/CMakeFiles/rviz_default_plugin.dir/tools/interaction_tool.cpp.o[0m
[ 96%] [32mBuilding CXX object src/rviz/default_plugin/CMakeFiles/rviz_default_plugin.dir/view_controllers/orbit_view_controller.cpp.o[0m
[ 96%] [32mBuilding CXX object src/rviz/default_plugin/CMakeFiles/rviz_default_plugin.dir/view_controllers/xy_orbit_view_controller.cpp.o[0m
[ 97%] [32mBuilding CXX object src/rviz/default_plugin/CMakeFiles/rviz_default_plugin.dir/view_controllers/third_person_follower_view_controller.cpp.o[0m
[ 97%] [32mBuilding CXX object src/rviz/default_plugin/CMakeFiles/rviz_default_plugin.dir/view_controllers/fixed_orientation_ortho_view_controller.cpp.o[0m
[ 98%] [32mBuilding CXX object src/rviz/default_plugin/CMakeFiles/rviz_default_plugin.dir/view_controllers/fps_view_controller.cpp.o[0m
[ 98%] [32mBuilding CXX object src/rviz/default_plugin/CMakeFiles/rviz_default_plugin.dir/wrench_display.cpp.o[0m
[ 98%] [32mBuilding CXX object src/rviz/default_plugin/CMakeFiles/rviz_default_plugin.dir/wrench_visual.cpp.o[0m
[100%] [32mBuilding CXX object src/rviz/default_plugin/CMakeFiles/rviz_default_plugin.dir/rviz_default_plugin_autogen/mocs_compilation.cpp.o[0m
[100%] [32m[1mLinking CXX shared library /Users/jaymingwong/Documents/code/ros-install-osx/kinetic_desktop_full_ws/devel/.private/rviz/lib/librviz_default_plugin.dylib[0m
[100%] Built target rviz_default_plugin
