Linked: (/Users/jaymingwong/Documents/code/ros-install-osx/kinetic_desktop_full_ws/devel/.private/rviz/bin/sip/rviz_sip/Makefile, /Users/jaymingwong/Documents/code/ros-install-osx/kinetic_desktop_full_ws/devel/bin/sip/rviz_sip/Makefile)
Linked: (/Users/jaymingwong/Documents/code/ros-install-osx/kinetic_desktop_full_ws/devel/.private/rviz/bin/sip/rviz_sip/pyqtscripting.sbf, /Users/jaymingwong/Documents/code/ros-install-osx/kinetic_desktop_full_ws/devel/bin/sip/rviz_sip/pyqtscripting.sbf)
Linked: (/Users/jaymingwong/Documents/code/ros-install-osx/kinetic_desktop_full_ws/devel/.private/rviz/bin/sip/rviz_sip/sipAPIlibrviz_sip.h, /Users/jaymingwong/Documents/code/ros-install-osx/kinetic_desktop_full_ws/devel/bin/sip/rviz_sip/sipAPIlibrviz_sip.h)
Linked: (/Users/jaymingwong/Documents/code/ros-install-osx/kinetic_desktop_full_ws/devel/.private/rviz/bin/sip/rviz_sip/siplibrviz_sipcmodule.cpp, /Users/jaymingwong/Documents/code/ros-install-osx/kinetic_desktop_full_ws/devel/bin/sip/rviz_sip/siplibrviz_sipcmodule.cpp)
Linked: (/Users/jaymingwong/Documents/code/ros-install-osx/kinetic_desktop_full_ws/devel/.private/rviz/bin/sip/rviz_sip/siplibrviz_sipcmodule.o, /Users/jaymingwong/Documents/code/ros-install-osx/kinetic_desktop_full_ws/devel/bin/sip/rviz_sip/siplibrviz_sipcmodule.o)
Linked: (/Users/jaymingwong/Documents/code/ros-install-osx/kinetic_desktop_full_ws/devel/.private/rviz/bin/sip/rviz_sip/siplibrviz_siprviz.cpp, /Users/jaymingwong/Documents/code/ros-install-osx/kinetic_desktop_full_ws/devel/bin/sip/rviz_sip/siplibrviz_siprviz.cpp)
Linked: (/Users/jaymingwong/Documents/code/ros-install-osx/kinetic_desktop_full_ws/devel/.private/rviz/bin/sip/rviz_sip/siplibrviz_siprviz.o, /Users/jaymingwong/Documents/code/ros-install-osx/kinetic_desktop_full_ws/devel/bin/sip/rviz_sip/siplibrviz_siprviz.o)
Linked: (/Users/jaymingwong/Documents/code/ros-install-osx/kinetic_desktop_full_ws/devel/.private/rviz/bin/sip/rviz_sip/siplibrviz_siprvizBoolProperty.cpp, /Users/jaymingwong/Documents/code/ros-install-osx/kinetic_desktop_full_ws/devel/bin/sip/rviz_sip/siplibrviz_siprvizBoolProperty.cpp)
Linked: (/Users/jaymingwong/Documents/code/ros-install-osx/kinetic_desktop_full_ws/devel/.private/rviz/bin/sip/rviz_sip/siplibrviz_siprvizBoolProperty.o, /Users/jaymingwong/Documents/code/ros-install-osx/kinetic_desktop_full_ws/devel/bin/sip/rviz_sip/siplibrviz_siprvizBoolProperty.o)
Linked: (/Users/jaymingwong/Documents/code/ros-install-osx/kinetic_desktop_full_ws/devel/.private/rviz/bin/sip/rviz_sip/siplibrviz_siprvizConfig.cpp, /Users/jaymingwong/Documents/code/ros-install-osx/kinetic_desktop_full_ws/devel/bin/sip/rviz_sip/siplibrviz_siprvizConfig.cpp)
Linked: (/Users/jaymingwong/Documents/code/ros-install-osx/kinetic_desktop_full_ws/devel/.private/rviz/bin/sip/rviz_sip/siplibrviz_siprvizConfig.o, /Users/jaymingwong/Documents/code/ros-install-osx/kinetic_desktop_full_ws/devel/bin/sip/rviz_sip/siplibrviz_siprvizConfig.o)
Linked: (/Users/jaymingwong/Documents/code/ros-install-osx/kinetic_desktop_full_ws/devel/.private/rviz/bin/sip/rviz_sip/siplibrviz_siprvizConfigMapIterator.cpp, /Users/jaymingwong/Documents/code/ros-install-osx/kinetic_desktop_full_ws/devel/bin/sip/rviz_sip/siplibrviz_siprvizConfigMapIterator.cpp)
Linked: (/Users/jaymingwong/Documents/code/ros-install-osx/kinetic_desktop_full_ws/devel/.private/rviz/bin/sip/rviz_sip/siplibrviz_siprvizConfigMapIterator.o, /Users/jaymingwong/Documents/code/ros-install-osx/kinetic_desktop_full_ws/devel/bin/sip/rviz_sip/siplibrviz_siprvizConfigMapIterator.o)
Linked: (/Users/jaymingwong/Documents/code/ros-install-osx/kinetic_desktop_full_ws/devel/.private/rviz/bin/sip/rviz_sip/siplibrviz_siprvizDisplay.cpp, /Users/jaymingwong/Documents/code/ros-install-osx/kinetic_desktop_full_ws/devel/bin/sip/rviz_sip/siplibrviz_siprvizDisplay.cpp)
Linked: (/Users/jaymingwong/Documents/code/ros-install-osx/kinetic_desktop_full_ws/devel/.private/rviz/bin/sip/rviz_sip/siplibrviz_siprvizDisplay.o, /Users/jaymingwong/Documents/code/ros-install-osx/kinetic_desktop_full_ws/devel/bin/sip/rviz_sip/siplibrviz_siprvizDisplay.o)
Linked: (/Users/jaymingwong/Documents/code/ros-install-osx/kinetic_desktop_full_ws/devel/.private/rviz/bin/sip/rviz_sip/siplibrviz_siprvizDisplayGroup.cpp, /Users/jaymingwong/Documents/code/ros-install-osx/kinetic_desktop_full_ws/devel/bin/sip/rviz_sip/siplibrviz_siprvizDisplayGroup.cpp)
Linked: (/Users/jaymingwong/Documents/code/ros-install-osx/kinetic_desktop_full_ws/devel/.private/rviz/bin/sip/rviz_sip/siplibrviz_siprvizDisplayGroup.o, /Users/jaymingwong/Documents/code/ros-install-osx/kinetic_desktop_full_ws/devel/bin/sip/rviz_sip/siplibrviz_siprvizDisplayGroup.o)
Linked: (/Users/jaymingwong/Documents/code/ros-install-osx/kinetic_desktop_full_ws/devel/.private/rviz/bin/sip/rviz_sip/siplibrviz_siprvizOgreLogging.cpp, /Users/jaymingwong/Documents/code/ros-install-osx/kinetic_desktop_full_ws/devel/bin/sip/rviz_sip/siplibrviz_siprvizOgreLogging.cpp)
Linked: (/Users/jaymingwong/Documents/code/ros-install-osx/kinetic_desktop_full_ws/devel/.private/rviz/bin/sip/rviz_sip/siplibrviz_siprvizOgreLogging.o, /Users/jaymingwong/Documents/code/ros-install-osx/kinetic_desktop_full_ws/devel/bin/sip/rviz_sip/siplibrviz_siprvizOgreLogging.o)
Linked: (/Users/jaymingwong/Documents/code/ros-install-osx/kinetic_desktop_full_ws/devel/.private/rviz/bin/sip/rviz_sip/siplibrviz_siprvizPanelDockWidget.cpp, /Users/jaymingwong/Documents/code/ros-install-osx/kinetic_desktop_full_ws/devel/bin/sip/rviz_sip/siplibrviz_siprvizPanelDockWidget.cpp)
Linked: (/Users/jaymingwong/Documents/code/ros-install-osx/kinetic_desktop_full_ws/devel/.private/rviz/bin/sip/rviz_sip/siplibrviz_siprvizPanelDockWidget.o, /Users/jaymingwong/Documents/code/ros-install-osx/kinetic_desktop_full_ws/devel/bin/sip/rviz_sip/siplibrviz_siprvizPanelDockWidget.o)
Linked: (/Users/jaymingwong/Documents/code/ros-install-osx/kinetic_desktop_full_ws/devel/.private/rviz/bin/sip/rviz_sip/siplibrviz_siprvizProperty.cpp, /Users/jaymingwong/Documents/code/ros-install-osx/kinetic_desktop_full_ws/devel/bin/sip/rviz_sip/siplibrviz_siprvizProperty.cpp)
Linked: (/Users/jaymingwong/Documents/code/ros-install-osx/kinetic_desktop_full_ws/devel/.private/rviz/bin/sip/rviz_sip/siplibrviz_siprvizProperty.o, /Users/jaymingwong/Documents/code/ros-install-osx/kinetic_desktop_full_ws/devel/bin/sip/rviz_sip/siplibrviz_siprvizProperty.o)
Linked: (/Users/jaymingwong/Documents/code/ros-install-osx/kinetic_desktop_full_ws/devel/.private/rviz/bin/sip/rviz_sip/siplibrviz_siprvizTool.cpp, /Users/jaymingwong/Documents/code/ros-install-osx/kinetic_desktop_full_ws/devel/bin/sip/rviz_sip/siplibrviz_siprvizTool.cpp)
Linked: (/Users/jaymingwong/Documents/code/ros-install-osx/kinetic_desktop_full_ws/devel/.private/rviz/bin/sip/rviz_sip/siplibrviz_siprvizTool.o, /Users/jaymingwong/Documents/code/ros-install-osx/kinetic_desktop_full_ws/devel/bin/sip/rviz_sip/siplibrviz_siprvizTool.o)
Linked: (/Users/jaymingwong/Documents/code/ros-install-osx/kinetic_desktop_full_ws/devel/.private/rviz/bin/sip/rviz_sip/siplibrviz_siprvizToolManager.cpp, /Users/jaymingwong/Documents/code/ros-install-osx/kinetic_desktop_full_ws/devel/bin/sip/rviz_sip/siplibrviz_siprvizToolManager.cpp)
Linked: (/Users/jaymingwong/Documents/code/ros-install-osx/kinetic_desktop_full_ws/devel/.private/rviz/bin/sip/rviz_sip/siplibrviz_siprvizToolManager.o, /Users/jaymingwong/Documents/code/ros-install-osx/kinetic_desktop_full_ws/devel/bin/sip/rviz_sip/siplibrviz_siprvizToolManager.o)
Linked: (/Users/jaymingwong/Documents/code/ros-install-osx/kinetic_desktop_full_ws/devel/.private/rviz/bin/sip/rviz_sip/siplibrviz_siprvizViewController.cpp, /Users/jaymingwong/Documents/code/ros-install-osx/kinetic_desktop_full_ws/devel/bin/sip/rviz_sip/siplibrviz_siprvizViewController.cpp)
Linked: (/Users/jaymingwong/Documents/code/ros-install-osx/kinetic_desktop_full_ws/devel/.private/rviz/bin/sip/rviz_sip/siplibrviz_siprvizViewController.o, /Users/jaymingwong/Documents/code/ros-install-osx/kinetic_desktop_full_ws/devel/bin/sip/rviz_sip/siplibrviz_siprvizViewController.o)
Linked: (/Users/jaymingwong/Documents/code/ros-install-osx/kinetic_desktop_full_ws/devel/.private/rviz/bin/sip/rviz_sip/siplibrviz_siprvizViewManager.cpp, /Users/jaymingwong/Documents/code/ros-install-osx/kinetic_desktop_full_ws/devel/bin/sip/rviz_sip/siplibrviz_siprvizViewManager.cpp)
Linked: (/Users/jaymingwong/Documents/code/ros-install-osx/kinetic_desktop_full_ws/devel/.private/rviz/bin/sip/rviz_sip/siplibrviz_siprvizViewManager.o, /Users/jaymingwong/Documents/code/ros-install-osx/kinetic_desktop_full_ws/devel/bin/sip/rviz_sip/siplibrviz_siprvizViewManager.o)
Linked: (/Users/jaymingwong/Documents/code/ros-install-osx/kinetic_desktop_full_ws/devel/.private/rviz/bin/sip/rviz_sip/siplibrviz_siprvizVisualizationFrame.cpp, /Users/jaymingwong/Documents/code/ros-install-osx/kinetic_desktop_full_ws/devel/bin/sip/rviz_sip/siplibrviz_siprvizVisualizationFrame.cpp)
Linked: (/Users/jaymingwong/Documents/code/ros-install-osx/kinetic_desktop_full_ws/devel/.private/rviz/bin/sip/rviz_sip/siplibrviz_siprvizVisualizationFrame.o, /Users/jaymingwong/Documents/code/ros-install-osx/kinetic_desktop_full_ws/devel/bin/sip/rviz_sip/siplibrviz_siprvizVisualizationFrame.o)
Linked: (/Users/jaymingwong/Documents/code/ros-install-osx/kinetic_desktop_full_ws/devel/.private/rviz/bin/sip/rviz_sip/siplibrviz_siprvizVisualizationManager.cpp, /Users/jaymingwong/Documents/code/ros-install-osx/kinetic_desktop_full_ws/devel/bin/sip/rviz_sip/siplibrviz_siprvizVisualizationManager.cpp)
Linked: (/Users/jaymingwong/Documents/code/ros-install-osx/kinetic_desktop_full_ws/devel/.private/rviz/bin/sip/rviz_sip/siplibrviz_siprvizVisualizationManager.o, /Users/jaymingwong/Documents/code/ros-install-osx/kinetic_desktop_full_ws/devel/bin/sip/rviz_sip/siplibrviz_siprvizVisualizationManager.o)
Linked: (/Users/jaymingwong/Documents/code/ros-install-osx/kinetic_desktop_full_ws/devel/.private/rviz/bin/sip/rviz_sip/siplibrviz_siprvizYamlConfigReader.cpp, /Users/jaymingwong/Documents/code/ros-install-osx/kinetic_desktop_full_ws/devel/bin/sip/rviz_sip/siplibrviz_siprvizYamlConfigReader.cpp)
Linked: (/Users/jaymingwong/Documents/code/ros-install-osx/kinetic_desktop_full_ws/devel/.private/rviz/bin/sip/rviz_sip/siplibrviz_siprvizYamlConfigReader.o, /Users/jaymingwong/Documents/code/ros-install-osx/kinetic_desktop_full_ws/devel/bin/sip/rviz_sip/siplibrviz_siprvizYamlConfigReader.o)
Linked: (/Users/jaymingwong/Documents/code/ros-install-osx/kinetic_desktop_full_ws/devel/.private/rviz/bin/sip/rviz_sip/siplibrviz_siprvizYamlConfigWriter.cpp, /Users/jaymingwong/Documents/code/ros-install-osx/kinetic_desktop_full_ws/devel/bin/sip/rviz_sip/siplibrviz_siprvizYamlConfigWriter.cpp)
Linked: (/Users/jaymingwong/Documents/code/ros-install-osx/kinetic_desktop_full_ws/devel/.private/rviz/bin/sip/rviz_sip/siplibrviz_siprvizYamlConfigWriter.o, /Users/jaymingwong/Documents/code/ros-install-osx/kinetic_desktop_full_ws/devel/bin/sip/rviz_sip/siplibrviz_siprvizYamlConfigWriter.o)
Linked: (/Users/jaymingwong/Documents/code/ros-install-osx/kinetic_desktop_full_ws/devel/.private/rviz/lib/librviz.dylib, /Users/jaymingwong/Documents/code/ros-install-osx/kinetic_desktop_full_ws/devel/lib/librviz.dylib)
Linked: (/Users/jaymingwong/Documents/code/ros-install-osx/kinetic_desktop_full_ws/devel/.private/rviz/lib/librviz_default_plugin.dylib, /Users/jaymingwong/Documents/code/ros-install-osx/kinetic_desktop_full_ws/devel/lib/librviz_default_plugin.dylib)
Linked: (/Users/jaymingwong/Documents/code/ros-install-osx/kinetic_desktop_full_ws/devel/.private/rviz/lib/pkgconfig/rviz.pc, /Users/jaymingwong/Documents/code/ros-install-osx/kinetic_desktop_full_ws/devel/lib/pkgconfig/rviz.pc)
Linked: (/Users/jaymingwong/Documents/code/ros-install-osx/kinetic_desktop_full_ws/devel/.private/rviz/lib/python2.7/site-packages/rviz/__init__.py, /Users/jaymingwong/Documents/code/ros-install-osx/kinetic_desktop_full_ws/devel/lib/python2.7/site-packages/rviz/__init__.py)
Linked: (/Users/jaymingwong/Documents/code/ros-install-osx/kinetic_desktop_full_ws/devel/.private/rviz/lib/python2.7/site-packages/rviz/librviz_sip.so, /Users/jaymingwong/Documents/code/ros-install-osx/kinetic_desktop_full_ws/devel/lib/python2.7/site-packages/rviz/librviz_sip.so)
Linked: (/Users/jaymingwong/Documents/code/ros-install-osx/kinetic_desktop_full_ws/devel/.private/rviz/lib/rviz/color_editor_test, /Users/jaymingwong/Documents/code/ros-install-osx/kinetic_desktop_full_ws/devel/lib/rviz/color_editor_test)
Linked: (/Users/jaymingwong/Documents/code/ros-install-osx/kinetic_desktop_full_ws/devel/.private/rviz/lib/rviz/connect_test, /Users/jaymingwong/Documents/code/ros-install-osx/kinetic_desktop_full_ws/devel/lib/rviz/connect_test)
Linked: (/Users/jaymingwong/Documents/code/ros-install-osx/kinetic_desktop_full_ws/devel/.private/rviz/lib/rviz/image_view, /Users/jaymingwong/Documents/code/ros-install-osx/kinetic_desktop_full_ws/devel/lib/rviz/image_view)
Linked: (/Users/jaymingwong/Documents/code/ros-install-osx/kinetic_desktop_full_ws/devel/.private/rviz/lib/rviz/interactive_marker_test, /Users/jaymingwong/Documents/code/ros-install-osx/kinetic_desktop_full_ws/devel/lib/rviz/interactive_marker_test)
Linked: (/Users/jaymingwong/Documents/code/ros-install-osx/kinetic_desktop_full_ws/devel/.private/rviz/lib/rviz/line_edit_with_button_test, /Users/jaymingwong/Documents/code/ros-install-osx/kinetic_desktop_full_ws/devel/lib/rviz/line_edit_with_button_test)
Linked: (/Users/jaymingwong/Documents/code/ros-install-osx/kinetic_desktop_full_ws/devel/.private/rviz/lib/rviz/new_display_dialog_test, /Users/jaymingwong/Documents/code/ros-install-osx/kinetic_desktop_full_ws/devel/lib/rviz/new_display_dialog_test)
Linked: (/Users/jaymingwong/Documents/code/ros-install-osx/kinetic_desktop_full_ws/devel/.private/rviz/lib/rviz/render_panel_test, /Users/jaymingwong/Documents/code/ros-install-osx/kinetic_desktop_full_ws/devel/lib/rviz/render_panel_test)
Linked: (/Users/jaymingwong/Documents/code/ros-install-osx/kinetic_desktop_full_ws/devel/.private/rviz/lib/rviz/render_points_test, /Users/jaymingwong/Documents/code/ros-install-osx/kinetic_desktop_full_ws/devel/lib/rviz/render_points_test)
Linked: (/Users/jaymingwong/Documents/code/ros-install-osx/kinetic_desktop_full_ws/devel/.private/rviz/lib/rviz/rviz, /Users/jaymingwong/Documents/code/ros-install-osx/kinetic_desktop_full_ws/devel/lib/rviz/rviz)
Linked: (/Users/jaymingwong/Documents/code/ros-install-osx/kinetic_desktop_full_ws/devel/.private/rviz/lib/rviz/two_render_widgets, /Users/jaymingwong/Documents/code/ros-install-osx/kinetic_desktop_full_ws/devel/lib/rviz/two_render_widgets)
Linked: (/Users/jaymingwong/Documents/code/ros-install-osx/kinetic_desktop_full_ws/devel/.private/rviz/share/rviz/cmake/default_plugin_location.cmake, /Users/jaymingwong/Documents/code/ros-install-osx/kinetic_desktop_full_ws/devel/share/rviz/cmake/default_plugin_location.cmake)
Linked: (/Users/jaymingwong/Documents/code/ros-install-osx/kinetic_desktop_full_ws/devel/.private/rviz/share/rviz/cmake/rviz-extras.cmake, /Users/jaymingwong/Documents/code/ros-install-osx/kinetic_desktop_full_ws/devel/share/rviz/cmake/rviz-extras.cmake)
Linked: (/Users/jaymingwong/Documents/code/ros-install-osx/kinetic_desktop_full_ws/devel/.private/rviz/share/rviz/cmake/rvizConfig-version.cmake, /Users/jaymingwong/Documents/code/ros-install-osx/kinetic_desktop_full_ws/devel/share/rviz/cmake/rvizConfig-version.cmake)
Linked: (/Users/jaymingwong/Documents/code/ros-install-osx/kinetic_desktop_full_ws/devel/.private/rviz/share/rviz/cmake/rvizConfig.cmake, /Users/jaymingwong/Documents/code/ros-install-osx/kinetic_desktop_full_ws/devel/share/rviz/cmake/rvizConfig.cmake)
