Symlinking /Users/jaymingwong/Documents/code/ros-install-osx/kinetic_desktop_full_ws/devel/include/image_proc/CropDecimateConfig.h
Symlinking /Users/jaymingwong/Documents/code/ros-install-osx/kinetic_desktop_full_ws/devel/include/image_proc/DebayerConfig.h
Symlinking /Users/jaymingwong/Documents/code/ros-install-osx/kinetic_desktop_full_ws/devel/include/image_proc/RectifyConfig.h
Symlinking /Users/jaymingwong/Documents/code/ros-install-osx/kinetic_desktop_full_ws/devel/include/image_proc/ResizeConfig.h
Symlinking /Users/jaymingwong/Documents/code/ros-install-osx/kinetic_desktop_full_ws/devel/lib/libimage_proc.dylib
Symlinking /Users/jaymingwong/Documents/code/ros-install-osx/kinetic_desktop_full_ws/devel/lib/image_proc/image_proc
Symlinking /Users/jaymingwong/Documents/code/ros-install-osx/kinetic_desktop_full_ws/devel/lib/pkgconfig/image_proc.pc
Symlinking /Users/jaymingwong/Documents/code/ros-install-osx/kinetic_desktop_full_ws/devel/lib/python2.7/site-packages/image_proc/__init__.py
Symlinking /Users/jaymingwong/Documents/code/ros-install-osx/kinetic_desktop_full_ws/devel/lib/python2.7/site-packages/image_proc/cfg/__init__.py
Symlinking /Users/jaymingwong/Documents/code/ros-install-osx/kinetic_desktop_full_ws/devel/lib/python2.7/site-packages/image_proc/cfg/CropDecimateConfig.py
Symlinking /Users/jaymingwong/Documents/code/ros-install-osx/kinetic_desktop_full_ws/devel/lib/python2.7/site-packages/image_proc/cfg/DebayerConfig.py
Symlinking /Users/jaymingwong/Documents/code/ros-install-osx/kinetic_desktop_full_ws/devel/lib/python2.7/site-packages/image_proc/cfg/RectifyConfig.py
Symlinking /Users/jaymingwong/Documents/code/ros-install-osx/kinetic_desktop_full_ws/devel/lib/python2.7/site-packages/image_proc/cfg/ResizeConfig.py
Symlinking /Users/jaymingwong/Documents/code/ros-install-osx/kinetic_desktop_full_ws/devel/share/image_proc/cmake/image_procConfig-version.cmake
Symlinking /Users/jaymingwong/Documents/code/ros-install-osx/kinetic_desktop_full_ws/devel/share/image_proc/cmake/image_procConfig.cmake
Symlinking /Users/jaymingwong/Documents/code/ros-install-osx/kinetic_desktop_full_ws/devel/share/image_proc/docs/CropDecimateConfig-usage.dox
Symlinking /Users/jaymingwong/Documents/code/ros-install-osx/kinetic_desktop_full_ws/devel/share/image_proc/docs/CropDecimateConfig.dox
Symlinking /Users/jaymingwong/Documents/code/ros-install-osx/kinetic_desktop_full_ws/devel/share/image_proc/docs/CropDecimateConfig.wikidoc
Symlinking /Users/jaymingwong/Documents/code/ros-install-osx/kinetic_desktop_full_ws/devel/share/image_proc/docs/DebayerConfig-usage.dox
Symlinking /Users/jaymingwong/Documents/code/ros-install-osx/kinetic_desktop_full_ws/devel/share/image_proc/docs/DebayerConfig.dox
Symlinking /Users/jaymingwong/Documents/code/ros-install-osx/kinetic_desktop_full_ws/devel/share/image_proc/docs/DebayerConfig.wikidoc
Symlinking /Users/jaymingwong/Documents/code/ros-install-osx/kinetic_desktop_full_ws/devel/share/image_proc/docs/RectifyConfig-usage.dox
Symlinking /Users/jaymingwong/Documents/code/ros-install-osx/kinetic_desktop_full_ws/devel/share/image_proc/docs/RectifyConfig.dox
Symlinking /Users/jaymingwong/Documents/code/ros-install-osx/kinetic_desktop_full_ws/devel/share/image_proc/docs/RectifyConfig.wikidoc
Symlinking /Users/jaymingwong/Documents/code/ros-install-osx/kinetic_desktop_full_ws/devel/share/image_proc/docs/ResizeConfig-usage.dox
Symlinking /Users/jaymingwong/Documents/code/ros-install-osx/kinetic_desktop_full_ws/devel/share/image_proc/docs/ResizeConfig.dox
Symlinking /Users/jaymingwong/Documents/code/ros-install-osx/kinetic_desktop_full_ws/devel/share/image_proc/docs/ResizeConfig.wikidoc
