Linked: (/Users/jaymingwong/Documents/code/ros-install-osx/kinetic_desktop_full_ws/devel/.private/image_proc/include/image_proc/CropDecimateConfig.h, /Users/jaymingwong/Documents/code/ros-install-osx/kinetic_desktop_full_ws/devel/include/image_proc/CropDecimateConfig.h)
Linked: (/Users/jaymingwong/Documents/code/ros-install-osx/kinetic_desktop_full_ws/devel/.private/image_proc/include/image_proc/DebayerConfig.h, /Users/jaymingwong/Documents/code/ros-install-osx/kinetic_desktop_full_ws/devel/include/image_proc/DebayerConfig.h)
Linked: (/Users/jaymingwong/Documents/code/ros-install-osx/kinetic_desktop_full_ws/devel/.private/image_proc/include/image_proc/RectifyConfig.h, /Users/jaymingwong/Documents/code/ros-install-osx/kinetic_desktop_full_ws/devel/include/image_proc/RectifyConfig.h)
Linked: (/Users/jaymingwong/Documents/code/ros-install-osx/kinetic_desktop_full_ws/devel/.private/image_proc/include/image_proc/ResizeConfig.h, /Users/jaymingwong/Documents/code/ros-install-osx/kinetic_desktop_full_ws/devel/include/image_proc/ResizeConfig.h)
Linked: (/Users/jaymingwong/Documents/code/ros-install-osx/kinetic_desktop_full_ws/devel/.private/image_proc/lib/libimage_proc.dylib, /Users/jaymingwong/Documents/code/ros-install-osx/kinetic_desktop_full_ws/devel/lib/libimage_proc.dylib)
Linked: (/Users/jaymingwong/Documents/code/ros-install-osx/kinetic_desktop_full_ws/devel/.private/image_proc/lib/image_proc/image_proc, /Users/jaymingwong/Documents/code/ros-install-osx/kinetic_desktop_full_ws/devel/lib/image_proc/image_proc)
Linked: (/Users/jaymingwong/Documents/code/ros-install-osx/kinetic_desktop_full_ws/devel/.private/image_proc/lib/pkgconfig/image_proc.pc, /Users/jaymingwong/Documents/code/ros-install-osx/kinetic_desktop_full_ws/devel/lib/pkgconfig/image_proc.pc)
Linked: (/Users/jaymingwong/Documents/code/ros-install-osx/kinetic_desktop_full_ws/devel/.private/image_proc/lib/python2.7/site-packages/image_proc/__init__.py, /Users/jaymingwong/Documents/code/ros-install-osx/kinetic_desktop_full_ws/devel/lib/python2.7/site-packages/image_proc/__init__.py)
Linked: (/Users/jaymingwong/Documents/code/ros-install-osx/kinetic_desktop_full_ws/devel/.private/image_proc/lib/python2.7/site-packages/image_proc/cfg/__init__.py, /Users/jaymingwong/Documents/code/ros-install-osx/kinetic_desktop_full_ws/devel/lib/python2.7/site-packages/image_proc/cfg/__init__.py)
Linked: (/Users/jaymingwong/Documents/code/ros-install-osx/kinetic_desktop_full_ws/devel/.private/image_proc/lib/python2.7/site-packages/image_proc/cfg/__init__.pyc, /Users/jaymingwong/Documents/code/ros-install-osx/kinetic_desktop_full_ws/devel/lib/python2.7/site-packages/image_proc/cfg/__init__.pyc)
Linked: (/Users/jaymingwong/Documents/code/ros-install-osx/kinetic_desktop_full_ws/devel/.private/image_proc/lib/python2.7/site-packages/image_proc/cfg/CropDecimateConfig.py, /Users/jaymingwong/Documents/code/ros-install-osx/kinetic_desktop_full_ws/devel/lib/python2.7/site-packages/image_proc/cfg/CropDecimateConfig.py)
Linked: (/Users/jaymingwong/Documents/code/ros-install-osx/kinetic_desktop_full_ws/devel/.private/image_proc/lib/python2.7/site-packages/image_proc/cfg/CropDecimateConfig.pyc, /Users/jaymingwong/Documents/code/ros-install-osx/kinetic_desktop_full_ws/devel/lib/python2.7/site-packages/image_proc/cfg/CropDecimateConfig.pyc)
Linked: (/Users/jaymingwong/Documents/code/ros-install-osx/kinetic_desktop_full_ws/devel/.private/image_proc/lib/python2.7/site-packages/image_proc/cfg/DebayerConfig.py, /Users/jaymingwong/Documents/code/ros-install-osx/kinetic_desktop_full_ws/devel/lib/python2.7/site-packages/image_proc/cfg/DebayerConfig.py)
Linked: (/Users/jaymingwong/Documents/code/ros-install-osx/kinetic_desktop_full_ws/devel/.private/image_proc/lib/python2.7/site-packages/image_proc/cfg/DebayerConfig.pyc, /Users/jaymingwong/Documents/code/ros-install-osx/kinetic_desktop_full_ws/devel/lib/python2.7/site-packages/image_proc/cfg/DebayerConfig.pyc)
Linked: (/Users/jaymingwong/Documents/code/ros-install-osx/kinetic_desktop_full_ws/devel/.private/image_proc/lib/python2.7/site-packages/image_proc/cfg/RectifyConfig.py, /Users/jaymingwong/Documents/code/ros-install-osx/kinetic_desktop_full_ws/devel/lib/python2.7/site-packages/image_proc/cfg/RectifyConfig.py)
Linked: (/Users/jaymingwong/Documents/code/ros-install-osx/kinetic_desktop_full_ws/devel/.private/image_proc/lib/python2.7/site-packages/image_proc/cfg/RectifyConfig.pyc, /Users/jaymingwong/Documents/code/ros-install-osx/kinetic_desktop_full_ws/devel/lib/python2.7/site-packages/image_proc/cfg/RectifyConfig.pyc)
Linked: (/Users/jaymingwong/Documents/code/ros-install-osx/kinetic_desktop_full_ws/devel/.private/image_proc/lib/python2.7/site-packages/image_proc/cfg/ResizeConfig.py, /Users/jaymingwong/Documents/code/ros-install-osx/kinetic_desktop_full_ws/devel/lib/python2.7/site-packages/image_proc/cfg/ResizeConfig.py)
Linked: (/Users/jaymingwong/Documents/code/ros-install-osx/kinetic_desktop_full_ws/devel/.private/image_proc/lib/python2.7/site-packages/image_proc/cfg/ResizeConfig.pyc, /Users/jaymingwong/Documents/code/ros-install-osx/kinetic_desktop_full_ws/devel/lib/python2.7/site-packages/image_proc/cfg/ResizeConfig.pyc)
Linked: (/Users/jaymingwong/Documents/code/ros-install-osx/kinetic_desktop_full_ws/devel/.private/image_proc/share/image_proc/cmake/image_procConfig-version.cmake, /Users/jaymingwong/Documents/code/ros-install-osx/kinetic_desktop_full_ws/devel/share/image_proc/cmake/image_procConfig-version.cmake)
Linked: (/Users/jaymingwong/Documents/code/ros-install-osx/kinetic_desktop_full_ws/devel/.private/image_proc/share/image_proc/cmake/image_procConfig.cmake, /Users/jaymingwong/Documents/code/ros-install-osx/kinetic_desktop_full_ws/devel/share/image_proc/cmake/image_procConfig.cmake)
Linked: (/Users/jaymingwong/Documents/code/ros-install-osx/kinetic_desktop_full_ws/devel/.private/image_proc/share/image_proc/docs/CropDecimateConfig-usage.dox, /Users/jaymingwong/Documents/code/ros-install-osx/kinetic_desktop_full_ws/devel/share/image_proc/docs/CropDecimateConfig-usage.dox)
Linked: (/Users/jaymingwong/Documents/code/ros-install-osx/kinetic_desktop_full_ws/devel/.private/image_proc/share/image_proc/docs/CropDecimateConfig.dox, /Users/jaymingwong/Documents/code/ros-install-osx/kinetic_desktop_full_ws/devel/share/image_proc/docs/CropDecimateConfig.dox)
Linked: (/Users/jaymingwong/Documents/code/ros-install-osx/kinetic_desktop_full_ws/devel/.private/image_proc/share/image_proc/docs/CropDecimateConfig.wikidoc, /Users/jaymingwong/Documents/code/ros-install-osx/kinetic_desktop_full_ws/devel/share/image_proc/docs/CropDecimateConfig.wikidoc)
Linked: (/Users/jaymingwong/Documents/code/ros-install-osx/kinetic_desktop_full_ws/devel/.private/image_proc/share/image_proc/docs/DebayerConfig-usage.dox, /Users/jaymingwong/Documents/code/ros-install-osx/kinetic_desktop_full_ws/devel/share/image_proc/docs/DebayerConfig-usage.dox)
Linked: (/Users/jaymingwong/Documents/code/ros-install-osx/kinetic_desktop_full_ws/devel/.private/image_proc/share/image_proc/docs/DebayerConfig.dox, /Users/jaymingwong/Documents/code/ros-install-osx/kinetic_desktop_full_ws/devel/share/image_proc/docs/DebayerConfig.dox)
Linked: (/Users/jaymingwong/Documents/code/ros-install-osx/kinetic_desktop_full_ws/devel/.private/image_proc/share/image_proc/docs/DebayerConfig.wikidoc, /Users/jaymingwong/Documents/code/ros-install-osx/kinetic_desktop_full_ws/devel/share/image_proc/docs/DebayerConfig.wikidoc)
Linked: (/Users/jaymingwong/Documents/code/ros-install-osx/kinetic_desktop_full_ws/devel/.private/image_proc/share/image_proc/docs/RectifyConfig-usage.dox, /Users/jaymingwong/Documents/code/ros-install-osx/kinetic_desktop_full_ws/devel/share/image_proc/docs/RectifyConfig-usage.dox)
Linked: (/Users/jaymingwong/Documents/code/ros-install-osx/kinetic_desktop_full_ws/devel/.private/image_proc/share/image_proc/docs/RectifyConfig.dox, /Users/jaymingwong/Documents/code/ros-install-osx/kinetic_desktop_full_ws/devel/share/image_proc/docs/RectifyConfig.dox)
Linked: (/Users/jaymingwong/Documents/code/ros-install-osx/kinetic_desktop_full_ws/devel/.private/image_proc/share/image_proc/docs/RectifyConfig.wikidoc, /Users/jaymingwong/Documents/code/ros-install-osx/kinetic_desktop_full_ws/devel/share/image_proc/docs/RectifyConfig.wikidoc)
Linked: (/Users/jaymingwong/Documents/code/ros-install-osx/kinetic_desktop_full_ws/devel/.private/image_proc/share/image_proc/docs/ResizeConfig-usage.dox, /Users/jaymingwong/Documents/code/ros-install-osx/kinetic_desktop_full_ws/devel/share/image_proc/docs/ResizeConfig-usage.dox)
Linked: (/Users/jaymingwong/Documents/code/ros-install-osx/kinetic_desktop_full_ws/devel/.private/image_proc/share/image_proc/docs/ResizeConfig.dox, /Users/jaymingwong/Documents/code/ros-install-osx/kinetic_desktop_full_ws/devel/share/image_proc/docs/ResizeConfig.dox)
Linked: (/Users/jaymingwong/Documents/code/ros-install-osx/kinetic_desktop_full_ws/devel/.private/image_proc/share/image_proc/docs/ResizeConfig.wikidoc, /Users/jaymingwong/Documents/code/ros-install-osx/kinetic_desktop_full_ws/devel/share/image_proc/docs/ResizeConfig.wikidoc)
