[36mInstall the project...[0m
-- Install configuration: "Release"
-- Up-to-date: /opt/ros/kinetic/_setup_util.py
-- Up-to-date: /opt/ros/kinetic/env.sh
-- Up-to-date: /opt/ros/kinetic/setup.bash
-- Up-to-date: /opt/ros/kinetic/setup.sh
-- Up-to-date: /opt/ros/kinetic/setup.zsh
-- Up-to-date: /opt/ros/kinetic/.rosinstall
-- Installing: /opt/ros/kinetic/lib/pkgconfig/qt_gui_py_common.pc
-- Installing: /opt/ros/kinetic/share/qt_gui_py_common/cmake/qt_gui_py_commonConfig.cmake
-- Installing: /opt/ros/kinetic/share/qt_gui_py_common/cmake/qt_gui_py_commonConfig-version.cmake
-- Installing: /opt/ros/kinetic/share/qt_gui_py_common/package.xml
+ cd /Users/jaymingwong/Documents/code/ros-install-osx/kinetic_desktop_full_ws/src/qt_gui_core/qt_gui_py_common
+ mkdir -p /opt/ros/kinetic/lib/python2.7/site-packages
+ /usr/bin/env PYTHONPATH=/opt/ros/kinetic/lib/python2.7/site-packages:/Users/jaymingwong/Documents/code/ros-install-osx/kinetic_desktop_full_ws/build/qt_gui_py_common/lib/python2.7/site-packages:/opt/ros/kinetic/lib/python2.7/site-packages:/usr/local/lib/python2.7/site-packages/:/Users/jaymingwong/Documents/code/drake/build/lib/python2.7/site-packages/:/Users/jaymingwong/Documents/code/drake/build/lib/python2.7/dist-packages/:/Users/jaymingwong/Documents/code/wizard/externals/devina/devina/include/devina/lcm CATKIN_BINARY_DIR=/Users/jaymingwong/Documents/code/ros-install-osx/kinetic_desktop_full_ws/build/qt_gui_py_common /usr/local/bin/python2 /Users/jaymingwong/Documents/code/ros-install-osx/kinetic_desktop_full_ws/src/qt_gui_core/qt_gui_py_common/setup.py build --build-base /Users/jaymingwong/Documents/code/ros-install-osx/kinetic_desktop_full_ws/build/qt_gui_py_common install --prefix=/opt/ros/kinetic --install-scripts=/opt/ros/kinetic/bin
running build
running build_py
creating /Users/jaymingwong/Documents/code/ros-install-osx/kinetic_desktop_full_ws/build/qt_gui_py_common/lib
creating /Users/jaymingwong/Documents/code/ros-install-osx/kinetic_desktop_full_ws/build/qt_gui_py_common/lib/qt_gui_py_common
copying src/qt_gui_py_common/__init__.py -> /Users/jaymingwong/Documents/code/ros-install-osx/kinetic_desktop_full_ws/build/qt_gui_py_common/lib/qt_gui_py_common
copying src/qt_gui_py_common/checkbox_group.py -> /Users/jaymingwong/Documents/code/ros-install-osx/kinetic_desktop_full_ws/build/qt_gui_py_common/lib/qt_gui_py_common
copying src/qt_gui_py_common/console_text_edit.py -> /Users/jaymingwong/Documents/code/ros-install-osx/kinetic_desktop_full_ws/build/qt_gui_py_common/lib/qt_gui_py_common
copying src/qt_gui_py_common/exclusive_options_group.py -> /Users/jaymingwong/Documents/code/ros-install-osx/kinetic_desktop_full_ws/build/qt_gui_py_common/lib/qt_gui_py_common
copying src/qt_gui_py_common/simple_settings_dialog.py -> /Users/jaymingwong/Documents/code/ros-install-osx/kinetic_desktop_full_ws/build/qt_gui_py_common/lib/qt_gui_py_common
copying src/qt_gui_py_common/worker_thread.py -> /Users/jaymingwong/Documents/code/ros-install-osx/kinetic_desktop_full_ws/build/qt_gui_py_common/lib/qt_gui_py_common
running install
running install_lib
creating /opt/ros/kinetic/lib/python2.7/site-packages/qt_gui_py_common
copying /Users/jaymingwong/Documents/code/ros-install-osx/kinetic_desktop_full_ws/build/qt_gui_py_common/lib/qt_gui_py_common/__init__.py -> /opt/ros/kinetic/lib/python2.7/site-packages/qt_gui_py_common
copying /Users/jaymingwong/Documents/code/ros-install-osx/kinetic_desktop_full_ws/build/qt_gui_py_common/lib/qt_gui_py_common/checkbox_group.py -> /opt/ros/kinetic/lib/python2.7/site-packages/qt_gui_py_common
copying /Users/jaymingwong/Documents/code/ros-install-osx/kinetic_desktop_full_ws/build/qt_gui_py_common/lib/qt_gui_py_common/console_text_edit.py -> /opt/ros/kinetic/lib/python2.7/site-packages/qt_gui_py_common
copying /Users/jaymingwong/Documents/code/ros-install-osx/kinetic_desktop_full_ws/build/qt_gui_py_common/lib/qt_gui_py_common/exclusive_options_group.py -> /opt/ros/kinetic/lib/python2.7/site-packages/qt_gui_py_common
copying /Users/jaymingwong/Documents/code/ros-install-osx/kinetic_desktop_full_ws/build/qt_gui_py_common/lib/qt_gui_py_common/simple_settings_dialog.py -> /opt/ros/kinetic/lib/python2.7/site-packages/qt_gui_py_common
copying /Users/jaymingwong/Documents/code/ros-install-osx/kinetic_desktop_full_ws/build/qt_gui_py_common/lib/qt_gui_py_common/worker_thread.py -> /opt/ros/kinetic/lib/python2.7/site-packages/qt_gui_py_common
byte-compiling /opt/ros/kinetic/lib/python2.7/site-packages/qt_gui_py_common/__init__.py to __init__.pyc
byte-compiling /opt/ros/kinetic/lib/python2.7/site-packages/qt_gui_py_common/checkbox_group.py to checkbox_group.pyc
byte-compiling /opt/ros/kinetic/lib/python2.7/site-packages/qt_gui_py_common/console_text_edit.py to console_text_edit.pyc
byte-compiling /opt/ros/kinetic/lib/python2.7/site-packages/qt_gui_py_common/exclusive_options_group.py to exclusive_options_group.pyc
byte-compiling /opt/ros/kinetic/lib/python2.7/site-packages/qt_gui_py_common/simple_settings_dialog.py to simple_settings_dialog.pyc
byte-compiling /opt/ros/kinetic/lib/python2.7/site-packages/qt_gui_py_common/worker_thread.py to worker_thread.pyc
running install_egg_info
Writing /opt/ros/kinetic/lib/python2.7/site-packages/qt_gui_py_common-0.3.11-py2.7.egg-info
-- Installing: /opt/ros/kinetic/share/qt_gui_py_common/resource
-- Installing: /opt/ros/kinetic/share/qt_gui_py_common/resource/simple_settings_dialog.ui
